#
# There is insufficient memory for the Java Runtime Environment to continue.
# Native memory allocation (mmap) failed to map 65536 bytes for Failed to commit metaspace.
# Possible reasons:
#   The system is out of physical RAM or swap space
#   The process is running with CompressedOops enabled, and the Java Heap may be blocking the growth of the native heap
# Possible solutions:
#   Reduce memory load on the system
#   Increase physical memory or swap space
#   Check if swap backing store is full
#   Decrease Java heap size (-Xmx/-Xms)
#   Decrease number of Java threads
#   Decrease Java thread stack sizes (-Xss)
#   Set larger code cache with -XX:ReservedCodeCacheSize=
#   JVM is running with Unscaled Compressed Oops mode in which the Java heap is
#     placed in the first 4GB address space. The Java Heap base address is the
#     maximum limit for the native heap growth. Please use -XX:HeapBaseMinAddress
#     to set the Java Heap base and to place the Java Heap above 4GB virtual address.
# This output file may be truncated or incomplete.
#
#  Out of Memory Error (virtualSpaceNode.cpp:110), pid=14576, tid=8464
#
# JRE version: Java(TM) SE Runtime Environment (17.0.10+11) (build 17.0.10+11-LTS-240)
# Java VM: Java HotSpot(TM) 64-Bit Server VM (17.0.10+11-LTS-240, mixed mode, emulated-client, sharing, tiered, compressed oops, compressed class ptrs, g1 gc, windows-amd64)
# No core dump will be written. Minidumps are not enabled by default on client versions of Windows
#

---------------  S U M M A R Y ------------

Command Line: -XX:+ShowCodeDetailsInExceptionMessages -agentlib:jdwp=transport=dt_socket,suspend=y,address=localhost:53931 -Dcom.sun.management.jmxremote -Dcom.sun.management.jmxremote.port=53876 -Dcom.sun.management.jmxremote.authenticate=false -Dcom.sun.management.jmxremote.ssl=false -Djava.rmi.server.hostname=localhost -Dspring.jmx.enabled=true -Dmanagement.endpoints.jmx.exposure.include=* -Dspring.application.admin.enabled=true -XX:TieredStopAtLevel=1 -Dspring.boot.project.name=Project-ClassControl -javaagent:C:\Users\DELL\eclipse\jee-2023-122\eclipse\configuration\org.eclipse.osgi\1242\0\.cp\lib\javaagent-shaded.jar -Dfile.encoding=UTF-8 -Dstdout.encoding=UTF-8 -Dstderr.encoding=UTF-8 com.example.projectclasscontrol.ProjectClassControlApplication --spring.output.ansi.enabled=always

Host: Intel(R) Core(TM) i5-7300U CPU @ 2.60GHz, 4 cores, 7G,  Windows 10 , 64 bit Build 19041 (10.0.19041.2364)
Time: Fri May 24 14:23:40 2024 India Standard Time elapsed time: 151.628030 seconds (0d 0h 2m 31s)

---------------  T H R E A D  ---------------

Current thread (0x00000245136c8fd0):  JavaThread "restartedMain" [_thread_in_vm, id=8464, stack(0x0000008e2cd00000,0x0000008e2ce00000)]

Stack: [0x0000008e2cd00000,0x0000008e2ce00000]
Native frames: (J=compiled Java code, j=interpreted, Vv=VM code, C=native code)
V  [jvm.dll+0x677a5a]
V  [jvm.dll+0x7d8b2d]
V  [jvm.dll+0x7da48e]
V  [jvm.dll+0x7daaf3]
V  [jvm.dll+0x2455ff]
V  [jvm.dll+0x7d483b]
V  [jvm.dll+0x61dc06]
V  [jvm.dll+0x1bfa87]
V  [jvm.dll+0x620570]
V  [jvm.dll+0x61e5c6]
V  [jvm.dll+0x23afe6]
V  [jvm.dll+0x1e9d67]
V  [jvm.dll+0x1dfa01]
V  [jvm.dll+0x53d58c]
V  [jvm.dll+0x753438]
V  [jvm.dll+0x753524]
V  [jvm.dll+0x40babf]
V  [jvm.dll+0x411a89]
C  [java.dll+0x17ec]

Java frames: (J=compiled Java code, j=interpreted, Vv=VM code)
J 1279  java.lang.ClassLoader.defineClass1(Ljava/lang/ClassLoader;Ljava/lang/String;[BIILjava/security/ProtectionDomain;Ljava/lang/String;)Ljava/lang/Class; java.base@17.0.10 (0 bytes) @ 0x00000244c3d9b2e3 [0x00000244c3d9b220+0x00000000000000c3]
J 1376 c1 java.lang.ClassLoader.defineClass(Ljava/lang/String;[BIILjava/security/ProtectionDomain;)Ljava/lang/Class; java.base@17.0.10 (43 bytes) @ 0x00000244c3e51914 [0x00000244c3e517e0+0x0000000000000134]
J 1286 c1 jdk.internal.loader.BuiltinClassLoader.defineClass(Ljava/lang/String;Ljdk/internal/loader/Resource;)Ljava/lang/Class; java.base@17.0.10 (121 bytes) @ 0x00000244c3da399c [0x00000244c3da34a0+0x00000000000004fc]
J 1283 c1 jdk.internal.loader.BuiltinClassLoader.findClassOnClassPathOrNull(Ljava/lang/String;)Ljava/lang/Class; java.base@17.0.10 (64 bytes) @ 0x00000244c3da0c14 [0x00000244c3da0920+0x00000000000002f4]
J 1073 c1 jdk.internal.loader.BuiltinClassLoader.loadClassOrNull(Ljava/lang/String;Z)Ljava/lang/Class; java.base@17.0.10 (143 bytes) @ 0x00000244c3d260b4 [0x00000244c3d25c00+0x00000000000004b4]
J 1264 c1 jdk.internal.loader.ClassLoaders$AppClassLoader.loadClass(Ljava/lang/String;Z)Ljava/lang/Class; java.base@17.0.10 (40 bytes) @ 0x00000244c3d95db4 [0x00000244c3d95c80+0x0000000000000134]
J 1263 c1 java.lang.ClassLoader.loadClass(Ljava/lang/String;)Ljava/lang/Class; java.base@17.0.10 (7 bytes) @ 0x00000244c3d9597c [0x00000244c3d95920+0x000000000000005c]
v  ~StubRoutines::call_stub
J 1111  java.lang.Class.forName0(Ljava/lang/String;ZLjava/lang/ClassLoader;Ljava/lang/Class;)Ljava/lang/Class; java.base@17.0.10 (0 bytes) @ 0x00000244c3d3d92f [0x00000244c3d3d8a0+0x000000000000008f]
J 1112 c1 java.lang.Class.forName(Ljava/lang/String;ZLjava/lang/ClassLoader;)Ljava/lang/Class; java.base@17.0.10 (47 bytes) @ 0x00000244c3d415d4 [0x00000244c3d414c0+0x0000000000000114]
j  org.springframework.util.ClassUtils.forName(Ljava/lang/String;Ljava/lang/ClassLoader;)Ljava/lang/Class;+164
j  org.springframework.core.io.support.SpringFactoriesLoader.instantiateFactory(Ljava/lang/String;Ljava/lang/Class;Lorg/springframework/core/io/support/SpringFactoriesLoader$ArgumentResolver;Lorg/springframework/core/io/support/SpringFactoriesLoader$FailureHandler;)Ljava/lang/Object;+5
j  org.springframework.core.io.support.SpringFactoriesLoader.load(Ljava/lang/Class;Lorg/springframework/core/io/support/SpringFactoriesLoader$ArgumentResolver;Lorg/springframework/core/io/support/SpringFactoriesLoader$FailureHandler;)Ljava/util/List;+99
j  org.springframework.boot.diagnostics.FailureAnalyzers.loadFailureAnalyzers(Lorg/springframework/context/ConfigurableApplicationContext;Lorg/springframework/core/io/support/SpringFactoriesLoader;)Ljava/util/List;+13
j  org.springframework.boot.diagnostics.FailureAnalyzers.<init>(Lorg/springframework/context/ConfigurableApplicationContext;Lorg/springframework/core/io/support/SpringFactoriesLoader;)V+15
j  org.springframework.boot.diagnostics.FailureAnalyzers.<init>(Lorg/springframework/context/ConfigurableApplicationContext;)V+19
v  ~StubRoutines::call_stub
J 1337  jdk.internal.reflect.NativeConstructorAccessorImpl.newInstance0(Ljava/lang/reflect/Constructor;[Ljava/lang/Object;)Ljava/lang/Object; java.base@17.0.10 (0 bytes) @ 0x00000244c3db318e [0x00000244c3db3120+0x000000000000006e]
J 1336 c1 jdk.internal.reflect.NativeConstructorAccessorImpl.newInstance([Ljava/lang/Object;)Ljava/lang/Object; java.base@17.0.10 (122 bytes) @ 0x00000244c3db46bc [0x00000244c3db4400+0x00000000000002bc]
J 1163 c1 jdk.internal.reflect.DelegatingConstructorAccessorImpl.newInstance([Ljava/lang/Object;)Ljava/lang/Object; java.base@17.0.10 (9 bytes) @ 0x00000244c3d62674 [0x00000244c3d62620+0x0000000000000054]
J 1110 c1 java.lang.reflect.Constructor.newInstanceWithCaller([Ljava/lang/Object;ZLjava/lang/Class;)Ljava/lang/Object; java.base@17.0.10 (75 bytes) @ 0x00000244c3d4103c [0x00000244c3d40f60+0x00000000000000dc]
J 1233 c1 java.lang.reflect.Constructor.newInstance([Ljava/lang/Object;)Ljava/lang/Object; java.base@17.0.10 (34 bytes) @ 0x00000244c3d8a4e4 [0x00000244c3d8a440+0x00000000000000a4]
j  org.springframework.core.io.support.SpringFactoriesLoader$FactoryInstantiator.instantiate(Lorg/springframework/core/io/support/SpringFactoriesLoader$ArgumentResolver;)Ljava/lang/Object;+33
j  org.springframework.core.io.support.SpringFactoriesLoader.instantiateFactory(Ljava/lang/String;Ljava/lang/Class;Lorg/springframework/core/io/support/SpringFactoriesLoader$ArgumentResolver;Lorg/springframework/core/io/support/SpringFactoriesLoader$FailureHandler;)Ljava/lang/Object;+36
j  org.springframework.core.io.support.SpringFactoriesLoader.load(Ljava/lang/Class;Lorg/springframework/core/io/support/SpringFactoriesLoader$ArgumentResolver;Lorg/springframework/core/io/support/SpringFactoriesLoader$FailureHandler;)Ljava/util/List;+99
j  org.springframework.core.io.support.SpringFactoriesLoader.load(Ljava/lang/Class;Lorg/springframework/core/io/support/SpringFactoriesLoader$ArgumentResolver;)Ljava/util/List;+4
j  org.springframework.boot.SpringApplication.getSpringFactoriesInstances(Ljava/lang/Class;Lorg/springframework/core/io/support/SpringFactoriesLoader$ArgumentResolver;)Ljava/util/List;+9
j  org.springframework.boot.SpringApplication.getExceptionReporters(Lorg/springframework/context/ConfigurableApplicationContext;)Ljava/util/Collection;+12
j  org.springframework.boot.SpringApplication.handleRunFailure(Lorg/springframework/context/ConfigurableApplicationContext;Ljava/lang/Throwable;Lorg/springframework/boot/SpringApplicationRunListeners;)Ljava/lang/RuntimeException;+35
j  org.springframework.boot.SpringApplication.run([Ljava/lang/String;)Lorg/springframework/context/ConfigurableApplicationContext;+183
j  org.springframework.boot.SpringApplication.run([Ljava/lang/Class;[Ljava/lang/String;)Lorg/springframework/context/ConfigurableApplicationContext;+9
j  org.springframework.boot.SpringApplication.run(Ljava/lang/Class;[Ljava/lang/String;)Lorg/springframework/context/ConfigurableApplicationContext;+9
j  com.example.projectclasscontrol.ProjectClassControlApplication.main([Ljava/lang/String;)V+3
v  ~StubRoutines::call_stub
j  jdk.internal.reflect.NativeMethodAccessorImpl.invoke0(Ljava/lang/reflect/Method;Ljava/lang/Object;[Ljava/lang/Object;)Ljava/lang/Object;+0 java.base@17.0.10
j  jdk.internal.reflect.NativeMethodAccessorImpl.invoke(Ljava/lang/Object;[Ljava/lang/Object;)Ljava/lang/Object;+133 java.base@17.0.10
j  jdk.internal.reflect.DelegatingMethodAccessorImpl.invoke(Ljava/lang/Object;[Ljava/lang/Object;)Ljava/lang/Object;+6 java.base@17.0.10
j  java.lang.reflect.Method.invoke(Ljava/lang/Object;[Ljava/lang/Object;)Ljava/lang/Object;+59 java.base@17.0.10
j  org.springframework.boot.devtools.restart.RestartLauncher.run()V+47
v  ~StubRoutines::call_stub

---------------  P R O C E S S  ---------------

Threads class SMR info:
_java_thread_list=0x0000024513416520, length=23, elements={
0x00000244bc1bf500, 0x00000244cd7ac330, 0x00000244cd7adae0, 0x00000244cd7c0e00,
0x00000244cd7c1990, 0x00000244cd7c2520, 0x00000244cd7c2df0, 0x00000244cd7c3770,
0x00000244cd7f3b40, 0x00000244cd7958d0, 0x00000244cd9fa960, 0x00000244cda1dd90,
0x00000244cda1e470, 0x000002451349f010, 0x0000024513587270, 0x00000245135bb870,
0x0000024513512660, 0x00000245136e1f50, 0x00000245136c8fd0, 0x0000024513827550,
0x000002451340d630, 0x000002451340f9a0, 0x000002451340ea70
}

Java Threads: ( => current thread )
  0x00000244bc1bf500 JavaThread "main" [_thread_blocked, id=8048, stack(0x0000008e2ad00000,0x0000008e2ae00000)]
  0x00000244cd7ac330 JavaThread "Reference Handler" daemon [_thread_blocked, id=17296, stack(0x0000008e2b400000,0x0000008e2b500000)]
  0x00000244cd7adae0 JavaThread "Finalizer" daemon [_thread_blocked, id=9884, stack(0x0000008e2b500000,0x0000008e2b600000)]
  0x00000244cd7c0e00 JavaThread "Signal Dispatcher" daemon [_thread_blocked, id=6464, stack(0x0000008e2b600000,0x0000008e2b700000)]
  0x00000244cd7c1990 JavaThread "Attach Listener" daemon [_thread_blocked, id=19648, stack(0x0000008e2b700000,0x0000008e2b800000)]
  0x00000244cd7c2520 JavaThread "Service Thread" daemon [_thread_blocked, id=2716, stack(0x0000008e2b800000,0x0000008e2b900000)]
  0x00000244cd7c2df0 JavaThread "Monitor Deflation Thread" daemon [_thread_blocked, id=13840, stack(0x0000008e2b900000,0x0000008e2ba00000)]
  0x00000244cd7c3770 JavaThread "C1 CompilerThread0" daemon [_thread_blocked, id=19696, stack(0x0000008e2ba00000,0x0000008e2bb00000)]
  0x00000244cd7f3b40 JavaThread "Sweeper thread" daemon [_thread_blocked, id=24512, stack(0x0000008e2bb00000,0x0000008e2bc00000)]
  0x00000244cd7958d0 JavaThread "Common-Cleaner" daemon [_thread_blocked, id=24796, stack(0x0000008e2bc00000,0x0000008e2bd00000)]
  0x00000244cd9fa960 JavaThread "JDWP Transport Listener: dt_socket" daemon [_thread_blocked, id=29388, stack(0x0000008e2bf00000,0x0000008e2c000000)]
  0x00000244cda1dd90 JavaThread "JDWP Event Helper Thread" daemon [_thread_blocked, id=29392, stack(0x0000008e2c000000,0x0000008e2c100000)]
  0x00000244cda1e470 JavaThread "JDWP Command Reader" daemon [_thread_in_native, id=29608, stack(0x0000008e2c100000,0x0000008e2c200000)]
  0x000002451349f010 JavaThread "Notification Thread" daemon [_thread_blocked, id=31408, stack(0x0000008e2ac00000,0x0000008e2ad00000)]
  0x0000024513587270 JavaThread "RMI TCP Accept-0" daemon [_thread_in_native, id=32372, stack(0x0000008e2c700000,0x0000008e2c800000)]
  0x00000245135bb870 JavaThread "RMI TCP Accept-53876" daemon [_thread_in_native, id=32392, stack(0x0000008e2c800000,0x0000008e2c900000)]
  0x0000024513512660 JavaThread "RMI TCP Accept-0" daemon [_thread_in_native, id=32396, stack(0x0000008e2c900000,0x0000008e2ca00000)]
  0x00000245136e1f50 JavaThread "Thread-0" [_thread_blocked, id=9468, stack(0x0000008e2cc00000,0x0000008e2cd00000)]
=>0x00000245136c8fd0 JavaThread "restartedMain" [_thread_in_vm, id=8464, stack(0x0000008e2cd00000,0x0000008e2ce00000)]
  0x0000024513827550 JavaThread "RMI TCP Connection(1)-127.0.0.1" daemon [_thread_in_native, id=15356, stack(0x0000008e2cb00000,0x0000008e2cc00000)]
  0x000002451340d630 JavaThread "RMI Scheduler(0)" daemon [_thread_blocked, id=20644, stack(0x0000008e2ce00000,0x0000008e2cf00000)]
  0x000002451340f9a0 JavaThread "RMI TCP Connection(2)-127.0.0.1" daemon [_thread_in_native, id=30220, stack(0x0000008e2cf00000,0x0000008e2d000000)]
  0x000002451340ea70 JavaThread "JMX server connection timeout 27" daemon [_thread_blocked, id=30528, stack(0x0000008e2d000000,0x0000008e2d100000)]

Other Threads:
  0x00000244cd7a77c0 VMThread "VM Thread" [stack: 0x0000008e2b300000,0x0000008e2b400000] [id=21812] _threads_hazard_ptr=0x0000024513416520
  0x00000244bc1c1390 WatcherThread [stack: 0x0000008e2ca00000,0x0000008e2cb00000] [id=32400]
  0x00000244bc217840 GCTaskThread "GC Thread#0" [stack: 0x0000008e2ae00000,0x0000008e2af00000] [id=18176]
  0x00000245135578e0 GCTaskThread "GC Thread#1" [stack: 0x0000008e2c300000,0x0000008e2c400000] [id=31812]
  0x0000024513557ba0 GCTaskThread "GC Thread#2" [stack: 0x0000008e2c400000,0x0000008e2c500000] [id=31816]
  0x0000024513567710 GCTaskThread "GC Thread#3" [stack: 0x0000008e2c500000,0x0000008e2c600000] [id=31828]
  0x00000244bc228260 ConcurrentGCThread "G1 Main Marker" [stack: 0x0000008e2af00000,0x0000008e2b000000] [id=21704]
  0x00000244bc229460 ConcurrentGCThread "G1 Conc#0" [stack: 0x0000008e2b000000,0x0000008e2b100000] [id=7800]
  0x00000244bc28ddb0 ConcurrentGCThread "G1 Refine#0" [stack: 0x0000008e2b100000,0x0000008e2b200000] [id=16552]
  0x0000024513567110 ConcurrentGCThread "G1 Refine#1" [stack: 0x0000008e2c600000,0x0000008e2c700000] [id=31832]
  0x00000244cd6610a0 ConcurrentGCThread "G1 Service" [stack: 0x0000008e2b200000,0x0000008e2b300000] [id=9732]

Threads with active compile tasks:

VM state: synchronizing (normal execution)

VM Mutex/Monitor currently owned by a thread:  ([mutex/lock_event])
[0x00000244bc1b8620] Metaspace_lock - owner thread: 0x00000245136c8fd0
[0x00000244bc1b9630] Threads_lock - owner thread: 0x00000244cd7a77c0

Heap address: 0x0000000082200000, size: 2014 MB, Compressed Oops mode: 32-bit

CDS archive(s) mapped at: [0x00000244ce000000-0x00000244cebd0000-0x00000244cebd0000), size 12386304, SharedBaseAddress: 0x00000244ce000000, ArchiveRelocationMode: 1.
Compressed class space mapped at: 0x00000244cf000000-0x000002450f000000, reserved size: 1073741824
Narrow klass base: 0x00000244ce000000, Narrow klass shift: 0, Narrow klass range: 0x100000000

GC Precious Log:
 CPUs: 4 total, 4 available
 Memory: 8050M
 Large Page Support: Disabled
 NUMA Support: Disabled
 Compressed Oops: Enabled (32-bit)
 Heap Region Size: 1M
 Heap Min Capacity: 8M
 Heap Initial Capacity: 126M
 Heap Max Capacity: 2014M
 Pre-touch: Disabled
 Parallel Workers: 4
 Concurrent Workers: 1
 Concurrent Refinement Workers: 4
 Periodic GC: Disabled

Heap:
 garbage-first heap   total 129024K, used 29779K [0x0000000082200000, 0x0000000100000000)
  region size 1024K, 25 young (25600K), 2 survivors (2048K)
 Metaspace       used 11575K, committed 11840K, reserved 1114112K
  class space    used 1487K, committed 1664K, reserved 1048576K

Heap Regions: E=young(eden), S=young(survivor), O=old, HS=humongous(starts), HC=humongous(continues), CS=collection set, F=free, OA=open archive, CA=closed archive, TAMS=top-at-mark-start (previous, next)
|   0|0x0000000082200000, 0x0000000082300000, 0x0000000082300000|100%|HS|  |TAMS 0x0000000082200000, 0x0000000082200000| Complete 
|   1|0x0000000082300000, 0x0000000082400000, 0x0000000082400000|100%| O|  |TAMS 0x0000000082300000, 0x0000000082300000| Untracked 
|   2|0x0000000082400000, 0x0000000082500000, 0x0000000082500000|100%| O|  |TAMS 0x0000000082400000, 0x0000000082400000| Untracked 
|   3|0x0000000082500000, 0x0000000082600000, 0x0000000082600000|100%| O|  |TAMS 0x0000000082500000, 0x0000000082500000| Untracked 
|   4|0x0000000082600000, 0x0000000082700000, 0x0000000082700000|100%| O|  |TAMS 0x0000000082600000, 0x0000000082600000| Untracked 
|   5|0x0000000082700000, 0x0000000082800000, 0x0000000082800000|100%| O|  |TAMS 0x0000000082700000, 0x0000000082700000| Untracked 
|   6|0x0000000082800000, 0x000000008289ac00, 0x0000000082900000| 60%| O|  |TAMS 0x0000000082800000, 0x0000000082800000| Untracked 
|   7|0x0000000082900000, 0x0000000082900000, 0x0000000082a00000|  0%| F|  |TAMS 0x0000000082900000, 0x0000000082900000| Untracked 
|   8|0x0000000082a00000, 0x0000000082a00000, 0x0000000082b00000|  0%| F|  |TAMS 0x0000000082a00000, 0x0000000082a00000| Untracked 
|   9|0x0000000082b00000, 0x0000000082b00000, 0x0000000082c00000|  0%| F|  |TAMS 0x0000000082b00000, 0x0000000082b00000| Untracked 
|  10|0x0000000082c00000, 0x0000000082c00000, 0x0000000082d00000|  0%| F|  |TAMS 0x0000000082c00000, 0x0000000082c00000| Untracked 
|  11|0x0000000082d00000, 0x0000000082d00000, 0x0000000082e00000|  0%| F|  |TAMS 0x0000000082d00000, 0x0000000082d00000| Untracked 
|  12|0x0000000082e00000, 0x0000000082e00000, 0x0000000082f00000|  0%| F|  |TAMS 0x0000000082e00000, 0x0000000082e00000| Untracked 
|  13|0x0000000082f00000, 0x0000000082f00000, 0x0000000083000000|  0%| F|  |TAMS 0x0000000082f00000, 0x0000000082f00000| Untracked 
|  14|0x0000000083000000, 0x0000000083000000, 0x0000000083100000|  0%| F|  |TAMS 0x0000000083000000, 0x0000000083000000| Untracked 
|  15|0x0000000083100000, 0x0000000083100000, 0x0000000083200000|  0%| F|  |TAMS 0x0000000083100000, 0x0000000083100000| Untracked 
|  16|0x0000000083200000, 0x0000000083200000, 0x0000000083300000|  0%| F|  |TAMS 0x0000000083200000, 0x0000000083200000| Untracked 
|  17|0x0000000083300000, 0x0000000083300000, 0x0000000083400000|  0%| F|  |TAMS 0x0000000083300000, 0x0000000083300000| Untracked 
|  18|0x0000000083400000, 0x0000000083400000, 0x0000000083500000|  0%| F|  |TAMS 0x0000000083400000, 0x0000000083400000| Untracked 
|  19|0x0000000083500000, 0x0000000083500000, 0x0000000083600000|  0%| F|  |TAMS 0x0000000083500000, 0x0000000083500000| Untracked 
|  20|0x0000000083600000, 0x0000000083600000, 0x0000000083700000|  0%| F|  |TAMS 0x0000000083600000, 0x0000000083600000| Untracked 
|  21|0x0000000083700000, 0x0000000083700000, 0x0000000083800000|  0%| F|  |TAMS 0x0000000083700000, 0x0000000083700000| Untracked 
|  22|0x0000000083800000, 0x0000000083800000, 0x0000000083900000|  0%| F|  |TAMS 0x0000000083800000, 0x0000000083800000| Untracked 
|  23|0x0000000083900000, 0x0000000083900000, 0x0000000083a00000|  0%| F|  |TAMS 0x0000000083900000, 0x0000000083900000| Untracked 
|  24|0x0000000083a00000, 0x0000000083a00000, 0x0000000083b00000|  0%| F|  |TAMS 0x0000000083a00000, 0x0000000083a00000| Untracked 
|  25|0x0000000083b00000, 0x0000000083b00000, 0x0000000083c00000|  0%| F|  |TAMS 0x0000000083b00000, 0x0000000083b00000| Untracked 
|  26|0x0000000083c00000, 0x0000000083c00000, 0x0000000083d00000|  0%| F|  |TAMS 0x0000000083c00000, 0x0000000083c00000| Untracked 
|  27|0x0000000083d00000, 0x0000000083d00000, 0x0000000083e00000|  0%| F|  |TAMS 0x0000000083d00000, 0x0000000083d00000| Untracked 
|  28|0x0000000083e00000, 0x0000000083e00000, 0x0000000083f00000|  0%| F|  |TAMS 0x0000000083e00000, 0x0000000083e00000| Untracked 
|  29|0x0000000083f00000, 0x0000000083f00000, 0x0000000084000000|  0%| F|  |TAMS 0x0000000083f00000, 0x0000000083f00000| Untracked 
|  30|0x0000000084000000, 0x0000000084000000, 0x0000000084100000|  0%| F|  |TAMS 0x0000000084000000, 0x0000000084000000| Untracked 
|  31|0x0000000084100000, 0x0000000084100000, 0x0000000084200000|  0%| F|  |TAMS 0x0000000084100000, 0x0000000084100000| Untracked 
|  32|0x0000000084200000, 0x0000000084200000, 0x0000000084300000|  0%| F|  |TAMS 0x0000000084200000, 0x0000000084200000| Untracked 
|  33|0x0000000084300000, 0x0000000084300000, 0x0000000084400000|  0%| F|  |TAMS 0x0000000084300000, 0x0000000084300000| Untracked 
|  34|0x0000000084400000, 0x0000000084400000, 0x0000000084500000|  0%| F|  |TAMS 0x0000000084400000, 0x0000000084400000| Untracked 
|  35|0x0000000084500000, 0x0000000084500000, 0x0000000084600000|  0%| F|  |TAMS 0x0000000084500000, 0x0000000084500000| Untracked 
|  36|0x0000000084600000, 0x0000000084600000, 0x0000000084700000|  0%| F|  |TAMS 0x0000000084600000, 0x0000000084600000| Untracked 
|  37|0x0000000084700000, 0x0000000084700000, 0x0000000084800000|  0%| F|  |TAMS 0x0000000084700000, 0x0000000084700000| Untracked 
|  38|0x0000000084800000, 0x0000000084800000, 0x0000000084900000|  0%| F|  |TAMS 0x0000000084800000, 0x0000000084800000| Untracked 
|  39|0x0000000084900000, 0x0000000084900000, 0x0000000084a00000|  0%| F|  |TAMS 0x0000000084900000, 0x0000000084900000| Untracked 
|  40|0x0000000084a00000, 0x0000000084a00000, 0x0000000084b00000|  0%| F|  |TAMS 0x0000000084a00000, 0x0000000084a00000| Untracked 
|  41|0x0000000084b00000, 0x0000000084b00000, 0x0000000084c00000|  0%| F|  |TAMS 0x0000000084b00000, 0x0000000084b00000| Untracked 
|  42|0x0000000084c00000, 0x0000000084c00000, 0x0000000084d00000|  0%| F|  |TAMS 0x0000000084c00000, 0x0000000084c00000| Untracked 
|  43|0x0000000084d00000, 0x0000000084d00000, 0x0000000084e00000|  0%| F|  |TAMS 0x0000000084d00000, 0x0000000084d00000| Untracked 
|  44|0x0000000084e00000, 0x0000000084e00000, 0x0000000084f00000|  0%| F|  |TAMS 0x0000000084e00000, 0x0000000084e00000| Untracked 
|  45|0x0000000084f00000, 0x0000000084f00000, 0x0000000085000000|  0%| F|  |TAMS 0x0000000084f00000, 0x0000000084f00000| Untracked 
|  46|0x0000000085000000, 0x0000000085000000, 0x0000000085100000|  0%| F|  |TAMS 0x0000000085000000, 0x0000000085000000| Untracked 
|  47|0x0000000085100000, 0x0000000085100000, 0x0000000085200000|  0%| F|  |TAMS 0x0000000085100000, 0x0000000085100000| Untracked 
|  48|0x0000000085200000, 0x0000000085200000, 0x0000000085300000|  0%| F|  |TAMS 0x0000000085200000, 0x0000000085200000| Untracked 
|  49|0x0000000085300000, 0x0000000085300000, 0x0000000085400000|  0%| F|  |TAMS 0x0000000085300000, 0x0000000085300000| Untracked 
|  50|0x0000000085400000, 0x0000000085400000, 0x0000000085500000|  0%| F|  |TAMS 0x0000000085400000, 0x0000000085400000| Untracked 
|  51|0x0000000085500000, 0x0000000085500000, 0x0000000085600000|  0%| F|  |TAMS 0x0000000085500000, 0x0000000085500000| Untracked 
|  52|0x0000000085600000, 0x0000000085600000, 0x0000000085700000|  0%| F|  |TAMS 0x0000000085600000, 0x0000000085600000| Untracked 
|  53|0x0000000085700000, 0x0000000085700000, 0x0000000085800000|  0%| F|  |TAMS 0x0000000085700000, 0x0000000085700000| Untracked 
|  54|0x0000000085800000, 0x0000000085800000, 0x0000000085900000|  0%| F|  |TAMS 0x0000000085800000, 0x0000000085800000| Untracked 
|  55|0x0000000085900000, 0x0000000085900000, 0x0000000085a00000|  0%| F|  |TAMS 0x0000000085900000, 0x0000000085900000| Untracked 
|  56|0x0000000085a00000, 0x0000000085a00000, 0x0000000085b00000|  0%| F|  |TAMS 0x0000000085a00000, 0x0000000085a00000| Untracked 
|  57|0x0000000085b00000, 0x0000000085b00000, 0x0000000085c00000|  0%| F|  |TAMS 0x0000000085b00000, 0x0000000085b00000| Untracked 
|  58|0x0000000085c00000, 0x0000000085c00000, 0x0000000085d00000|  0%| F|  |TAMS 0x0000000085c00000, 0x0000000085c00000| Untracked 
|  59|0x0000000085d00000, 0x0000000085d00000, 0x0000000085e00000|  0%| F|  |TAMS 0x0000000085d00000, 0x0000000085d00000| Untracked 
|  60|0x0000000085e00000, 0x0000000085e00000, 0x0000000085f00000|  0%| F|  |TAMS 0x0000000085e00000, 0x0000000085e00000| Untracked 
|  61|0x0000000085f00000, 0x0000000085f00000, 0x0000000086000000|  0%| F|  |TAMS 0x0000000085f00000, 0x0000000085f00000| Untracked 
|  62|0x0000000086000000, 0x0000000086000000, 0x0000000086100000|  0%| F|  |TAMS 0x0000000086000000, 0x0000000086000000| Untracked 
|  63|0x0000000086100000, 0x0000000086100000, 0x0000000086200000|  0%| F|  |TAMS 0x0000000086100000, 0x0000000086100000| Untracked 
|  64|0x0000000086200000, 0x0000000086200000, 0x0000000086300000|  0%| F|  |TAMS 0x0000000086200000, 0x0000000086200000| Untracked 
|  65|0x0000000086300000, 0x0000000086300000, 0x0000000086400000|  0%| F|  |TAMS 0x0000000086300000, 0x0000000086300000| Untracked 
|  66|0x0000000086400000, 0x0000000086400000, 0x0000000086500000|  0%| F|  |TAMS 0x0000000086400000, 0x0000000086400000| Untracked 
|  67|0x0000000086500000, 0x0000000086500000, 0x0000000086600000|  0%| F|  |TAMS 0x0000000086500000, 0x0000000086500000| Untracked 
|  68|0x0000000086600000, 0x0000000086600000, 0x0000000086700000|  0%| F|  |TAMS 0x0000000086600000, 0x0000000086600000| Untracked 
|  69|0x0000000086700000, 0x0000000086700000, 0x0000000086800000|  0%| F|  |TAMS 0x0000000086700000, 0x0000000086700000| Untracked 
|  70|0x0000000086800000, 0x0000000086800000, 0x0000000086900000|  0%| F|  |TAMS 0x0000000086800000, 0x0000000086800000| Untracked 
|  71|0x0000000086900000, 0x0000000086900000, 0x0000000086a00000|  0%| F|  |TAMS 0x0000000086900000, 0x0000000086900000| Untracked 
|  72|0x0000000086a00000, 0x0000000086a00000, 0x0000000086b00000|  0%| F|  |TAMS 0x0000000086a00000, 0x0000000086a00000| Untracked 
|  73|0x0000000086b00000, 0x0000000086b00000, 0x0000000086c00000|  0%| F|  |TAMS 0x0000000086b00000, 0x0000000086b00000| Untracked 
|  74|0x0000000086c00000, 0x0000000086c00000, 0x0000000086d00000|  0%| F|  |TAMS 0x0000000086c00000, 0x0000000086c00000| Untracked 
|  75|0x0000000086d00000, 0x0000000086d00000, 0x0000000086e00000|  0%| F|  |TAMS 0x0000000086d00000, 0x0000000086d00000| Untracked 
|  76|0x0000000086e00000, 0x0000000086e00000, 0x0000000086f00000|  0%| F|  |TAMS 0x0000000086e00000, 0x0000000086e00000| Untracked 
|  77|0x0000000086f00000, 0x0000000086f00000, 0x0000000087000000|  0%| F|  |TAMS 0x0000000086f00000, 0x0000000086f00000| Untracked 
|  78|0x0000000087000000, 0x0000000087000000, 0x0000000087100000|  0%| F|  |TAMS 0x0000000087000000, 0x0000000087000000| Untracked 
|  79|0x0000000087100000, 0x0000000087100000, 0x0000000087200000|  0%| F|  |TAMS 0x0000000087100000, 0x0000000087100000| Untracked 
|  80|0x0000000087200000, 0x0000000087200000, 0x0000000087300000|  0%| F|  |TAMS 0x0000000087200000, 0x0000000087200000| Untracked 
|  81|0x0000000087300000, 0x0000000087300000, 0x0000000087400000|  0%| F|  |TAMS 0x0000000087300000, 0x0000000087300000| Untracked 
|  82|0x0000000087400000, 0x0000000087400000, 0x0000000087500000|  0%| F|  |TAMS 0x0000000087400000, 0x0000000087400000| Untracked 
|  83|0x0000000087500000, 0x0000000087500000, 0x0000000087600000|  0%| F|  |TAMS 0x0000000087500000, 0x0000000087500000| Untracked 
|  84|0x0000000087600000, 0x0000000087600000, 0x0000000087700000|  0%| F|  |TAMS 0x0000000087600000, 0x0000000087600000| Untracked 
|  85|0x0000000087700000, 0x0000000087700000, 0x0000000087800000|  0%| F|  |TAMS 0x0000000087700000, 0x0000000087700000| Untracked 
|  86|0x0000000087800000, 0x0000000087800000, 0x0000000087900000|  0%| F|  |TAMS 0x0000000087800000, 0x0000000087800000| Untracked 
|  87|0x0000000087900000, 0x0000000087900000, 0x0000000087a00000|  0%| F|  |TAMS 0x0000000087900000, 0x0000000087900000| Untracked 
|  88|0x0000000087a00000, 0x0000000087a00000, 0x0000000087b00000|  0%| F|  |TAMS 0x0000000087a00000, 0x0000000087a00000| Untracked 
|  89|0x0000000087b00000, 0x0000000087b00000, 0x0000000087c00000|  0%| F|  |TAMS 0x0000000087b00000, 0x0000000087b00000| Untracked 
|  90|0x0000000087c00000, 0x0000000087c00000, 0x0000000087d00000|  0%| F|  |TAMS 0x0000000087c00000, 0x0000000087c00000| Untracked 
|  91|0x0000000087d00000, 0x0000000087d00000, 0x0000000087e00000|  0%| F|  |TAMS 0x0000000087d00000, 0x0000000087d00000| Untracked 
|  92|0x0000000087e00000, 0x0000000087e00000, 0x0000000087f00000|  0%| F|  |TAMS 0x0000000087e00000, 0x0000000087e00000| Untracked 
|  93|0x0000000087f00000, 0x0000000087f00000, 0x0000000088000000|  0%| F|  |TAMS 0x0000000087f00000, 0x0000000087f00000| Untracked 
|  94|0x0000000088000000, 0x0000000088000000, 0x0000000088100000|  0%| F|  |TAMS 0x0000000088000000, 0x0000000088000000| Untracked 
|  95|0x0000000088100000, 0x0000000088100000, 0x0000000088200000|  0%| F|  |TAMS 0x0000000088100000, 0x0000000088100000| Untracked 
|  96|0x0000000088200000, 0x0000000088200000, 0x0000000088300000|  0%| F|  |TAMS 0x0000000088200000, 0x0000000088200000| Untracked 
|  97|0x0000000088300000, 0x0000000088300000, 0x0000000088400000|  0%| F|  |TAMS 0x0000000088300000, 0x0000000088300000| Untracked 
|  98|0x0000000088400000, 0x0000000088400000, 0x0000000088500000|  0%| F|  |TAMS 0x0000000088400000, 0x0000000088400000| Untracked 
|  99|0x0000000088500000, 0x000000008857a208, 0x0000000088600000| 47%| S|CS|TAMS 0x0000000088500000, 0x0000000088500000| Complete 
| 100|0x0000000088600000, 0x0000000088700000, 0x0000000088700000|100%| S|CS|TAMS 0x0000000088600000, 0x0000000088600000| Complete 
| 101|0x0000000088700000, 0x0000000088700000, 0x0000000088800000|  0%| F|  |TAMS 0x0000000088700000, 0x0000000088700000| Untracked 
| 102|0x0000000088800000, 0x0000000088800000, 0x0000000088900000|  0%| F|  |TAMS 0x0000000088800000, 0x0000000088800000| Untracked 
| 103|0x0000000088900000, 0x00000000889a5900, 0x0000000088a00000| 64%| E|  |TAMS 0x0000000088900000, 0x0000000088900000| Complete 
| 104|0x0000000088a00000, 0x0000000088b00000, 0x0000000088b00000|100%| E|CS|TAMS 0x0000000088a00000, 0x0000000088a00000| Complete 
| 105|0x0000000088b00000, 0x0000000088c00000, 0x0000000088c00000|100%| E|CS|TAMS 0x0000000088b00000, 0x0000000088b00000| Complete 
| 106|0x0000000088c00000, 0x0000000088d00000, 0x0000000088d00000|100%| E|CS|TAMS 0x0000000088c00000, 0x0000000088c00000| Complete 
| 107|0x0000000088d00000, 0x0000000088e00000, 0x0000000088e00000|100%| E|CS|TAMS 0x0000000088d00000, 0x0000000088d00000| Complete 
| 108|0x0000000088e00000, 0x0000000088f00000, 0x0000000088f00000|100%| E|CS|TAMS 0x0000000088e00000, 0x0000000088e00000| Complete 
| 109|0x0000000088f00000, 0x0000000089000000, 0x0000000089000000|100%| E|CS|TAMS 0x0000000088f00000, 0x0000000088f00000| Complete 
| 110|0x0000000089000000, 0x0000000089100000, 0x0000000089100000|100%| E|CS|TAMS 0x0000000089000000, 0x0000000089000000| Complete 
| 111|0x0000000089100000, 0x0000000089200000, 0x0000000089200000|100%| E|CS|TAMS 0x0000000089100000, 0x0000000089100000| Complete 
| 112|0x0000000089200000, 0x0000000089300000, 0x0000000089300000|100%| E|  |TAMS 0x0000000089200000, 0x0000000089200000| Complete 
| 113|0x0000000089300000, 0x0000000089400000, 0x0000000089400000|100%| E|CS|TAMS 0x0000000089300000, 0x0000000089300000| Complete 
| 114|0x0000000089400000, 0x0000000089500000, 0x0000000089500000|100%| E|CS|TAMS 0x0000000089400000, 0x0000000089400000| Complete 
| 115|0x0000000089500000, 0x0000000089600000, 0x0000000089600000|100%| E|CS|TAMS 0x0000000089500000, 0x0000000089500000| Complete 
| 116|0x0000000089600000, 0x0000000089700000, 0x0000000089700000|100%| E|CS|TAMS 0x0000000089600000, 0x0000000089600000| Complete 
| 117|0x0000000089700000, 0x0000000089800000, 0x0000000089800000|100%| E|CS|TAMS 0x0000000089700000, 0x0000000089700000| Complete 
| 118|0x0000000089800000, 0x0000000089900000, 0x0000000089900000|100%| E|CS|TAMS 0x0000000089800000, 0x0000000089800000| Complete 
| 119|0x0000000089900000, 0x0000000089a00000, 0x0000000089a00000|100%| E|CS|TAMS 0x0000000089900000, 0x0000000089900000| Complete 
| 120|0x0000000089a00000, 0x0000000089b00000, 0x0000000089b00000|100%| E|CS|TAMS 0x0000000089a00000, 0x0000000089a00000| Complete 
| 121|0x0000000089b00000, 0x0000000089c00000, 0x0000000089c00000|100%| E|CS|TAMS 0x0000000089b00000, 0x0000000089b00000| Complete 
| 122|0x0000000089c00000, 0x0000000089d00000, 0x0000000089d00000|100%| E|CS|TAMS 0x0000000089c00000, 0x0000000089c00000| Complete 
| 123|0x0000000089d00000, 0x0000000089e00000, 0x0000000089e00000|100%| E|CS|TAMS 0x0000000089d00000, 0x0000000089d00000| Complete 
| 124|0x0000000089e00000, 0x0000000089f00000, 0x0000000089f00000|100%| E|CS|TAMS 0x0000000089e00000, 0x0000000089e00000| Complete 
| 125|0x0000000089f00000, 0x000000008a000000, 0x000000008a000000|100%| E|CS|TAMS 0x0000000089f00000, 0x0000000089f00000| Complete 

Card table byte_map: [0x00000244c6e60000,0x00000244c7250000] _byte_map_base: 0x00000244c6a4f000

Marking Bits (Prev, Next): (CMBitMap*) 0x00000244bc217d70, (CMBitMap*) 0x00000244bc217db0
 Prev Bits: [0x00000244c7640000, 0x00000244c95b8000)
 Next Bits: [0x00000244c95c0000, 0x00000244cb538000)

Polling page: 0x00000244ba140000

Metaspace:

Usage:
  Non-class:      9.85 MB used.
      Class:      1.45 MB used.
       Both:     11.30 MB used.

Virtual space:
  Non-class space:       64.00 MB reserved,       9.94 MB ( 16%) committed,  1 nodes.
      Class space:        1.00 GB reserved,       1.62 MB ( <1%) committed,  1 nodes.
             Both:        1.06 GB reserved,      11.56 MB (  1%) committed. 

Chunk freelists:
   Non-Class:  6.05 MB
       Class:  14.36 MB
        Both:  20.41 MB

MaxMetaspaceSize: unlimited
CompressedClassSpaceSize: 1.00 GB
Initial GC threshold: 21.00 MB
Current GC threshold: 21.00 MB
CDS: on
MetaspaceReclaimPolicy: balanced
 - commit_granule_bytes: 65536.
 - commit_granule_words: 8192.
 - virtual_space_node_default_size: 8388608.
 - enlarge_chunks_in_place: 1.
 - new_chunks_are_fully_committed: 0.
 - uncommit_free_chunks: 1.
 - use_allocation_guard: 0.
 - handle_deallocations: 1.


Internal statistics:

num_allocs_failed_limit: 0.
num_arena_births: 252.
num_arena_deaths: 0.
num_vsnodes_births: 2.
num_vsnodes_deaths: 0.
num_space_committed: 185.
num_space_uncommitted: 0.
num_chunks_returned_to_freelist: 0.
num_chunks_taken_from_freelist: 511.
num_chunk_merges: 0.
num_chunk_splits: 319.
num_chunks_enlarged: 199.
num_inconsistent_stats: 0.

CodeCache: size=49152Kb used=4195Kb max_used=4274Kb free=44956Kb
 bounds [0x00000244c3a70000, 0x00000244c3f00000, 0x00000244c6a70000]
 total_blobs=2310 nmethods=1845 adapters=392
 compilation: enabled
              stopped_count=0, restarted_count=0
 full_count=0

Compilation events (20 events):
Event: 144.559 Thread 0x00000244cd7c3770 1841       1       java.lang.invoke.DirectMethodHandle$Holder::invokeStatic (17 bytes)
Event: 144.559 Thread 0x00000244cd7c3770 nmethod 1841 0x00000244c3ee6810 code [0x00000244c3ee69c0, 0x00000244c3ee6af8]
Event: 144.559 Thread 0x00000244cd7c3770 1842       1       java.lang.invoke.LambdaForm$MH/0x00000244cf002800::invoke (32 bytes)
Event: 144.559 Thread 0x00000244cd7c3770 nmethod 1842 0x00000244c3ee6390 code [0x00000244c3ee6540, 0x00000244c3ee66d8]
Event: 144.559 Thread 0x00000244cd7c3770 1843       1       java.lang.invoke.DirectMethodHandle$Holder::invokeStatic (21 bytes)
Event: 144.559 Thread 0x00000244cd7c3770 nmethod 1843 0x00000244c3ee5f90 code [0x00000244c3ee6140, 0x00000244c3ee6298]
Event: 144.559 Thread 0x00000244cd7c3770 1844       1       java.lang.StringConcatHelper::prepend (22 bytes)
Event: 144.559 Thread 0x00000244cd7c3770 nmethod 1844 0x00000244c3ee5c10 code [0x00000244c3ee5dc0, 0x00000244c3ee5ed8]
Event: 144.561 Thread 0x00000244cd7c3770 1845       1       java.util.Collections::emptyList (4 bytes)
Event: 144.561 Thread 0x00000244cd7c3770 nmethod 1845 0x00000244c3ee5910 code [0x00000244c3ee5aa0, 0x00000244c3ee5b58]
Event: 144.564 Thread 0x00000244cd7c3770 1846       1       jdk.internal.loader.BuiltinClassLoader::hasClassPath (13 bytes)
Event: 144.565 Thread 0x00000244cd7c3770 nmethod 1846 0x00000244c3ee5610 code [0x00000244c3ee57a0, 0x00000244c3ee5878]
Event: 148.858 Thread 0x00000244cd7c3770 1847       1       jdk.internal.org.objectweb.asm.FieldWriter::visitEnd (1 bytes)
Event: 148.858 Thread 0x00000244cd7c3770 nmethod 1847 0x00000244c3ee5310 code [0x00000244c3ee54a0, 0x00000244c3ee5558]
Event: 148.927 Thread 0x00000244cd7c3770 1848       1       java.util.concurrent.CopyOnWriteArrayList::elementAt (4 bytes)
Event: 148.927 Thread 0x00000244cd7c3770 nmethod 1848 0x00000244c3ee5010 code [0x00000244c3ee51a0, 0x00000244c3ee5278]
Event: 148.927 Thread 0x00000244cd7c3770 1849       1       java.util.concurrent.CopyOnWriteArrayList::get (9 bytes)
Event: 148.928 Thread 0x00000244cd7c3770 nmethod 1849 0x00000244c3ee4c90 code [0x00000244c3ee4e20, 0x00000244c3ee4f18]
Event: 148.928 Thread 0x00000244cd7c3770 1850       1       java.util.concurrent.CopyOnWriteArrayList::size (6 bytes)
Event: 148.928 Thread 0x00000244cd7c3770 nmethod 1850 0x00000244c3ee4990 code [0x00000244c3ee4b20, 0x00000244c3ee4bf8]

GC Heap History (6 events):
Event: 95.899 GC heap before
{Heap before GC invocations=0 (full 0):
 garbage-first heap   total 129024K, used 13312K [0x0000000082200000, 0x0000000100000000)
  region size 1024K, 13 young (13312K), 0 survivors (0K)
 Metaspace       used 4841K, committed 4992K, reserved 1114112K
  class space    used 555K, committed 640K, reserved 1048576K
}
Event: 96.133 GC heap after
{Heap after GC invocations=1 (full 0):
 garbage-first heap   total 129024K, used 6675K [0x0000000082200000, 0x0000000100000000)
  region size 1024K, 2 young (2048K), 2 survivors (2048K)
 Metaspace       used 4841K, committed 4992K, reserved 1114112K
  class space    used 555K, committed 640K, reserved 1048576K
}
Event: 106.327 GC heap before
{Heap before GC invocations=1 (full 0):
 garbage-first heap   total 129024K, used 14867K [0x0000000082200000, 0x0000000100000000)
  region size 1024K, 11 young (11264K), 2 survivors (2048K)
 Metaspace       used 7070K, committed 7296K, reserved 1114112K
  class space    used 807K, committed 896K, reserved 1048576K
}
Event: 106.334 GC heap after
{Heap after GC invocations=2 (full 0):
 garbage-first heap   total 129024K, used 7170K [0x0000000082200000, 0x0000000100000000)
  region size 1024K, 1 young (1024K), 1 survivors (1024K)
 Metaspace       used 7070K, committed 7296K, reserved 1114112K
  class space    used 807K, committed 896K, reserved 1048576K
}
Event: 131.435 GC heap before
{Heap before GC invocations=2 (full 0):
 garbage-first heap   total 129024K, used 31746K [0x0000000082200000, 0x0000000100000000)
  region size 1024K, 25 young (25600K), 1 survivors (1024K)
 Metaspace       used 9493K, committed 9728K, reserved 1114112K
  class space    used 1166K, committed 1280K, reserved 1048576K
}
Event: 131.441 GC heap after
{Heap after GC invocations=3 (full 0):
 garbage-first heap   total 129024K, used 8275K [0x0000000082200000, 0x0000000100000000)
  region size 1024K, 2 young (2048K), 2 survivors (2048K)
 Metaspace       used 9493K, committed 9728K, reserved 1114112K
  class space    used 1166K, committed 1280K, reserved 1048576K
}

Deoptimization events (20 events):
Event: 131.031 Thread 0x00000245136c8fd0 DEOPT PACKING pc=0x00000244c3d9597c sp=0x0000008e2cdfcb30
Event: 131.031 Thread 0x00000245136c8fd0 DEOPT UNPACKING pc=0x00000244c3ac2b43 sp=0x0000008e2cdfbfe8 mode 1
Event: 131.031 Thread 0x00000245136c8fd0 DEOPT PACKING pc=0x00000244c3d415d4 sp=0x0000008e2cdfd4c0
Event: 131.031 Thread 0x00000245136c8fd0 DEOPT UNPACKING pc=0x00000244c3ac2b43 sp=0x0000008e2cdfc9b0 mode 1
Event: 131.032 Thread 0x00000245136c8fd0 DEOPT PACKING pc=0x00000244c3d95e5c sp=0x0000008e2cdfca20
Event: 131.032 Thread 0x00000245136c8fd0 DEOPT UNPACKING pc=0x00000244c3ac2b43 sp=0x0000008e2cdfbeb8 mode 1
Event: 131.032 Thread 0x00000245136c8fd0 DEOPT PACKING pc=0x00000244c3d9597c sp=0x0000008e2cdfcaf0
Event: 131.032 Thread 0x00000245136c8fd0 DEOPT UNPACKING pc=0x00000244c3ac2b43 sp=0x0000008e2cdfbfa8 mode 1
Event: 131.032 Thread 0x00000245136c8fd0 DEOPT PACKING pc=0x00000244c3d415d4 sp=0x0000008e2cdfd480
Event: 131.032 Thread 0x00000245136c8fd0 DEOPT UNPACKING pc=0x00000244c3ac2b43 sp=0x0000008e2cdfc970 mode 1
Event: 131.032 Thread 0x00000245136c8fd0 DEOPT PACKING pc=0x00000244c3d9597c sp=0x0000008e2cdfd5f0
Event: 131.032 Thread 0x00000245136c8fd0 DEOPT UNPACKING pc=0x00000244c3ac2b43 sp=0x0000008e2cdfcaa8 mode 1
Event: 131.032 Thread 0x00000245136c8fd0 DEOPT PACKING pc=0x00000244c3d415d4 sp=0x0000008e2cdfdf80
Event: 131.032 Thread 0x00000245136c8fd0 DEOPT UNPACKING pc=0x00000244c3ac2b43 sp=0x0000008e2cdfd470 mode 1
Event: 134.148 Thread 0x00000245136c8fd0 DEOPT PACKING pc=0x00000244c3d95e5c sp=0x0000008e2cdfd0e0
Event: 134.148 Thread 0x00000245136c8fd0 DEOPT UNPACKING pc=0x00000244c3ac2b43 sp=0x0000008e2cdfc578 mode 1
Event: 134.148 Thread 0x00000245136c8fd0 DEOPT PACKING pc=0x00000244c3d9597c sp=0x0000008e2cdfd1b0
Event: 134.148 Thread 0x00000245136c8fd0 DEOPT UNPACKING pc=0x00000244c3ac2b43 sp=0x0000008e2cdfc668 mode 1
Event: 134.148 Thread 0x00000245136c8fd0 DEOPT PACKING pc=0x00000244c3d415d4 sp=0x0000008e2cdfdb40
Event: 134.148 Thread 0x00000245136c8fd0 DEOPT UNPACKING pc=0x00000244c3ac2b43 sp=0x0000008e2cdfd030 mode 1

Classes unloaded (0 events):
No events

Classes redefined (0 events):
No events

Internal exceptions (20 events):
Event: 131.937 Thread 0x00000245136c8fd0 Exception <a 'java/lang/NoSuchMethodError'{0x0000000089f026f0}: 'java.lang.Object java.lang.invoke.DirectMethodHandle$Holder.newInvokeSpecial(java.lang.Object, java.lang.Object, java.lang.Object, java.lang.Object, java.lang.Object)'> (0x0000000089f026f0) 
thrown [s\open\src\hotspot\share\interpreter\linkResolver.cpp, line 759]
Event: 132.017 Thread 0x00000245136c8fd0 Exception <a 'java/lang/NoSuchMethodError'{0x0000000089e158b0}: 'java.lang.Object java.lang.invoke.DirectMethodHandle$Holder.invokeStaticInit(java.lang.Object, java.lang.Object, java.lang.Object)'> (0x0000000089e158b0) 
thrown [s\open\src\hotspot\share\interpreter\linkResolver.cpp, line 759]
Event: 132.542 Thread 0x00000245136c8fd0 Exception <a 'java/lang/IncompatibleClassChangeError'{0x0000000089d4c6f0}: Found class java.lang.Object, but interface was expected> (0x0000000089d4c6f0) 
thrown [s\open\src\hotspot\share\interpreter\linkResolver.cpp, line 826]
Event: 132.970 Thread 0x00000245136c8fd0 Exception <a 'sun/nio/fs/WindowsException'{0x0000000089c9a540}> (0x0000000089c9a540) 
thrown [s\open\src\hotspot\share\prims\jni.cpp, line 516]
Event: 135.582 Thread 0x000002451340f9a0 Exception <a 'java/lang/reflect/InvocationTargetException'{0x00000000898a9c48}> (0x00000000898a9c48) 
thrown [s\open\src\hotspot\share\runtime\reflection.cpp, line 1121]
Event: 137.639 Thread 0x000002451340f9a0 Exception <a 'java/lang/reflect/InvocationTargetException'{0x00000000898ad5a8}> (0x00000000898ad5a8) 
thrown [s\open\src\hotspot\share\runtime\reflection.cpp, line 1121]
Event: 138.628 Thread 0x000002451340f9a0 Exception <a 'java/lang/reflect/InvocationTargetException'{0x00000000898b0cb8}> (0x00000000898b0cb8) 
thrown [s\open\src\hotspot\share\runtime\reflection.cpp, line 1121]
Event: 140.150 Thread 0x000002451340f9a0 Exception <a 'java/lang/reflect/InvocationTargetException'{0x00000000898b43c8}> (0x00000000898b43c8) 
thrown [s\open\src\hotspot\share\runtime\reflection.cpp, line 1121]
Event: 141.575 Thread 0x000002451340f9a0 Exception <a 'java/lang/reflect/InvocationTargetException'{0x00000000898b7ad8}> (0x00000000898b7ad8) 
thrown [s\open\src\hotspot\share\runtime\reflection.cpp, line 1121]
Event: 142.490 Thread 0x00000245136c8fd0 Exception <a 'java/lang/NoSuchMethodError'{0x0000000088e19f38}: 'java.lang.Object java.lang.invoke.DirectMethodHandle$Holder.newInvokeSpecial(java.lang.Object, java.lang.Object, java.lang.Object, java.lang.Object, java.lang.Object, java.lang.Object, java.lang.Object)'> (0x0000000088e19f38) 
thrown [s\open\src\hotspot\share\interpreter\linkResolver.cpp, line 759]
Event: 142.491 Thread 0x00000245136c8fd0 Exception <a 'java/lang/NoSuchMethodError'{0x0000000088e1e848}: 'java.lang.Object java.lang.invoke.Invokers$Holder.linkToTargetMethod(java.lang.Object, java.lang.Object, java.lang.Object, java.lang.Object, java.lang.Object, java.lang.Object, java.lang.Object)'> (0x0000000088e1e848) 
thrown [s\open\src\hotspot\share\interpreter\linkResolver.cpp, line 759]
Event: 142.766 Thread 0x00000245136c8fd0 Exception <a 'java/lang/NoSuchMethodError'{0x0000000088e536d0}: 'void java.lang.invoke.DirectMethodHandle$Holder.invokeStaticInit(java.lang.Object, java.lang.Object)'> (0x0000000088e536d0) 
thrown [s\open\src\hotspot\share\interpreter\linkResolver.cpp, line 759]
Event: 142.785 Thread 0x00000245136c8fd0 Exception <a 'java/lang/NoSuchMethodError'{0x0000000088d1dd30}: 'int java.lang.invoke.DirectMethodHandle$Holder.invokeStatic(java.lang.Object, java.lang.Object, java.lang.Object, java.lang.Object)'> (0x0000000088d1dd30) 
thrown [s\open\src\hotspot\share\interpreter\linkResolver.cpp, line 759]
Event: 142.785 Thread 0x00000245136c8fd0 Exception <a 'java/lang/NoSuchMethodError'{0x0000000088d216b0}: 'java.lang.Object java.lang.invoke.Invokers$Holder.invokeExact_MT(java.lang.Object, java.lang.Object, java.lang.Object, java.lang.Object, java.lang.Object, java.lang.Object)'> (0x0000000088d216b0) 
thrown [s\open\src\hotspot\share\interpreter\linkResolver.cpp, line 759]
Event: 142.809 Thread 0x00000245136c8fd0 Exception <a 'java/lang/NoSuchMethodError'{0x0000000088dd1e58}: 'java.lang.Object java.lang.invoke.DirectMethodHandle$Holder.invokeSpecial(java.lang.Object, java.lang.Object, java.lang.Object, java.lang.Object, java.lang.Object, java.lang.Object, int)'> (0x0000000088dd1e58) 
thrown [s\open\src\hotspot\share\interpreter\linkResolver.cpp, line 759]
Event: 142.810 Thread 0x00000245136c8fd0 Exception <a 'java/lang/NoSuchMethodError'{0x0000000088ddc3c0}: 'java.lang.Object java.lang.invoke.DirectMethodHandle$Holder.newInvokeSpecial(java.lang.Object, java.lang.Object, java.lang.Object, java.lang.Object, java.lang.Object, java.lang.Object, int)'> (0x0000000088ddc3c0) 
thrown [s\open\src\hotspot\share\interpreter\linkResolver.cpp, line 759]
Event: 142.810 Thread 0x00000245136c8fd0 Exception <a 'java/lang/NoSuchMethodError'{0x0000000088de1400}: 'java.lang.Object java.lang.invoke.DirectMethodHandle$Holder.invokeSpecial(java.lang.Object, java.lang.Object, java.lang.Object, java.lang.Object, java.lang.Object, java.lang.Object, java.lang.Object, int)'> (0x0000000088de1400) 
thrown [s\open\src\hotspot\share\interpreter\linkResolver.cpp, line 759]
Event: 143.913 Thread 0x000002451340f9a0 Exception <a 'java/lang/reflect/InvocationTargetException'{0x00000000898bb1e8}> (0x00000000898bb1e8) 
thrown [s\open\src\hotspot\share\runtime\reflection.cpp, line 1121]
Event: 148.799 Thread 0x00000245136c8fd0 Exception <a 'java/io/FileNotFoundException'{0x000000008890e180}> (0x000000008890e180) 
thrown [s\open\src\hotspot\share\prims\jni.cpp, line 516]
Event: 148.857 Thread 0x00000245136c8fd0 Exception <a 'java/lang/NoSuchMethodError'{0x0000000088914030}: 'void java.lang.invoke.DirectMethodHandle$Holder.invokeSpecial(java.lang.Object, java.lang.Object, java.lang.Object, java.lang.Object, java.lang.Object)'> (0x0000000088914030) 
thrown [s\open\src\hotspot\share\interpreter\linkResolver.cpp, line 759]

VM Operations (20 events):
Event: 132.972 Executing VM operation: HandshakeAllThreads
Event: 132.973 Executing VM operation: HandshakeAllThreads done
Event: 133.977 Executing VM operation: Cleanup
Event: 134.120 Executing VM operation: Cleanup done
Event: 138.156 Executing VM operation: Cleanup
Event: 138.156 Executing VM operation: Cleanup done
Event: 139.158 Executing VM operation: Cleanup
Event: 139.158 Executing VM operation: Cleanup done
Event: 140.158 Executing VM operation: Cleanup
Event: 140.158 Executing VM operation: Cleanup done
Event: 141.167 Executing VM operation: Cleanup
Event: 141.167 Executing VM operation: Cleanup done
Event: 142.177 Executing VM operation: Cleanup
Event: 142.449 Executing VM operation: Cleanup done
Event: 143.449 Executing VM operation: Cleanup
Event: 143.912 Executing VM operation: Cleanup done
Event: 144.912 Executing VM operation: Cleanup
Event: 145.166 Executing VM operation: Cleanup done
Event: 145.176 Executing VM operation: HandshakeAllThreads
Event: 145.176 Executing VM operation: HandshakeAllThreads done

Events (20 events):
Event: 141.578 loading class java/util/stream/MatchOps$2MatchSink
Event: 141.579 loading class java/util/stream/MatchOps$2MatchSink done
Event: 142.457 loading class java/beans/PropertyEditorSupport
Event: 142.457 loading class java/beans/PropertyEditor
Event: 142.458 loading class java/beans/PropertyEditor done
Event: 142.458 loading class java/beans/PropertyEditorSupport done
Event: 142.794 loading class java/util/regex/Pattern$Neg
Event: 142.795 loading class java/util/regex/Pattern$Neg done
Event: 142.807 loading class java/util/stream/StreamSpliterators$WrappingSpliterator
Event: 142.807 loading class java/util/stream/StreamSpliterators$AbstractWrappingSpliterator
Event: 142.807 loading class java/util/stream/StreamSpliterators$AbstractWrappingSpliterator done
Event: 142.807 loading class java/util/stream/StreamSpliterators$WrappingSpliterator done
Event: 142.808 loading class java/util/stream/StreamSpliterators
Event: 142.808 loading class java/util/stream/StreamSpliterators done
Event: 142.808 loading class java/util/function/BooleanSupplier
Event: 142.808 loading class java/util/function/BooleanSupplier done
Event: 144.559 loading class java/net/URLClassLoader$2
Event: 144.560 loading class java/net/URLClassLoader$2 done
Event: 145.175 loading class java/io/LineNumberReader
Event: 145.175 loading class java/io/LineNumberReader done


Dynamic libraries:
0x00007ff6d7f40000 - 0x00007ff6d7f50000 	C:\Program Files\Java\jdk-17\bin\javaw.exe
0x00007ff8c2b10000 - 0x00007ff8c2d08000 	C:\Windows\SYSTEM32\ntdll.dll
0x00007ff8c0dd0000 - 0x00007ff8c0e8f000 	C:\Windows\System32\KERNEL32.DLL
0x00007ff8c0580000 - 0x00007ff8c0852000 	C:\Windows\System32\KERNELBASE.dll
0x00007ff8c03c0000 - 0x00007ff8c04c0000 	C:\Windows\System32\ucrtbase.dll
0x00007ff8b73f0000 - 0x00007ff8b7409000 	C:\Program Files\Java\jdk-17\bin\jli.dll
0x00007ff8c0e90000 - 0x00007ff8c0f3e000 	C:\Windows\System32\ADVAPI32.dll
0x00007ff8c0c20000 - 0x00007ff8c0cbe000 	C:\Windows\System32\msvcrt.dll
0x00007ff8c1040000 - 0x00007ff8c10dc000 	C:\Windows\System32\sechost.dll
0x00007ff8c2050000 - 0x00007ff8c2175000 	C:\Windows\System32\RPCRT4.dll
0x00007ff8c1b70000 - 0x00007ff8c1d11000 	C:\Windows\System32\USER32.dll
0x00007ff8c0200000 - 0x00007ff8c0222000 	C:\Windows\System32\win32u.dll
0x00007ff8c2180000 - 0x00007ff8c21ab000 	C:\Windows\System32\GDI32.dll
0x00007ff8c0860000 - 0x00007ff8c096f000 	C:\Windows\System32\gdi32full.dll
0x00007ff8c0970000 - 0x00007ff8c0a0d000 	C:\Windows\System32\msvcp_win.dll
0x00007ff8a4eb0000 - 0x00007ff8a4ecb000 	C:\Program Files\Java\jdk-17\bin\VCRUNTIME140.dll
0x00007ff8b1950000 - 0x00007ff8b1bea000 	C:\Windows\WinSxS\amd64_microsoft.windows.common-controls_6595b64144ccf1df_6.0.19041.1110_none_60b5254171f9507e\COMCTL32.dll
0x00007ff8b6b00000 - 0x00007ff8b6b0a000 	C:\Windows\SYSTEM32\VERSION.dll
0x00007ff8c2a90000 - 0x00007ff8c2ac2000 	C:\Windows\System32\IMM32.DLL
0x00007ff8b5a30000 - 0x00007ff8b5a3c000 	C:\Program Files\Java\jdk-17\bin\vcruntime140_1.dll
0x00007ff889850000 - 0x00007ff8898de000 	C:\Program Files\Java\jdk-17\bin\msvcp140.dll
0x00007ff85b8a0000 - 0x00007ff85c47f000 	C:\Program Files\Java\jdk-17\bin\server\jvm.dll
0x00007ff8c0f40000 - 0x00007ff8c0f48000 	C:\Windows\System32\PSAPI.DLL
0x00007ff8b3d30000 - 0x00007ff8b3d39000 	C:\Windows\SYSTEM32\WSOCK32.dll
0x00007ff8c0fd0000 - 0x00007ff8c103b000 	C:\Windows\System32\WS2_32.dll
0x00007ff8b18b0000 - 0x00007ff8b18d7000 	C:\Windows\SYSTEM32\WINMM.dll
0x00007ff8bed00000 - 0x00007ff8bed12000 	C:\Windows\SYSTEM32\kernel.appcore.dll
0x00007ff8b3a00000 - 0x00007ff8b3a0a000 	C:\Program Files\Java\jdk-17\bin\jimage.dll
0x00007ff8baf70000 - 0x00007ff8bb154000 	C:\Windows\SYSTEM32\DBGHELP.DLL
0x00007ff8b5b70000 - 0x00007ff8b5ba5000 	C:\Windows\SYSTEM32\dbgcore.DLL
0x00007ff8c0a10000 - 0x00007ff8c0a92000 	C:\Windows\System32\bcryptPrimitives.dll
0x00007ff8b3450000 - 0x00007ff8b348b000 	C:\Program Files\Java\jdk-17\bin\jdwp.dll
0x00007ff8b7410000 - 0x00007ff8b741e000 	C:\Program Files\Java\jdk-17\bin\instrument.dll
0x00007ff88f8c0000 - 0x00007ff88f8e5000 	C:\Program Files\Java\jdk-17\bin\java.dll
0x00007ff86d060000 - 0x00007ff86d137000 	C:\Program Files\Java\jdk-17\bin\jsvml.dll
0x00007ff8c2340000 - 0x00007ff8c2a84000 	C:\Windows\System32\SHELL32.dll
0x00007ff8bb160000 - 0x00007ff8bb8f2000 	C:\Windows\SYSTEM32\windows.storage.dll
0x00007ff8c12e0000 - 0x00007ff8c1635000 	C:\Windows\System32\combase.dll
0x00007ff8bfc60000 - 0x00007ff8bfc90000 	C:\Windows\SYSTEM32\Wldp.dll
0x00007ff8c0d20000 - 0x00007ff8c0dcd000 	C:\Windows\System32\SHCORE.dll
0x00007ff8c10e0000 - 0x00007ff8c1135000 	C:\Windows\System32\shlwapi.dll
0x00007ff8c0140000 - 0x00007ff8c015f000 	C:\Windows\SYSTEM32\profapi.dll
0x00007ff8b7280000 - 0x00007ff8b728c000 	C:\Program Files\Java\jdk-17\bin\dt_socket.dll
0x00007ff8bf660000 - 0x00007ff8bf69b000 	C:\Windows\SYSTEM32\IPHLPAPI.DLL
0x00007ff8bf9c0000 - 0x00007ff8bfa2a000 	C:\Windows\system32\mswsock.dll
0x00007ff8bf6a0000 - 0x00007ff8bf76a000 	C:\Windows\SYSTEM32\DNSAPI.dll
0x00007ff8c1b60000 - 0x00007ff8c1b68000 	C:\Windows\System32\NSI.dll
0x000000005fb30000 - 0x000000005fb56000 	C:\Program Files\Bonjour\mdnsNSP.dll
0x00007ff8b5fe0000 - 0x00007ff8b5fea000 	C:\Windows\System32\rasadhlp.dll
0x00007ff8b2390000 - 0x00007ff8b2410000 	C:\Windows\System32\fwpuclnt.dll
0x00007ff8c0230000 - 0x00007ff8c0257000 	C:\Windows\System32\bcrypt.dll
0x00007ff88cd20000 - 0x00007ff88cd38000 	C:\Program Files\Java\jdk-17\bin\zip.dll
0x00007ff89a080000 - 0x00007ff89a099000 	C:\Program Files\Java\jdk-17\bin\net.dll
0x00007ff8b3be0000 - 0x00007ff8b3cec000 	C:\Windows\SYSTEM32\WINHTTP.dll
0x00007ff88f250000 - 0x00007ff88f266000 	C:\Program Files\Java\jdk-17\bin\nio.dll
0x00007ff8b5610000 - 0x00007ff8b561a000 	C:\Program Files\Java\jdk-17\bin\management.dll
0x00007ff8b4730000 - 0x00007ff8b473b000 	C:\Program Files\Java\jdk-17\bin\management_ext.dll
0x00007ff8a08e0000 - 0x00007ff8a08f7000 	C:\Windows\system32\napinsp.dll
0x00007ff8a0710000 - 0x00007ff8a072b000 	C:\Windows\system32\pnrpnsp.dll
0x00007ff8b9670000 - 0x00007ff8b9685000 	C:\Windows\system32\wshbth.dll
0x00007ff8b6a30000 - 0x00007ff8b6a4d000 	C:\Windows\system32\NLAapi.dll
0x00007ff8a0570000 - 0x00007ff8a0582000 	C:\Windows\System32\winrnr.dll
0x00007ff8bfbb0000 - 0x00007ff8bfbc8000 	C:\Windows\SYSTEM32\CRYPTSP.dll
0x00007ff8bf270000 - 0x00007ff8bf2a4000 	C:\Windows\system32\rsaenh.dll
0x00007ff8c00c0000 - 0x00007ff8c00ee000 	C:\Windows\SYSTEM32\USERENV.dll
0x00007ff8bfbd0000 - 0x00007ff8bfbdc000 	C:\Windows\SYSTEM32\CRYPTBASE.dll
0x00007ff8b4d00000 - 0x00007ff8b4d17000 	C:\Windows\SYSTEM32\dhcpcsvc6.DLL
0x00007ff8b5db0000 - 0x00007ff8b5dcd000 	C:\Windows\SYSTEM32\dhcpcsvc.DLL
0x00007ff8ade60000 - 0x00007ff8ade70000 	C:\Program Files\Java\jdk-17\bin\verify.dll

dbghelp: loaded successfully - version: 4.0.5 - missing functions: none
symbol engine: initialized successfully - sym options: 0x614 - pdb path: .;C:\Program Files\Java\jdk-17\bin;C:\Windows\SYSTEM32;C:\Windows\WinSxS\amd64_microsoft.windows.common-controls_6595b64144ccf1df_6.0.19041.1110_none_60b5254171f9507e;C:\Program Files\Java\jdk-17\bin\server;C:\Program Files\Bonjour

VM Arguments:
jvm_args: -XX:+ShowCodeDetailsInExceptionMessages -agentlib:jdwp=transport=dt_socket,suspend=y,address=localhost:53931 -Dcom.sun.management.jmxremote -Dcom.sun.management.jmxremote.port=53876 -Dcom.sun.management.jmxremote.authenticate=false -Dcom.sun.management.jmxremote.ssl=false -Djava.rmi.server.hostname=localhost -Dspring.jmx.enabled=true -Dmanagement.endpoints.jmx.exposure.include=* -Dspring.application.admin.enabled=true -XX:TieredStopAtLevel=1 -Dspring.boot.project.name=Project-ClassControl -javaagent:C:\Users\DELL\eclipse\jee-2023-122\eclipse\configuration\org.eclipse.osgi\1242\0\.cp\lib\javaagent-shaded.jar -Dfile.encoding=UTF-8 -Dstdout.encoding=UTF-8 -Dstderr.encoding=UTF-8 
java_command: com.example.projectclasscontrol.ProjectClassControlApplication --spring.output.ansi.enabled=always
java_class_path (initial): C:\Pratik\J38 Project\Assignment-Tracking-Web-Application-Eclipse-IDE\project\Project-ClassControl\target\classes;C:\Users\DELL\.m2\repository\org\springframework\boot\spring-boot-starter-data-jdbc\3.2.5\spring-boot-starter-data-jdbc-3.2.5.jar;C:\Users\DELL\.m2\repository\org\springframework\data\spring-data-jdbc\3.2.5\spring-data-jdbc-3.2.5.jar;C:\Users\DELL\.m2\repository\org\springframework\data\spring-data-relational\3.2.5\spring-data-relational-3.2.5.jar;C:\Users\DELL\.m2\repository\com\github\jsqlparser\jsqlparser\4.6\jsqlparser-4.6.jar;C:\Users\DELL\.m2\repository\org\springframework\data\spring-data-commons\3.2.5\spring-data-commons-3.2.5.jar;C:\Users\DELL\.m2\repository\org\springframework\spring-tx\6.1.6\spring-tx-6.1.6.jar;C:\Users\DELL\.m2\repository\org\springframework\spring-context\6.1.6\spring-context-6.1.6.jar;C:\Users\DELL\.m2\repository\org\springframework\spring-beans\6.1.6\spring-beans-6.1.6.jar;C:\Users\DELL\.m2\repository\org\slf4j\slf4j-api\2.0.13\slf4j-api-2.0.13.jar;C:\Users\DELL\.m2\repository\org\springframework\boot\spring-boot-starter-data-jpa\3.2.5\spring-boot-starter-data-jpa-3.2.5.jar;C:\Users\DELL\.m2\repository\org\springframework\boot\spring-boot-starter-aop\3.2.5\spring-boot-starter-aop-3.2.5.jar;C:\Users\DELL\.m2\repository\org\springframework\spring-aop\6.1.6\spring-aop-6.1.6.jar;C:\Users\DELL\.m2\repository\org\aspectj\aspectjweaver\1.9.22\aspectjweaver-1.9.22.jar;C:\Users\DELL\.m2\repository\org\hibernate\orm\hibernate-core\6.4.4.Final\hibernate-core-6.4.4.Final.jar;C:\Users\DELL\.m2\repository\jakarta\persistence\jakarta.persistence-api\3.1.0\jakarta.persistence-api-3.1.0.jar;C:\Users\DELL\.m2\repository\jakarta\transaction\jakarta.transaction-api\2.0.1\jakarta.transaction-api-2.0.1.jar;C:\Users\DELL\.m2\repository\org\jboss\logging\jboss-logging\3.5.3.Final\jboss-logging-3.5.3.Final.jar;C:\Users\DELL\.m2\repository\org\hibernate\common\hibernate-commons-annotations\6.0.6.Final\hibernate-commons-
Launcher Type: SUN_STANDARD

[Global flags]
     intx CICompilerCount                          = 3                                         {product} {ergonomic}
     uint ConcGCThreads                            = 1                                         {product} {ergonomic}
     uint G1ConcRefinementThreads                  = 4                                         {product} {ergonomic}
   size_t G1HeapRegionSize                         = 1048576                                   {product} {ergonomic}
    uintx GCDrainStackTargetSize                   = 64                                        {product} {ergonomic}
   size_t InitialHeapSize                          = 132120576                                 {product} {ergonomic}
     bool ManagementServer                         = true                                      {product} {command line}
   size_t MarkStackSize                            = 4194304                                   {product} {ergonomic}
   size_t MaxHeapSize                              = 2111832064                                {product} {ergonomic}
   size_t MaxNewSize                               = 1266679808                                {product} {ergonomic}
   size_t MinHeapDeltaBytes                        = 1048576                                   {product} {ergonomic}
   size_t MinHeapSize                              = 8388608                                   {product} {ergonomic}
    uintx NonProfiledCodeHeapSize                  = 0                                      {pd product} {ergonomic}
     bool ProfileInterpreter                       = false                                  {pd product} {command line}
    uintx ProfiledCodeHeapSize                     = 0                                      {pd product} {ergonomic}
     bool ShowCodeDetailsInExceptionMessages       = true                                   {manageable} {command line}
   size_t SoftMaxHeapSize                          = 2111832064                             {manageable} {ergonomic}
     intx TieredStopAtLevel                        = 1                                         {product} {command line}
     bool UseCompressedClassPointers               = true                           {product lp64_product} {ergonomic}
     bool UseCompressedOops                        = true                           {product lp64_product} {ergonomic}
     bool UseG1GC                                  = true                                      {product} {ergonomic}
     bool UseLargePagesIndividualAllocation        = false                                  {pd product} {ergonomic}

Logging:
Log output configuration:
 #0: stdout all=warning uptime,level,tags
 #1: stderr all=off uptime,level,tags

Environment Variables:
JAVA_HOME=C:\Users\DELL\Downloads\openlogic-openjdk-17.0.10+7-windows-x64.zip\openlogic-openjdk-17.0.10+7-windows-x64\bin
PATH=C:\Program Files\Common Files\Oracle\Java\javapath;C:\Windows\system32;C:\Windows;C:\Windows\System32\Wbem;C:\Windows\System32\WindowsPowerShell\v1.0\;C:\Windows\System32\OpenSSH\;C:\Program Files\dotnet\;C:\Program Files (x86)\Intel\Intel(R) Management Engine Components\DAL;C:\Program Files\Intel\Intel(R) Management Engine Components\DAL;C:\Users\DELL\Downloads\openlogic-openjdk-17.0.10+7-windows-x64.zip\openlogic-openjdk-17.0.10+7-windows-x64\bin;C:\Users\DELL\mysql-shell-8.3.0-windows-x86-64bit.zip\mysql-shell-8.3.0-windows-x86-64bit\bin;C:\Program Files\Microsoft SQL Server\mysql-8.3.0-winx64\mysql-8.3.0-winx64\bin;C:\Program Files\MySQL\MySQL Server 8.0\bin;C:\Program Files\PowerShell\7\;C:\ProgramData\chocolatey\bin;C:\Program Files\nodejs\;C:\Users\DELL\AppData\Local\Programs\Python\Launcher\;C:\Users\DELL\AppData\Local\Microsoft\WindowsApps;C:\Users\DELL\AppData\Local\Programs\Microsoft VS Code\bin;C:\Program Files\JetBrains\IntelliJ IDEA 2024.1\bin;;C:\Program Files\JetBrains\IntelliJ IDEA Community Edition 2024.1\bin;;C:\Users\DELL\AppData\Local\GitHubDesktop\bin;C:\Users\DELL\AppData\Roaming\npm
USERNAME=DELL
OS=Windows_NT
PROCESSOR_IDENTIFIER=Intel64 Family 6 Model 142 Stepping 9, GenuineIntel



---------------  S Y S T E M  ---------------

OS:
 Windows 10 , 64 bit Build 19041 (10.0.19041.2364)
OS uptime: 6 days 1:10 hours

CPU: total 4 (initial active 4) (2 cores per cpu, 2 threads per core) family 6 model 142 stepping 9 microcode 0xf4, cx8, cmov, fxsr, ht, mmx, 3dnowpref, sse, sse2, sse3, ssse3, sse4.1, sse4.2, popcnt, lzcnt, tsc, tscinvbit, avx, avx2, aes, erms, clmul, bmi1, bmi2, rtm, adx, fma, vzeroupper, clflush, clflushopt

Memory: 4k page, system-wide physical 8050M (181M free)
TotalPageFile size 32626M (AvailPageFile size 474M)
current process WorkingSet (physical memory assigned to process): 66M, peak: 77M
current process commit charge ("private bytes"): 217M, peak: 218M

vm_info: Java HotSpot(TM) 64-Bit Server VM (17.0.10+11-LTS-240) for windows-amd64 JRE (17.0.10+11-LTS-240), built on Dec 19 2023 21:47:25 by "mach5one" with MS VC++ 17.1 (VS2022)

END.
