#
# There is insufficient memory for the Java Runtime Environment to continue.
# Native memory allocation (malloc) failed to allocate 32744 bytes for ChunkPool::allocate
# Possible reasons:
#   The system is out of physical RAM or swap space
#   The process is running with CompressedOops enabled, and the Java Heap may be blocking the growth of the native heap
# Possible solutions:
#   Reduce memory load on the system
#   Increase physical memory or swap space
#   Check if swap backing store is full
#   Decrease Java heap size (-Xmx/-Xms)
#   Decrease number of Java threads
#   Decrease Java thread stack sizes (-Xss)
#   Set larger code cache with -XX:ReservedCodeCacheSize=
#   JVM is running with Unscaled Compressed Oops mode in which the Java heap is
#     placed in the first 4GB address space. The Java Heap base address is the
#     maximum limit for the native heap growth. Please use -XX:HeapBaseMinAddress
#     to set the Java Heap base and to place the Java Heap above 4GB virtual address.
# This output file may be truncated or incomplete.
#
#  Out of Memory Error (arena.cpp:78), pid=20812, tid=25480
#
# JRE version: Java(TM) SE Runtime Environment (17.0.10+11) (build 17.0.10+11-LTS-240)
# Java VM: Java HotSpot(TM) 64-Bit Server VM (17.0.10+11-LTS-240, mixed mode, emulated-client, sharing, tiered, compressed oops, compressed class ptrs, g1 gc, windows-amd64)
# No core dump will be written. Minidumps are not enabled by default on client versions of Windows
#

---------------  S U M M A R Y ------------

Command Line: -XX:+ShowCodeDetailsInExceptionMessages -agentlib:jdwp=transport=dt_socket,suspend=y,address=localhost:53948 -Dcom.sun.management.jmxremote -Dcom.sun.management.jmxremote.port=53831 -Dcom.sun.management.jmxremote.authenticate=false -Dcom.sun.management.jmxremote.ssl=false -Djava.rmi.server.hostname=localhost -Dspring.jmx.enabled=true -Dmanagement.endpoints.jmx.exposure.include=* -Dspring.application.admin.enabled=true -XX:TieredStopAtLevel=1 -Dspring.boot.project.name=Project-ClassControl -javaagent:C:\Users\DELL\eclipse\jee-2023-122\eclipse\configuration\org.eclipse.osgi\1242\0\.cp\lib\javaagent-shaded.jar -Dfile.encoding=UTF-8 -Dstdout.encoding=UTF-8 -Dstderr.encoding=UTF-8 com.example.projectclasscontrol.ProjectClassControlApplication --spring.output.ansi.enabled=always

Host: Intel(R) Core(TM) i5-7300U CPU @ 2.60GHz, 4 cores, 7G,  Windows 10 , 64 bit Build 19041 (10.0.19041.2364)
Time: Fri May 24 14:23:38 2024 India Standard Time elapsed time: 148.712216 seconds (0d 0h 2m 28s)

---------------  T H R E A D  ---------------

Current thread (0x00000204aa518be0):  JavaThread "C1 CompilerThread0" daemon [_thread_in_native, id=25480, stack(0x0000007e9fa00000,0x0000007e9fb00000)]


Current CompileTask:
C1: 148712 2186   !   1       java.io.ObjectOutputStream::writeSerialData (223 bytes)

Stack: [0x0000007e9fa00000,0x0000007e9fb00000]
Native frames: (J=compiled Java code, j=interpreted, Vv=VM code, C=native code)
V  [jvm.dll+0x677a5a]
V  [jvm.dll+0x7d8b2d]
V  [jvm.dll+0x7da48e]
V  [jvm.dll+0x7daaf3]
V  [jvm.dll+0x2455ff]
V  [jvm.dll+0xaad50]
V  [jvm.dll+0xab09c]
V  [jvm.dll+0x17afed]
V  [jvm.dll+0x17d1e3]
V  [jvm.dll+0x17ca13]
V  [jvm.dll+0x17a07a]
V  [jvm.dll+0x134e33]
V  [jvm.dll+0x13474f]
V  [jvm.dll+0x134988]
V  [jvm.dll+0x133e21]
V  [jvm.dll+0x135abd]
V  [jvm.dll+0x226aeb]
V  [jvm.dll+0x224cab]
V  [jvm.dll+0x78e45c]
V  [jvm.dll+0x78888a]
V  [jvm.dll+0x676935]
C  [ucrtbase.dll+0x21bb2]
C  [KERNEL32.DLL+0x17614]
C  [ntdll.dll+0x526a1]


---------------  P R O C E S S  ---------------

Threads class SMR info:
_java_thread_list=0x00000204f03e1ad0, length=24, elements={
0x0000020498f100c0, 0x00000204aa4fd160, 0x00000204aa4fe7d0, 0x00000204aa5144a0,
0x00000204aa5158e0, 0x00000204aa514ec0, 0x00000204aa515df0, 0x00000204aa518be0,
0x00000204aa513f90, 0x00000204aa512640, 0x00000204aa768c60, 0x00000204aa76b590,
0x00000204aa76da90, 0x00000204aa512b50, 0x00000204aa5149b0, 0x00000204aa513060,
0x00000204aa5153d0, 0x00000204aa513570, 0x00000204aa513a80, 0x00000204aa6a4cc0,
0x00000204aa6a3880, 0x00000204aa6a7540, 0x00000204aa6a00d0, 0x00000204aa6a7a50
}

Java Threads: ( => current thread )
  0x0000020498f100c0 JavaThread "main" [_thread_blocked, id=23648, stack(0x0000007e9ed00000,0x0000007e9ee00000)]
  0x00000204aa4fd160 JavaThread "Reference Handler" daemon [_thread_blocked, id=25452, stack(0x0000007e9f400000,0x0000007e9f500000)]
  0x00000204aa4fe7d0 JavaThread "Finalizer" daemon [_thread_blocked, id=25456, stack(0x0000007e9f500000,0x0000007e9f600000)]
  0x00000204aa5144a0 JavaThread "Signal Dispatcher" daemon [_thread_blocked, id=25464, stack(0x0000007e9f600000,0x0000007e9f700000)]
  0x00000204aa5158e0 JavaThread "Attach Listener" daemon [_thread_blocked, id=25468, stack(0x0000007e9f700000,0x0000007e9f800000)]
  0x00000204aa514ec0 JavaThread "Service Thread" daemon [_thread_blocked, id=25472, stack(0x0000007e9f800000,0x0000007e9f900000)]
  0x00000204aa515df0 JavaThread "Monitor Deflation Thread" daemon [_thread_blocked, id=25476, stack(0x0000007e9f900000,0x0000007e9fa00000)]
=>0x00000204aa518be0 JavaThread "C1 CompilerThread0" daemon [_thread_in_native, id=25480, stack(0x0000007e9fa00000,0x0000007e9fb00000)]
  0x00000204aa513f90 JavaThread "Sweeper thread" daemon [_thread_blocked, id=25496, stack(0x0000007e9fb00000,0x0000007e9fc00000)]
  0x00000204aa512640 JavaThread "Common-Cleaner" daemon [_thread_blocked, id=25704, stack(0x0000007e9fc00000,0x0000007e9fd00000)]
  0x00000204aa768c60 JavaThread "JDWP Transport Listener: dt_socket" daemon [_thread_blocked, id=29444, stack(0x0000007e9ff00000,0x0000007ea0000000)]
  0x00000204aa76b590 JavaThread "JDWP Event Helper Thread" daemon [_thread_blocked, id=29460, stack(0x0000007ea0000000,0x0000007ea0100000)]
  0x00000204aa76da90 JavaThread "JDWP Command Reader" daemon [_thread_in_native, id=29640, stack(0x0000007ea0100000,0x0000007ea0200000)]
  0x00000204aa512b50 JavaThread "Notification Thread" daemon [_thread_blocked, id=31400, stack(0x0000007ea0200000,0x0000007ea0300000)]
  0x00000204aa5149b0 JavaThread "RMI TCP Accept-0" daemon [_thread_in_native, id=11436, stack(0x0000007ea0600000,0x0000007ea0700000)]
  0x00000204aa513060 JavaThread "RMI TCP Accept-53831" daemon [_thread_in_native, id=22408, stack(0x0000007ea0700000,0x0000007ea0800000)]
  0x00000204aa5153d0 JavaThread "RMI TCP Accept-0" daemon [_thread_in_native, id=31752, stack(0x0000007ea0800000,0x0000007ea0900000)]
  0x00000204aa513570 JavaThread "RMI TCP Connection(idle)" daemon [_thread_blocked, id=32140, stack(0x0000007ea0a00000,0x0000007ea0b00000)]
  0x00000204aa513a80 JavaThread "RMI Scheduler(0)" daemon [_thread_blocked, id=32208, stack(0x0000007ea0b00000,0x0000007ea0c00000)]
  0x00000204aa6a4cc0 JavaThread "RMI TCP Connection(3)-127.0.0.1" daemon [_thread_in_native, id=32260, stack(0x0000007ea0c00000,0x0000007ea0d00000)]
  0x00000204aa6a3880 JavaThread "JMX server connection timeout 24" daemon [_thread_blocked, id=32304, stack(0x0000007ea0d00000,0x0000007ea0e00000)]
  0x00000204aa6a7540 JavaThread "Thread-0" [_thread_blocked, id=32684, stack(0x0000007ea0f00000,0x0000007ea1000000)]
  0x00000204aa6a00d0 JavaThread "restartedMain" [_thread_in_vm, id=32708, stack(0x0000007ea1000000,0x0000007ea1100000)]
  0x00000204aa6a7a50 JavaThread "background-preinit" [_thread_blocked, id=28244, stack(0x0000007e9eb00000,0x0000007e9ec00000)]

Other Threads:
  0x00000204aa4f85f0 VMThread "VM Thread" [stack: 0x0000007e9f300000,0x0000007e9f400000] [id=25416] _threads_hazard_ptr=0x00000204f03e1ad0
  0x0000020498f121b0 WatcherThread [stack: 0x0000007ea0900000,0x0000007ea0a00000] [id=31756]
  0x0000020498f68650 GCTaskThread "GC Thread#0" [stack: 0x0000007e9ee00000,0x0000007e9ef00000] [id=11616]
  0x00000204f0210400 GCTaskThread "GC Thread#1" [stack: 0x0000007ea0300000,0x0000007ea0400000] [id=29740]
  0x00000204f02106c0 GCTaskThread "GC Thread#2" [stack: 0x0000007ea0400000,0x0000007ea0500000] [id=30724]
  0x00000204f021aab0 GCTaskThread "GC Thread#3" [stack: 0x0000007ea0500000,0x0000007ea0600000] [id=30060]
  0x0000020498f79070 ConcurrentGCThread "G1 Main Marker" [stack: 0x0000007e9ef00000,0x0000007e9f000000] [id=14692]
  0x0000020498f7a270 ConcurrentGCThread "G1 Conc#0" [stack: 0x0000007e9f000000,0x0000007e9f100000] [id=16428]
  0x0000020498fdebc0 ConcurrentGCThread "G1 Refine#0" [stack: 0x0000007e9f100000,0x0000007e9f200000] [id=20520]
  0x00000204aa3b1ed0 ConcurrentGCThread "G1 Service" [stack: 0x0000007e9f200000,0x0000007e9f300000] [id=4288]

Threads with active compile tasks:
C1 CompilerThread0   148761 2186   !   1       java.io.ObjectOutputStream::writeSerialData (223 bytes)

VM state: synchronizing (normal execution)

VM Mutex/Monitor currently owned by a thread:  ([mutex/lock_event])
[0x0000020498f09780] Metaspace_lock - owner thread: 0x00000204aa6a00d0
[0x0000020498f0ab80] Threads_lock - owner thread: 0x00000204aa4f85f0

Heap address: 0x0000000082200000, size: 2014 MB, Compressed Oops mode: 32-bit

CDS archive(s) mapped at: [0x00000204ab000000-0x00000204abbd0000-0x00000204abbd0000), size 12386304, SharedBaseAddress: 0x00000204ab000000, ArchiveRelocationMode: 1.
Compressed class space mapped at: 0x00000204ac000000-0x00000204ec000000, reserved size: 1073741824
Narrow klass base: 0x00000204ab000000, Narrow klass shift: 0, Narrow klass range: 0x100000000

GC Precious Log:
 CPUs: 4 total, 4 available
 Memory: 8050M
 Large Page Support: Disabled
 NUMA Support: Disabled
 Compressed Oops: Enabled (32-bit)
 Heap Region Size: 1M
 Heap Min Capacity: 8M
 Heap Initial Capacity: 126M
 Heap Max Capacity: 2014M
 Pre-touch: Disabled
 Parallel Workers: 4
 Concurrent Workers: 1
 Concurrent Refinement Workers: 4
 Periodic GC: Disabled

Heap:
 garbage-first heap   total 129024K, used 53481K [0x0000000082200000, 0x0000000100000000)
  region size 1024K, 48 young (49152K), 2 survivors (2048K)
 Metaspace       used 14107K, committed 14400K, reserved 1114112K
  class space    used 1865K, committed 2048K, reserved 1048576K

Heap Regions: E=young(eden), S=young(survivor), O=old, HS=humongous(starts), HC=humongous(continues), CS=collection set, F=free, OA=open archive, CA=closed archive, TAMS=top-at-mark-start (previous, next)
|   0|0x0000000082200000, 0x0000000082300000, 0x0000000082300000|100%|HS|  |TAMS 0x0000000082200000, 0x0000000082200000| Complete 
|   1|0x0000000082300000, 0x0000000082400000, 0x0000000082400000|100%| O|  |TAMS 0x0000000082300000, 0x0000000082300000| Untracked 
|   2|0x0000000082400000, 0x0000000082500000, 0x0000000082500000|100%| O|  |TAMS 0x0000000082400000, 0x0000000082400000| Untracked 
|   3|0x0000000082500000, 0x0000000082600000, 0x0000000082600000|100%| O|  |TAMS 0x0000000082500000, 0x0000000082500000| Untracked 
|   4|0x0000000082600000, 0x0000000082700000, 0x0000000082700000|100%| O|  |TAMS 0x0000000082600000, 0x0000000082600000| Untracked 
|   5|0x0000000082700000, 0x0000000082800000, 0x0000000082800000|100%| O|  |TAMS 0x0000000082700000, 0x0000000082700000| Untracked 
|   6|0x0000000082800000, 0x00000000828afa00, 0x0000000082900000| 68%| O|  |TAMS 0x0000000082800000, 0x0000000082800000| Untracked 
|   7|0x0000000082900000, 0x0000000082900000, 0x0000000082a00000|  0%| F|  |TAMS 0x0000000082900000, 0x0000000082900000| Untracked 
|   8|0x0000000082a00000, 0x0000000082a00000, 0x0000000082b00000|  0%| F|  |TAMS 0x0000000082a00000, 0x0000000082a00000| Untracked 
|   9|0x0000000082b00000, 0x0000000082b00000, 0x0000000082c00000|  0%| F|  |TAMS 0x0000000082b00000, 0x0000000082b00000| Untracked 
|  10|0x0000000082c00000, 0x0000000082c00000, 0x0000000082d00000|  0%| F|  |TAMS 0x0000000082c00000, 0x0000000082c00000| Untracked 
|  11|0x0000000082d00000, 0x0000000082d00000, 0x0000000082e00000|  0%| F|  |TAMS 0x0000000082d00000, 0x0000000082d00000| Untracked 
|  12|0x0000000082e00000, 0x0000000082e00000, 0x0000000082f00000|  0%| F|  |TAMS 0x0000000082e00000, 0x0000000082e00000| Untracked 
|  13|0x0000000082f00000, 0x0000000082f00000, 0x0000000083000000|  0%| F|  |TAMS 0x0000000082f00000, 0x0000000082f00000| Untracked 
|  14|0x0000000083000000, 0x0000000083000000, 0x0000000083100000|  0%| F|  |TAMS 0x0000000083000000, 0x0000000083000000| Untracked 
|  15|0x0000000083100000, 0x0000000083100000, 0x0000000083200000|  0%| F|  |TAMS 0x0000000083100000, 0x0000000083100000| Untracked 
|  16|0x0000000083200000, 0x0000000083200000, 0x0000000083300000|  0%| F|  |TAMS 0x0000000083200000, 0x0000000083200000| Untracked 
|  17|0x0000000083300000, 0x0000000083300000, 0x0000000083400000|  0%| F|  |TAMS 0x0000000083300000, 0x0000000083300000| Untracked 
|  18|0x0000000083400000, 0x0000000083400000, 0x0000000083500000|  0%| F|  |TAMS 0x0000000083400000, 0x0000000083400000| Untracked 
|  19|0x0000000083500000, 0x0000000083500000, 0x0000000083600000|  0%| F|  |TAMS 0x0000000083500000, 0x0000000083500000| Untracked 
|  20|0x0000000083600000, 0x0000000083600000, 0x0000000083700000|  0%| F|  |TAMS 0x0000000083600000, 0x0000000083600000| Untracked 
|  21|0x0000000083700000, 0x0000000083700000, 0x0000000083800000|  0%| F|  |TAMS 0x0000000083700000, 0x0000000083700000| Untracked 
|  22|0x0000000083800000, 0x0000000083800000, 0x0000000083900000|  0%| F|  |TAMS 0x0000000083800000, 0x0000000083800000| Untracked 
|  23|0x0000000083900000, 0x0000000083900000, 0x0000000083a00000|  0%| F|  |TAMS 0x0000000083900000, 0x0000000083900000| Untracked 
|  24|0x0000000083a00000, 0x0000000083a00000, 0x0000000083b00000|  0%| F|  |TAMS 0x0000000083a00000, 0x0000000083a00000| Untracked 
|  25|0x0000000083b00000, 0x0000000083b00000, 0x0000000083c00000|  0%| F|  |TAMS 0x0000000083b00000, 0x0000000083b00000| Untracked 
|  26|0x0000000083c00000, 0x0000000083c00000, 0x0000000083d00000|  0%| F|  |TAMS 0x0000000083c00000, 0x0000000083c00000| Untracked 
|  27|0x0000000083d00000, 0x0000000083d00000, 0x0000000083e00000|  0%| F|  |TAMS 0x0000000083d00000, 0x0000000083d00000| Untracked 
|  28|0x0000000083e00000, 0x0000000083e00000, 0x0000000083f00000|  0%| F|  |TAMS 0x0000000083e00000, 0x0000000083e00000| Untracked 
|  29|0x0000000083f00000, 0x0000000083f00000, 0x0000000084000000|  0%| F|  |TAMS 0x0000000083f00000, 0x0000000083f00000| Untracked 
|  30|0x0000000084000000, 0x0000000084000000, 0x0000000084100000|  0%| F|  |TAMS 0x0000000084000000, 0x0000000084000000| Untracked 
|  31|0x0000000084100000, 0x0000000084100000, 0x0000000084200000|  0%| F|  |TAMS 0x0000000084100000, 0x0000000084100000| Untracked 
|  32|0x0000000084200000, 0x0000000084200000, 0x0000000084300000|  0%| F|  |TAMS 0x0000000084200000, 0x0000000084200000| Untracked 
|  33|0x0000000084300000, 0x0000000084300000, 0x0000000084400000|  0%| F|  |TAMS 0x0000000084300000, 0x0000000084300000| Untracked 
|  34|0x0000000084400000, 0x0000000084400000, 0x0000000084500000|  0%| F|  |TAMS 0x0000000084400000, 0x0000000084400000| Untracked 
|  35|0x0000000084500000, 0x0000000084500000, 0x0000000084600000|  0%| F|  |TAMS 0x0000000084500000, 0x0000000084500000| Untracked 
|  36|0x0000000084600000, 0x0000000084600000, 0x0000000084700000|  0%| F|  |TAMS 0x0000000084600000, 0x0000000084600000| Untracked 
|  37|0x0000000084700000, 0x0000000084700000, 0x0000000084800000|  0%| F|  |TAMS 0x0000000084700000, 0x0000000084700000| Untracked 
|  38|0x0000000084800000, 0x0000000084800000, 0x0000000084900000|  0%| F|  |TAMS 0x0000000084800000, 0x0000000084800000| Untracked 
|  39|0x0000000084900000, 0x0000000084900000, 0x0000000084a00000|  0%| F|  |TAMS 0x0000000084900000, 0x0000000084900000| Untracked 
|  40|0x0000000084a00000, 0x0000000084a00000, 0x0000000084b00000|  0%| F|  |TAMS 0x0000000084a00000, 0x0000000084a00000| Untracked 
|  41|0x0000000084b00000, 0x0000000084b00000, 0x0000000084c00000|  0%| F|  |TAMS 0x0000000084b00000, 0x0000000084b00000| Untracked 
|  42|0x0000000084c00000, 0x0000000084c00000, 0x0000000084d00000|  0%| F|  |TAMS 0x0000000084c00000, 0x0000000084c00000| Untracked 
|  43|0x0000000084d00000, 0x0000000084d00000, 0x0000000084e00000|  0%| F|  |TAMS 0x0000000084d00000, 0x0000000084d00000| Untracked 
|  44|0x0000000084e00000, 0x0000000084e00000, 0x0000000084f00000|  0%| F|  |TAMS 0x0000000084e00000, 0x0000000084e00000| Untracked 
|  45|0x0000000084f00000, 0x0000000084f00000, 0x0000000085000000|  0%| F|  |TAMS 0x0000000084f00000, 0x0000000084f00000| Untracked 
|  46|0x0000000085000000, 0x0000000085000000, 0x0000000085100000|  0%| F|  |TAMS 0x0000000085000000, 0x0000000085000000| Untracked 
|  47|0x0000000085100000, 0x0000000085100000, 0x0000000085200000|  0%| F|  |TAMS 0x0000000085100000, 0x0000000085100000| Untracked 
|  48|0x0000000085200000, 0x0000000085200000, 0x0000000085300000|  0%| F|  |TAMS 0x0000000085200000, 0x0000000085200000| Untracked 
|  49|0x0000000085300000, 0x0000000085300000, 0x0000000085400000|  0%| F|  |TAMS 0x0000000085300000, 0x0000000085300000| Untracked 
|  50|0x0000000085400000, 0x0000000085400000, 0x0000000085500000|  0%| F|  |TAMS 0x0000000085400000, 0x0000000085400000| Untracked 
|  51|0x0000000085500000, 0x0000000085500000, 0x0000000085600000|  0%| F|  |TAMS 0x0000000085500000, 0x0000000085500000| Untracked 
|  52|0x0000000085600000, 0x0000000085600000, 0x0000000085700000|  0%| F|  |TAMS 0x0000000085600000, 0x0000000085600000| Untracked 
|  53|0x0000000085700000, 0x0000000085700000, 0x0000000085800000|  0%| F|  |TAMS 0x0000000085700000, 0x0000000085700000| Untracked 
|  54|0x0000000085800000, 0x0000000085800000, 0x0000000085900000|  0%| F|  |TAMS 0x0000000085800000, 0x0000000085800000| Untracked 
|  55|0x0000000085900000, 0x0000000085900000, 0x0000000085a00000|  0%| F|  |TAMS 0x0000000085900000, 0x0000000085900000| Untracked 
|  56|0x0000000085a00000, 0x0000000085a00000, 0x0000000085b00000|  0%| F|  |TAMS 0x0000000085a00000, 0x0000000085a00000| Untracked 
|  57|0x0000000085b00000, 0x0000000085b00000, 0x0000000085c00000|  0%| F|  |TAMS 0x0000000085b00000, 0x0000000085b00000| Untracked 
|  58|0x0000000085c00000, 0x0000000085c00000, 0x0000000085d00000|  0%| F|  |TAMS 0x0000000085c00000, 0x0000000085c00000| Untracked 
|  59|0x0000000085d00000, 0x0000000085d00000, 0x0000000085e00000|  0%| F|  |TAMS 0x0000000085d00000, 0x0000000085d00000| Untracked 
|  60|0x0000000085e00000, 0x0000000085e00000, 0x0000000085f00000|  0%| F|  |TAMS 0x0000000085e00000, 0x0000000085e00000| Untracked 
|  61|0x0000000085f00000, 0x0000000085f00000, 0x0000000086000000|  0%| F|  |TAMS 0x0000000085f00000, 0x0000000085f00000| Untracked 
|  62|0x0000000086000000, 0x0000000086000000, 0x0000000086100000|  0%| F|  |TAMS 0x0000000086000000, 0x0000000086000000| Untracked 
|  63|0x0000000086100000, 0x0000000086100000, 0x0000000086200000|  0%| F|  |TAMS 0x0000000086100000, 0x0000000086100000| Untracked 
|  64|0x0000000086200000, 0x0000000086200000, 0x0000000086300000|  0%| F|  |TAMS 0x0000000086200000, 0x0000000086200000| Untracked 
|  65|0x0000000086300000, 0x0000000086300000, 0x0000000086400000|  0%| F|  |TAMS 0x0000000086300000, 0x0000000086300000| Untracked 
|  66|0x0000000086400000, 0x0000000086400000, 0x0000000086500000|  0%| F|  |TAMS 0x0000000086400000, 0x0000000086400000| Untracked 
|  67|0x0000000086500000, 0x0000000086500000, 0x0000000086600000|  0%| F|  |TAMS 0x0000000086500000, 0x0000000086500000| Untracked 
|  68|0x0000000086600000, 0x0000000086600000, 0x0000000086700000|  0%| F|  |TAMS 0x0000000086600000, 0x0000000086600000| Untracked 
|  69|0x0000000086700000, 0x0000000086700000, 0x0000000086800000|  0%| F|  |TAMS 0x0000000086700000, 0x0000000086700000| Untracked 
|  70|0x0000000086800000, 0x0000000086800000, 0x0000000086900000|  0%| F|  |TAMS 0x0000000086800000, 0x0000000086800000| Untracked 
|  71|0x0000000086900000, 0x0000000086900000, 0x0000000086a00000|  0%| F|  |TAMS 0x0000000086900000, 0x0000000086900000| Untracked 
|  72|0x0000000086a00000, 0x0000000086a00000, 0x0000000086b00000|  0%| F|  |TAMS 0x0000000086a00000, 0x0000000086a00000| Untracked 
|  73|0x0000000086b00000, 0x0000000086b00000, 0x0000000086c00000|  0%| F|  |TAMS 0x0000000086b00000, 0x0000000086b00000| Untracked 
|  74|0x0000000086c00000, 0x0000000086c00000, 0x0000000086d00000|  0%| F|  |TAMS 0x0000000086c00000, 0x0000000086c00000| Untracked 
|  75|0x0000000086d00000, 0x0000000086d00000, 0x0000000086e00000|  0%| F|  |TAMS 0x0000000086d00000, 0x0000000086d00000| Untracked 
|  76|0x0000000086e00000, 0x0000000086e00000, 0x0000000086f00000|  0%| F|  |TAMS 0x0000000086e00000, 0x0000000086e00000| Untracked 
|  77|0x0000000086f00000, 0x0000000086f00000, 0x0000000087000000|  0%| F|  |TAMS 0x0000000086f00000, 0x0000000086f00000| Untracked 
|  78|0x0000000087000000, 0x00000000870d8da8, 0x0000000087100000| 84%| E|  |TAMS 0x0000000087000000, 0x0000000087000000| Complete 
|  79|0x0000000087100000, 0x0000000087200000, 0x0000000087200000|100%| E|CS|TAMS 0x0000000087100000, 0x0000000087100000| Complete 
|  80|0x0000000087200000, 0x0000000087300000, 0x0000000087300000|100%| E|CS|TAMS 0x0000000087200000, 0x0000000087200000| Complete 
|  81|0x0000000087300000, 0x0000000087400000, 0x0000000087400000|100%| E|CS|TAMS 0x0000000087300000, 0x0000000087300000| Complete 
|  82|0x0000000087400000, 0x0000000087500000, 0x0000000087500000|100%| E|CS|TAMS 0x0000000087400000, 0x0000000087400000| Complete 
|  83|0x0000000087500000, 0x0000000087600000, 0x0000000087600000|100%| E|CS|TAMS 0x0000000087500000, 0x0000000087500000| Complete 
|  84|0x0000000087600000, 0x0000000087700000, 0x0000000087700000|100%| E|CS|TAMS 0x0000000087600000, 0x0000000087600000| Complete 
|  85|0x0000000087700000, 0x0000000087800000, 0x0000000087800000|100%| E|CS|TAMS 0x0000000087700000, 0x0000000087700000| Complete 
|  86|0x0000000087800000, 0x0000000087900000, 0x0000000087900000|100%| E|  |TAMS 0x0000000087800000, 0x0000000087800000| Complete 
|  87|0x0000000087900000, 0x0000000087a00000, 0x0000000087a00000|100%| E|CS|TAMS 0x0000000087900000, 0x0000000087900000| Complete 
|  88|0x0000000087a00000, 0x0000000087b00000, 0x0000000087b00000|100%| E|CS|TAMS 0x0000000087a00000, 0x0000000087a00000| Complete 
|  89|0x0000000087b00000, 0x0000000087c00000, 0x0000000087c00000|100%| E|CS|TAMS 0x0000000087b00000, 0x0000000087b00000| Complete 
|  90|0x0000000087c00000, 0x0000000087d00000, 0x0000000087d00000|100%| E|CS|TAMS 0x0000000087c00000, 0x0000000087c00000| Complete 
|  91|0x0000000087d00000, 0x0000000087e00000, 0x0000000087e00000|100%| E|CS|TAMS 0x0000000087d00000, 0x0000000087d00000| Complete 
|  92|0x0000000087e00000, 0x0000000087f00000, 0x0000000087f00000|100%| E|CS|TAMS 0x0000000087e00000, 0x0000000087e00000| Complete 
|  93|0x0000000087f00000, 0x0000000088000000, 0x0000000088000000|100%| E|CS|TAMS 0x0000000087f00000, 0x0000000087f00000| Complete 
|  94|0x0000000088000000, 0x0000000088100000, 0x0000000088100000|100%| E|CS|TAMS 0x0000000088000000, 0x0000000088000000| Complete 
|  95|0x0000000088100000, 0x0000000088200000, 0x0000000088200000|100%| E|CS|TAMS 0x0000000088100000, 0x0000000088100000| Complete 
|  96|0x0000000088200000, 0x0000000088300000, 0x0000000088300000|100%| E|CS|TAMS 0x0000000088200000, 0x0000000088200000| Complete 
|  97|0x0000000088300000, 0x000000008838ab40, 0x0000000088400000| 54%| S|CS|TAMS 0x0000000088300000, 0x0000000088300000| Complete 
|  98|0x0000000088400000, 0x0000000088500000, 0x0000000088500000|100%| S|CS|TAMS 0x0000000088400000, 0x0000000088400000| Complete 
|  99|0x0000000088500000, 0x0000000088600000, 0x0000000088600000|100%| E|CS|TAMS 0x0000000088500000, 0x0000000088500000| Complete 
| 100|0x0000000088600000, 0x0000000088700000, 0x0000000088700000|100%| E|CS|TAMS 0x0000000088600000, 0x0000000088600000| Complete 
| 101|0x0000000088700000, 0x0000000088800000, 0x0000000088800000|100%| E|CS|TAMS 0x0000000088700000, 0x0000000088700000| Complete 
| 102|0x0000000088800000, 0x0000000088900000, 0x0000000088900000|100%| E|CS|TAMS 0x0000000088800000, 0x0000000088800000| Complete 
| 103|0x0000000088900000, 0x0000000088a00000, 0x0000000088a00000|100%| E|CS|TAMS 0x0000000088900000, 0x0000000088900000| Complete 
| 104|0x0000000088a00000, 0x0000000088b00000, 0x0000000088b00000|100%| E|CS|TAMS 0x0000000088a00000, 0x0000000088a00000| Complete 
| 105|0x0000000088b00000, 0x0000000088c00000, 0x0000000088c00000|100%| E|CS|TAMS 0x0000000088b00000, 0x0000000088b00000| Complete 
| 106|0x0000000088c00000, 0x0000000088d00000, 0x0000000088d00000|100%| E|CS|TAMS 0x0000000088c00000, 0x0000000088c00000| Complete 
| 107|0x0000000088d00000, 0x0000000088e00000, 0x0000000088e00000|100%| E|CS|TAMS 0x0000000088d00000, 0x0000000088d00000| Complete 
| 108|0x0000000088e00000, 0x0000000088f00000, 0x0000000088f00000|100%| E|CS|TAMS 0x0000000088e00000, 0x0000000088e00000| Complete 
| 109|0x0000000088f00000, 0x0000000089000000, 0x0000000089000000|100%| E|CS|TAMS 0x0000000088f00000, 0x0000000088f00000| Complete 
| 110|0x0000000089000000, 0x0000000089100000, 0x0000000089100000|100%| E|CS|TAMS 0x0000000089000000, 0x0000000089000000| Complete 
| 111|0x0000000089100000, 0x0000000089200000, 0x0000000089200000|100%| E|CS|TAMS 0x0000000089100000, 0x0000000089100000| Complete 
| 112|0x0000000089200000, 0x0000000089300000, 0x0000000089300000|100%| E|CS|TAMS 0x0000000089200000, 0x0000000089200000| Complete 
| 113|0x0000000089300000, 0x0000000089400000, 0x0000000089400000|100%| E|CS|TAMS 0x0000000089300000, 0x0000000089300000| Complete 
| 114|0x0000000089400000, 0x0000000089500000, 0x0000000089500000|100%| E|CS|TAMS 0x0000000089400000, 0x0000000089400000| Complete 
| 115|0x0000000089500000, 0x0000000089600000, 0x0000000089600000|100%| E|CS|TAMS 0x0000000089500000, 0x0000000089500000| Complete 
| 116|0x0000000089600000, 0x0000000089700000, 0x0000000089700000|100%| E|CS|TAMS 0x0000000089600000, 0x0000000089600000| Complete 
| 117|0x0000000089700000, 0x0000000089800000, 0x0000000089800000|100%| E|CS|TAMS 0x0000000089700000, 0x0000000089700000| Complete 
| 118|0x0000000089800000, 0x0000000089900000, 0x0000000089900000|100%| E|CS|TAMS 0x0000000089800000, 0x0000000089800000| Complete 
| 119|0x0000000089900000, 0x0000000089a00000, 0x0000000089a00000|100%| E|CS|TAMS 0x0000000089900000, 0x0000000089900000| Complete 
| 120|0x0000000089a00000, 0x0000000089b00000, 0x0000000089b00000|100%| E|CS|TAMS 0x0000000089a00000, 0x0000000089a00000| Complete 
| 121|0x0000000089b00000, 0x0000000089c00000, 0x0000000089c00000|100%| E|CS|TAMS 0x0000000089b00000, 0x0000000089b00000| Complete 
| 122|0x0000000089c00000, 0x0000000089d00000, 0x0000000089d00000|100%| E|CS|TAMS 0x0000000089c00000, 0x0000000089c00000| Complete 
| 123|0x0000000089d00000, 0x0000000089e00000, 0x0000000089e00000|100%| E|CS|TAMS 0x0000000089d00000, 0x0000000089d00000| Complete 
| 124|0x0000000089e00000, 0x0000000089f00000, 0x0000000089f00000|100%| E|CS|TAMS 0x0000000089e00000, 0x0000000089e00000| Complete 
| 125|0x0000000089f00000, 0x000000008a000000, 0x000000008a000000|100%| E|CS|TAMS 0x0000000089f00000, 0x0000000089f00000| Complete 

Card table byte_map: [0x00000204a3bb0000,0x00000204a3fa0000] _byte_map_base: 0x00000204a379f000

Marking Bits (Prev, Next): (CMBitMap*) 0x0000020498f68b80, (CMBitMap*) 0x0000020498f68bc0
 Prev Bits: [0x00000204a4390000, 0x00000204a6308000)
 Next Bits: [0x00000204a6310000, 0x00000204a8288000)

Polling page: 0x0000020496e40000

Metaspace:

Usage:
  Non-class:     11.95 MB used.
      Class:      1.82 MB used.
       Both:     13.78 MB used.

Virtual space:
  Non-class space:       64.00 MB reserved,      12.06 MB ( 19%) committed,  1 nodes.
      Class space:        1.00 GB reserved,       2.00 MB ( <1%) committed,  1 nodes.
             Both:        1.06 GB reserved,      14.06 MB (  1%) committed. 

Chunk freelists:
   Non-Class:  3.05 MB
       Class:  14.05 MB
        Both:  17.09 MB

MaxMetaspaceSize: unlimited
CompressedClassSpaceSize: 1.00 GB
Initial GC threshold: 21.00 MB
Current GC threshold: 21.00 MB
CDS: on
MetaspaceReclaimPolicy: balanced
 - commit_granule_bytes: 65536.
 - commit_granule_words: 8192.
 - virtual_space_node_default_size: 8388608.
 - enlarge_chunks_in_place: 1.
 - new_chunks_are_fully_committed: 0.
 - uncommit_free_chunks: 1.
 - use_allocation_guard: 0.
 - handle_deallocations: 1.


Internal statistics:

num_allocs_failed_limit: 0.
num_arena_births: 284.
num_arena_deaths: 0.
num_vsnodes_births: 2.
num_vsnodes_deaths: 0.
num_space_committed: 225.
num_space_uncommitted: 0.
num_chunks_returned_to_freelist: 0.
num_chunks_taken_from_freelist: 666.
num_chunk_merges: 0.
num_chunk_splits: 415.
num_chunks_enlarged: 273.
num_inconsistent_stats: 0.

CodeCache: size=49152Kb used=4747Kb max_used=4747Kb free=44404Kb
 bounds [0x00000204a07c0000, 0x00000204a0c80000, 0x00000204a37c0000]
 total_blobs=2664 nmethods=2181 adapters=410
 compilation: enabled
              stopped_count=0, restarted_count=0
 full_count=0

Compilation events (20 events):
Event: 143.406 Thread 0x00000204aa518be0 nmethod 2174 0x00000204a0bf9090 code [0x00000204a0bf9240, 0x00000204a0bf9688]
Event: 143.406 Thread 0x00000204aa518be0 2175       1       org.eclipse.jdt.launching.internal.org.objectweb.asm.MethodWriter::visitLineNumber (50 bytes)
Event: 143.406 Thread 0x00000204aa518be0 nmethod 2175 0x00000204a0bf8a10 code [0x00000204a0bf8bc0, 0x00000204a0bf8ed8]
Event: 143.406 Thread 0x00000204aa518be0 2176       1       org.eclipse.jdt.launching.internal.org.objectweb.asm.MethodWriter::visitLocalVariable (222 bytes)
Event: 143.409 Thread 0x00000204aa518be0 nmethod 2176 0x00000204a0bf7710 code [0x00000204a0bf79c0, 0x00000204a0bf8338]
Event: 143.533 Thread 0x00000204aa518be0 2177       1       java.lang.reflect.Constructor::setAccessible (21 bytes)
Event: 143.535 Thread 0x00000204aa518be0 nmethod 2177 0x00000204a0bf7190 code [0x00000204a0bf7360, 0x00000204a0bf75b8]
Event: 143.535 Thread 0x00000204aa518be0 2178       1       java.lang.reflect.Constructor::checkCanSetAccessible (29 bytes)
Event: 143.535 Thread 0x00000204aa518be0 nmethod 2178 0x00000204a0bf6d10 code [0x00000204a0bf6ec0, 0x00000204a0bf7078]
Event: 143.539 Thread 0x00000204aa518be0 2179       1       java.nio.Buffer::limit (65 bytes)
Event: 143.539 Thread 0x00000204aa518be0 nmethod 2179 0x00000204a0bf6910 code [0x00000204a0bf6ac0, 0x00000204a0bf6c28]
Event: 144.012 Thread 0x00000204aa518be0 2180       1       java.util.regex.Pattern::append (43 bytes)
Event: 144.013 Thread 0x00000204aa518be0 nmethod 2180 0x00000204a0bf2f10 code [0x00000204a0bf30c0, 0x00000204a0bf3418]
Event: 144.037 Thread 0x00000204aa518be0 2181       1       java.util.LinkedHashMap$LinkedValues::iterator (12 bytes)
Event: 144.038 Thread 0x00000204aa518be0 nmethod 2181 0x00000204a0bf2a10 code [0x00000204a0bf2ba0, 0x00000204a0bf2df8]
Event: 144.038 Thread 0x00000204aa518be0 2182       1       java.util.LinkedHashMap$LinkedValueIterator::<init> (11 bytes)
Event: 144.039 Thread 0x00000204aa518be0 nmethod 2182 0x00000204a0bf2590 code [0x00000204a0bf2720, 0x00000204a0bf2938]
Event: 144.351 Thread 0x00000204aa518be0 2183       1       java.io.ObjectInputStream$PeekInputStream::read (115 bytes)
Event: 144.352 Thread 0x00000204aa518be0 nmethod 2183 0x00000204a0bf2010 code [0x00000204a0bf21e0, 0x00000204a0bf2478]
Event: 144.353 Thread 0x00000204aa518be0 2186   !   1       java.io.ObjectOutputStream::writeSerialData (223 bytes)

GC Heap History (6 events):
Event: 85.585 GC heap before
{Heap before GC invocations=0 (full 0):
 garbage-first heap   total 129024K, used 13312K [0x0000000082200000, 0x0000000100000000)
  region size 1024K, 13 young (13312K), 0 survivors (0K)
 Metaspace       used 4732K, committed 4928K, reserved 1114112K
  class space    used 538K, committed 640K, reserved 1048576K
}
Event: 85.927 GC heap after
{Heap after GC invocations=1 (full 0):
 garbage-first heap   total 129024K, used 6459K [0x0000000082200000, 0x0000000100000000)
  region size 1024K, 2 young (2048K), 2 survivors (2048K)
 Metaspace       used 4732K, committed 4928K, reserved 1114112K
  class space    used 538K, committed 640K, reserved 1048576K
}
Event: 100.568 GC heap before
{Heap before GC invocations=1 (full 0):
 garbage-first heap   total 129024K, used 17723K [0x0000000082200000, 0x0000000100000000)
  region size 1024K, 13 young (13312K), 2 survivors (2048K)
 Metaspace       used 7622K, committed 7936K, reserved 1114112K
  class space    used 893K, committed 1024K, reserved 1048576K
}
Event: 100.572 GC heap after
{Heap after GC invocations=2 (full 0):
 garbage-first heap   total 129024K, used 7439K [0x0000000082200000, 0x0000000100000000)
  region size 1024K, 1 young (1024K), 1 survivors (1024K)
 Metaspace       used 7622K, committed 7936K, reserved 1114112K
  class space    used 893K, committed 1024K, reserved 1048576K
}
Event: 109.504 GC heap before
{Heap before GC invocations=2 (full 0):
 garbage-first heap   total 129024K, used 33039K [0x0000000082200000, 0x0000000100000000)
  region size 1024K, 27 young (27648K), 1 survivors (1024K)
 Metaspace       used 9943K, committed 10176K, reserved 1114112K
  class space    used 1226K, committed 1344K, reserved 1048576K
}
Event: 109.508 GC heap after
{Heap after GC invocations=3 (full 0):
 garbage-first heap   total 129024K, used 8425K [0x0000000082200000, 0x0000000100000000)
  region size 1024K, 2 young (2048K), 2 survivors (2048K)
 Metaspace       used 9943K, committed 10176K, reserved 1114112K
  class space    used 1226K, committed 1344K, reserved 1048576K
}

Deoptimization events (20 events):
Event: 144.036 Thread 0x00000204aa6a00d0 DEOPT PACKING pc=0x00000204a0aef57c sp=0x0000007ea10fdab0
Event: 144.036 Thread 0x00000204aa6a00d0 DEOPT UNPACKING pc=0x00000204a0812b43 sp=0x0000007ea10fcf68 mode 1
Event: 144.036 Thread 0x00000204aa6a00d0 DEOPT PACKING pc=0x00000204a0a9b2d4 sp=0x0000007ea10fe440
Event: 144.036 Thread 0x00000204aa6a00d0 DEOPT UNPACKING pc=0x00000204a0812b43 sp=0x0000007ea10fd930 mode 1
Event: 144.037 Thread 0x00000204aa6a00d0 DEOPT PACKING pc=0x00000204a0afe5dc sp=0x0000007ea10fd9e0
Event: 144.037 Thread 0x00000204aa6a00d0 DEOPT UNPACKING pc=0x00000204a0812b43 sp=0x0000007ea10fce78 mode 1
Event: 144.037 Thread 0x00000204aa6a00d0 DEOPT PACKING pc=0x00000204a0aef57c sp=0x0000007ea10fdab0
Event: 144.037 Thread 0x00000204aa6a00d0 DEOPT UNPACKING pc=0x00000204a0812b43 sp=0x0000007ea10fcf68 mode 1
Event: 144.037 Thread 0x00000204aa6a00d0 DEOPT PACKING pc=0x00000204a0a9b2d4 sp=0x0000007ea10fe440
Event: 144.037 Thread 0x00000204aa6a00d0 DEOPT UNPACKING pc=0x00000204a0812b43 sp=0x0000007ea10fd930 mode 1
Event: 144.043 Thread 0x00000204aa6a00d0 DEOPT PACKING pc=0x00000204a0afe5dc sp=0x0000007ea10fd000
Event: 144.043 Thread 0x00000204aa6a00d0 DEOPT UNPACKING pc=0x00000204a0812b43 sp=0x0000007ea10fc498 mode 1
Event: 144.043 Thread 0x00000204aa6a00d0 DEOPT PACKING pc=0x00000204a0aef57c sp=0x0000007ea10fd0d0
Event: 144.043 Thread 0x00000204aa6a00d0 DEOPT UNPACKING pc=0x00000204a0812b43 sp=0x0000007ea10fc588 mode 1
Event: 144.043 Thread 0x00000204aa6a00d0 DEOPT PACKING pc=0x00000204a0a9b2d4 sp=0x0000007ea10fda60
Event: 144.043 Thread 0x00000204aa6a00d0 DEOPT UNPACKING pc=0x00000204a0812b43 sp=0x0000007ea10fcf50 mode 1
Event: 144.043 Thread 0x00000204aa6a00d0 DEOPT PACKING pc=0x00000204a0aef57c sp=0x0000007ea10fdbd0
Event: 144.043 Thread 0x00000204aa6a00d0 DEOPT UNPACKING pc=0x00000204a0812b43 sp=0x0000007ea10fd088 mode 1
Event: 144.043 Thread 0x00000204aa6a00d0 DEOPT PACKING pc=0x00000204a0a9b2d4 sp=0x0000007ea10fe560
Event: 144.043 Thread 0x00000204aa6a00d0 DEOPT UNPACKING pc=0x00000204a0812b43 sp=0x0000007ea10fda50 mode 1

Classes unloaded (0 events):
No events

Classes redefined (0 events):
No events

Internal exceptions (20 events):
Event: 131.753 Thread 0x00000204aa6a00d0 Exception <a 'java/lang/NoSuchMethodError'{0x0000000088cd0978}: 'int java.lang.invoke.DirectMethodHandle$Holder.invokeSpecialIFC(java.lang.Object, java.lang.Object, java.lang.Object, java.lang.Object)'> (0x0000000088cd0978) 
thrown [s\open\src\hotspot\share\interpreter\linkResolver.cpp, line 759]
Event: 132.319 Thread 0x00000204aa6a00d0 Exception <a 'java/lang/NoSuchMethodError'{0x0000000088a037a8}: 'void java.lang.invoke.DirectMethodHandle$Holder.invokeInterface(java.lang.Object, java.lang.Object, java.lang.Object)'> (0x0000000088a037a8) 
thrown [s\open\src\hotspot\share\interpreter\linkResolver.cpp, line 759]
Event: 133.544 Thread 0x00000204aa6a4cc0 Exception <a 'java/lang/reflect/InvocationTargetException'{0x0000000088ff3700}> (0x0000000088ff3700) 
thrown [s\open\src\hotspot\share\runtime\reflection.cpp, line 1121]
Event: 134.820 Thread 0x00000204aa6a00d0 Exception <a 'java/lang/NoSuchMethodError'{0x0000000088ae47e0}: 'java.lang.Object java.lang.invoke.DirectMethodHandle$Holder.invokeVirtual(java.lang.Object, java.lang.Object, java.lang.Object)'> (0x0000000088ae47e0) 
thrown [s\open\src\hotspot\share\interpreter\linkResolver.cpp, line 759]
Event: 135.341 Thread 0x00000204aa6a4cc0 Exception <a 'java/lang/reflect/InvocationTargetException'{0x0000000088ff6e10}> (0x0000000088ff6e10) 
thrown [s\open\src\hotspot\share\runtime\reflection.cpp, line 1121]
Event: 136.052 Thread 0x00000204aa6a4cc0 Exception <a 'java/lang/reflect/InvocationTargetException'{0x0000000088ffa520}> (0x0000000088ffa520) 
thrown [s\open\src\hotspot\share\runtime\reflection.cpp, line 1121]
Event: 136.369 Thread 0x00000204aa6a00d0 Exception <a 'java/lang/NoSuchMethodError'{0x0000000088709428}: 'void java.lang.invoke.DirectMethodHandle$Holder.invokeStatic(java.lang.Object, java.lang.Object, int)'> (0x0000000088709428) 
thrown [s\open\src\hotspot\share\interpreter\linkResolver.cpp, line 759]
Event: 136.382 Thread 0x00000204aa6a00d0 Exception <a 'java/lang/NoSuchMethodError'{0x0000000088734980}: 'void java.lang.invoke.DirectMethodHandle$Holder.invokeStaticInit(java.lang.Object, java.lang.Object, java.lang.Object)'> (0x0000000088734980) 
thrown [s\open\src\hotspot\share\interpreter\linkResolver.cpp, line 759]
Event: 137.424 Thread 0x00000204aa6a00d0 Exception <a 'java/lang/NoSuchMethodError'{0x00000000887ec408}: 'java.lang.Object java.lang.invoke.DirectMethodHandle$Holder.invokeStatic(java.lang.Object, java.lang.Object, long, java.lang.Object)'> (0x00000000887ec408) 
thrown [s\open\src\hotspot\share\interpreter\linkResolver.cpp, line 759]
Event: 137.424 Thread 0x00000204aa6a00d0 Exception <a 'java/lang/NoSuchMethodError'{0x00000000887efea0}: 'java.lang.Object java.lang.invoke.DirectMethodHandle$Holder.invokeStaticInit(java.lang.Object, java.lang.Object, long, java.lang.Object)'> (0x00000000887efea0) 
thrown [s\open\src\hotspot\share\interpreter\linkResolver.cpp, line 759]
Event: 137.429 Thread 0x00000204aa6a00d0 Exception <a 'java/lang/NoSuchMethodError'{0x00000000887f64b0}: 'java.lang.Object java.lang.invoke.DirectMethodHandle$Holder.newInvokeSpecial(java.lang.Object, java.lang.Object, long)'> (0x00000000887f64b0) 
thrown [s\open\src\hotspot\share\interpreter\linkResolver.cpp, line 759]
Event: 138.228 Thread 0x00000204aa6a4cc0 Exception <a 'java/lang/reflect/InvocationTargetException'{0x0000000088ffdc30}> (0x0000000088ffdc30) 
thrown [s\open\src\hotspot\share\runtime\reflection.cpp, line 1121]
Event: 138.743 Thread 0x00000204aa6a00d0 Exception <a 'java/lang/NoSuchMethodError'{0x0000000088694038}: 'void java.lang.invoke.DirectMethodHandle$Holder.invokeSpecial(java.lang.Object, java.lang.Object, java.lang.Object, java.lang.Object, java.lang.Object)'> (0x0000000088694038) 
thrown [s\open\src\hotspot\share\interpreter\linkResolver.cpp, line 759]
Event: 138.745 Thread 0x00000204aa6a00d0 Exception <a 'java/lang/NoSuchMethodError'{0x000000008869c5c8}: 'void java.lang.invoke.DirectMethodHandle$Holder.invokeVirtual(java.lang.Object, java.lang.Object, java.lang.Object, java.lang.Object)'> (0x000000008869c5c8) 
thrown [s\open\src\hotspot\share\interpreter\linkResolver.cpp, line 759]
Event: 139.210 Thread 0x00000204aa6a4cc0 Exception <a 'java/lang/reflect/InvocationTargetException'{0x00000000882faac0}> (0x00000000882faac0) 
thrown [s\open\src\hotspot\share\runtime\reflection.cpp, line 1121]
Event: 140.021 Thread 0x00000204aa6a4cc0 Exception <a 'java/lang/reflect/InvocationTargetException'{0x00000000882fe1d0}> (0x00000000882fe1d0) 
thrown [s\open\src\hotspot\share\runtime\reflection.cpp, line 1121]
Event: 140.293 Thread 0x00000204aa6a00d0 Exception <a 'java/lang/NoSuchMethodError'{0x000000008805c740}: 'void java.lang.invoke.DirectMethodHandle$Holder.invokeSpecial(java.lang.Object, java.lang.Object, java.lang.Object)'> (0x000000008805c740) 
thrown [s\open\src\hotspot\share\interpreter\linkResolver.cpp, line 759]
Event: 140.311 Thread 0x00000204aa6a00d0 Exception <a 'java/lang/IncompatibleClassChangeError'{0x00000000880a15c8}: Found class java.lang.Object, but interface was expected> (0x00000000880a15c8) 
thrown [s\open\src\hotspot\share\interpreter\linkResolver.cpp, line 826]
Event: 141.544 Thread 0x00000204aa6a7a50 Exception <a 'java/lang/NoClassDefFoundError'{0x0000000087b71f50}: jakarta/validation/Validation> (0x0000000087b71f50) 
thrown [s\open\src\hotspot\share\classfile\systemDictionary.cpp, line 245]
Event: 144.352 Thread 0x00000204aa6a4cc0 Exception <a 'java/lang/reflect/InvocationTargetException'{0x00000000870a9ad8}> (0x00000000870a9ad8) 
thrown [s\open\src\hotspot\share\runtime\reflection.cpp, line 1121]

VM Operations (20 events):
Event: 132.742 Executing VM operation: Cleanup
Event: 132.742 Executing VM operation: Cleanup done
Event: 134.743 Executing VM operation: Cleanup
Event: 134.743 Executing VM operation: Cleanup done
Event: 135.743 Executing VM operation: Cleanup
Event: 135.743 Executing VM operation: Cleanup done
Event: 136.743 Executing VM operation: Cleanup
Event: 136.743 Executing VM operation: Cleanup done
Event: 137.744 Executing VM operation: Cleanup
Event: 137.744 Executing VM operation: Cleanup done
Event: 138.744 Executing VM operation: Cleanup
Event: 138.744 Executing VM operation: Cleanup done
Event: 139.752 Executing VM operation: Cleanup
Event: 139.753 Executing VM operation: Cleanup done
Event: 140.282 Executing VM operation: HandshakeAllThreads
Event: 140.283 Executing VM operation: HandshakeAllThreads done
Event: 141.283 Executing VM operation: Cleanup
Event: 141.517 Executing VM operation: Cleanup done
Event: 142.517 Executing VM operation: Cleanup
Event: 142.517 Executing VM operation: Cleanup done

Events (20 events):
Event: 143.550 loading class java/time/ZonedDateTime$1
Event: 143.551 loading class java/time/ZonedDateTime$1 done
Event: 143.889 loading class javax/xml/transform/Source
Event: 143.889 loading class javax/xml/transform/Source done
Event: 143.900 loading class javax/xml/transform/Result
Event: 143.900 loading class javax/xml/transform/Result done
Event: 144.018 loading class org/xml/sax/ErrorHandler
Event: 144.018 loading class org/xml/sax/ErrorHandler done
Event: 144.018 loading class org/xml/sax/SAXParseException
Event: 144.018 loading class org/xml/sax/SAXException
Event: 144.018 loading class org/xml/sax/SAXException done
Event: 144.019 loading class org/xml/sax/SAXParseException done
Event: 144.019 loading class javax/xml/parsers/ParserConfigurationException
Event: 144.019 loading class javax/xml/parsers/ParserConfigurationException done
Event: 144.021 loading class org/xml/sax/EntityResolver
Event: 144.021 loading class org/xml/sax/EntityResolver done
Event: 144.033 loading class java/io/CharConversionException
Event: 144.033 loading class java/io/CharConversionException done
Event: 144.300 loading class java/io/StringReader
Event: 144.300 loading class java/io/StringReader done


Dynamic libraries:
0x00007ff6d7f40000 - 0x00007ff6d7f50000 	C:\Program Files\Java\jdk-17\bin\javaw.exe
0x00007ff8c2b10000 - 0x00007ff8c2d08000 	C:\Windows\SYSTEM32\ntdll.dll
0x00007ff8c0dd0000 - 0x00007ff8c0e8f000 	C:\Windows\System32\KERNEL32.DLL
0x00007ff8c0580000 - 0x00007ff8c0852000 	C:\Windows\System32\KERNELBASE.dll
0x00007ff8c03c0000 - 0x00007ff8c04c0000 	C:\Windows\System32\ucrtbase.dll
0x00007ff8b73f0000 - 0x00007ff8b7409000 	C:\Program Files\Java\jdk-17\bin\jli.dll
0x00007ff8c0e90000 - 0x00007ff8c0f3e000 	C:\Windows\System32\ADVAPI32.dll
0x00007ff8c0c20000 - 0x00007ff8c0cbe000 	C:\Windows\System32\msvcrt.dll
0x00007ff8c1040000 - 0x00007ff8c10dc000 	C:\Windows\System32\sechost.dll
0x00007ff8c2050000 - 0x00007ff8c2175000 	C:\Windows\System32\RPCRT4.dll
0x00007ff8c1b70000 - 0x00007ff8c1d11000 	C:\Windows\System32\USER32.dll
0x00007ff8c0200000 - 0x00007ff8c0222000 	C:\Windows\System32\win32u.dll
0x00007ff8c2180000 - 0x00007ff8c21ab000 	C:\Windows\System32\GDI32.dll
0x00007ff8c0860000 - 0x00007ff8c096f000 	C:\Windows\System32\gdi32full.dll
0x00007ff8c0970000 - 0x00007ff8c0a0d000 	C:\Windows\System32\msvcp_win.dll
0x00007ff8a4eb0000 - 0x00007ff8a4ecb000 	C:\Program Files\Java\jdk-17\bin\VCRUNTIME140.dll
0x00007ff8b1950000 - 0x00007ff8b1bea000 	C:\Windows\WinSxS\amd64_microsoft.windows.common-controls_6595b64144ccf1df_6.0.19041.1110_none_60b5254171f9507e\COMCTL32.dll
0x00007ff8b6b00000 - 0x00007ff8b6b0a000 	C:\Windows\SYSTEM32\VERSION.dll
0x00007ff8c2a90000 - 0x00007ff8c2ac2000 	C:\Windows\System32\IMM32.DLL
0x00007ff8b5a30000 - 0x00007ff8b5a3c000 	C:\Program Files\Java\jdk-17\bin\vcruntime140_1.dll
0x00007ff889850000 - 0x00007ff8898de000 	C:\Program Files\Java\jdk-17\bin\msvcp140.dll
0x00007ff85b8a0000 - 0x00007ff85c47f000 	C:\Program Files\Java\jdk-17\bin\server\jvm.dll
0x00007ff8c0f40000 - 0x00007ff8c0f48000 	C:\Windows\System32\PSAPI.DLL
0x00007ff8b3d30000 - 0x00007ff8b3d39000 	C:\Windows\SYSTEM32\WSOCK32.dll
0x00007ff8c0fd0000 - 0x00007ff8c103b000 	C:\Windows\System32\WS2_32.dll
0x00007ff8b18b0000 - 0x00007ff8b18d7000 	C:\Windows\SYSTEM32\WINMM.dll
0x00007ff8bed00000 - 0x00007ff8bed12000 	C:\Windows\SYSTEM32\kernel.appcore.dll
0x00007ff8b3a00000 - 0x00007ff8b3a0a000 	C:\Program Files\Java\jdk-17\bin\jimage.dll
0x00007ff8baf70000 - 0x00007ff8bb154000 	C:\Windows\SYSTEM32\DBGHELP.DLL
0x00007ff8b5b70000 - 0x00007ff8b5ba5000 	C:\Windows\SYSTEM32\dbgcore.DLL
0x00007ff8c0a10000 - 0x00007ff8c0a92000 	C:\Windows\System32\bcryptPrimitives.dll
0x00007ff8b3450000 - 0x00007ff8b348b000 	C:\Program Files\Java\jdk-17\bin\jdwp.dll
0x00007ff8b7410000 - 0x00007ff8b741e000 	C:\Program Files\Java\jdk-17\bin\instrument.dll
0x00007ff88f8c0000 - 0x00007ff88f8e5000 	C:\Program Files\Java\jdk-17\bin\java.dll
0x00007ff86d060000 - 0x00007ff86d137000 	C:\Program Files\Java\jdk-17\bin\jsvml.dll
0x00007ff8c2340000 - 0x00007ff8c2a84000 	C:\Windows\System32\SHELL32.dll
0x00007ff8bb160000 - 0x00007ff8bb8f2000 	C:\Windows\SYSTEM32\windows.storage.dll
0x00007ff8c12e0000 - 0x00007ff8c1635000 	C:\Windows\System32\combase.dll
0x00007ff8bfc60000 - 0x00007ff8bfc90000 	C:\Windows\SYSTEM32\Wldp.dll
0x00007ff8c0d20000 - 0x00007ff8c0dcd000 	C:\Windows\System32\SHCORE.dll
0x00007ff8c10e0000 - 0x00007ff8c1135000 	C:\Windows\System32\shlwapi.dll
0x00007ff8c0140000 - 0x00007ff8c015f000 	C:\Windows\SYSTEM32\profapi.dll
0x00007ff8b7280000 - 0x00007ff8b728c000 	C:\Program Files\Java\jdk-17\bin\dt_socket.dll
0x00007ff8bf660000 - 0x00007ff8bf69b000 	C:\Windows\SYSTEM32\IPHLPAPI.DLL
0x00007ff8bf9c0000 - 0x00007ff8bfa2a000 	C:\Windows\system32\mswsock.dll
0x00007ff8bf6a0000 - 0x00007ff8bf76a000 	C:\Windows\SYSTEM32\DNSAPI.dll
0x00007ff8c1b60000 - 0x00007ff8c1b68000 	C:\Windows\System32\NSI.dll
0x000000005fb30000 - 0x000000005fb56000 	C:\Program Files\Bonjour\mdnsNSP.dll
0x00007ff8b5fe0000 - 0x00007ff8b5fea000 	C:\Windows\System32\rasadhlp.dll
0x00007ff8b2390000 - 0x00007ff8b2410000 	C:\Windows\System32\fwpuclnt.dll
0x00007ff8c0230000 - 0x00007ff8c0257000 	C:\Windows\System32\bcrypt.dll
0x00007ff88cd20000 - 0x00007ff88cd38000 	C:\Program Files\Java\jdk-17\bin\zip.dll
0x00007ff89a080000 - 0x00007ff89a099000 	C:\Program Files\Java\jdk-17\bin\net.dll
0x00007ff8b3be0000 - 0x00007ff8b3cec000 	C:\Windows\SYSTEM32\WINHTTP.dll
0x00007ff88f250000 - 0x00007ff88f266000 	C:\Program Files\Java\jdk-17\bin\nio.dll
0x00007ff8b5610000 - 0x00007ff8b561a000 	C:\Program Files\Java\jdk-17\bin\management.dll
0x00007ff8b4730000 - 0x00007ff8b473b000 	C:\Program Files\Java\jdk-17\bin\management_ext.dll
0x00007ff8a08e0000 - 0x00007ff8a08f7000 	C:\Windows\system32\napinsp.dll
0x00007ff8a0710000 - 0x00007ff8a072b000 	C:\Windows\system32\pnrpnsp.dll
0x00007ff8b9670000 - 0x00007ff8b9685000 	C:\Windows\system32\wshbth.dll
0x00007ff8b6a30000 - 0x00007ff8b6a4d000 	C:\Windows\system32\NLAapi.dll
0x00007ff8a0570000 - 0x00007ff8a0582000 	C:\Windows\System32\winrnr.dll
0x00007ff8bfbb0000 - 0x00007ff8bfbc8000 	C:\Windows\SYSTEM32\CRYPTSP.dll
0x00007ff8bf270000 - 0x00007ff8bf2a4000 	C:\Windows\system32\rsaenh.dll
0x00007ff8c00c0000 - 0x00007ff8c00ee000 	C:\Windows\SYSTEM32\USERENV.dll
0x00007ff8bfbd0000 - 0x00007ff8bfbdc000 	C:\Windows\SYSTEM32\CRYPTBASE.dll
0x00007ff8b4d00000 - 0x00007ff8b4d17000 	C:\Windows\SYSTEM32\dhcpcsvc6.DLL
0x00007ff8b5db0000 - 0x00007ff8b5dcd000 	C:\Windows\SYSTEM32\dhcpcsvc.DLL
0x00007ff8ade60000 - 0x00007ff8ade70000 	C:\Program Files\Java\jdk-17\bin\verify.dll

dbghelp: loaded successfully - version: 4.0.5 - missing functions: none
symbol engine: initialized successfully - sym options: 0x614 - pdb path: .;C:\Program Files\Java\jdk-17\bin;C:\Windows\SYSTEM32;C:\Windows\WinSxS\amd64_microsoft.windows.common-controls_6595b64144ccf1df_6.0.19041.1110_none_60b5254171f9507e;C:\Program Files\Java\jdk-17\bin\server;C:\Program Files\Bonjour

VM Arguments:
jvm_args: -XX:+ShowCodeDetailsInExceptionMessages -agentlib:jdwp=transport=dt_socket,suspend=y,address=localhost:53948 -Dcom.sun.management.jmxremote -Dcom.sun.management.jmxremote.port=53831 -Dcom.sun.management.jmxremote.authenticate=false -Dcom.sun.management.jmxremote.ssl=false -Djava.rmi.server.hostname=localhost -Dspring.jmx.enabled=true -Dmanagement.endpoints.jmx.exposure.include=* -Dspring.application.admin.enabled=true -XX:TieredStopAtLevel=1 -Dspring.boot.project.name=Project-ClassControl -javaagent:C:\Users\DELL\eclipse\jee-2023-122\eclipse\configuration\org.eclipse.osgi\1242\0\.cp\lib\javaagent-shaded.jar -Dfile.encoding=UTF-8 -Dstdout.encoding=UTF-8 -Dstderr.encoding=UTF-8 
java_command: com.example.projectclasscontrol.ProjectClassControlApplication --spring.output.ansi.enabled=always
java_class_path (initial): C:\Pratik\J38 Project\Assignment-Tracking-Web-Application-Eclipse-IDE\project\Project-ClassControl\target\classes;C:\Users\DELL\.m2\repository\org\springframework\boot\spring-boot-starter-data-jdbc\3.2.5\spring-boot-starter-data-jdbc-3.2.5.jar;C:\Users\DELL\.m2\repository\org\springframework\data\spring-data-jdbc\3.2.5\spring-data-jdbc-3.2.5.jar;C:\Users\DELL\.m2\repository\org\springframework\data\spring-data-relational\3.2.5\spring-data-relational-3.2.5.jar;C:\Users\DELL\.m2\repository\com\github\jsqlparser\jsqlparser\4.6\jsqlparser-4.6.jar;C:\Users\DELL\.m2\repository\org\springframework\data\spring-data-commons\3.2.5\spring-data-commons-3.2.5.jar;C:\Users\DELL\.m2\repository\org\springframework\spring-tx\6.1.6\spring-tx-6.1.6.jar;C:\Users\DELL\.m2\repository\org\springframework\spring-context\6.1.6\spring-context-6.1.6.jar;C:\Users\DELL\.m2\repository\org\springframework\spring-beans\6.1.6\spring-beans-6.1.6.jar;C:\Users\DELL\.m2\repository\org\slf4j\slf4j-api\2.0.13\slf4j-api-2.0.13.jar;C:\Users\DELL\.m2\repository\org\springframework\boot\spring-boot-starter-data-jpa\3.2.5\spring-boot-starter-data-jpa-3.2.5.jar;C:\Users\DELL\.m2\repository\org\springframework\boot\spring-boot-starter-aop\3.2.5\spring-boot-starter-aop-3.2.5.jar;C:\Users\DELL\.m2\repository\org\springframework\spring-aop\6.1.6\spring-aop-6.1.6.jar;C:\Users\DELL\.m2\repository\org\aspectj\aspectjweaver\1.9.22\aspectjweaver-1.9.22.jar;C:\Users\DELL\.m2\repository\org\hibernate\orm\hibernate-core\6.4.4.Final\hibernate-core-6.4.4.Final.jar;C:\Users\DELL\.m2\repository\jakarta\persistence\jakarta.persistence-api\3.1.0\jakarta.persistence-api-3.1.0.jar;C:\Users\DELL\.m2\repository\jakarta\transaction\jakarta.transaction-api\2.0.1\jakarta.transaction-api-2.0.1.jar;C:\Users\DELL\.m2\repository\org\jboss\logging\jboss-logging\3.5.3.Final\jboss-logging-3.5.3.Final.jar;C:\Users\DELL\.m2\repository\org\hibernate\common\hibernate-commons-annotations\6.0.6.Final\hibernate-commons-
Launcher Type: SUN_STANDARD

[Global flags]
     intx CICompilerCount                          = 3                                         {product} {ergonomic}
     uint ConcGCThreads                            = 1                                         {product} {ergonomic}
     uint G1ConcRefinementThreads                  = 4                                         {product} {ergonomic}
   size_t G1HeapRegionSize                         = 1048576                                   {product} {ergonomic}
    uintx GCDrainStackTargetSize                   = 64                                        {product} {ergonomic}
   size_t InitialHeapSize                          = 132120576                                 {product} {ergonomic}
     bool ManagementServer                         = true                                      {product} {command line}
   size_t MarkStackSize                            = 4194304                                   {product} {ergonomic}
   size_t MaxHeapSize                              = 2111832064                                {product} {ergonomic}
   size_t MaxNewSize                               = 1266679808                                {product} {ergonomic}
   size_t MinHeapDeltaBytes                        = 1048576                                   {product} {ergonomic}
   size_t MinHeapSize                              = 8388608                                   {product} {ergonomic}
    uintx NonProfiledCodeHeapSize                  = 0                                      {pd product} {ergonomic}
     bool ProfileInterpreter                       = false                                  {pd product} {command line}
    uintx ProfiledCodeHeapSize                     = 0                                      {pd product} {ergonomic}
     bool ShowCodeDetailsInExceptionMessages       = true                                   {manageable} {command line}
   size_t SoftMaxHeapSize                          = 2111832064                             {manageable} {ergonomic}
     intx TieredStopAtLevel                        = 1                                         {product} {command line}
     bool UseCompressedClassPointers               = true                           {product lp64_product} {ergonomic}
     bool UseCompressedOops                        = true                           {product lp64_product} {ergonomic}
     bool UseG1GC                                  = true                                      {product} {ergonomic}
     bool UseLargePagesIndividualAllocation        = false                                  {pd product} {ergonomic}

Logging:
Log output configuration:
 #0: stdout all=warning uptime,level,tags
 #1: stderr all=off uptime,level,tags

Environment Variables:
JAVA_HOME=C:\Users\DELL\Downloads\openlogic-openjdk-17.0.10+7-windows-x64.zip\openlogic-openjdk-17.0.10+7-windows-x64\bin
PATH=C:\Program Files\Common Files\Oracle\Java\javapath;C:\Windows\system32;C:\Windows;C:\Windows\System32\Wbem;C:\Windows\System32\WindowsPowerShell\v1.0\;C:\Windows\System32\OpenSSH\;C:\Program Files\dotnet\;C:\Program Files (x86)\Intel\Intel(R) Management Engine Components\DAL;C:\Program Files\Intel\Intel(R) Management Engine Components\DAL;C:\Users\DELL\Downloads\openlogic-openjdk-17.0.10+7-windows-x64.zip\openlogic-openjdk-17.0.10+7-windows-x64\bin;C:\Users\DELL\mysql-shell-8.3.0-windows-x86-64bit.zip\mysql-shell-8.3.0-windows-x86-64bit\bin;C:\Program Files\Microsoft SQL Server\mysql-8.3.0-winx64\mysql-8.3.0-winx64\bin;C:\Program Files\MySQL\MySQL Server 8.0\bin;C:\Program Files\PowerShell\7\;C:\ProgramData\chocolatey\bin;C:\Program Files\nodejs\;C:\Users\DELL\AppData\Local\Programs\Python\Launcher\;C:\Users\DELL\AppData\Local\Microsoft\WindowsApps;C:\Users\DELL\AppData\Local\Programs\Microsoft VS Code\bin;C:\Program Files\JetBrains\IntelliJ IDEA 2024.1\bin;;C:\Program Files\JetBrains\IntelliJ IDEA Community Edition 2024.1\bin;;C:\Users\DELL\AppData\Local\GitHubDesktop\bin;C:\Users\DELL\AppData\Roaming\npm
USERNAME=DELL
OS=Windows_NT
PROCESSOR_IDENTIFIER=Intel64 Family 6 Model 142 Stepping 9, GenuineIntel



---------------  S Y S T E M  ---------------

OS:
 Windows 10 , 64 bit Build 19041 (10.0.19041.2364)
OS uptime: 6 days 1:10 hours

CPU: total 4 (initial active 4) (2 cores per cpu, 2 threads per core) family 6 model 142 stepping 9 microcode 0xf4, cx8, cmov, fxsr, ht, mmx, 3dnowpref, sse, sse2, sse3, ssse3, sse4.1, sse4.2, popcnt, lzcnt, tsc, tscinvbit, avx, avx2, aes, erms, clmul, bmi1, bmi2, rtm, adx, fma, vzeroupper, clflush, clflushopt

Memory: 4k page, system-wide physical 8050M (198M free)
TotalPageFile size 32626M (AvailPageFile size 43M)
current process WorkingSet (physical memory assigned to process): 73M, peak: 76M
current process commit charge ("private bytes"): 221M, peak: 222M

vm_info: Java HotSpot(TM) 64-Bit Server VM (17.0.10+11-LTS-240) for windows-amd64 JRE (17.0.10+11-LTS-240), built on Dec 19 2023 21:47:25 by "mach5one" with MS VC++ 17.1 (VS2022)

END.
