#
# A fatal error has been detected by the Java Runtime Environment:
#
#  EXCEPTION_ACCESS_VIOLATION (0xc0000005) at pc=0x00007ff85bc24fb7, pid=23920, tid=27820
#
# JRE version: Java(TM) SE Runtime Environment (17.0.10+11) (build 17.0.10+11-LTS-240)
# Java VM: Java HotSpot(TM) 64-Bit Server VM (17.0.10+11-LTS-240, mixed mode, emulated-client, sharing, tiered, compressed oops, compressed class ptrs, g1 gc, windows-amd64)
# Problematic frame:
# V  [jvm.dll+0x384fb7]
#
# No core dump will be written. Minidumps are not enabled by default on client versions of Windows
#
# If you would like to submit a bug report, please visit:
#   https://bugreport.java.com/bugreport/crash.jsp
#

---------------  S U M M A R Y ------------

Command Line: -XX:+ShowCodeDetailsInExceptionMessages -agentlib:jdwp=transport=dt_socket,suspend=y,address=localhost:53951 -Dcom.sun.management.jmxremote -Dcom.sun.management.jmxremote.port=53805 -Dcom.sun.management.jmxremote.authenticate=false -Dcom.sun.management.jmxremote.ssl=false -Djava.rmi.server.hostname=localhost -Dspring.jmx.enabled=true -Dmanagement.endpoints.jmx.exposure.include=* -Dspring.application.admin.enabled=true -XX:TieredStopAtLevel=1 -Dspring.boot.project.name=Project-ClassControl -javaagent:C:\Users\DELL\eclipse\jee-2023-122\eclipse\configuration\org.eclipse.osgi\1242\0\.cp\lib\javaagent-shaded.jar -Dfile.encoding=UTF-8 -Dstdout.encoding=UTF-8 -Dstderr.encoding=UTF-8 com.example.projectclasscontrol.ProjectClassControlApplication --spring.output.ansi.enabled=always

Host: Intel(R) Core(TM) i5-7300U CPU @ 2.60GHz, 4 cores, 7G,  Windows 10 , 64 bit Build 19041 (10.0.19041.2364)
Time: Fri May 24 14:24:10 2024 India Standard Time elapsed time: 181.519113 seconds (0d 0h 3m 1s)

---------------  T H R E A D  ---------------

Current thread (0x00000193f32a8e60):  JavaThread "restartedMain" [_thread_in_vm, id=27820, stack(0x0000003261100000,0x0000003261200000)]

Stack: [0x0000003261100000,0x0000003261200000],  sp=0x00000032611f69c0,  free space=986k
Native frames: (J=compiled Java code, j=interpreted, Vv=VM code, C=native code)
V  [jvm.dll+0x384fb7]
V  [jvm.dll+0x677982]
V  [jvm.dll+0x384dfe]
V  [jvm.dll+0x3ec523]
