#
# There is insufficient memory for the Java Runtime Environment to continue.
# Native memory allocation (mmap) failed to map 65536 bytes for Failed to commit metaspace.
# Possible reasons:
#   The system is out of physical RAM or swap space
#   The process is running with CompressedOops enabled, and the Java Heap may be blocking the growth of the native heap
# Possible solutions:
#   Reduce memory load on the system
#   Increase physical memory or swap space
#   Check if swap backing store is full
#   Decrease Java heap size (-Xmx/-Xms)
#   Decrease number of Java threads
#   Decrease Java thread stack sizes (-Xss)
#   Set larger code cache with -XX:ReservedCodeCacheSize=
#   JVM is running with Unscaled Compressed Oops mode in which the Java heap is
#     placed in the first 4GB address space. The Java Heap base address is the
#     maximum limit for the native heap growth. Please use -XX:HeapBaseMinAddress
#     to set the Java Heap base and to place the Java Heap above 4GB virtual address.
# This output file may be truncated or incomplete.
#
#  Out of Memory Error (virtualSpaceNode.cpp:110), pid=14768, tid=14592
#
# JRE version: Java(TM) SE Runtime Environment (17.0.10+11) (build 17.0.10+11-LTS-240)
# Java VM: Java HotSpot(TM) 64-Bit Server VM (17.0.10+11-LTS-240, mixed mode, emulated-client, sharing, tiered, compressed oops, compressed class ptrs, g1 gc, windows-amd64)
# No core dump will be written. Minidumps are not enabled by default on client versions of Windows
#

---------------  S U M M A R Y ------------

Command Line: -XX:+ShowCodeDetailsInExceptionMessages -agentlib:jdwp=transport=dt_socket,suspend=y,address=localhost:53954 -Dcom.sun.management.jmxremote -Dcom.sun.management.jmxremote.port=53869 -Dcom.sun.management.jmxremote.authenticate=false -Dcom.sun.management.jmxremote.ssl=false -Djava.rmi.server.hostname=localhost -Dspring.jmx.enabled=true -Dmanagement.endpoints.jmx.exposure.include=* -Dspring.application.admin.enabled=true -XX:TieredStopAtLevel=1 -Dspring.boot.project.name=Project-ClassControl -javaagent:C:\Users\DELL\eclipse\jee-2023-122\eclipse\configuration\org.eclipse.osgi\1242\0\.cp\lib\javaagent-shaded.jar -Dfile.encoding=UTF-8 -Dstdout.encoding=UTF-8 -Dstderr.encoding=UTF-8 com.example.projectclasscontrol.ProjectClassControlApplication --spring.output.ansi.enabled=always

Host: Intel(R) Core(TM) i5-7300U CPU @ 2.60GHz, 4 cores, 7G,  Windows 10 , 64 bit Build 19041 (10.0.19041.2364)
Time: Fri May 24 14:23:39 2024 India Standard Time elapsed time: 151.402503 seconds (0d 0h 2m 31s)

---------------  T H R E A D  ---------------

Current thread (0x000002269f6a8430):  JavaThread "background-preinit" [_thread_in_vm, id=14592, stack(0x00000033f1f00000,0x00000033f2000000)]

Stack: [0x00000033f1f00000,0x00000033f2000000]
Native frames: (J=compiled Java code, j=interpreted, Vv=VM code, C=native code)
V  [jvm.dll+0x677a5a]
V  [jvm.dll+0x7d8b2d]
V  [jvm.dll+0x7da48e]
V  [jvm.dll+0x7daaf3]
V  [jvm.dll+0x2455ff]
V  [jvm.dll+0x7d483b]
V  [jvm.dll+0x61dc06]
V  [jvm.dll+0x61dc6a]
V  [jvm.dll+0x62049d]
V  [jvm.dll+0x61e5c6]
V  [jvm.dll+0x23b031]
V  [jvm.dll+0x1e9d67]
V  [jvm.dll+0x1dfa01]
V  [jvm.dll+0x53d58c]
V  [jvm.dll+0x1f031a]
V  [jvm.dll+0x75284d]
V  [jvm.dll+0x753c46]
V  [jvm.dll+0x753f78]
V  [jvm.dll+0x23d99b]
V  [jvm.dll+0x37d60e]
C  0x0000022695375917

Java frames: (J=compiled Java code, j=interpreted, Vv=VM code)
j  sun.security.jca.ProviderConfig.getProvider()Ljava/security/Provider;+133 java.base@17.0.10
j  sun.security.jca.ProviderList.loadAll()I+58 java.base@17.0.10
j  sun.security.jca.ProviderList.removeInvalid()Lsun/security/jca/ProviderList;+1 java.base@17.0.10
j  sun.security.jca.Providers.getFullProviderList()Lsun/security/jca/ProviderList;+48 java.base@17.0.10
j  java.security.Security.getProviders()[Ljava/security/Provider;+0 java.base@17.0.10
j  java.security.Security.getAlgorithms(Ljava/lang/String;)Ljava/util/Set;+32 java.base@17.0.10
j  org.apache.catalina.util.SessionIdGeneratorBase.<clinit>()V+10
v  ~StubRoutines::call_stub
j  org.apache.catalina.authenticator.AuthenticatorBase.<init>()V+50
j  org.apache.catalina.authenticator.NonLoginAuthenticator.<init>()V+1
j  org.springframework.boot.autoconfigure.BackgroundPreinitializer$TomcatInitializer.run()V+12
j  org.springframework.boot.autoconfigure.BackgroundPreinitializer$1.runSafely(Ljava/lang/Runnable;)Z+1
j  org.springframework.boot.autoconfigure.BackgroundPreinitializer$1.run()V+70
j  java.lang.Thread.run()V+11 java.base@17.0.10
v  ~StubRoutines::call_stub

---------------  P R O C E S S  ---------------

Threads class SMR info:
_java_thread_list=0x00000226e5828200, length=24, elements={
0x000002268daa00c0, 0x000002269f19d160, 0x000002269f19e690, 0x000002269f1b31e0,
0x000002269f1b3c10, 0x000002269f1b44e0, 0x000002269f1b4db0, 0x000002269f1b5730,
0x000002269f1e5b00, 0x000002269f186300, 0x000002269f408f30, 0x000002269f40f1d0,
0x000002269f412a70, 0x00000226e51741d0, 0x00000226e5242680, 0x00000226e5242b60,
0x00000226e52436b0, 0x00000226e5243d80, 0x00000226e55b3850, 0x00000226e54e8d40,
0x000002269f6a60c0, 0x000002269f6a6ff0, 0x000002269f6a7500, 0x000002269f6a8430
}

Java Threads: ( => current thread )
  0x000002268daa00c0 JavaThread "main" [_thread_blocked, id=16064, stack(0x00000033f2100000,0x00000033f2200000)]
  0x000002269f19d160 JavaThread "Reference Handler" daemon [_thread_blocked, id=25128, stack(0x00000033f2800000,0x00000033f2900000)]
  0x000002269f19e690 JavaThread "Finalizer" daemon [_thread_blocked, id=25132, stack(0x00000033f2900000,0x00000033f2a00000)]
  0x000002269f1b31e0 JavaThread "Signal Dispatcher" daemon [_thread_blocked, id=25140, stack(0x00000033f2a00000,0x00000033f2b00000)]
  0x000002269f1b3c10 JavaThread "Attach Listener" daemon [_thread_blocked, id=25144, stack(0x00000033f2b00000,0x00000033f2c00000)]
  0x000002269f1b44e0 JavaThread "Service Thread" daemon [_thread_blocked, id=25148, stack(0x00000033f2c00000,0x00000033f2d00000)]
  0x000002269f1b4db0 JavaThread "Monitor Deflation Thread" daemon [_thread_blocked, id=25152, stack(0x00000033f2d00000,0x00000033f2e00000)]
  0x000002269f1b5730 JavaThread "C1 CompilerThread0" daemon [_thread_blocked, id=25156, stack(0x00000033f2e00000,0x00000033f2f00000)]
  0x000002269f1e5b00 JavaThread "Sweeper thread" daemon [_thread_blocked, id=25172, stack(0x00000033f2f00000,0x00000033f3000000)]
  0x000002269f186300 JavaThread "Common-Cleaner" daemon [_thread_blocked, id=25604, stack(0x00000033f3000000,0x00000033f3100000)]
  0x000002269f408f30 JavaThread "JDWP Transport Listener: dt_socket" daemon [_thread_blocked, id=29212, stack(0x00000033f3300000,0x00000033f3400000)]
  0x000002269f40f1d0 JavaThread "JDWP Event Helper Thread" daemon [_thread_blocked, id=29220, stack(0x00000033f3400000,0x00000033f3500000)]
  0x000002269f412a70 JavaThread "JDWP Command Reader" daemon [_thread_in_native, id=29528, stack(0x00000033f3500000,0x00000033f3600000)]
  0x00000226e51741d0 JavaThread "Notification Thread" daemon [_thread_blocked, id=31196, stack(0x00000033f3600000,0x00000033f3700000)]
  0x00000226e5242680 JavaThread "RMI TCP Accept-0" daemon [_thread_in_native, id=29948, stack(0x00000033f3a00000,0x00000033f3b00000)]
  0x00000226e5242b60 JavaThread "RMI TCP Accept-53869" daemon [_thread_in_native, id=16456, stack(0x00000033f3b00000,0x00000033f3c00000)]
  0x00000226e52436b0 JavaThread "RMI TCP Accept-0" daemon [_thread_in_native, id=19036, stack(0x00000033f3c00000,0x00000033f3d00000)]
  0x00000226e5243d80 JavaThread "RMI TCP Connection(idle)" daemon [_thread_blocked, id=22876, stack(0x00000033f3e00000,0x00000033f3f00000)]
  0x00000226e55b3850 JavaThread "RMI Scheduler(0)" daemon [_thread_blocked, id=31968, stack(0x00000033f3f00000,0x00000033f4000000)]
  0x00000226e54e8d40 JavaThread "RMI TCP Connection(2)-127.0.0.1" daemon [_thread_in_native, id=31996, stack(0x00000033f4000000,0x00000033f4100000)]
  0x000002269f6a60c0 JavaThread "JMX server connection timeout 24" daemon [_thread_blocked, id=32036, stack(0x00000033f4100000,0x00000033f4200000)]
  0x000002269f6a6ff0 JavaThread "Thread-0" [_thread_blocked, id=32284, stack(0x00000033f4200000,0x00000033f4300000)]
  0x000002269f6a7500 JavaThread "restartedMain" [_thread_in_native, id=32316, stack(0x00000033f4300000,0x00000033f4400000)]
=>0x000002269f6a8430 JavaThread "background-preinit" [_thread_in_vm, id=14592, stack(0x00000033f1f00000,0x00000033f2000000)]

Other Threads:
  0x000002269f1985f0 VMThread "VM Thread" [stack: 0x00000033f2700000,0x00000033f2800000] [id=25080] _threads_hazard_ptr=0x00000226e5828200
  0x000002268daa1fa0 WatcherThread [stack: 0x00000033f3d00000,0x00000033f3e00000] [id=18292]
  0x000002268daf8650 GCTaskThread "GC Thread#0" [stack: 0x00000033f2200000,0x00000033f2300000] [id=21968]
  0x00000226e520dab0 GCTaskThread "GC Thread#1" [stack: 0x00000033f3700000,0x00000033f3800000] [id=31296]
  0x00000226e520dd70 GCTaskThread "GC Thread#2" [stack: 0x00000033f3800000,0x00000033f3900000] [id=31300]
  0x00000226e5218570 GCTaskThread "GC Thread#3" [stack: 0x00000033f3900000,0x00000033f3a00000] [id=31320]
  0x000002268db09070 ConcurrentGCThread "G1 Main Marker" [stack: 0x00000033f2300000,0x00000033f2400000] [id=21624]
  0x000002268db09990 ConcurrentGCThread "G1 Conc#0" [stack: 0x00000033f2400000,0x00000033f2500000] [id=18040]
  0x000002268db6ebc0 ConcurrentGCThread "G1 Refine#0" [stack: 0x00000033f2500000,0x00000033f2600000] [id=17392]
  0x000002269f051ed0 ConcurrentGCThread "G1 Service" [stack: 0x00000033f2600000,0x00000033f2700000] [id=19116]

Threads with active compile tasks:

VM state: synchronizing (normal execution)

VM Mutex/Monitor currently owned by a thread:  ([mutex/lock_event])
[0x000002268da99c00] Metaspace_lock - owner thread: 0x000002269f6a8430
[0x000002268da9a8b0] Threads_lock - owner thread: 0x000002269f1985f0

Heap address: 0x0000000082200000, size: 2014 MB, Compressed Oops mode: 32-bit

CDS archive(s) mapped at: [0x00000226a0000000-0x00000226a0bd0000-0x00000226a0bd0000), size 12386304, SharedBaseAddress: 0x00000226a0000000, ArchiveRelocationMode: 1.
Compressed class space mapped at: 0x00000226a1000000-0x00000226e1000000, reserved size: 1073741824
Narrow klass base: 0x00000226a0000000, Narrow klass shift: 0, Narrow klass range: 0x100000000

GC Precious Log:
 CPUs: 4 total, 4 available
 Memory: 8050M
 Large Page Support: Disabled
 NUMA Support: Disabled
 Compressed Oops: Enabled (32-bit)
 Heap Region Size: 1M
 Heap Min Capacity: 8M
 Heap Initial Capacity: 126M
 Heap Max Capacity: 2014M
 Pre-touch: Disabled
 Parallel Workers: 4
 Concurrent Workers: 1
 Concurrent Refinement Workers: 4
 Periodic GC: Disabled

Heap:
 garbage-first heap   total 129024K, used 48700K [0x0000000082200000, 0x0000000100000000)
  region size 1024K, 44 young (45056K), 5 survivors (5120K)
 Metaspace       used 19926K, committed 20224K, reserved 1114112K
  class space    used 2594K, committed 2752K, reserved 1048576K

Heap Regions: E=young(eden), S=young(survivor), O=old, HS=humongous(starts), HC=humongous(continues), CS=collection set, F=free, OA=open archive, CA=closed archive, TAMS=top-at-mark-start (previous, next)
|   0|0x0000000082200000, 0x0000000082300000, 0x0000000082300000|100%|HS|  |TAMS 0x0000000082200000, 0x0000000082200000| Complete 
|   1|0x0000000082300000, 0x0000000082400000, 0x0000000082400000|100%| O|  |TAMS 0x0000000082300000, 0x0000000082300000| Untracked 
|   2|0x0000000082400000, 0x0000000082500000, 0x0000000082500000|100%| O|  |TAMS 0x0000000082400000, 0x0000000082400000| Untracked 
|   3|0x0000000082500000, 0x0000000082600000, 0x0000000082600000|100%| O|  |TAMS 0x0000000082500000, 0x0000000082500000| Untracked 
|   4|0x0000000082600000, 0x0000000082700000, 0x0000000082700000|100%| O|  |TAMS 0x0000000082600000, 0x0000000082600000| Untracked 
|   5|0x0000000082700000, 0x0000000082800000, 0x0000000082800000|100%| O|  |TAMS 0x0000000082700000, 0x0000000082700000| Untracked 
|   6|0x0000000082800000, 0x000000008287ea00, 0x0000000082900000| 49%| O|  |TAMS 0x0000000082800000, 0x0000000082800000| Untracked 
|   7|0x0000000082900000, 0x0000000082900000, 0x0000000082a00000|  0%| F|  |TAMS 0x0000000082900000, 0x0000000082900000| Untracked 
|   8|0x0000000082a00000, 0x0000000082a00000, 0x0000000082b00000|  0%| F|  |TAMS 0x0000000082a00000, 0x0000000082a00000| Untracked 
|   9|0x0000000082b00000, 0x0000000082b00000, 0x0000000082c00000|  0%| F|  |TAMS 0x0000000082b00000, 0x0000000082b00000| Untracked 
|  10|0x0000000082c00000, 0x0000000082c00000, 0x0000000082d00000|  0%| F|  |TAMS 0x0000000082c00000, 0x0000000082c00000| Untracked 
|  11|0x0000000082d00000, 0x0000000082d00000, 0x0000000082e00000|  0%| F|  |TAMS 0x0000000082d00000, 0x0000000082d00000| Untracked 
|  12|0x0000000082e00000, 0x0000000082e00000, 0x0000000082f00000|  0%| F|  |TAMS 0x0000000082e00000, 0x0000000082e00000| Untracked 
|  13|0x0000000082f00000, 0x0000000082f00000, 0x0000000083000000|  0%| F|  |TAMS 0x0000000082f00000, 0x0000000082f00000| Untracked 
|  14|0x0000000083000000, 0x0000000083000000, 0x0000000083100000|  0%| F|  |TAMS 0x0000000083000000, 0x0000000083000000| Untracked 
|  15|0x0000000083100000, 0x0000000083100000, 0x0000000083200000|  0%| F|  |TAMS 0x0000000083100000, 0x0000000083100000| Untracked 
|  16|0x0000000083200000, 0x0000000083200000, 0x0000000083300000|  0%| F|  |TAMS 0x0000000083200000, 0x0000000083200000| Untracked 
|  17|0x0000000083300000, 0x0000000083300000, 0x0000000083400000|  0%| F|  |TAMS 0x0000000083300000, 0x0000000083300000| Untracked 
|  18|0x0000000083400000, 0x0000000083400000, 0x0000000083500000|  0%| F|  |TAMS 0x0000000083400000, 0x0000000083400000| Untracked 
|  19|0x0000000083500000, 0x0000000083500000, 0x0000000083600000|  0%| F|  |TAMS 0x0000000083500000, 0x0000000083500000| Untracked 
|  20|0x0000000083600000, 0x0000000083600000, 0x0000000083700000|  0%| F|  |TAMS 0x0000000083600000, 0x0000000083600000| Untracked 
|  21|0x0000000083700000, 0x0000000083700000, 0x0000000083800000|  0%| F|  |TAMS 0x0000000083700000, 0x0000000083700000| Untracked 
|  22|0x0000000083800000, 0x0000000083800000, 0x0000000083900000|  0%| F|  |TAMS 0x0000000083800000, 0x0000000083800000| Untracked 
|  23|0x0000000083900000, 0x0000000083900000, 0x0000000083a00000|  0%| F|  |TAMS 0x0000000083900000, 0x0000000083900000| Untracked 
|  24|0x0000000083a00000, 0x0000000083a00000, 0x0000000083b00000|  0%| F|  |TAMS 0x0000000083a00000, 0x0000000083a00000| Untracked 
|  25|0x0000000083b00000, 0x0000000083b00000, 0x0000000083c00000|  0%| F|  |TAMS 0x0000000083b00000, 0x0000000083b00000| Untracked 
|  26|0x0000000083c00000, 0x0000000083c00000, 0x0000000083d00000|  0%| F|  |TAMS 0x0000000083c00000, 0x0000000083c00000| Untracked 
|  27|0x0000000083d00000, 0x0000000083d00000, 0x0000000083e00000|  0%| F|  |TAMS 0x0000000083d00000, 0x0000000083d00000| Untracked 
|  28|0x0000000083e00000, 0x0000000083e00000, 0x0000000083f00000|  0%| F|  |TAMS 0x0000000083e00000, 0x0000000083e00000| Untracked 
|  29|0x0000000083f00000, 0x0000000083f00000, 0x0000000084000000|  0%| F|  |TAMS 0x0000000083f00000, 0x0000000083f00000| Untracked 
|  30|0x0000000084000000, 0x0000000084000000, 0x0000000084100000|  0%| F|  |TAMS 0x0000000084000000, 0x0000000084000000| Untracked 
|  31|0x0000000084100000, 0x0000000084100000, 0x0000000084200000|  0%| F|  |TAMS 0x0000000084100000, 0x0000000084100000| Untracked 
|  32|0x0000000084200000, 0x0000000084200000, 0x0000000084300000|  0%| F|  |TAMS 0x0000000084200000, 0x0000000084200000| Untracked 
|  33|0x0000000084300000, 0x0000000084300000, 0x0000000084400000|  0%| F|  |TAMS 0x0000000084300000, 0x0000000084300000| Untracked 
|  34|0x0000000084400000, 0x0000000084400000, 0x0000000084500000|  0%| F|  |TAMS 0x0000000084400000, 0x0000000084400000| Untracked 
|  35|0x0000000084500000, 0x0000000084500000, 0x0000000084600000|  0%| F|  |TAMS 0x0000000084500000, 0x0000000084500000| Untracked 
|  36|0x0000000084600000, 0x0000000084600000, 0x0000000084700000|  0%| F|  |TAMS 0x0000000084600000, 0x0000000084600000| Untracked 
|  37|0x0000000084700000, 0x0000000084700000, 0x0000000084800000|  0%| F|  |TAMS 0x0000000084700000, 0x0000000084700000| Untracked 
|  38|0x0000000084800000, 0x0000000084800000, 0x0000000084900000|  0%| F|  |TAMS 0x0000000084800000, 0x0000000084800000| Untracked 
|  39|0x0000000084900000, 0x0000000084900000, 0x0000000084a00000|  0%| F|  |TAMS 0x0000000084900000, 0x0000000084900000| Untracked 
|  40|0x0000000084a00000, 0x0000000084a00000, 0x0000000084b00000|  0%| F|  |TAMS 0x0000000084a00000, 0x0000000084a00000| Untracked 
|  41|0x0000000084b00000, 0x0000000084b00000, 0x0000000084c00000|  0%| F|  |TAMS 0x0000000084b00000, 0x0000000084b00000| Untracked 
|  42|0x0000000084c00000, 0x0000000084c00000, 0x0000000084d00000|  0%| F|  |TAMS 0x0000000084c00000, 0x0000000084c00000| Untracked 
|  43|0x0000000084d00000, 0x0000000084d00000, 0x0000000084e00000|  0%| F|  |TAMS 0x0000000084d00000, 0x0000000084d00000| Untracked 
|  44|0x0000000084e00000, 0x0000000084e00000, 0x0000000084f00000|  0%| F|  |TAMS 0x0000000084e00000, 0x0000000084e00000| Untracked 
|  45|0x0000000084f00000, 0x0000000084f00000, 0x0000000085000000|  0%| F|  |TAMS 0x0000000084f00000, 0x0000000084f00000| Untracked 
|  46|0x0000000085000000, 0x00000000850107c0, 0x0000000085100000|  6%| S|CS|TAMS 0x0000000085000000, 0x0000000085000000| Complete 
|  47|0x0000000085100000, 0x0000000085200000, 0x0000000085200000|100%| S|CS|TAMS 0x0000000085100000, 0x0000000085100000| Complete 
|  48|0x0000000085200000, 0x0000000085300000, 0x0000000085300000|100%| S|CS|TAMS 0x0000000085200000, 0x0000000085200000| Complete 
|  49|0x0000000085300000, 0x0000000085400000, 0x0000000085400000|100%| S|CS|TAMS 0x0000000085300000, 0x0000000085300000| Complete 
|  50|0x0000000085400000, 0x0000000085500000, 0x0000000085500000|100%| S|CS|TAMS 0x0000000085400000, 0x0000000085400000| Complete 
|  51|0x0000000085500000, 0x0000000085500000, 0x0000000085600000|  0%| F|  |TAMS 0x0000000085500000, 0x0000000085500000| Untracked 
|  52|0x0000000085600000, 0x0000000085600000, 0x0000000085700000|  0%| F|  |TAMS 0x0000000085600000, 0x0000000085600000| Untracked 
|  53|0x0000000085700000, 0x0000000085700000, 0x0000000085800000|  0%| F|  |TAMS 0x0000000085700000, 0x0000000085700000| Untracked 
|  54|0x0000000085800000, 0x0000000085800000, 0x0000000085900000|  0%| F|  |TAMS 0x0000000085800000, 0x0000000085800000| Untracked 
|  55|0x0000000085900000, 0x0000000085900000, 0x0000000085a00000|  0%| F|  |TAMS 0x0000000085900000, 0x0000000085900000| Untracked 
|  56|0x0000000085a00000, 0x0000000085a00000, 0x0000000085b00000|  0%| F|  |TAMS 0x0000000085a00000, 0x0000000085a00000| Untracked 
|  57|0x0000000085b00000, 0x0000000085b00000, 0x0000000085c00000|  0%| F|  |TAMS 0x0000000085b00000, 0x0000000085b00000| Untracked 
|  58|0x0000000085c00000, 0x0000000085c00000, 0x0000000085d00000|  0%| F|  |TAMS 0x0000000085c00000, 0x0000000085c00000| Untracked 
|  59|0x0000000085d00000, 0x0000000085d00000, 0x0000000085e00000|  0%| F|  |TAMS 0x0000000085d00000, 0x0000000085d00000| Untracked 
|  60|0x0000000085e00000, 0x0000000085e00000, 0x0000000085f00000|  0%| F|  |TAMS 0x0000000085e00000, 0x0000000085e00000| Untracked 
|  61|0x0000000085f00000, 0x0000000085f00000, 0x0000000086000000|  0%| F|  |TAMS 0x0000000085f00000, 0x0000000085f00000| Untracked 
|  62|0x0000000086000000, 0x0000000086000000, 0x0000000086100000|  0%| F|  |TAMS 0x0000000086000000, 0x0000000086000000| Untracked 
|  63|0x0000000086100000, 0x0000000086100000, 0x0000000086200000|  0%| F|  |TAMS 0x0000000086100000, 0x0000000086100000| Untracked 
|  64|0x0000000086200000, 0x0000000086200000, 0x0000000086300000|  0%| F|  |TAMS 0x0000000086200000, 0x0000000086200000| Untracked 
|  65|0x0000000086300000, 0x0000000086300000, 0x0000000086400000|  0%| F|  |TAMS 0x0000000086300000, 0x0000000086300000| Untracked 
|  66|0x0000000086400000, 0x0000000086400000, 0x0000000086500000|  0%| F|  |TAMS 0x0000000086400000, 0x0000000086400000| Untracked 
|  67|0x0000000086500000, 0x0000000086500000, 0x0000000086600000|  0%| F|  |TAMS 0x0000000086500000, 0x0000000086500000| Untracked 
|  68|0x0000000086600000, 0x0000000086600000, 0x0000000086700000|  0%| F|  |TAMS 0x0000000086600000, 0x0000000086600000| Untracked 
|  69|0x0000000086700000, 0x0000000086700000, 0x0000000086800000|  0%| F|  |TAMS 0x0000000086700000, 0x0000000086700000| Untracked 
|  70|0x0000000086800000, 0x0000000086800000, 0x0000000086900000|  0%| F|  |TAMS 0x0000000086800000, 0x0000000086800000| Untracked 
|  71|0x0000000086900000, 0x0000000086900000, 0x0000000086a00000|  0%| F|  |TAMS 0x0000000086900000, 0x0000000086900000| Untracked 
|  72|0x0000000086a00000, 0x0000000086a00000, 0x0000000086b00000|  0%| F|  |TAMS 0x0000000086a00000, 0x0000000086a00000| Untracked 
|  73|0x0000000086b00000, 0x0000000086b00000, 0x0000000086c00000|  0%| F|  |TAMS 0x0000000086b00000, 0x0000000086b00000| Untracked 
|  74|0x0000000086c00000, 0x0000000086c00000, 0x0000000086d00000|  0%| F|  |TAMS 0x0000000086c00000, 0x0000000086c00000| Untracked 
|  75|0x0000000086d00000, 0x0000000086d00000, 0x0000000086e00000|  0%| F|  |TAMS 0x0000000086d00000, 0x0000000086d00000| Untracked 
|  76|0x0000000086e00000, 0x0000000086e00000, 0x0000000086f00000|  0%| F|  |TAMS 0x0000000086e00000, 0x0000000086e00000| Untracked 
|  77|0x0000000086f00000, 0x0000000086f00000, 0x0000000087000000|  0%| F|  |TAMS 0x0000000086f00000, 0x0000000086f00000| Untracked 
|  78|0x0000000087000000, 0x0000000087000000, 0x0000000087100000|  0%| F|  |TAMS 0x0000000087000000, 0x0000000087000000| Untracked 
|  79|0x0000000087100000, 0x0000000087100000, 0x0000000087200000|  0%| F|  |TAMS 0x0000000087100000, 0x0000000087100000| Untracked 
|  80|0x0000000087200000, 0x0000000087200000, 0x0000000087300000|  0%| F|  |TAMS 0x0000000087200000, 0x0000000087200000| Untracked 
|  81|0x0000000087300000, 0x0000000087300000, 0x0000000087400000|  0%| F|  |TAMS 0x0000000087300000, 0x0000000087300000| Untracked 
|  82|0x0000000087400000, 0x0000000087400000, 0x0000000087500000|  0%| F|  |TAMS 0x0000000087400000, 0x0000000087400000| Untracked 
|  83|0x0000000087500000, 0x0000000087500000, 0x0000000087600000|  0%| F|  |TAMS 0x0000000087500000, 0x0000000087500000| Untracked 
|  84|0x0000000087600000, 0x0000000087600000, 0x0000000087700000|  0%| F|  |TAMS 0x0000000087600000, 0x0000000087600000| Untracked 
|  85|0x0000000087700000, 0x0000000087700000, 0x0000000087800000|  0%| F|  |TAMS 0x0000000087700000, 0x0000000087700000| Untracked 
|  86|0x0000000087800000, 0x0000000087800000, 0x0000000087900000|  0%| F|  |TAMS 0x0000000087800000, 0x0000000087800000| Untracked 
|  87|0x0000000087900000, 0x000000008794d690, 0x0000000087a00000| 30%| E|  |TAMS 0x0000000087900000, 0x0000000087900000| Complete 
|  88|0x0000000087a00000, 0x0000000087b00000, 0x0000000087b00000|100%| E|CS|TAMS 0x0000000087a00000, 0x0000000087a00000| Complete 
|  89|0x0000000087b00000, 0x0000000087c00000, 0x0000000087c00000|100%| E|CS|TAMS 0x0000000087b00000, 0x0000000087b00000| Complete 
|  90|0x0000000087c00000, 0x0000000087d00000, 0x0000000087d00000|100%| E|CS|TAMS 0x0000000087c00000, 0x0000000087c00000| Complete 
|  91|0x0000000087d00000, 0x0000000087e00000, 0x0000000087e00000|100%| E|CS|TAMS 0x0000000087d00000, 0x0000000087d00000| Complete 
|  92|0x0000000087e00000, 0x0000000087f00000, 0x0000000087f00000|100%| E|CS|TAMS 0x0000000087e00000, 0x0000000087e00000| Complete 
|  93|0x0000000087f00000, 0x0000000088000000, 0x0000000088000000|100%| E|CS|TAMS 0x0000000087f00000, 0x0000000087f00000| Complete 
|  94|0x0000000088000000, 0x0000000088100000, 0x0000000088100000|100%| E|CS|TAMS 0x0000000088000000, 0x0000000088000000| Complete 
|  95|0x0000000088100000, 0x0000000088200000, 0x0000000088200000|100%| E|CS|TAMS 0x0000000088100000, 0x0000000088100000| Complete 
|  96|0x0000000088200000, 0x0000000088300000, 0x0000000088300000|100%| E|CS|TAMS 0x0000000088200000, 0x0000000088200000| Complete 
|  97|0x0000000088300000, 0x0000000088400000, 0x0000000088400000|100%| E|CS|TAMS 0x0000000088300000, 0x0000000088300000| Complete 
|  98|0x0000000088400000, 0x0000000088500000, 0x0000000088500000|100%| E|CS|TAMS 0x0000000088400000, 0x0000000088400000| Complete 
|  99|0x0000000088500000, 0x0000000088600000, 0x0000000088600000|100%| E|CS|TAMS 0x0000000088500000, 0x0000000088500000| Complete 
| 100|0x0000000088600000, 0x0000000088700000, 0x0000000088700000|100%| E|CS|TAMS 0x0000000088600000, 0x0000000088600000| Complete 
| 101|0x0000000088700000, 0x0000000088800000, 0x0000000088800000|100%| E|CS|TAMS 0x0000000088700000, 0x0000000088700000| Complete 
| 102|0x0000000088800000, 0x0000000088900000, 0x0000000088900000|100%| E|CS|TAMS 0x0000000088800000, 0x0000000088800000| Complete 
| 103|0x0000000088900000, 0x0000000088a00000, 0x0000000088a00000|100%| E|CS|TAMS 0x0000000088900000, 0x0000000088900000| Complete 
| 104|0x0000000088a00000, 0x0000000088b00000, 0x0000000088b00000|100%| E|CS|TAMS 0x0000000088a00000, 0x0000000088a00000| Complete 
| 105|0x0000000088b00000, 0x0000000088c00000, 0x0000000088c00000|100%| E|CS|TAMS 0x0000000088b00000, 0x0000000088b00000| Complete 
| 106|0x0000000088c00000, 0x0000000088d00000, 0x0000000088d00000|100%| E|CS|TAMS 0x0000000088c00000, 0x0000000088c00000| Complete 
| 107|0x0000000088d00000, 0x0000000088e00000, 0x0000000088e00000|100%| E|CS|TAMS 0x0000000088d00000, 0x0000000088d00000| Complete 
| 108|0x0000000088e00000, 0x0000000088f00000, 0x0000000088f00000|100%| E|CS|TAMS 0x0000000088e00000, 0x0000000088e00000| Complete 
| 109|0x0000000088f00000, 0x0000000089000000, 0x0000000089000000|100%| E|  |TAMS 0x0000000088f00000, 0x0000000088f00000| Complete 
| 110|0x0000000089000000, 0x0000000089100000, 0x0000000089100000|100%| E|CS|TAMS 0x0000000089000000, 0x0000000089000000| Complete 
| 111|0x0000000089100000, 0x0000000089200000, 0x0000000089200000|100%| E|CS|TAMS 0x0000000089100000, 0x0000000089100000| Complete 
| 112|0x0000000089200000, 0x0000000089300000, 0x0000000089300000|100%| E|CS|TAMS 0x0000000089200000, 0x0000000089200000| Complete 
| 113|0x0000000089300000, 0x0000000089400000, 0x0000000089400000|100%| E|CS|TAMS 0x0000000089300000, 0x0000000089300000| Complete 
| 114|0x0000000089400000, 0x0000000089500000, 0x0000000089500000|100%| E|CS|TAMS 0x0000000089400000, 0x0000000089400000| Complete 
| 115|0x0000000089500000, 0x0000000089600000, 0x0000000089600000|100%| E|CS|TAMS 0x0000000089500000, 0x0000000089500000| Complete 
| 116|0x0000000089600000, 0x0000000089700000, 0x0000000089700000|100%| E|CS|TAMS 0x0000000089600000, 0x0000000089600000| Complete 
| 117|0x0000000089700000, 0x0000000089800000, 0x0000000089800000|100%| E|CS|TAMS 0x0000000089700000, 0x0000000089700000| Complete 
| 118|0x0000000089800000, 0x0000000089900000, 0x0000000089900000|100%| E|CS|TAMS 0x0000000089800000, 0x0000000089800000| Complete 
| 119|0x0000000089900000, 0x0000000089a00000, 0x0000000089a00000|100%| E|CS|TAMS 0x0000000089900000, 0x0000000089900000| Complete 
| 120|0x0000000089a00000, 0x0000000089b00000, 0x0000000089b00000|100%| E|CS|TAMS 0x0000000089a00000, 0x0000000089a00000| Complete 
| 121|0x0000000089b00000, 0x0000000089c00000, 0x0000000089c00000|100%| E|CS|TAMS 0x0000000089b00000, 0x0000000089b00000| Complete 
| 122|0x0000000089c00000, 0x0000000089d00000, 0x0000000089d00000|100%| E|CS|TAMS 0x0000000089c00000, 0x0000000089c00000| Complete 
| 123|0x0000000089d00000, 0x0000000089e00000, 0x0000000089e00000|100%| E|CS|TAMS 0x0000000089d00000, 0x0000000089d00000| Complete 
| 124|0x0000000089e00000, 0x0000000089f00000, 0x0000000089f00000|100%| E|CS|TAMS 0x0000000089e00000, 0x0000000089e00000| Complete 
| 125|0x0000000089f00000, 0x000000008a000000, 0x000000008a000000|100%| E|CS|TAMS 0x0000000089f00000, 0x0000000089f00000| Complete 

Card table byte_map: [0x0000022698740000,0x0000022698b30000] _byte_map_base: 0x000002269832f000

Marking Bits (Prev, Next): (CMBitMap*) 0x000002268daf8b80, (CMBitMap*) 0x000002268daf8bc0
 Prev Bits: [0x0000022698f20000, 0x000002269ae98000)
 Next Bits: [0x000002269aea0000, 0x000002269ce18000)

Polling page: 0x000002268d270000

Metaspace:

Usage:
  Non-class:     16.93 MB used.
      Class:      2.53 MB used.
       Both:     19.46 MB used.

Virtual space:
  Non-class space:       64.00 MB reserved,      17.06 MB ( 27%) committed,  1 nodes.
      Class space:        1.00 GB reserved,       2.69 MB ( <1%) committed,  1 nodes.
             Both:        1.06 GB reserved,      19.75 MB (  2%) committed. 

Chunk freelists:
   Non-Class:  14.89 MB
       Class:  13.34 MB
        Both:  28.23 MB

MaxMetaspaceSize: unlimited
CompressedClassSpaceSize: 1.00 GB
Initial GC threshold: 21.00 MB
Current GC threshold: 21.00 MB
CDS: on
MetaspaceReclaimPolicy: balanced
 - commit_granule_bytes: 65536.
 - commit_granule_words: 8192.
 - virtual_space_node_default_size: 8388608.
 - enlarge_chunks_in_place: 1.
 - new_chunks_are_fully_committed: 0.
 - uncommit_free_chunks: 1.
 - use_allocation_guard: 0.
 - handle_deallocations: 1.


Internal statistics:

num_allocs_failed_limit: 0.
num_arena_births: 308.
num_arena_deaths: 0.
num_vsnodes_births: 2.
num_vsnodes_deaths: 0.
num_space_committed: 316.
num_space_uncommitted: 0.
num_chunks_returned_to_freelist: 0.
num_chunks_taken_from_freelist: 875.
num_chunk_merges: 0.
num_chunk_splits: 588.
num_chunks_enlarged: 440.
num_inconsistent_stats: 0.

CodeCache: size=49152Kb used=5453Kb max_used=5926Kb free=43698Kb
 bounds [0x0000022695350000, 0x0000022695980000, 0x0000022698350000]
 total_blobs=3012 nmethods=2504 adapters=435
 compilation: enabled
              stopped_count=0, restarted_count=0
 full_count=0

Compilation events (20 events):
Event: 143.936 Thread 0x000002269f1b5730 2499       1       jdk.internal.org.objectweb.asm.ClassReader::readUtf (44 bytes)
Event: 143.937 Thread 0x000002269f1b5730 nmethod 2499 0x0000022695889410 code [0x00000226958895c0, 0x00000226958898a8]
Event: 143.937 Thread 0x000002269f1b5730 2500       1       jdk.internal.org.objectweb.asm.Type::getObjectType (31 bytes)
Event: 143.938 Thread 0x000002269f1b5730 nmethod 2500 0x0000022695888c90 code [0x0000022695888e60, 0x0000022695889158]
Event: 145.135 Thread 0x000002269f1b5730 2501       1       org.eclipse.jdt.launching.internal.org.objectweb.asm.SymbolTable::addConstantLongOrDouble (109 bytes)
Event: 145.137 Thread 0x000002269f1b5730 nmethod 2501 0x0000022695888210 code [0x00000226958883e0, 0x0000022695888718]
Event: 145.581 Thread 0x000002269f1b5730 2502       1       java.util.concurrent.ConcurrentHashMap$EntryIterator::next (5 bytes)
Event: 145.581 Thread 0x000002269f1b5730 nmethod 2502 0x0000022695887c10 code [0x0000022695887da0, 0x0000022695887e88]
Event: 145.581 Thread 0x000002269f1b5730 2503       1       java.util.concurrent.ConcurrentHashMap$EntryIterator::next (51 bytes)
Event: 145.582 Thread 0x000002269f1b5730 nmethod 2503 0x0000022695887510 code [0x00000226958876e0, 0x0000022695887a78]
Event: 145.582 Thread 0x000002269f1b5730 2504       1       java.util.concurrent.ConcurrentHashMap$MapEntry::<init> (20 bytes)
Event: 145.582 Thread 0x000002269f1b5730 nmethod 2504 0x0000022695887110 code [0x00000226958872a0, 0x0000022695887478]
Event: 145.584 Thread 0x000002269f1b5730 2505       1       java.util.Calendar::internalSet (8 bytes)
Event: 145.585 Thread 0x000002269f1b5730 nmethod 2505 0x0000022695886d90 code [0x0000022695886f20, 0x0000022695887018]
Event: 145.601 Thread 0x000002269f1b5730 2506       1       java.lang.System::checkKey (34 bytes)
Event: 145.602 Thread 0x000002269f1b5730 nmethod 2506 0x0000022695886810 code [0x00000226958869e0, 0x0000022695886c18]
Event: 145.604 Thread 0x000002269f1b5730 2507       1       java.security.Provider$Service::getClassName (5 bytes)
Event: 145.605 Thread 0x000002269f1b5730 nmethod 2507 0x0000022695886510 code [0x00000226958866a0, 0x0000022695886778]
Event: 145.985 Thread 0x000002269f1b5730 2508       1       java.security.Provider::checkInitialized (16 bytes)
Event: 145.985 Thread 0x000002269f1b5730 nmethod 2508 0x0000022695886110 code [0x00000226958862c0, 0x0000022695886428]

GC Heap History (8 events):
Event: 82.670 GC heap before
{Heap before GC invocations=0 (full 0):
 garbage-first heap   total 129024K, used 13312K [0x0000000082200000, 0x0000000100000000)
  region size 1024K, 13 young (13312K), 0 survivors (0K)
 Metaspace       used 4732K, committed 4928K, reserved 1114112K
  class space    used 538K, committed 640K, reserved 1048576K
}
Event: 82.937 GC heap after
{Heap after GC invocations=1 (full 0):
 garbage-first heap   total 129024K, used 6455K [0x0000000082200000, 0x0000000100000000)
  region size 1024K, 2 young (2048K), 2 survivors (2048K)
 Metaspace       used 4732K, committed 4928K, reserved 1114112K
  class space    used 538K, committed 640K, reserved 1048576K
}
Event: 95.704 GC heap before
{Heap before GC invocations=1 (full 0):
 garbage-first heap   total 129024K, used 17719K [0x0000000082200000, 0x0000000100000000)
  region size 1024K, 13 young (13312K), 2 survivors (2048K)
 Metaspace       used 7280K, committed 7424K, reserved 1114112K
  class space    used 846K, committed 896K, reserved 1048576K
}
Event: 95.708 GC heap after
{Heap after GC invocations=2 (full 0):
 garbage-first heap   total 129024K, used 7475K [0x0000000082200000, 0x0000000100000000)
  region size 1024K, 1 young (1024K), 1 survivors (1024K)
 Metaspace       used 7280K, committed 7424K, reserved 1114112K
  class space    used 846K, committed 896K, reserved 1048576K
}
Event: 110.785 GC heap before
{Heap before GC invocations=2 (full 0):
 garbage-first heap   total 129024K, used 32051K [0x0000000082200000, 0x0000000100000000)
  region size 1024K, 26 young (26624K), 1 survivors (1024K)
 Metaspace       used 9766K, committed 9984K, reserved 1114112K
  class space    used 1202K, committed 1280K, reserved 1048576K
}
Event: 110.788 GC heap after
{Heap after GC invocations=3 (full 0):
 garbage-first heap   total 129024K, used 8279K [0x0000000082200000, 0x0000000100000000)
  region size 1024K, 2 young (2048K), 2 survivors (2048K)
 Metaspace       used 9766K, committed 9984K, reserved 1114112K
  class space    used 1202K, committed 1280K, reserved 1048576K
}
Event: 131.965 GC heap before
{Heap before GC invocations=3 (full 0):
 garbage-first heap   total 129024K, used 82007K [0x0000000082200000, 0x0000000100000000)
  region size 1024K, 75 young (76800K), 2 survivors (2048K)
 Metaspace       used 16543K, committed 16768K, reserved 1114112K
  class space    used 2145K, committed 2240K, reserved 1048576K
}
Event: 131.977 GC heap after
{Heap after GC invocations=4 (full 0):
 garbage-first heap   total 129024K, used 10812K [0x0000000082200000, 0x0000000100000000)
  region size 1024K, 5 young (5120K), 5 survivors (5120K)
 Metaspace       used 16543K, committed 16768K, reserved 1114112K
  class space    used 2145K, committed 2240K, reserved 1048576K
}

Deoptimization events (20 events):
Event: 132.545 Thread 0x000002269f6a7500 DEOPT PACKING pc=0x000002269567917c sp=0x00000033f43fd410
Event: 132.545 Thread 0x000002269f6a7500 DEOPT UNPACKING pc=0x00000226953a2b43 sp=0x00000033f43fc8c8 mode 1
Event: 132.545 Thread 0x000002269f6a7500 DEOPT PACKING pc=0x000002269561f054 sp=0x00000033f43fdda0
Event: 132.545 Thread 0x000002269f6a7500 DEOPT UNPACKING pc=0x00000226953a2b43 sp=0x00000033f43fd290 mode 1
Event: 145.107 Thread 0x000002269f6a8430 DEOPT PACKING pc=0x000002269567965c sp=0x00000033f1ffe5f0
Event: 145.107 Thread 0x000002269f6a8430 DEOPT UNPACKING pc=0x00000226953a2b43 sp=0x00000033f1ffda88 mode 1
Event: 145.107 Thread 0x000002269f6a8430 DEOPT PACKING pc=0x000002269567917c sp=0x00000033f1ffe6c0
Event: 145.107 Thread 0x000002269f6a8430 DEOPT UNPACKING pc=0x00000226953a2b43 sp=0x00000033f1ffdb78 mode 1
Event: 145.576 Thread 0x000002269f6a8430 DEOPT PACKING pc=0x000002269567965c sp=0x00000033f1ffdee0
Event: 145.576 Thread 0x000002269f6a8430 DEOPT UNPACKING pc=0x00000226953a2b43 sp=0x00000033f1ffd378 mode 1
Event: 145.576 Thread 0x000002269f6a8430 DEOPT PACKING pc=0x000002269567917c sp=0x00000033f1ffdfb0
Event: 145.576 Thread 0x000002269f6a8430 DEOPT UNPACKING pc=0x00000226953a2b43 sp=0x00000033f1ffd468 mode 1
Event: 145.578 Thread 0x000002269f6a8430 DEOPT PACKING pc=0x000002269567965c sp=0x00000033f1ffe240
Event: 145.578 Thread 0x000002269f6a8430 DEOPT UNPACKING pc=0x00000226953a2b43 sp=0x00000033f1ffd6d8 mode 1
Event: 145.578 Thread 0x000002269f6a8430 DEOPT PACKING pc=0x000002269567917c sp=0x00000033f1ffe310
Event: 145.578 Thread 0x000002269f6a8430 DEOPT UNPACKING pc=0x00000226953a2b43 sp=0x00000033f1ffd7c8 mode 1
Event: 145.586 Thread 0x000002269f6a8430 DEOPT PACKING pc=0x000002269567965c sp=0x00000033f1ffe3f0
Event: 145.586 Thread 0x000002269f6a8430 DEOPT UNPACKING pc=0x00000226953a2b43 sp=0x00000033f1ffd888 mode 1
Event: 145.586 Thread 0x000002269f6a8430 DEOPT PACKING pc=0x000002269567917c sp=0x00000033f1ffe4c0
Event: 145.586 Thread 0x000002269f6a8430 DEOPT UNPACKING pc=0x00000226953a2b43 sp=0x00000033f1ffd978 mode 1

Classes unloaded (0 events):
No events

Classes redefined (0 events):
No events

Internal exceptions (20 events):
Event: 122.638 Thread 0x000002269f6a7500 Exception <a 'java/lang/NoSuchMethodError'{0x0000000087f4bcd8}: 'void java.lang.invoke.DirectMethodHandle$Holder.invokeSpecial(java.lang.Object, java.lang.Object, java.lang.Object)'> (0x0000000087f4bcd8) 
thrown [s\open\src\hotspot\share\interpreter\linkResolver.cpp, line 759]
Event: 122.649 Thread 0x000002269f6a7500 Exception <a 'java/lang/IncompatibleClassChangeError'{0x0000000087f90b80}: Found class java.lang.Object, but interface was expected> (0x0000000087f90b80) 
thrown [s\open\src\hotspot\share\interpreter\linkResolver.cpp, line 826]
Event: 123.187 Thread 0x000002269f6a8430 Exception <a 'java/lang/NoClassDefFoundError'{0x0000000087e1ef20}: jakarta/validation/Validation> (0x0000000087e1ef20) 
thrown [s\open\src\hotspot\share\classfile\systemDictionary.cpp, line 245]
Event: 124.012 Thread 0x00000226e54e8d40 Exception <a 'java/lang/reflect/InvocationTargetException'{0x000000008799cd80}> (0x000000008799cd80) 
thrown [s\open\src\hotspot\share\runtime\reflection.cpp, line 1121]
Event: 132.553 Thread 0x000002269f6a7500 Exception <a 'sun/nio/fs/WindowsException'{0x0000000089b27b08}> (0x0000000089b27b08) 
thrown [s\open\src\hotspot\share\prims\jni.cpp, line 516]
Event: 132.554 Thread 0x000002269f6a7500 Exception <a 'java/lang/NoSuchMethodError'{0x0000000089b29338}: 'int java.lang.invoke.DirectMethodHandle$Holder.invokeSpecial(java.lang.Object, java.lang.Object, java.lang.Object, java.lang.Object, java.lang.Object)'> (0x0000000089b29338) 
thrown [s\open\src\hotspot\share\interpreter\linkResolver.cpp, line 759]
Event: 132.557 Thread 0x000002269f6a7500 Exception <a 'java/lang/NoSuchMethodError'{0x0000000089b36100}: 'void java.lang.invoke.DirectMethodHandle$Holder.invokeVirtual(java.lang.Object, java.lang.Object)'> (0x0000000089b36100) 
thrown [s\open\src\hotspot\share\interpreter\linkResolver.cpp, line 759]
Event: 133.433 Thread 0x000002269f6a7500 Exception <a 'sun/nio/fs/WindowsException'{0x00000000892cf670}> (0x00000000892cf670) 
thrown [s\open\src\hotspot\share\prims\jni.cpp, line 516]
Event: 135.414 Thread 0x00000226e54e8d40 Exception <a 'java/lang/reflect/InvocationTargetException'{0x0000000088af6df8}> (0x0000000088af6df8) 
thrown [s\open\src\hotspot\share\runtime\reflection.cpp, line 1121]
Event: 137.485 Thread 0x00000226e54e8d40 Exception <a 'java/lang/reflect/InvocationTargetException'{0x0000000088afa758}> (0x0000000088afa758) 
thrown [s\open\src\hotspot\share\runtime\reflection.cpp, line 1121]
Event: 138.470 Thread 0x00000226e54e8d40 Exception <a 'java/lang/reflect/InvocationTargetException'{0x0000000088afde68}> (0x0000000088afde68) 
thrown [s\open\src\hotspot\share\runtime\reflection.cpp, line 1121]
Event: 140.005 Thread 0x00000226e54e8d40 Exception <a 'java/lang/reflect/InvocationTargetException'{0x0000000088301660}> (0x0000000088301660) 
thrown [s\open\src\hotspot\share\runtime\reflection.cpp, line 1121]
Event: 140.989 Thread 0x00000226e54e8d40 Exception <a 'java/lang/reflect/InvocationTargetException'{0x0000000088304d70}> (0x0000000088304d70) 
thrown [s\open\src\hotspot\share\runtime\reflection.cpp, line 1121]
Event: 142.068 Thread 0x00000226e54e8d40 Exception <a 'java/lang/reflect/InvocationTargetException'{0x0000000088308480}> (0x0000000088308480) 
thrown [s\open\src\hotspot\share\runtime\reflection.cpp, line 1121]
Event: 142.781 Thread 0x000002269f6a8430 Exception <a 'java/lang/NoSuchMethodError'{0x0000000087e37ae0}: 'long java.lang.invoke.DirectMethodHandle$Holder.invokeSpecial(java.lang.Object, java.lang.Object)'> (0x0000000087e37ae0) 
thrown [s\open\src\hotspot\share\interpreter\linkResolver.cpp, line 759]
Event: 142.785 Thread 0x000002269f6a8430 Exception <a 'java/lang/NoSuchMethodError'{0x0000000087e42930}: 'long java.lang.invoke.DirectMethodHandle$Holder.invokeStatic(java.lang.Object, java.lang.Object)'> (0x0000000087e42930) 
thrown [s\open\src\hotspot\share\interpreter\linkResolver.cpp, line 759]
Event: 142.786 Thread 0x000002269f6a8430 Exception <a 'java/lang/NoSuchMethodError'{0x0000000087e45f30}: 'long java.lang.invoke.DirectMethodHandle$Holder.invokeStaticInit(java.lang.Object, java.lang.Object)'> (0x0000000087e45f30) 
thrown [s\open\src\hotspot\share\interpreter\linkResolver.cpp, line 759]
Event: 143.285 Thread 0x000002269f6a8430 Exception <a 'java/lang/NoSuchMethodError'{0x0000000087e53a70}: 'long java.lang.invoke.DirectMethodHandle$Holder.invokeInterface(java.lang.Object, java.lang.Object)'> (0x0000000087e53a70) 
thrown [s\open\src\hotspot\share\interpreter\linkResolver.cpp, line 759]
Event: 143.285 Thread 0x000002269f6a8430 Exception <a 'java/lang/IncompatibleClassChangeError'{0x0000000087e57000}: Found class java.lang.Object, but interface was expected> (0x0000000087e57000) 
thrown [s\open\src\hotspot\share\interpreter\linkResolver.cpp, line 826]
Event: 143.311 Thread 0x000002269f6a8430 Exception <a 'java/lang/NoSuchMethodError'{0x0000000087db15b8}: 'java.lang.Object java.lang.invoke.DirectMethodHandle$Holder.invokeVirtual(java.lang.Object, java.lang.Object, java.lang.Object, java.lang.Object)'> (0x0000000087db15b8) 
thrown [s\open\src\hotspot\share\interpreter\linkResolver.cpp, line 759]

VM Operations (20 events):
Event: 130.793 Executing VM operation: HandshakeAllThreads
Event: 130.939 Executing VM operation: HandshakeAllThreads done
Event: 131.939 Executing VM operation: Cleanup
Event: 131.958 Executing VM operation: Cleanup done
Event: 131.965 Executing VM operation: G1CollectForAllocation
Event: 131.977 Executing VM operation: G1CollectForAllocation done
Event: 132.014 Executing VM operation: HandshakeAllThreads
Event: 132.014 Executing VM operation: HandshakeAllThreads done
Event: 133.014 Executing VM operation: Cleanup
Event: 133.420 Executing VM operation: Cleanup done
Event: 134.420 Executing VM operation: Cleanup
Event: 134.912 Executing VM operation: Cleanup done
Event: 135.913 Executing VM operation: Cleanup
Event: 135.913 Executing VM operation: Cleanup done
Event: 142.928 Executing VM operation: Cleanup
Event: 143.282 Executing VM operation: Cleanup done
Event: 144.282 Executing VM operation: Cleanup
Event: 144.506 Executing VM operation: Cleanup done
Event: 145.507 Executing VM operation: Cleanup
Event: 145.570 Executing VM operation: Cleanup done

Events (20 events):
Event: 145.115 loading class sun/util/PropertyResourceBundleCharset done
Event: 145.116 loading class sun/util/PropertyResourceBundleCharset$PropertiesFileDecoder
Event: 145.116 loading class sun/util/PropertyResourceBundleCharset$PropertiesFileDecoder done
Event: 145.568 loading class javax/security/auth/login/LoginException
Event: 145.568 loading class javax/security/auth/login/LoginException done
Event: 145.590 loading class java/security/NoSuchAlgorithmException
Event: 145.590 loading class java/security/NoSuchAlgorithmException done
Event: 145.590 loading class java/security/NoSuchProviderException
Event: 145.590 loading class java/security/NoSuchProviderException done
Event: 145.592 loading class sun/security/jca/ProviderConfig$3
Event: 145.593 loading class sun/security/jca/ProviderConfig$3 done
Event: 145.593 loading class sun/security/jca/ProviderConfig$ProviderLoader
Event: 145.595 loading class sun/security/jca/ProviderConfig$ProviderLoader done
Event: 145.599 loading class java/security/ProviderException
Event: 145.599 loading class java/security/ProviderException done
Event: 145.603 loading class java/security/InvalidParameterException
Event: 145.604 loading class java/security/InvalidParameterException done
Event: 145.988 loading class sun/security/ssl/SunJSSE
Event: 146.005 loading class sun/security/ssl/SunJSSE done
Event: 146.005 loading class com/sun/crypto/provider/SunJCE


Dynamic libraries:
0x00007ff6d7f40000 - 0x00007ff6d7f50000 	C:\Program Files\Java\jdk-17\bin\javaw.exe
0x00007ff8c2b10000 - 0x00007ff8c2d08000 	C:\Windows\SYSTEM32\ntdll.dll
0x00007ff8c0dd0000 - 0x00007ff8c0e8f000 	C:\Windows\System32\KERNEL32.DLL
0x00007ff8c0580000 - 0x00007ff8c0852000 	C:\Windows\System32\KERNELBASE.dll
0x00007ff8c03c0000 - 0x00007ff8c04c0000 	C:\Windows\System32\ucrtbase.dll
0x00007ff8b73f0000 - 0x00007ff8b7409000 	C:\Program Files\Java\jdk-17\bin\jli.dll
0x00007ff8c0e90000 - 0x00007ff8c0f3e000 	C:\Windows\System32\ADVAPI32.dll
0x00007ff8c0c20000 - 0x00007ff8c0cbe000 	C:\Windows\System32\msvcrt.dll
0x00007ff8c1040000 - 0x00007ff8c10dc000 	C:\Windows\System32\sechost.dll
0x00007ff8c2050000 - 0x00007ff8c2175000 	C:\Windows\System32\RPCRT4.dll
0x00007ff8c1b70000 - 0x00007ff8c1d11000 	C:\Windows\System32\USER32.dll
0x00007ff8c0200000 - 0x00007ff8c0222000 	C:\Windows\System32\win32u.dll
0x00007ff8c2180000 - 0x00007ff8c21ab000 	C:\Windows\System32\GDI32.dll
0x00007ff8c0860000 - 0x00007ff8c096f000 	C:\Windows\System32\gdi32full.dll
0x00007ff8c0970000 - 0x00007ff8c0a0d000 	C:\Windows\System32\msvcp_win.dll
0x00007ff8a4eb0000 - 0x00007ff8a4ecb000 	C:\Program Files\Java\jdk-17\bin\VCRUNTIME140.dll
0x00007ff8b1950000 - 0x00007ff8b1bea000 	C:\Windows\WinSxS\amd64_microsoft.windows.common-controls_6595b64144ccf1df_6.0.19041.1110_none_60b5254171f9507e\COMCTL32.dll
0x00007ff8b6b00000 - 0x00007ff8b6b0a000 	C:\Windows\SYSTEM32\VERSION.dll
0x00007ff8c2a90000 - 0x00007ff8c2ac2000 	C:\Windows\System32\IMM32.DLL
0x00007ff8b5a30000 - 0x00007ff8b5a3c000 	C:\Program Files\Java\jdk-17\bin\vcruntime140_1.dll
0x00007ff889850000 - 0x00007ff8898de000 	C:\Program Files\Java\jdk-17\bin\msvcp140.dll
0x00007ff85b8a0000 - 0x00007ff85c47f000 	C:\Program Files\Java\jdk-17\bin\server\jvm.dll
0x00007ff8c0f40000 - 0x00007ff8c0f48000 	C:\Windows\System32\PSAPI.DLL
0x00007ff8b3d30000 - 0x00007ff8b3d39000 	C:\Windows\SYSTEM32\WSOCK32.dll
0x00007ff8c0fd0000 - 0x00007ff8c103b000 	C:\Windows\System32\WS2_32.dll
0x00007ff8b18b0000 - 0x00007ff8b18d7000 	C:\Windows\SYSTEM32\WINMM.dll
0x00007ff8bed00000 - 0x00007ff8bed12000 	C:\Windows\SYSTEM32\kernel.appcore.dll
0x00007ff8b3a00000 - 0x00007ff8b3a0a000 	C:\Program Files\Java\jdk-17\bin\jimage.dll
0x00007ff8baf70000 - 0x00007ff8bb154000 	C:\Windows\SYSTEM32\DBGHELP.DLL
0x00007ff8b5b70000 - 0x00007ff8b5ba5000 	C:\Windows\SYSTEM32\dbgcore.DLL
0x00007ff8c0a10000 - 0x00007ff8c0a92000 	C:\Windows\System32\bcryptPrimitives.dll
0x00007ff8b3450000 - 0x00007ff8b348b000 	C:\Program Files\Java\jdk-17\bin\jdwp.dll
0x00007ff8b7410000 - 0x00007ff8b741e000 	C:\Program Files\Java\jdk-17\bin\instrument.dll
0x00007ff88f8c0000 - 0x00007ff88f8e5000 	C:\Program Files\Java\jdk-17\bin\java.dll
0x00007ff86d060000 - 0x00007ff86d137000 	C:\Program Files\Java\jdk-17\bin\jsvml.dll
0x00007ff8c2340000 - 0x00007ff8c2a84000 	C:\Windows\System32\SHELL32.dll
0x00007ff8bb160000 - 0x00007ff8bb8f2000 	C:\Windows\SYSTEM32\windows.storage.dll
0x00007ff8c12e0000 - 0x00007ff8c1635000 	C:\Windows\System32\combase.dll
0x00007ff8bfc60000 - 0x00007ff8bfc90000 	C:\Windows\SYSTEM32\Wldp.dll
0x00007ff8c0d20000 - 0x00007ff8c0dcd000 	C:\Windows\System32\SHCORE.dll
0x00007ff8c10e0000 - 0x00007ff8c1135000 	C:\Windows\System32\shlwapi.dll
0x00007ff8c0140000 - 0x00007ff8c015f000 	C:\Windows\SYSTEM32\profapi.dll
0x00007ff8b7280000 - 0x00007ff8b728c000 	C:\Program Files\Java\jdk-17\bin\dt_socket.dll
0x00007ff8bf660000 - 0x00007ff8bf69b000 	C:\Windows\SYSTEM32\IPHLPAPI.DLL
0x00007ff8bf9c0000 - 0x00007ff8bfa2a000 	C:\Windows\system32\mswsock.dll
0x00007ff8bf6a0000 - 0x00007ff8bf76a000 	C:\Windows\SYSTEM32\DNSAPI.dll
0x00007ff8c1b60000 - 0x00007ff8c1b68000 	C:\Windows\System32\NSI.dll
0x000000005fb30000 - 0x000000005fb56000 	C:\Program Files\Bonjour\mdnsNSP.dll
0x00007ff8b5fe0000 - 0x00007ff8b5fea000 	C:\Windows\System32\rasadhlp.dll
0x00007ff8b2390000 - 0x00007ff8b2410000 	C:\Windows\System32\fwpuclnt.dll
0x00007ff8c0230000 - 0x00007ff8c0257000 	C:\Windows\System32\bcrypt.dll
0x00007ff88cd20000 - 0x00007ff88cd38000 	C:\Program Files\Java\jdk-17\bin\zip.dll
0x00007ff89a080000 - 0x00007ff89a099000 	C:\Program Files\Java\jdk-17\bin\net.dll
0x00007ff8b3be0000 - 0x00007ff8b3cec000 	C:\Windows\SYSTEM32\WINHTTP.dll
0x00007ff88f250000 - 0x00007ff88f266000 	C:\Program Files\Java\jdk-17\bin\nio.dll
0x00007ff8b5610000 - 0x00007ff8b561a000 	C:\Program Files\Java\jdk-17\bin\management.dll
0x00007ff8b4730000 - 0x00007ff8b473b000 	C:\Program Files\Java\jdk-17\bin\management_ext.dll
0x00007ff8a08e0000 - 0x00007ff8a08f7000 	C:\Windows\system32\napinsp.dll
0x00007ff8a0710000 - 0x00007ff8a072b000 	C:\Windows\system32\pnrpnsp.dll
0x00007ff8b9670000 - 0x00007ff8b9685000 	C:\Windows\system32\wshbth.dll
0x00007ff8b6a30000 - 0x00007ff8b6a4d000 	C:\Windows\system32\NLAapi.dll
0x00007ff8a0570000 - 0x00007ff8a0582000 	C:\Windows\System32\winrnr.dll
0x00007ff8bfbb0000 - 0x00007ff8bfbc8000 	C:\Windows\SYSTEM32\CRYPTSP.dll
0x00007ff8bf270000 - 0x00007ff8bf2a4000 	C:\Windows\system32\rsaenh.dll
0x00007ff8c00c0000 - 0x00007ff8c00ee000 	C:\Windows\SYSTEM32\USERENV.dll
0x00007ff8bfbd0000 - 0x00007ff8bfbdc000 	C:\Windows\SYSTEM32\CRYPTBASE.dll
0x00007ff8b4d00000 - 0x00007ff8b4d17000 	C:\Windows\SYSTEM32\dhcpcsvc6.DLL
0x00007ff8b5db0000 - 0x00007ff8b5dcd000 	C:\Windows\SYSTEM32\dhcpcsvc.DLL
0x00007ff8ade60000 - 0x00007ff8ade70000 	C:\Program Files\Java\jdk-17\bin\verify.dll

dbghelp: loaded successfully - version: 4.0.5 - missing functions: none
symbol engine: initialized successfully - sym options: 0x614 - pdb path: .;C:\Program Files\Java\jdk-17\bin;C:\Windows\SYSTEM32;C:\Windows\WinSxS\amd64_microsoft.windows.common-controls_6595b64144ccf1df_6.0.19041.1110_none_60b5254171f9507e;C:\Program Files\Java\jdk-17\bin\server;C:\Program Files\Bonjour

VM Arguments:
jvm_args: -XX:+ShowCodeDetailsInExceptionMessages -agentlib:jdwp=transport=dt_socket,suspend=y,address=localhost:53954 -Dcom.sun.management.jmxremote -Dcom.sun.management.jmxremote.port=53869 -Dcom.sun.management.jmxremote.authenticate=false -Dcom.sun.management.jmxremote.ssl=false -Djava.rmi.server.hostname=localhost -Dspring.jmx.enabled=true -Dmanagement.endpoints.jmx.exposure.include=* -Dspring.application.admin.enabled=true -XX:TieredStopAtLevel=1 -Dspring.boot.project.name=Project-ClassControl -javaagent:C:\Users\DELL\eclipse\jee-2023-122\eclipse\configuration\org.eclipse.osgi\1242\0\.cp\lib\javaagent-shaded.jar -Dfile.encoding=UTF-8 -Dstdout.encoding=UTF-8 -Dstderr.encoding=UTF-8 
java_command: com.example.projectclasscontrol.ProjectClassControlApplication --spring.output.ansi.enabled=always
java_class_path (initial): C:\Pratik\J38 Project\Assignment-Tracking-Web-Application-Eclipse-IDE\project\Project-ClassControl\target\classes;C:\Users\DELL\.m2\repository\org\springframework\boot\spring-boot-starter-data-jdbc\3.2.5\spring-boot-starter-data-jdbc-3.2.5.jar;C:\Users\DELL\.m2\repository\org\springframework\data\spring-data-jdbc\3.2.5\spring-data-jdbc-3.2.5.jar;C:\Users\DELL\.m2\repository\org\springframework\data\spring-data-relational\3.2.5\spring-data-relational-3.2.5.jar;C:\Users\DELL\.m2\repository\com\github\jsqlparser\jsqlparser\4.6\jsqlparser-4.6.jar;C:\Users\DELL\.m2\repository\org\springframework\data\spring-data-commons\3.2.5\spring-data-commons-3.2.5.jar;C:\Users\DELL\.m2\repository\org\springframework\spring-tx\6.1.6\spring-tx-6.1.6.jar;C:\Users\DELL\.m2\repository\org\springframework\spring-context\6.1.6\spring-context-6.1.6.jar;C:\Users\DELL\.m2\repository\org\springframework\spring-beans\6.1.6\spring-beans-6.1.6.jar;C:\Users\DELL\.m2\repository\org\slf4j\slf4j-api\2.0.13\slf4j-api-2.0.13.jar;C:\Users\DELL\.m2\repository\org\springframework\boot\spring-boot-starter-data-jpa\3.2.5\spring-boot-starter-data-jpa-3.2.5.jar;C:\Users\DELL\.m2\repository\org\springframework\boot\spring-boot-starter-aop\3.2.5\spring-boot-starter-aop-3.2.5.jar;C:\Users\DELL\.m2\repository\org\springframework\spring-aop\6.1.6\spring-aop-6.1.6.jar;C:\Users\DELL\.m2\repository\org\aspectj\aspectjweaver\1.9.22\aspectjweaver-1.9.22.jar;C:\Users\DELL\.m2\repository\org\hibernate\orm\hibernate-core\6.4.4.Final\hibernate-core-6.4.4.Final.jar;C:\Users\DELL\.m2\repository\jakarta\persistence\jakarta.persistence-api\3.1.0\jakarta.persistence-api-3.1.0.jar;C:\Users\DELL\.m2\repository\jakarta\transaction\jakarta.transaction-api\2.0.1\jakarta.transaction-api-2.0.1.jar;C:\Users\DELL\.m2\repository\org\jboss\logging\jboss-logging\3.5.3.Final\jboss-logging-3.5.3.Final.jar;C:\Users\DELL\.m2\repository\org\hibernate\common\hibernate-commons-annotations\6.0.6.Final\hibernate-commons-
Launcher Type: SUN_STANDARD

[Global flags]
     intx CICompilerCount                          = 3                                         {product} {ergonomic}
     uint ConcGCThreads                            = 1                                         {product} {ergonomic}
     uint G1ConcRefinementThreads                  = 4                                         {product} {ergonomic}
   size_t G1HeapRegionSize                         = 1048576                                   {product} {ergonomic}
    uintx GCDrainStackTargetSize                   = 64                                        {product} {ergonomic}
   size_t InitialHeapSize                          = 132120576                                 {product} {ergonomic}
     bool ManagementServer                         = true                                      {product} {command line}
   size_t MarkStackSize                            = 4194304                                   {product} {ergonomic}
   size_t MaxHeapSize                              = 2111832064                                {product} {ergonomic}
   size_t MaxNewSize                               = 1266679808                                {product} {ergonomic}
   size_t MinHeapDeltaBytes                        = 1048576                                   {product} {ergonomic}
   size_t MinHeapSize                              = 8388608                                   {product} {ergonomic}
    uintx NonProfiledCodeHeapSize                  = 0                                      {pd product} {ergonomic}
     bool ProfileInterpreter                       = false                                  {pd product} {command line}
    uintx ProfiledCodeHeapSize                     = 0                                      {pd product} {ergonomic}
     bool ShowCodeDetailsInExceptionMessages       = true                                   {manageable} {command line}
   size_t SoftMaxHeapSize                          = 2111832064                             {manageable} {ergonomic}
     intx TieredStopAtLevel                        = 1                                         {product} {command line}
     bool UseCompressedClassPointers               = true                           {product lp64_product} {ergonomic}
     bool UseCompressedOops                        = true                           {product lp64_product} {ergonomic}
     bool UseG1GC                                  = true                                      {product} {ergonomic}
     bool UseLargePagesIndividualAllocation        = false                                  {pd product} {ergonomic}

Logging:
Log output configuration:
 #0: stdout all=warning uptime,level,tags
 #1: stderr all=off uptime,level,tags

Environment Variables:
JAVA_HOME=C:\Users\DELL\Downloads\openlogic-openjdk-17.0.10+7-windows-x64.zip\openlogic-openjdk-17.0.10+7-windows-x64\bin
PATH=C:\Program Files\Common Files\Oracle\Java\javapath;C:\Windows\system32;C:\Windows;C:\Windows\System32\Wbem;C:\Windows\System32\WindowsPowerShell\v1.0\;C:\Windows\System32\OpenSSH\;C:\Program Files\dotnet\;C:\Program Files (x86)\Intel\Intel(R) Management Engine Components\DAL;C:\Program Files\Intel\Intel(R) Management Engine Components\DAL;C:\Users\DELL\Downloads\openlogic-openjdk-17.0.10+7-windows-x64.zip\openlogic-openjdk-17.0.10+7-windows-x64\bin;C:\Users\DELL\mysql-shell-8.3.0-windows-x86-64bit.zip\mysql-shell-8.3.0-windows-x86-64bit\bin;C:\Program Files\Microsoft SQL Server\mysql-8.3.0-winx64\mysql-8.3.0-winx64\bin;C:\Program Files\MySQL\MySQL Server 8.0\bin;C:\Program Files\PowerShell\7\;C:\ProgramData\chocolatey\bin;C:\Program Files\nodejs\;C:\Users\DELL\AppData\Local\Programs\Python\Launcher\;C:\Users\DELL\AppData\Local\Microsoft\WindowsApps;C:\Users\DELL\AppData\Local\Programs\Microsoft VS Code\bin;C:\Program Files\JetBrains\IntelliJ IDEA 2024.1\bin;;C:\Program Files\JetBrains\IntelliJ IDEA Community Edition 2024.1\bin;;C:\Users\DELL\AppData\Local\GitHubDesktop\bin;C:\Users\DELL\AppData\Roaming\npm
USERNAME=DELL
OS=Windows_NT
PROCESSOR_IDENTIFIER=Intel64 Family 6 Model 142 Stepping 9, GenuineIntel



---------------  S Y S T E M  ---------------

OS:
 Windows 10 , 64 bit Build 19041 (10.0.19041.2364)
OS uptime: 6 days 1:10 hours

CPU: total 4 (initial active 4) (2 cores per cpu, 2 threads per core) family 6 model 142 stepping 9 microcode 0xf4, cx8, cmov, fxsr, ht, mmx, 3dnowpref, sse, sse2, sse3, ssse3, sse4.1, sse4.2, popcnt, lzcnt, tsc, tscinvbit, avx, avx2, aes, erms, clmul, bmi1, bmi2, rtm, adx, fma, vzeroupper, clflush, clflushopt

Memory: 4k page, system-wide physical 8050M (183M free)
TotalPageFile size 32626M (AvailPageFile size 471M)
current process WorkingSet (physical memory assigned to process): 133M, peak: 137M
current process commit charge ("private bytes"): 232M, peak: 232M

vm_info: Java HotSpot(TM) 64-Bit Server VM (17.0.10+11-LTS-240) for windows-amd64 JRE (17.0.10+11-LTS-240), built on Dec 19 2023 21:47:25 by "mach5one" with MS VC++ 17.1 (VS2022)

END.
