#
# There is insufficient memory for the Java Runtime Environment to continue.
# Native memory allocation (mmap) failed to map 65536 bytes for Failed to commit metaspace.
# Possible reasons:
#   The system is out of physical RAM or swap space
#   The process is running with CompressedOops enabled, and the Java Heap may be blocking the growth of the native heap
# Possible solutions:
#   Reduce memory load on the system
#   Increase physical memory or swap space
#   Check if swap backing store is full
#   Decrease Java heap size (-Xmx/-Xms)
#   Decrease number of Java threads
#   Decrease Java thread stack sizes (-Xss)
#   Set larger code cache with -XX:ReservedCodeCacheSize=
#   JVM is running with Unscaled Compressed Oops mode in which the Java heap is
#     placed in the first 4GB address space. The Java Heap base address is the
#     maximum limit for the native heap growth. Please use -XX:HeapBaseMinAddress
#     to set the Java Heap base and to place the Java Heap above 4GB virtual address.
# This output file may be truncated or incomplete.
#
#  Out of Memory Error (virtualSpaceNode.cpp:110), pid=13392, tid=33252
#
# JRE version: Java(TM) SE Runtime Environment (17.0.10+11) (build 17.0.10+11-LTS-240)
# Java VM: Java HotSpot(TM) 64-Bit Server VM (17.0.10+11-LTS-240, mixed mode, emulated-client, sharing, tiered, compressed oops, compressed class ptrs, g1 gc, windows-amd64)
# No core dump will be written. Minidumps are not enabled by default on client versions of Windows
#

---------------  S U M M A R Y ------------

Command Line: -XX:+ShowCodeDetailsInExceptionMessages -agentlib:jdwp=transport=dt_socket,suspend=y,address=localhost:53964 -Dcom.sun.management.jmxremote -Dcom.sun.management.jmxremote.port=53889 -Dcom.sun.management.jmxremote.authenticate=false -Dcom.sun.management.jmxremote.ssl=false -Djava.rmi.server.hostname=localhost -Dspring.jmx.enabled=true -Dmanagement.endpoints.jmx.exposure.include=* -Dspring.application.admin.enabled=true -XX:TieredStopAtLevel=1 -Dspring.boot.project.name=Project-ClassControl -javaagent:C:\Users\DELL\eclipse\jee-2023-122\eclipse\configuration\org.eclipse.osgi\1242\0\.cp\lib\javaagent-shaded.jar -Dfile.encoding=UTF-8 -Dstdout.encoding=UTF-8 -Dstderr.encoding=UTF-8 com.example.projectclasscontrol.ProjectClassControlApplication --spring.output.ansi.enabled=always

Host: Intel(R) Core(TM) i5-7300U CPU @ 2.60GHz, 4 cores, 7G,  Windows 10 , 64 bit Build 19041 (10.0.19041.2364)
Time: Fri May 24 14:23:39 2024 India Standard Time elapsed time: 151.240511 seconds (0d 0h 2m 31s)

---------------  T H R E A D  ---------------

Current thread (0x000001cf9a751860):  JavaThread "restartedMain" [_thread_in_vm, id=33252, stack(0x000000961f200000,0x000000961f300000)]

Stack: [0x000000961f200000,0x000000961f300000]
Native frames: (J=compiled Java code, j=interpreted, Vv=VM code, C=native code)
V  [jvm.dll+0x677a5a]
V  [jvm.dll+0x7d8b2d]
V  [jvm.dll+0x7da48e]
V  [jvm.dll+0x7daaf3]
V  [jvm.dll+0x2455ff]
V  [jvm.dll+0x7d483b]
V  [jvm.dll+0x61dc06]
V  [jvm.dll+0x1bfa87]
V  [jvm.dll+0x620570]
V  [jvm.dll+0x61e5c6]
V  [jvm.dll+0x23b031]
V  [jvm.dll+0x1e9d67]
V  [jvm.dll+0x1dfa01]
V  [jvm.dll+0x53d58c]
V  [jvm.dll+0x753438]
V  [jvm.dll+0x753524]
V  [jvm.dll+0x40babf]
V  [jvm.dll+0x411a89]
C  [java.dll+0x17ec]

Java frames: (J=compiled Java code, j=interpreted, Vv=VM code)
J 1314  java.lang.ClassLoader.defineClass1(Ljava/lang/ClassLoader;Ljava/lang/String;[BIILjava/security/ProtectionDomain;Ljava/lang/String;)Ljava/lang/Class; java.base@17.0.10 (0 bytes) @ 0x000001cf4abd57e3 [0x000001cf4abd5720+0x00000000000000c3]
J 1458 c1 java.lang.ClassLoader.defineClass(Ljava/lang/String;[BIILjava/security/ProtectionDomain;)Ljava/lang/Class; java.base@17.0.10 (43 bytes) @ 0x000001cf4aca0894 [0x000001cf4aca0760+0x0000000000000134]
J 1331 c1 jdk.internal.loader.BuiltinClassLoader.defineClass(Ljava/lang/String;Ljdk/internal/loader/Resource;)Ljava/lang/Class; java.base@17.0.10 (121 bytes) @ 0x000001cf4abdfa1c [0x000001cf4abdf520+0x00000000000004fc]
J 1328 c1 jdk.internal.loader.BuiltinClassLoader.findClassOnClassPathOrNull(Ljava/lang/String;)Ljava/lang/Class; java.base@17.0.10 (64 bytes) @ 0x000001cf4abddd14 [0x000001cf4abdda20+0x00000000000002f4]
J 1069 c1 jdk.internal.loader.BuiltinClassLoader.loadClassOrNull(Ljava/lang/String;Z)Ljava/lang/Class; java.base@17.0.10 (143 bytes) @ 0x000001cf4ab52834 [0x000001cf4ab52380+0x00000000000004b4]
J 1310 c1 jdk.internal.loader.ClassLoaders$AppClassLoader.loadClass(Ljava/lang/String;Z)Ljava/lang/Class; java.base@17.0.10 (40 bytes) @ 0x000001cf4abd27b4 [0x000001cf4abd2680+0x0000000000000134]
J 1303 c1 java.lang.ClassLoader.loadClass(Ljava/lang/String;)Ljava/lang/Class; java.base@17.0.10 (7 bytes) @ 0x000001cf4abd06fc [0x000001cf4abd06a0+0x000000000000005c]
v  ~StubRoutines::call_stub
j  org.springframework.boot.context.properties.bind.Binder.<init>(Ljava/lang/Iterable;Lorg/springframework/boot/context/properties/bind/PlaceholdersResolver;Ljava/util/List;Ljava/util/function/Consumer;Lorg/springframework/boot/context/properties/bind/BindHandler;Lorg/springframework/boot/context/properties/bind/BindConstructorProvider;)V+118
j  org.springframework.boot.context.properties.bind.Binder.<init>(Ljava/lang/Iterable;Lorg/springframework/boot/context/properties/bind/PlaceholdersResolver;Lorg/springframework/core/convert/ConversionService;Ljava/util/function/Consumer;Lorg/springframework/boot/context/properties/bind/BindHandler;Lorg/springframework/boot/context/properties/bind/BindConstructorProvider;)V+24
j  org.springframework.boot.context.properties.bind.Binder.<init>(Ljava/lang/Iterable;Lorg/springframework/boot/context/properties/bind/PlaceholdersResolver;Lorg/springframework/core/convert/ConversionService;Ljava/util/function/Consumer;Lorg/springframework/boot/context/properties/bind/BindHandler;)V+9
j  org.springframework.boot.context.properties.bind.Binder.get(Lorg/springframework/core/env/Environment;Lorg/springframework/boot/context/properties/bind/BindHandler;)Lorg/springframework/boot/context/properties/bind/Binder;+23
j  org.springframework.boot.context.properties.bind.Binder.get(Lorg/springframework/core/env/Environment;)Lorg/springframework/boot/context/properties/bind/Binder;+2
j  org.springframework.boot.context.config.ConfigDataEnvironment.<init>(Lorg/springframework/boot/logging/DeferredLogFactory;Lorg/springframework/boot/ConfigurableBootstrapContext;Lorg/springframework/core/env/ConfigurableEnvironment;Lorg/springframework/core/io/ResourceLoader;Ljava/util/Collection;Lorg/springframework/boot/context/config/ConfigDataEnvironmentUpdateListener;)V+5
j  org.springframework.boot.context.config.ConfigDataEnvironmentPostProcessor.getConfigDataEnvironment(Lorg/springframework/core/env/ConfigurableEnvironment;Lorg/springframework/core/io/ResourceLoader;Ljava/util/Collection;)Lorg/springframework/boot/context/config/ConfigDataEnvironment;+19
j  org.springframework.boot.context.config.ConfigDataEnvironmentPostProcessor.postProcessEnvironment(Lorg/springframework/core/env/ConfigurableEnvironment;Lorg/springframework/core/io/ResourceLoader;Ljava/util/Collection;)V+31
j  org.springframework.boot.context.config.ConfigDataEnvironmentPostProcessor.postProcessEnvironment(Lorg/springframework/core/env/ConfigurableEnvironment;Lorg/springframework/boot/SpringApplication;)V+10
j  org.springframework.boot.env.EnvironmentPostProcessorApplicationListener.onApplicationEnvironmentPreparedEvent(Lorg/springframework/boot/context/event/ApplicationEnvironmentPreparedEvent;)V+55
j  org.springframework.boot.env.EnvironmentPostProcessorApplicationListener.onApplicationEvent(Lorg/springframework/context/ApplicationEvent;)V+14
j  org.springframework.context.event.SimpleApplicationEventMulticaster.doInvokeListener(Lorg/springframework/context/ApplicationListener;Lorg/springframework/context/ApplicationEvent;)V+2
j  org.springframework.context.event.SimpleApplicationEventMulticaster.invokeListener(Lorg/springframework/context/ApplicationListener;Lorg/springframework/context/ApplicationEvent;)V+34
j  org.springframework.context.event.SimpleApplicationEventMulticaster.multicastEvent(Lorg/springframework/context/ApplicationEvent;Lorg/springframework/core/ResolvableType;)V+104
j  org.springframework.context.event.SimpleApplicationEventMulticaster.multicastEvent(Lorg/springframework/context/ApplicationEvent;)V+3
j  org.springframework.boot.context.event.EventPublishingRunListener.multicastInitialEvent(Lorg/springframework/context/ApplicationEvent;)V+9
j  org.springframework.boot.context.event.EventPublishingRunListener.environmentPrepared(Lorg/springframework/boot/ConfigurableBootstrapContext;Lorg/springframework/core/env/ConfigurableEnvironment;)V+18
j  org.springframework.boot.SpringApplicationRunListeners.lambda$environmentPrepared$2(Lorg/springframework/boot/ConfigurableBootstrapContext;Lorg/springframework/core/env/ConfigurableEnvironment;Lorg/springframework/boot/SpringApplicationRunListener;)V+3
j  org.springframework.boot.SpringApplicationRunListeners$$Lambda$190+0x000001cf5618a920.accept(Ljava/lang/Object;)V+12
j  java.lang.Iterable.forEach(Ljava/util/function/Consumer;)V+30 java.base@17.0.10
j  org.springframework.boot.SpringApplicationRunListeners.doWithListeners(Ljava/lang/String;Ljava/util/function/Consumer;Ljava/util/function/Consumer;)V+17
j  org.springframework.boot.SpringApplicationRunListeners.doWithListeners(Ljava/lang/String;Ljava/util/function/Consumer;)V+4
j  org.springframework.boot.SpringApplicationRunListeners.environmentPrepared(Lorg/springframework/boot/ConfigurableBootstrapContext;Lorg/springframework/core/env/ConfigurableEnvironment;)V+10
j  org.springframework.boot.SpringApplication.prepareEnvironment(Lorg/springframework/boot/SpringApplicationRunListeners;Lorg/springframework/boot/DefaultBootstrapContext;Lorg/springframework/boot/ApplicationArguments;)Lorg/springframework/core/env/ConfigurableEnvironment;+27
j  org.springframework.boot.SpringApplication.run([Ljava/lang/String;)Lorg/springframework/context/ConfigurableApplicationContext;+62
j  org.springframework.boot.SpringApplication.run([Ljava/lang/Class;[Ljava/lang/String;)Lorg/springframework/context/ConfigurableApplicationContext;+9
j  org.springframework.boot.SpringApplication.run(Ljava/lang/Class;[Ljava/lang/String;)Lorg/springframework/context/ConfigurableApplicationContext;+9
j  com.example.projectclasscontrol.ProjectClassControlApplication.main([Ljava/lang/String;)V+3
v  ~StubRoutines::call_stub
j  jdk.internal.reflect.NativeMethodAccessorImpl.invoke0(Ljava/lang/reflect/Method;Ljava/lang/Object;[Ljava/lang/Object;)Ljava/lang/Object;+0 java.base@17.0.10
j  jdk.internal.reflect.NativeMethodAccessorImpl.invoke(Ljava/lang/Object;[Ljava/lang/Object;)Ljava/lang/Object;+133 java.base@17.0.10
j  jdk.internal.reflect.DelegatingMethodAccessorImpl.invoke(Ljava/lang/Object;[Ljava/lang/Object;)Ljava/lang/Object;+6 java.base@17.0.10
j  java.lang.reflect.Method.invoke(Ljava/lang/Object;[Ljava/lang/Object;)Ljava/lang/Object;+59 java.base@17.0.10
j  org.springframework.boot.devtools.restart.RestartLauncher.run()V+47
v  ~StubRoutines::call_stub

---------------  P R O C E S S  ---------------

Threads class SMR info:
_java_thread_list=0x000001cf9a5056e0, length=23, elements={
0x000001cf42ff00c0, 0x000001cf546ed8b0, 0x000001cf546eede0, 0x000001cf54702440,
0x000001cf54702e70, 0x000001cf54703740, 0x000001cf54704010, 0x000001cf54704990,
0x000001cf54736d70, 0x000001cf546d6300, 0x000001cf54955490, 0x000001cf5495da10,
0x000001cf5495ff10, 0x000001cf9a4be0b0, 0x000001cf9a5d40c0, 0x000001cf9a5f43a0,
0x000001cf9a605800, 0x000001cf9a6a1f80, 0x000001cf548d7050, 0x000001cf548d0d10,
0x000001cf9a750420, 0x000001cf9a74f4f0, 0x000001cf9a751860
}

Java Threads: ( => current thread )
  0x000001cf42ff00c0 JavaThread "main" [_thread_blocked, id=7448, stack(0x000000961cf00000,0x000000961d000000)]
  0x000001cf546ed8b0 JavaThread "Reference Handler" daemon [_thread_blocked, id=7116, stack(0x000000961d600000,0x000000961d700000)]
  0x000001cf546eede0 JavaThread "Finalizer" daemon [_thread_blocked, id=6320, stack(0x000000961d700000,0x000000961d800000)]
  0x000001cf54702440 JavaThread "Signal Dispatcher" daemon [_thread_blocked, id=20320, stack(0x000000961d800000,0x000000961d900000)]
  0x000001cf54702e70 JavaThread "Attach Listener" daemon [_thread_blocked, id=15832, stack(0x000000961d900000,0x000000961da00000)]
  0x000001cf54703740 JavaThread "Service Thread" daemon [_thread_blocked, id=19276, stack(0x000000961da00000,0x000000961db00000)]
  0x000001cf54704010 JavaThread "Monitor Deflation Thread" daemon [_thread_blocked, id=15792, stack(0x000000961db00000,0x000000961dc00000)]
  0x000001cf54704990 JavaThread "C1 CompilerThread0" daemon [_thread_blocked, id=9268, stack(0x000000961dc00000,0x000000961dd00000)]
  0x000001cf54736d70 JavaThread "Sweeper thread" daemon [_thread_blocked, id=13696, stack(0x000000961dd00000,0x000000961de00000)]
  0x000001cf546d6300 JavaThread "Common-Cleaner" daemon [_thread_blocked, id=21392, stack(0x000000961de00000,0x000000961df00000)]
  0x000001cf54955490 JavaThread "JDWP Transport Listener: dt_socket" daemon [_thread_blocked, id=29408, stack(0x000000961e100000,0x000000961e200000)]
  0x000001cf5495da10 JavaThread "JDWP Event Helper Thread" daemon [_thread_blocked, id=29420, stack(0x000000961e200000,0x000000961e300000)]
  0x000001cf5495ff10 JavaThread "JDWP Command Reader" daemon [_thread_in_native, id=29616, stack(0x000000961e300000,0x000000961e400000)]
  0x000001cf9a4be0b0 JavaThread "Notification Thread" daemon [_thread_blocked, id=32640, stack(0x000000961e500000,0x000000961e600000)]
  0x000001cf9a5d40c0 JavaThread "RMI TCP Accept-0" daemon [_thread_in_native, id=14940, stack(0x000000961e900000,0x000000961ea00000)]
  0x000001cf9a5f43a0 JavaThread "RMI TCP Accept-53889" daemon [_thread_in_native, id=19952, stack(0x000000961ea00000,0x000000961eb00000)]
  0x000001cf9a605800 JavaThread "RMI TCP Accept-0" daemon [_thread_in_native, id=30148, stack(0x000000961eb00000,0x000000961ec00000)]
  0x000001cf9a6a1f80 JavaThread "RMI TCP Connection(1)-127.0.0.1" daemon [_thread_in_native, id=25920, stack(0x000000961ed00000,0x000000961ee00000)]
  0x000001cf548d7050 JavaThread "RMI Scheduler(0)" daemon [_thread_blocked, id=20816, stack(0x000000961ee00000,0x000000961ef00000)]
  0x000001cf548d0d10 JavaThread "RMI TCP Connection(2)-127.0.0.1" daemon [_thread_in_native, id=11144, stack(0x000000961ef00000,0x000000961f000000)]
  0x000001cf9a750420 JavaThread "JMX server connection timeout 24" daemon [_thread_blocked, id=1844, stack(0x000000961f000000,0x000000961f100000)]
  0x000001cf9a74f4f0 JavaThread "Thread-0" [_thread_blocked, id=33240, stack(0x000000961f100000,0x000000961f200000)]
=>0x000001cf9a751860 JavaThread "restartedMain" [_thread_in_vm, id=33252, stack(0x000000961f200000,0x000000961f300000)]

Other Threads:
  0x000001cf546e85f0 VMThread "VM Thread" [stack: 0x000000961d500000,0x000000961d600000] [id=24224] _threads_hazard_ptr=0x000001cf9a5056e0
  0x000001cf9a603530 WatcherThread [stack: 0x000000961ec00000,0x000000961ed00000] [id=28532]
  0x000001cf43048650 GCTaskThread "GC Thread#0" [stack: 0x000000961d000000,0x000000961d100000] [id=12780]
  0x000001cf9a58b260 GCTaskThread "GC Thread#1" [stack: 0x000000961e400000,0x000000961e500000] [id=14124]
  0x000001cf9a58b520 GCTaskThread "GC Thread#2" [stack: 0x000000961e600000,0x000000961e700000] [id=31716]
  0x000001cf9a5a5810 GCTaskThread "GC Thread#3" [stack: 0x000000961e700000,0x000000961e800000] [id=31416]
  0x000001cf43059070 ConcurrentGCThread "G1 Main Marker" [stack: 0x000000961d100000,0x000000961d200000] [id=10036]
  0x000001cf43059990 ConcurrentGCThread "G1 Conc#0" [stack: 0x000000961d200000,0x000000961d300000] [id=23372]
  0x000001cf430bebc0 ConcurrentGCThread "G1 Refine#0" [stack: 0x000000961d300000,0x000000961d400000] [id=8312]
  0x000001cf9a5a5ad0 ConcurrentGCThread "G1 Refine#1" [stack: 0x000000961e800000,0x000000961e900000] [id=31708]
  0x000001cf545a1d90 ConcurrentGCThread "G1 Service" [stack: 0x000000961d400000,0x000000961d500000] [id=22632]

Threads with active compile tasks:

VM state: synchronizing (normal execution)

VM Mutex/Monitor currently owned by a thread:  ([mutex/lock_event])
[0x000001cf42fe90c0] Metaspace_lock - owner thread: 0x000001cf9a751860
[0x000001cf42feb5a0] Threads_lock - owner thread: 0x000001cf546e85f0

Heap address: 0x0000000082200000, size: 2014 MB, Compressed Oops mode: 32-bit

CDS archive(s) mapped at: [0x000001cf55000000-0x000001cf55bd0000-0x000001cf55bd0000), size 12386304, SharedBaseAddress: 0x000001cf55000000, ArchiveRelocationMode: 1.
Compressed class space mapped at: 0x000001cf56000000-0x000001cf96000000, reserved size: 1073741824
Narrow klass base: 0x000001cf55000000, Narrow klass shift: 0, Narrow klass range: 0x100000000

GC Precious Log:
 CPUs: 4 total, 4 available
 Memory: 8050M
 Large Page Support: Disabled
 NUMA Support: Disabled
 Compressed Oops: Enabled (32-bit)
 Heap Region Size: 1M
 Heap Min Capacity: 8M
 Heap Initial Capacity: 126M
 Heap Max Capacity: 2014M
 Pre-touch: Disabled
 Parallel Workers: 4
 Concurrent Workers: 1
 Concurrent Refinement Workers: 4
 Periodic GC: Disabled

Heap:
 garbage-first heap   total 129024K, used 26023K [0x0000000082200000, 0x0000000100000000)
  region size 1024K, 20 young (20480K), 2 survivors (2048K)
 Metaspace       used 11077K, committed 11264K, reserved 1114112K
  class space    used 1396K, committed 1472K, reserved 1048576K

Heap Regions: E=young(eden), S=young(survivor), O=old, HS=humongous(starts), HC=humongous(continues), CS=collection set, F=free, OA=open archive, CA=closed archive, TAMS=top-at-mark-start (previous, next)
|   0|0x0000000082200000, 0x0000000082300000, 0x0000000082300000|100%|HS|  |TAMS 0x0000000082200000, 0x0000000082200000| Complete 
|   1|0x0000000082300000, 0x0000000082400000, 0x0000000082400000|100%| O|  |TAMS 0x0000000082300000, 0x0000000082300000| Untracked 
|   2|0x0000000082400000, 0x0000000082500000, 0x0000000082500000|100%| O|  |TAMS 0x0000000082400000, 0x0000000082400000| Untracked 
|   3|0x0000000082500000, 0x0000000082600000, 0x0000000082600000|100%| O|  |TAMS 0x0000000082500000, 0x0000000082500000| Untracked 
|   4|0x0000000082600000, 0x0000000082700000, 0x0000000082700000|100%| O|  |TAMS 0x0000000082600000, 0x0000000082600000| Untracked 
|   5|0x0000000082700000, 0x0000000082800000, 0x0000000082800000|100%| O|  |TAMS 0x0000000082700000, 0x0000000082700000| Untracked 
|   6|0x0000000082800000, 0x00000000828e9000, 0x0000000082900000| 91%| O|  |TAMS 0x0000000082800000, 0x0000000082800000| Untracked 
|   7|0x0000000082900000, 0x0000000082900000, 0x0000000082a00000|  0%| F|  |TAMS 0x0000000082900000, 0x0000000082900000| Untracked 
|   8|0x0000000082a00000, 0x0000000082a00000, 0x0000000082b00000|  0%| F|  |TAMS 0x0000000082a00000, 0x0000000082a00000| Untracked 
|   9|0x0000000082b00000, 0x0000000082b00000, 0x0000000082c00000|  0%| F|  |TAMS 0x0000000082b00000, 0x0000000082b00000| Untracked 
|  10|0x0000000082c00000, 0x0000000082c00000, 0x0000000082d00000|  0%| F|  |TAMS 0x0000000082c00000, 0x0000000082c00000| Untracked 
|  11|0x0000000082d00000, 0x0000000082d00000, 0x0000000082e00000|  0%| F|  |TAMS 0x0000000082d00000, 0x0000000082d00000| Untracked 
|  12|0x0000000082e00000, 0x0000000082e00000, 0x0000000082f00000|  0%| F|  |TAMS 0x0000000082e00000, 0x0000000082e00000| Untracked 
|  13|0x0000000082f00000, 0x0000000082f00000, 0x0000000083000000|  0%| F|  |TAMS 0x0000000082f00000, 0x0000000082f00000| Untracked 
|  14|0x0000000083000000, 0x0000000083000000, 0x0000000083100000|  0%| F|  |TAMS 0x0000000083000000, 0x0000000083000000| Untracked 
|  15|0x0000000083100000, 0x0000000083100000, 0x0000000083200000|  0%| F|  |TAMS 0x0000000083100000, 0x0000000083100000| Untracked 
|  16|0x0000000083200000, 0x0000000083200000, 0x0000000083300000|  0%| F|  |TAMS 0x0000000083200000, 0x0000000083200000| Untracked 
|  17|0x0000000083300000, 0x0000000083300000, 0x0000000083400000|  0%| F|  |TAMS 0x0000000083300000, 0x0000000083300000| Untracked 
|  18|0x0000000083400000, 0x0000000083400000, 0x0000000083500000|  0%| F|  |TAMS 0x0000000083400000, 0x0000000083400000| Untracked 
|  19|0x0000000083500000, 0x0000000083500000, 0x0000000083600000|  0%| F|  |TAMS 0x0000000083500000, 0x0000000083500000| Untracked 
|  20|0x0000000083600000, 0x0000000083600000, 0x0000000083700000|  0%| F|  |TAMS 0x0000000083600000, 0x0000000083600000| Untracked 
|  21|0x0000000083700000, 0x0000000083700000, 0x0000000083800000|  0%| F|  |TAMS 0x0000000083700000, 0x0000000083700000| Untracked 
|  22|0x0000000083800000, 0x0000000083800000, 0x0000000083900000|  0%| F|  |TAMS 0x0000000083800000, 0x0000000083800000| Untracked 
|  23|0x0000000083900000, 0x0000000083900000, 0x0000000083a00000|  0%| F|  |TAMS 0x0000000083900000, 0x0000000083900000| Untracked 
|  24|0x0000000083a00000, 0x0000000083a00000, 0x0000000083b00000|  0%| F|  |TAMS 0x0000000083a00000, 0x0000000083a00000| Untracked 
|  25|0x0000000083b00000, 0x0000000083b00000, 0x0000000083c00000|  0%| F|  |TAMS 0x0000000083b00000, 0x0000000083b00000| Untracked 
|  26|0x0000000083c00000, 0x0000000083c00000, 0x0000000083d00000|  0%| F|  |TAMS 0x0000000083c00000, 0x0000000083c00000| Untracked 
|  27|0x0000000083d00000, 0x0000000083d00000, 0x0000000083e00000|  0%| F|  |TAMS 0x0000000083d00000, 0x0000000083d00000| Untracked 
|  28|0x0000000083e00000, 0x0000000083e00000, 0x0000000083f00000|  0%| F|  |TAMS 0x0000000083e00000, 0x0000000083e00000| Untracked 
|  29|0x0000000083f00000, 0x0000000083f00000, 0x0000000084000000|  0%| F|  |TAMS 0x0000000083f00000, 0x0000000083f00000| Untracked 
|  30|0x0000000084000000, 0x0000000084000000, 0x0000000084100000|  0%| F|  |TAMS 0x0000000084000000, 0x0000000084000000| Untracked 
|  31|0x0000000084100000, 0x0000000084100000, 0x0000000084200000|  0%| F|  |TAMS 0x0000000084100000, 0x0000000084100000| Untracked 
|  32|0x0000000084200000, 0x0000000084200000, 0x0000000084300000|  0%| F|  |TAMS 0x0000000084200000, 0x0000000084200000| Untracked 
|  33|0x0000000084300000, 0x0000000084300000, 0x0000000084400000|  0%| F|  |TAMS 0x0000000084300000, 0x0000000084300000| Untracked 
|  34|0x0000000084400000, 0x0000000084400000, 0x0000000084500000|  0%| F|  |TAMS 0x0000000084400000, 0x0000000084400000| Untracked 
|  35|0x0000000084500000, 0x0000000084500000, 0x0000000084600000|  0%| F|  |TAMS 0x0000000084500000, 0x0000000084500000| Untracked 
|  36|0x0000000084600000, 0x0000000084600000, 0x0000000084700000|  0%| F|  |TAMS 0x0000000084600000, 0x0000000084600000| Untracked 
|  37|0x0000000084700000, 0x0000000084700000, 0x0000000084800000|  0%| F|  |TAMS 0x0000000084700000, 0x0000000084700000| Untracked 
|  38|0x0000000084800000, 0x0000000084800000, 0x0000000084900000|  0%| F|  |TAMS 0x0000000084800000, 0x0000000084800000| Untracked 
|  39|0x0000000084900000, 0x0000000084900000, 0x0000000084a00000|  0%| F|  |TAMS 0x0000000084900000, 0x0000000084900000| Untracked 
|  40|0x0000000084a00000, 0x0000000084a00000, 0x0000000084b00000|  0%| F|  |TAMS 0x0000000084a00000, 0x0000000084a00000| Untracked 
|  41|0x0000000084b00000, 0x0000000084b00000, 0x0000000084c00000|  0%| F|  |TAMS 0x0000000084b00000, 0x0000000084b00000| Untracked 
|  42|0x0000000084c00000, 0x0000000084c00000, 0x0000000084d00000|  0%| F|  |TAMS 0x0000000084c00000, 0x0000000084c00000| Untracked 
|  43|0x0000000084d00000, 0x0000000084d00000, 0x0000000084e00000|  0%| F|  |TAMS 0x0000000084d00000, 0x0000000084d00000| Untracked 
|  44|0x0000000084e00000, 0x0000000084e00000, 0x0000000084f00000|  0%| F|  |TAMS 0x0000000084e00000, 0x0000000084e00000| Untracked 
|  45|0x0000000084f00000, 0x0000000084f00000, 0x0000000085000000|  0%| F|  |TAMS 0x0000000084f00000, 0x0000000084f00000| Untracked 
|  46|0x0000000085000000, 0x0000000085000000, 0x0000000085100000|  0%| F|  |TAMS 0x0000000085000000, 0x0000000085000000| Untracked 
|  47|0x0000000085100000, 0x0000000085100000, 0x0000000085200000|  0%| F|  |TAMS 0x0000000085100000, 0x0000000085100000| Untracked 
|  48|0x0000000085200000, 0x0000000085200000, 0x0000000085300000|  0%| F|  |TAMS 0x0000000085200000, 0x0000000085200000| Untracked 
|  49|0x0000000085300000, 0x0000000085300000, 0x0000000085400000|  0%| F|  |TAMS 0x0000000085300000, 0x0000000085300000| Untracked 
|  50|0x0000000085400000, 0x0000000085400000, 0x0000000085500000|  0%| F|  |TAMS 0x0000000085400000, 0x0000000085400000| Untracked 
|  51|0x0000000085500000, 0x0000000085500000, 0x0000000085600000|  0%| F|  |TAMS 0x0000000085500000, 0x0000000085500000| Untracked 
|  52|0x0000000085600000, 0x0000000085600000, 0x0000000085700000|  0%| F|  |TAMS 0x0000000085600000, 0x0000000085600000| Untracked 
|  53|0x0000000085700000, 0x0000000085700000, 0x0000000085800000|  0%| F|  |TAMS 0x0000000085700000, 0x0000000085700000| Untracked 
|  54|0x0000000085800000, 0x0000000085800000, 0x0000000085900000|  0%| F|  |TAMS 0x0000000085800000, 0x0000000085800000| Untracked 
|  55|0x0000000085900000, 0x0000000085900000, 0x0000000085a00000|  0%| F|  |TAMS 0x0000000085900000, 0x0000000085900000| Untracked 
|  56|0x0000000085a00000, 0x0000000085a00000, 0x0000000085b00000|  0%| F|  |TAMS 0x0000000085a00000, 0x0000000085a00000| Untracked 
|  57|0x0000000085b00000, 0x0000000085b00000, 0x0000000085c00000|  0%| F|  |TAMS 0x0000000085b00000, 0x0000000085b00000| Untracked 
|  58|0x0000000085c00000, 0x0000000085c00000, 0x0000000085d00000|  0%| F|  |TAMS 0x0000000085c00000, 0x0000000085c00000| Untracked 
|  59|0x0000000085d00000, 0x0000000085d00000, 0x0000000085e00000|  0%| F|  |TAMS 0x0000000085d00000, 0x0000000085d00000| Untracked 
|  60|0x0000000085e00000, 0x0000000085e00000, 0x0000000085f00000|  0%| F|  |TAMS 0x0000000085e00000, 0x0000000085e00000| Untracked 
|  61|0x0000000085f00000, 0x0000000085f00000, 0x0000000086000000|  0%| F|  |TAMS 0x0000000085f00000, 0x0000000085f00000| Untracked 
|  62|0x0000000086000000, 0x0000000086000000, 0x0000000086100000|  0%| F|  |TAMS 0x0000000086000000, 0x0000000086000000| Untracked 
|  63|0x0000000086100000, 0x0000000086100000, 0x0000000086200000|  0%| F|  |TAMS 0x0000000086100000, 0x0000000086100000| Untracked 
|  64|0x0000000086200000, 0x0000000086200000, 0x0000000086300000|  0%| F|  |TAMS 0x0000000086200000, 0x0000000086200000| Untracked 
|  65|0x0000000086300000, 0x0000000086300000, 0x0000000086400000|  0%| F|  |TAMS 0x0000000086300000, 0x0000000086300000| Untracked 
|  66|0x0000000086400000, 0x0000000086400000, 0x0000000086500000|  0%| F|  |TAMS 0x0000000086400000, 0x0000000086400000| Untracked 
|  67|0x0000000086500000, 0x0000000086500000, 0x0000000086600000|  0%| F|  |TAMS 0x0000000086500000, 0x0000000086500000| Untracked 
|  68|0x0000000086600000, 0x0000000086600000, 0x0000000086700000|  0%| F|  |TAMS 0x0000000086600000, 0x0000000086600000| Untracked 
|  69|0x0000000086700000, 0x0000000086700000, 0x0000000086800000|  0%| F|  |TAMS 0x0000000086700000, 0x0000000086700000| Untracked 
|  70|0x0000000086800000, 0x0000000086800000, 0x0000000086900000|  0%| F|  |TAMS 0x0000000086800000, 0x0000000086800000| Untracked 
|  71|0x0000000086900000, 0x0000000086900000, 0x0000000086a00000|  0%| F|  |TAMS 0x0000000086900000, 0x0000000086900000| Untracked 
|  72|0x0000000086a00000, 0x0000000086a00000, 0x0000000086b00000|  0%| F|  |TAMS 0x0000000086a00000, 0x0000000086a00000| Untracked 
|  73|0x0000000086b00000, 0x0000000086b00000, 0x0000000086c00000|  0%| F|  |TAMS 0x0000000086b00000, 0x0000000086b00000| Untracked 
|  74|0x0000000086c00000, 0x0000000086c00000, 0x0000000086d00000|  0%| F|  |TAMS 0x0000000086c00000, 0x0000000086c00000| Untracked 
|  75|0x0000000086d00000, 0x0000000086d00000, 0x0000000086e00000|  0%| F|  |TAMS 0x0000000086d00000, 0x0000000086d00000| Untracked 
|  76|0x0000000086e00000, 0x0000000086e00000, 0x0000000086f00000|  0%| F|  |TAMS 0x0000000086e00000, 0x0000000086e00000| Untracked 
|  77|0x0000000086f00000, 0x0000000086f00000, 0x0000000087000000|  0%| F|  |TAMS 0x0000000086f00000, 0x0000000086f00000| Untracked 
|  78|0x0000000087000000, 0x0000000087000000, 0x0000000087100000|  0%| F|  |TAMS 0x0000000087000000, 0x0000000087000000| Untracked 
|  79|0x0000000087100000, 0x0000000087100000, 0x0000000087200000|  0%| F|  |TAMS 0x0000000087100000, 0x0000000087100000| Untracked 
|  80|0x0000000087200000, 0x0000000087200000, 0x0000000087300000|  0%| F|  |TAMS 0x0000000087200000, 0x0000000087200000| Untracked 
|  81|0x0000000087300000, 0x0000000087300000, 0x0000000087400000|  0%| F|  |TAMS 0x0000000087300000, 0x0000000087300000| Untracked 
|  82|0x0000000087400000, 0x0000000087400000, 0x0000000087500000|  0%| F|  |TAMS 0x0000000087400000, 0x0000000087400000| Untracked 
|  83|0x0000000087500000, 0x0000000087500000, 0x0000000087600000|  0%| F|  |TAMS 0x0000000087500000, 0x0000000087500000| Untracked 
|  84|0x0000000087600000, 0x0000000087600000, 0x0000000087700000|  0%| F|  |TAMS 0x0000000087600000, 0x0000000087600000| Untracked 
|  85|0x0000000087700000, 0x0000000087700000, 0x0000000087800000|  0%| F|  |TAMS 0x0000000087700000, 0x0000000087700000| Untracked 
|  86|0x0000000087800000, 0x0000000087800000, 0x0000000087900000|  0%| F|  |TAMS 0x0000000087800000, 0x0000000087800000| Untracked 
|  87|0x0000000087900000, 0x0000000087900000, 0x0000000087a00000|  0%| F|  |TAMS 0x0000000087900000, 0x0000000087900000| Untracked 
|  88|0x0000000087a00000, 0x0000000087a00000, 0x0000000087b00000|  0%| F|  |TAMS 0x0000000087a00000, 0x0000000087a00000| Untracked 
|  89|0x0000000087b00000, 0x0000000087b00000, 0x0000000087c00000|  0%| F|  |TAMS 0x0000000087b00000, 0x0000000087b00000| Untracked 
|  90|0x0000000087c00000, 0x0000000087c00000, 0x0000000087d00000|  0%| F|  |TAMS 0x0000000087c00000, 0x0000000087c00000| Untracked 
|  91|0x0000000087d00000, 0x0000000087d00000, 0x0000000087e00000|  0%| F|  |TAMS 0x0000000087d00000, 0x0000000087d00000| Untracked 
|  92|0x0000000087e00000, 0x0000000087e00000, 0x0000000087f00000|  0%| F|  |TAMS 0x0000000087e00000, 0x0000000087e00000| Untracked 
|  93|0x0000000087f00000, 0x0000000087f00000, 0x0000000088000000|  0%| F|  |TAMS 0x0000000087f00000, 0x0000000087f00000| Untracked 
|  94|0x0000000088000000, 0x0000000088000000, 0x0000000088100000|  0%| F|  |TAMS 0x0000000088000000, 0x0000000088000000| Untracked 
|  95|0x0000000088100000, 0x0000000088100000, 0x0000000088200000|  0%| F|  |TAMS 0x0000000088100000, 0x0000000088100000| Untracked 
|  96|0x0000000088200000, 0x0000000088200000, 0x0000000088300000|  0%| F|  |TAMS 0x0000000088200000, 0x0000000088200000| Untracked 
|  97|0x0000000088300000, 0x0000000088300000, 0x0000000088400000|  0%| F|  |TAMS 0x0000000088300000, 0x0000000088300000| Untracked 
|  98|0x0000000088400000, 0x0000000088400000, 0x0000000088500000|  0%| F|  |TAMS 0x0000000088400000, 0x0000000088400000| Untracked 
|  99|0x0000000088500000, 0x0000000088580ca8, 0x0000000088600000| 50%| S|CS|TAMS 0x0000000088500000, 0x0000000088500000| Complete 
| 100|0x0000000088600000, 0x0000000088700000, 0x0000000088700000|100%| S|CS|TAMS 0x0000000088600000, 0x0000000088600000| Complete 
| 101|0x0000000088700000, 0x0000000088700000, 0x0000000088800000|  0%| F|  |TAMS 0x0000000088700000, 0x0000000088700000| Untracked 
| 102|0x0000000088800000, 0x0000000088800000, 0x0000000088900000|  0%| F|  |TAMS 0x0000000088800000, 0x0000000088800000| Untracked 
| 103|0x0000000088900000, 0x0000000088900000, 0x0000000088a00000|  0%| F|  |TAMS 0x0000000088900000, 0x0000000088900000| Untracked 
| 104|0x0000000088a00000, 0x0000000088a00000, 0x0000000088b00000|  0%| F|  |TAMS 0x0000000088a00000, 0x0000000088a00000| Untracked 
| 105|0x0000000088b00000, 0x0000000088b00000, 0x0000000088c00000|  0%| F|  |TAMS 0x0000000088b00000, 0x0000000088b00000| Untracked 
| 106|0x0000000088c00000, 0x0000000088c00000, 0x0000000088d00000|  0%| F|  |TAMS 0x0000000088c00000, 0x0000000088c00000| Untracked 
| 107|0x0000000088d00000, 0x0000000088d00000, 0x0000000088e00000|  0%| F|  |TAMS 0x0000000088d00000, 0x0000000088d00000| Untracked 
| 108|0x0000000088e00000, 0x0000000088eeae20, 0x0000000088f00000| 91%| E|  |TAMS 0x0000000088e00000, 0x0000000088e00000| Complete 
| 109|0x0000000088f00000, 0x0000000089000000, 0x0000000089000000|100%| E|CS|TAMS 0x0000000088f00000, 0x0000000088f00000| Complete 
| 110|0x0000000089000000, 0x0000000089100000, 0x0000000089100000|100%| E|CS|TAMS 0x0000000089000000, 0x0000000089000000| Complete 
| 111|0x0000000089100000, 0x0000000089200000, 0x0000000089200000|100%| E|CS|TAMS 0x0000000089100000, 0x0000000089100000| Complete 
| 112|0x0000000089200000, 0x0000000089300000, 0x0000000089300000|100%| E|CS|TAMS 0x0000000089200000, 0x0000000089200000| Complete 
| 113|0x0000000089300000, 0x0000000089400000, 0x0000000089400000|100%| E|CS|TAMS 0x0000000089300000, 0x0000000089300000| Complete 
| 114|0x0000000089400000, 0x0000000089500000, 0x0000000089500000|100%| E|CS|TAMS 0x0000000089400000, 0x0000000089400000| Complete 
| 115|0x0000000089500000, 0x0000000089600000, 0x0000000089600000|100%| E|CS|TAMS 0x0000000089500000, 0x0000000089500000| Complete 
| 116|0x0000000089600000, 0x0000000089700000, 0x0000000089700000|100%| E|CS|TAMS 0x0000000089600000, 0x0000000089600000| Complete 
| 117|0x0000000089700000, 0x0000000089800000, 0x0000000089800000|100%| E|CS|TAMS 0x0000000089700000, 0x0000000089700000| Complete 
| 118|0x0000000089800000, 0x0000000089900000, 0x0000000089900000|100%| E|CS|TAMS 0x0000000089800000, 0x0000000089800000| Complete 
| 119|0x0000000089900000, 0x0000000089a00000, 0x0000000089a00000|100%| E|CS|TAMS 0x0000000089900000, 0x0000000089900000| Complete 
| 120|0x0000000089a00000, 0x0000000089b00000, 0x0000000089b00000|100%| E|CS|TAMS 0x0000000089a00000, 0x0000000089a00000| Complete 
| 121|0x0000000089b00000, 0x0000000089c00000, 0x0000000089c00000|100%| E|CS|TAMS 0x0000000089b00000, 0x0000000089b00000| Complete 
| 122|0x0000000089c00000, 0x0000000089d00000, 0x0000000089d00000|100%| E|CS|TAMS 0x0000000089c00000, 0x0000000089c00000| Complete 
| 123|0x0000000089d00000, 0x0000000089e00000, 0x0000000089e00000|100%| E|CS|TAMS 0x0000000089d00000, 0x0000000089d00000| Complete 
| 124|0x0000000089e00000, 0x0000000089f00000, 0x0000000089f00000|100%| E|CS|TAMS 0x0000000089e00000, 0x0000000089e00000| Complete 
| 125|0x0000000089f00000, 0x000000008a000000, 0x000000008a000000|100%| E|CS|TAMS 0x0000000089f00000, 0x0000000089f00000| Complete 

Card table byte_map: [0x000001cf4dc90000,0x000001cf4e080000] _byte_map_base: 0x000001cf4d87f000

Marking Bits (Prev, Next): (CMBitMap*) 0x000001cf43048b80, (CMBitMap*) 0x000001cf43048bc0
 Prev Bits: [0x000001cf4e470000, 0x000001cf503e8000)
 Next Bits: [0x000001cf503f0000, 0x000001cf52368000)

Polling page: 0x000001cf40e40000

Metaspace:

Usage:
  Non-class:      9.45 MB used.
      Class:      1.36 MB used.
       Both:     10.82 MB used.

Virtual space:
  Non-class space:       64.00 MB reserved,       9.56 MB ( 15%) committed,  1 nodes.
      Class space:        1.00 GB reserved,       1.44 MB ( <1%) committed,  1 nodes.
             Both:        1.06 GB reserved,      11.00 MB (  1%) committed. 

Chunk freelists:
   Non-Class:  6.42 MB
       Class:  14.39 MB
        Both:  20.81 MB

MaxMetaspaceSize: unlimited
CompressedClassSpaceSize: 1.00 GB
Initial GC threshold: 21.00 MB
Current GC threshold: 21.00 MB
CDS: on
MetaspaceReclaimPolicy: balanced
 - commit_granule_bytes: 65536.
 - commit_granule_words: 8192.
 - virtual_space_node_default_size: 8388608.
 - enlarge_chunks_in_place: 1.
 - new_chunks_are_fully_committed: 0.
 - uncommit_free_chunks: 1.
 - use_allocation_guard: 0.
 - handle_deallocations: 1.


Internal statistics:

num_allocs_failed_limit: 0.
num_arena_births: 212.
num_arena_deaths: 0.
num_vsnodes_births: 2.
num_vsnodes_deaths: 0.
num_space_committed: 176.
num_space_uncommitted: 0.
num_chunks_returned_to_freelist: 0.
num_chunks_taken_from_freelist: 449.
num_chunk_merges: 0.
num_chunk_splits: 276.
num_chunks_enlarged: 165.
num_inconsistent_stats: 0.

CodeCache: size=49152Kb used=4089Kb max_used=4329Kb free=45062Kb
 bounds [0x000001cf4a8a0000, 0x000001cf4ad50000, 0x000001cf4d8a0000]
 total_blobs=2238 nmethods=1773 adapters=392
 compilation: enabled
              stopped_count=0, restarted_count=0
 full_count=0

Compilation events (20 events):
Event: 145.777 Thread 0x000001cf54704990 1768       1       java.util.Collections$SingletonSet::iterator (8 bytes)
Event: 145.777 Thread 0x000001cf54704990 nmethod 1768 0x000001cf4ac30310 code [0x000001cf4ac304a0, 0x000001cf4ac30618]
Event: 145.778 Thread 0x000001cf54704990 1769       1       org.springframework.core.convert.support.GenericConversionService$Converters$$Lambda$187/0x000001cf56138670::apply (8 bytes)
Event: 145.778 Thread 0x000001cf54704990 nmethod 1769 0x000001cf4ac2fc90 code [0x000001cf4ac2fe40, 0x000001cf4ac30198]
Event: 145.778 Thread 0x000001cf54704990 1770       1       org.springframework.core.convert.support.GenericConversionService$Converters::lambda$getMatchableConverters$0 (8 bytes)
Event: 145.778 Thread 0x000001cf54704990 nmethod 1770 0x000001cf4ac2f690 code [0x000001cf4ac2f840, 0x000001cf4ac2fb38]
Event: 145.778 Thread 0x000001cf54704990 1771       1       org.springframework.core.convert.support.GenericConversionService$ConvertersForPair::<init> (16 bytes)
Event: 145.779 Thread 0x000001cf54704990 nmethod 1771 0x000001cf4ac2f190 code [0x000001cf4ac2f320, 0x000001cf4ac2f5b8]
Event: 145.779 Thread 0x000001cf54704990 1772       1       java.util.concurrent.ConcurrentLinkedDeque::<init> (21 bytes)
Event: 145.779 Thread 0x000001cf54704990 nmethod 1772 0x000001cf4ac2ed90 code [0x000001cf4ac2ef20, 0x000001cf4ac2f0f8]
Event: 145.780 Thread 0x000001cf54704990 1773       1       org.springframework.core.ResolvableType::equals (143 bytes)
Event: 145.781 Thread 0x000001cf54704990 nmethod 1773 0x000001cf4ac2e510 code [0x000001cf4ac2e740, 0x000001cf4ac2eb78]
Event: 145.781 Thread 0x000001cf54704990 1774       1       org.springframework.core.ResolvableType::equalsType (34 bytes)
Event: 145.781 Thread 0x000001cf54704990 nmethod 1774 0x000001cf4ac2e110 code [0x000001cf4ac2e2c0, 0x000001cf4ac2e418]
Event: 145.781 Thread 0x000001cf54704990 1775       1       org.springframework.core.ResolvableType::forClass (9 bytes)
Event: 145.781 Thread 0x000001cf54704990 nmethod 1775 0x000001cf4ac2dd90 code [0x000001cf4ac2df20, 0x000001cf4ac2e068]
Event: 145.781 Thread 0x000001cf54704990 1776       1       org.springframework.core.ResolvableType::<init> (47 bytes)
Event: 145.781 Thread 0x000001cf54704990 nmethod 1776 0x000001cf4ac2d910 code [0x000001cf4ac2daa0, 0x000001cf4ac2dcf8]
Event: 145.781 Thread 0x000001cf54704990 1777       1       sun.reflect.generics.reflectiveObjects.ParameterizedTypeImpl::hashCode (24 bytes)
Event: 145.781 Thread 0x000001cf54704990 nmethod 1777 0x000001cf4ac2d490 code [0x000001cf4ac2d640, 0x000001cf4ac2d7c8]

GC Heap History (6 events):
Event: 111.884 GC heap before
{Heap before GC invocations=0 (full 0):
 garbage-first heap   total 129024K, used 13312K [0x0000000082200000, 0x0000000100000000)
  region size 1024K, 13 young (13312K), 0 survivors (0K)
 Metaspace       used 4547K, committed 4672K, reserved 1114112K
  class space    used 517K, committed 576K, reserved 1048576K
}
Event: 112.322 GC heap after
{Heap after GC invocations=1 (full 0):
 garbage-first heap   total 129024K, used 6777K [0x0000000082200000, 0x0000000100000000)
  region size 1024K, 2 young (2048K), 2 survivors (2048K)
 Metaspace       used 4547K, committed 4672K, reserved 1114112K
  class space    used 517K, committed 576K, reserved 1048576K
}
Event: 121.172 GC heap before
{Heap before GC invocations=1 (full 0):
 garbage-first heap   total 129024K, used 15993K [0x0000000082200000, 0x0000000100000000)
  region size 1024K, 11 young (11264K), 2 survivors (2048K)
 Metaspace       used 7034K, committed 7232K, reserved 1114112K
  class space    used 800K, committed 896K, reserved 1048576K
}
Event: 121.177 GC heap after
{Heap after GC invocations=2 (full 0):
 garbage-first heap   total 129024K, used 7601K [0x0000000082200000, 0x0000000100000000)
  region size 1024K, 1 young (1024K), 1 survivors (1024K)
 Metaspace       used 7034K, committed 7232K, reserved 1114112K
  class space    used 800K, committed 896K, reserved 1048576K
}
Event: 133.947 GC heap before
{Heap before GC invocations=2 (full 0):
 garbage-first heap   total 129024K, used 31153K [0x0000000082200000, 0x0000000100000000)
  region size 1024K, 25 young (25600K), 1 survivors (1024K)
 Metaspace       used 9430K, committed 9728K, reserved 1114112K
  class space    used 1157K, committed 1280K, reserved 1048576K
}
Event: 133.951 GC heap after
{Heap after GC invocations=3 (full 0):
 garbage-first heap   total 129024K, used 8615K [0x0000000082200000, 0x0000000100000000)
  region size 1024K, 2 young (2048K), 2 survivors (2048K)
 Metaspace       used 9430K, committed 9728K, reserved 1114112K
  class space    used 1157K, committed 1280K, reserved 1048576K
}

Deoptimization events (20 events):
Event: 133.936 Thread 0x000001cf9a751860 DEOPT PACKING pc=0x000001cf4abd06fc sp=0x000000961f2fc670
Event: 133.936 Thread 0x000001cf9a751860 DEOPT UNPACKING pc=0x000001cf4a8f2b43 sp=0x000000961f2fbb28 mode 1
Event: 133.936 Thread 0x000001cf9a751860 DEOPT PACKING pc=0x000001cf4ab6dc54 sp=0x000000961f2fd000
Event: 133.936 Thread 0x000001cf9a751860 DEOPT UNPACKING pc=0x000001cf4a8f2b43 sp=0x000000961f2fc4f0 mode 1
Event: 133.937 Thread 0x000001cf9a751860 DEOPT PACKING pc=0x000001cf4abd285c sp=0x000000961f2fc560
Event: 133.937 Thread 0x000001cf9a751860 DEOPT UNPACKING pc=0x000001cf4a8f2b43 sp=0x000000961f2fb9f8 mode 1
Event: 133.937 Thread 0x000001cf9a751860 DEOPT PACKING pc=0x000001cf4abd06fc sp=0x000000961f2fc630
Event: 133.937 Thread 0x000001cf9a751860 DEOPT UNPACKING pc=0x000001cf4a8f2b43 sp=0x000000961f2fbae8 mode 1
Event: 133.937 Thread 0x000001cf9a751860 DEOPT PACKING pc=0x000001cf4ab6dc54 sp=0x000000961f2fcfc0
Event: 133.937 Thread 0x000001cf9a751860 DEOPT UNPACKING pc=0x000001cf4a8f2b43 sp=0x000000961f2fc4b0 mode 1
Event: 133.937 Thread 0x000001cf9a751860 DEOPT PACKING pc=0x000001cf4abd06fc sp=0x000000961f2fd130
Event: 133.937 Thread 0x000001cf9a751860 DEOPT UNPACKING pc=0x000001cf4a8f2b43 sp=0x000000961f2fc5e8 mode 1
Event: 133.937 Thread 0x000001cf9a751860 DEOPT PACKING pc=0x000001cf4ab6dc54 sp=0x000000961f2fdac0
Event: 133.937 Thread 0x000001cf9a751860 DEOPT UNPACKING pc=0x000001cf4a8f2b43 sp=0x000000961f2fcfb0 mode 1
Event: 140.606 Thread 0x000001cf9a751860 DEOPT PACKING pc=0x000001cf4abd285c sp=0x000000961f2fcc20
Event: 140.606 Thread 0x000001cf9a751860 DEOPT UNPACKING pc=0x000001cf4a8f2b43 sp=0x000000961f2fc0b8 mode 1
Event: 140.606 Thread 0x000001cf9a751860 DEOPT PACKING pc=0x000001cf4abd06fc sp=0x000000961f2fccf0
Event: 140.606 Thread 0x000001cf9a751860 DEOPT UNPACKING pc=0x000001cf4a8f2b43 sp=0x000000961f2fc1a8 mode 1
Event: 140.606 Thread 0x000001cf9a751860 DEOPT PACKING pc=0x000001cf4ab6dc54 sp=0x000000961f2fd680
Event: 140.606 Thread 0x000001cf9a751860 DEOPT UNPACKING pc=0x000001cf4a8f2b43 sp=0x000000961f2fcb70 mode 1

Classes unloaded (0 events):
No events

Classes redefined (0 events):
No events

Internal exceptions (20 events):
Event: 125.576 Thread 0x000001cf42ff00c0 Exception <a 'java/lang/NoSuchMethodError'{0x0000000089ade5d8}: 'void java.lang.invoke.DirectMethodHandle$Holder.invokeStatic(java.lang.Object, java.lang.Object, java.lang.Object, java.lang.Object)'> (0x0000000089ade5d8) 
thrown [s\open\src\hotspot\share\interpreter\linkResolver.cpp, line 759]
Event: 125.591 Thread 0x000001cf9a750420 Exception <a 'java/lang/NoSuchMethodError'{0x000000008999c440}: 'java.lang.Object java.lang.invoke.Invokers$Holder.linkToTargetMethod(java.lang.Object, long, java.lang.Object)'> (0x000000008999c440) 
thrown [s\open\src\hotspot\share\interpreter\linkResolver.cpp, line 759]
Event: 126.124 Thread 0x000001cf42ff00c0 Exception <a 'java/lang/NoSuchMethodError'{0x0000000089501148}: 'int java.lang.invoke.DirectMethodHandle$Holder.invokeStaticInit(java.lang.Object, java.lang.Object)'> (0x0000000089501148) 
thrown [s\open\src\hotspot\share\interpreter\linkResolver.cpp, line 759]
Event: 126.852 Thread 0x000001cf42ff00c0 Exception <a 'java/lang/NoSuchMethodError'{0x00000000895a9690}: 'void java.lang.invoke.DirectMethodHandle$Holder.invokeInterface(java.lang.Object, java.lang.Object, java.lang.Object, java.lang.Object)'> (0x00000000895a9690) 
thrown [s\open\src\hotspot\share\interpreter\linkResolver.cpp, line 759]
Event: 127.898 Thread 0x000001cf42ff00c0 Exception <a 'java/lang/NoSuchMethodError'{0x0000000089002310}: 'java.lang.Object java.lang.invoke.DirectMethodHandle$Holder.invokeInterface(java.lang.Object, java.lang.Object)'> (0x0000000089002310) 
thrown [s\open\src\hotspot\share\interpreter\linkResolver.cpp, line 759]
Event: 127.935 Thread 0x000001cf42ff00c0 Exception <a 'java/lang/NoSuchMethodError'{0x00000000890c6c20}: 'java.lang.Object java.lang.invoke.DirectMethodHandle$Holder.invokeSpecialIFC(java.lang.Object, java.lang.Object, java.lang.Object, java.lang.Object)'> (0x00000000890c6c20) 
thrown [s\open\src\hotspot\share\interpreter\linkResolver.cpp, line 759]
Event: 129.034 Thread 0x000001cf548d0d10 Exception <a 'java/lang/reflect/InvocationTargetException'{0x0000000088f8f1b0}> (0x0000000088f8f1b0) 
thrown [s\open\src\hotspot\share\runtime\reflection.cpp, line 1121]
Event: 129.046 Thread 0x000001cf548d0d10 Exception <a 'java/lang/NoSuchMethodError'{0x0000000088fbf220}: static [Ljava/lang/StackTraceElement;.<clinit>()V> (0x0000000088fbf220) 
thrown [s\open\src\hotspot\share\prims\jni.cpp, line 1107]
Event: 129.126 Thread 0x000001cf42ff00c0 Exception <a 'java/lang/NoSuchMethodError'{0x0000000088f08420}: 'java.lang.Object java.lang.invoke.DirectMethodHandle$Holder.invokeInterface(java.lang.Object, java.lang.Object, java.lang.Object)'> (0x0000000088f08420) 
thrown [s\open\src\hotspot\share\interpreter\linkResolver.cpp, line 759]
Event: 133.944 Thread 0x000001cf9a751860 Exception <a 'java/lang/NoSuchMethodError'{0x00000000887e14c0}: 'int java.lang.invoke.DirectMethodHandle$Holder.invokeStaticInit(java.lang.Object, java.lang.Object, java.lang.Object)'> (0x00000000887e14c0) 
thrown [s\open\src\hotspot\share\interpreter\linkResolver.cpp, line 759]
Event: 134.908 Thread 0x000001cf9a751860 Exception <a 'java/lang/NoSuchMethodError'{0x0000000089ffe4d0}: 'java.lang.Object java.lang.invoke.DirectMethodHandle$Holder.newInvokeSpecial(java.lang.Object, java.lang.Object, java.lang.Object, java.lang.Object, java.lang.Object)'> (0x0000000089ffe4d0) 
thrown [s\open\src\hotspot\share\interpreter\linkResolver.cpp, line 759]
Event: 134.920 Thread 0x000001cf9a751860 Exception <a 'java/lang/NoSuchMethodError'{0x0000000089ec25f0}: 'java.lang.Object java.lang.invoke.DirectMethodHandle$Holder.invokeStaticInit(java.lang.Object, java.lang.Object, java.lang.Object)'> (0x0000000089ec25f0) 
thrown [s\open\src\hotspot\share\interpreter\linkResolver.cpp, line 759]
Event: 135.775 Thread 0x000001cf548d0d10 Exception <a 'java/lang/reflect/InvocationTargetException'{0x0000000089d52120}> (0x0000000089d52120) 
thrown [s\open\src\hotspot\share\runtime\reflection.cpp, line 1121]
Event: 137.180 Thread 0x000001cf9a751860 Exception <a 'java/lang/IncompatibleClassChangeError'{0x0000000089c7ce88}: Found class java.lang.Object, but interface was expected> (0x0000000089c7ce88) 
thrown [s\open\src\hotspot\share\interpreter\linkResolver.cpp, line 826]
Event: 137.476 Thread 0x000001cf548d0d10 Exception <a 'java/lang/reflect/InvocationTargetException'{0x0000000089d55ab0}> (0x0000000089d55ab0) 
thrown [s\open\src\hotspot\share\runtime\reflection.cpp, line 1121]
Event: 137.820 Thread 0x000001cf9a751860 Exception <a 'sun/nio/fs/WindowsException'{0x0000000089bcb0a0}> (0x0000000089bcb0a0) 
thrown [s\open\src\hotspot\share\prims\jni.cpp, line 516]
Event: 139.650 Thread 0x000001cf548d0d10 Exception <a 'java/lang/reflect/InvocationTargetException'{0x0000000089d591c0}> (0x0000000089d591c0) 
thrown [s\open\src\hotspot\share\runtime\reflection.cpp, line 1121]
Event: 140.648 Thread 0x000001cf548d0d10 Exception <a 'java/lang/reflect/InvocationTargetException'{0x0000000089d5c8d0}> (0x0000000089d5c8d0) 
thrown [s\open\src\hotspot\share\runtime\reflection.cpp, line 1121]
Event: 141.454 Thread 0x000001cf548d0d10 Exception <a 'java/lang/reflect/InvocationTargetException'{0x0000000089d5ffe0}> (0x0000000089d5ffe0) 
thrown [s\open\src\hotspot\share\runtime\reflection.cpp, line 1121]
Event: 145.713 Thread 0x000001cf548d0d10 Exception <a 'java/lang/reflect/InvocationTargetException'{0x0000000089d636f0}> (0x0000000089d636f0) 
thrown [s\open\src\hotspot\share\runtime\reflection.cpp, line 1121]

VM Operations (20 events):
Event: 133.947 Executing VM operation: G1CollectForAllocation
Event: 133.952 Executing VM operation: G1CollectForAllocation done
Event: 135.952 Executing VM operation: Cleanup
Event: 135.952 Executing VM operation: Cleanup done
Event: 136.959 Executing VM operation: Cleanup
Event: 136.959 Executing VM operation: Cleanup done
Event: 137.823 Executing VM operation: HandshakeAllThreads
Event: 137.823 Executing VM operation: HandshakeAllThreads done
Event: 138.823 Executing VM operation: Cleanup
Event: 138.823 Executing VM operation: Cleanup done
Event: 139.824 Executing VM operation: Cleanup
Event: 139.824 Executing VM operation: Cleanup done
Event: 140.838 Executing VM operation: Cleanup
Event: 140.838 Executing VM operation: Cleanup done
Event: 142.838 Executing VM operation: Cleanup
Event: 142.948 Executing VM operation: Cleanup done
Event: 143.956 Executing VM operation: Cleanup
Event: 144.160 Executing VM operation: Cleanup done
Event: 145.167 Executing VM operation: Cleanup
Event: 145.357 Executing VM operation: Cleanup done

Events (20 events):
Event: 142.485 loading class sun/reflect/generics/tree/ByteSignature
Event: 142.485 loading class sun/reflect/generics/tree/ByteSignature done
Event: 143.609 loading class java/util/ConcurrentModificationException
Event: 143.609 loading class java/util/ConcurrentModificationException done
Event: 143.623 loading class java/lang/ProcessEnvironment$CheckedKeySet
Event: 143.623 loading class java/lang/ProcessEnvironment$CheckedKeySet done
Event: 143.628 loading class java/util/stream/MatchOps$MatchKind
Event: 143.628 loading class java/util/stream/MatchOps$MatchKind done
Event: 143.628 loading class java/util/stream/MatchOps
Event: 143.628 loading class java/util/stream/MatchOps done
Event: 143.628 loading class java/util/stream/MatchOps$MatchOp
Event: 143.629 loading class java/util/stream/MatchOps$MatchOp done
Event: 144.164 loading class java/util/stream/MatchOps$BooleanTerminalSink
Event: 144.164 loading class java/util/stream/MatchOps$BooleanTerminalSink done
Event: 144.171 loading class java/util/stream/MatchOps$2MatchSink
Event: 144.792 loading class java/util/stream/MatchOps$2MatchSink done
Event: 145.376 loading class java/beans/PropertyEditorSupport
Event: 145.376 loading class java/beans/PropertyEditor
Event: 145.376 loading class java/beans/PropertyEditor done
Event: 145.377 loading class java/beans/PropertyEditorSupport done


Dynamic libraries:
0x00007ff6d7f40000 - 0x00007ff6d7f50000 	C:\Program Files\Java\jdk-17\bin\javaw.exe
0x00007ff8c2b10000 - 0x00007ff8c2d08000 	C:\Windows\SYSTEM32\ntdll.dll
0x00007ff8c0dd0000 - 0x00007ff8c0e8f000 	C:\Windows\System32\KERNEL32.DLL
0x00007ff8c0580000 - 0x00007ff8c0852000 	C:\Windows\System32\KERNELBASE.dll
0x00007ff8c03c0000 - 0x00007ff8c04c0000 	C:\Windows\System32\ucrtbase.dll
0x00007ff8b73f0000 - 0x00007ff8b7409000 	C:\Program Files\Java\jdk-17\bin\jli.dll
0x00007ff8c0e90000 - 0x00007ff8c0f3e000 	C:\Windows\System32\ADVAPI32.dll
0x00007ff8c0c20000 - 0x00007ff8c0cbe000 	C:\Windows\System32\msvcrt.dll
0x00007ff8c1040000 - 0x00007ff8c10dc000 	C:\Windows\System32\sechost.dll
0x00007ff8c2050000 - 0x00007ff8c2175000 	C:\Windows\System32\RPCRT4.dll
0x00007ff8c1b70000 - 0x00007ff8c1d11000 	C:\Windows\System32\USER32.dll
0x00007ff8c0200000 - 0x00007ff8c0222000 	C:\Windows\System32\win32u.dll
0x00007ff8c2180000 - 0x00007ff8c21ab000 	C:\Windows\System32\GDI32.dll
0x00007ff8c0860000 - 0x00007ff8c096f000 	C:\Windows\System32\gdi32full.dll
0x00007ff8c0970000 - 0x00007ff8c0a0d000 	C:\Windows\System32\msvcp_win.dll
0x00007ff8a4eb0000 - 0x00007ff8a4ecb000 	C:\Program Files\Java\jdk-17\bin\VCRUNTIME140.dll
0x00007ff8b1950000 - 0x00007ff8b1bea000 	C:\Windows\WinSxS\amd64_microsoft.windows.common-controls_6595b64144ccf1df_6.0.19041.1110_none_60b5254171f9507e\COMCTL32.dll
0x00007ff8b6b00000 - 0x00007ff8b6b0a000 	C:\Windows\SYSTEM32\VERSION.dll
0x00007ff8c2a90000 - 0x00007ff8c2ac2000 	C:\Windows\System32\IMM32.DLL
0x00007ff8b5a30000 - 0x00007ff8b5a3c000 	C:\Program Files\Java\jdk-17\bin\vcruntime140_1.dll
0x00007ff889850000 - 0x00007ff8898de000 	C:\Program Files\Java\jdk-17\bin\msvcp140.dll
0x00007ff85b8a0000 - 0x00007ff85c47f000 	C:\Program Files\Java\jdk-17\bin\server\jvm.dll
0x00007ff8c0f40000 - 0x00007ff8c0f48000 	C:\Windows\System32\PSAPI.DLL
0x00007ff8b3d30000 - 0x00007ff8b3d39000 	C:\Windows\SYSTEM32\WSOCK32.dll
0x00007ff8c0fd0000 - 0x00007ff8c103b000 	C:\Windows\System32\WS2_32.dll
0x00007ff8b18b0000 - 0x00007ff8b18d7000 	C:\Windows\SYSTEM32\WINMM.dll
0x00007ff8bed00000 - 0x00007ff8bed12000 	C:\Windows\SYSTEM32\kernel.appcore.dll
0x00007ff8b3a00000 - 0x00007ff8b3a0a000 	C:\Program Files\Java\jdk-17\bin\jimage.dll
0x00007ff8baf70000 - 0x00007ff8bb154000 	C:\Windows\SYSTEM32\DBGHELP.DLL
0x00007ff8b5b70000 - 0x00007ff8b5ba5000 	C:\Windows\SYSTEM32\dbgcore.DLL
0x00007ff8c0a10000 - 0x00007ff8c0a92000 	C:\Windows\System32\bcryptPrimitives.dll
0x00007ff8b3450000 - 0x00007ff8b348b000 	C:\Program Files\Java\jdk-17\bin\jdwp.dll
0x00007ff8b7410000 - 0x00007ff8b741e000 	C:\Program Files\Java\jdk-17\bin\instrument.dll
0x00007ff88f8c0000 - 0x00007ff88f8e5000 	C:\Program Files\Java\jdk-17\bin\java.dll
0x00007ff86d060000 - 0x00007ff86d137000 	C:\Program Files\Java\jdk-17\bin\jsvml.dll
0x00007ff8c2340000 - 0x00007ff8c2a84000 	C:\Windows\System32\SHELL32.dll
0x00007ff8bb160000 - 0x00007ff8bb8f2000 	C:\Windows\SYSTEM32\windows.storage.dll
0x00007ff8c12e0000 - 0x00007ff8c1635000 	C:\Windows\System32\combase.dll
0x00007ff8bfc60000 - 0x00007ff8bfc90000 	C:\Windows\SYSTEM32\Wldp.dll
0x00007ff8c0d20000 - 0x00007ff8c0dcd000 	C:\Windows\System32\SHCORE.dll
0x00007ff8c10e0000 - 0x00007ff8c1135000 	C:\Windows\System32\shlwapi.dll
0x00007ff8c0140000 - 0x00007ff8c015f000 	C:\Windows\SYSTEM32\profapi.dll
0x00007ff8b7280000 - 0x00007ff8b728c000 	C:\Program Files\Java\jdk-17\bin\dt_socket.dll
0x00007ff8bf660000 - 0x00007ff8bf69b000 	C:\Windows\SYSTEM32\IPHLPAPI.DLL
0x00007ff8bf9c0000 - 0x00007ff8bfa2a000 	C:\Windows\system32\mswsock.dll
0x00007ff8bf6a0000 - 0x00007ff8bf76a000 	C:\Windows\SYSTEM32\DNSAPI.dll
0x00007ff8c1b60000 - 0x00007ff8c1b68000 	C:\Windows\System32\NSI.dll
0x000000005fb30000 - 0x000000005fb56000 	C:\Program Files\Bonjour\mdnsNSP.dll
0x00007ff8b5fe0000 - 0x00007ff8b5fea000 	C:\Windows\System32\rasadhlp.dll
0x00007ff8b2390000 - 0x00007ff8b2410000 	C:\Windows\System32\fwpuclnt.dll
0x00007ff8c0230000 - 0x00007ff8c0257000 	C:\Windows\System32\bcrypt.dll
0x00007ff88cd20000 - 0x00007ff88cd38000 	C:\Program Files\Java\jdk-17\bin\zip.dll
0x00007ff89a080000 - 0x00007ff89a099000 	C:\Program Files\Java\jdk-17\bin\net.dll
0x00007ff8b3be0000 - 0x00007ff8b3cec000 	C:\Windows\SYSTEM32\WINHTTP.dll
0x00007ff88f250000 - 0x00007ff88f266000 	C:\Program Files\Java\jdk-17\bin\nio.dll
0x00007ff8b5610000 - 0x00007ff8b561a000 	C:\Program Files\Java\jdk-17\bin\management.dll
0x00007ff8b4730000 - 0x00007ff8b473b000 	C:\Program Files\Java\jdk-17\bin\management_ext.dll
0x00007ff8a08e0000 - 0x00007ff8a08f7000 	C:\Windows\system32\napinsp.dll
0x00007ff8a0710000 - 0x00007ff8a072b000 	C:\Windows\system32\pnrpnsp.dll
0x00007ff8b9670000 - 0x00007ff8b9685000 	C:\Windows\system32\wshbth.dll
0x00007ff8b6a30000 - 0x00007ff8b6a4d000 	C:\Windows\system32\NLAapi.dll
0x00007ff8a0570000 - 0x00007ff8a0582000 	C:\Windows\System32\winrnr.dll
0x00007ff8bfbb0000 - 0x00007ff8bfbc8000 	C:\Windows\SYSTEM32\CRYPTSP.dll
0x00007ff8bf270000 - 0x00007ff8bf2a4000 	C:\Windows\system32\rsaenh.dll
0x00007ff8c00c0000 - 0x00007ff8c00ee000 	C:\Windows\SYSTEM32\USERENV.dll
0x00007ff8bfbd0000 - 0x00007ff8bfbdc000 	C:\Windows\SYSTEM32\CRYPTBASE.dll
0x00007ff8b4d00000 - 0x00007ff8b4d17000 	C:\Windows\SYSTEM32\dhcpcsvc6.DLL
0x00007ff8b5db0000 - 0x00007ff8b5dcd000 	C:\Windows\SYSTEM32\dhcpcsvc.DLL
0x00007ff8ade60000 - 0x00007ff8ade70000 	C:\Program Files\Java\jdk-17\bin\verify.dll

dbghelp: loaded successfully - version: 4.0.5 - missing functions: none
symbol engine: initialized successfully - sym options: 0x614 - pdb path: .;C:\Program Files\Java\jdk-17\bin;C:\Windows\SYSTEM32;C:\Windows\WinSxS\amd64_microsoft.windows.common-controls_6595b64144ccf1df_6.0.19041.1110_none_60b5254171f9507e;C:\Program Files\Java\jdk-17\bin\server;C:\Program Files\Bonjour

VM Arguments:
jvm_args: -XX:+ShowCodeDetailsInExceptionMessages -agentlib:jdwp=transport=dt_socket,suspend=y,address=localhost:53964 -Dcom.sun.management.jmxremote -Dcom.sun.management.jmxremote.port=53889 -Dcom.sun.management.jmxremote.authenticate=false -Dcom.sun.management.jmxremote.ssl=false -Djava.rmi.server.hostname=localhost -Dspring.jmx.enabled=true -Dmanagement.endpoints.jmx.exposure.include=* -Dspring.application.admin.enabled=true -XX:TieredStopAtLevel=1 -Dspring.boot.project.name=Project-ClassControl -javaagent:C:\Users\DELL\eclipse\jee-2023-122\eclipse\configuration\org.eclipse.osgi\1242\0\.cp\lib\javaagent-shaded.jar -Dfile.encoding=UTF-8 -Dstdout.encoding=UTF-8 -Dstderr.encoding=UTF-8 
java_command: com.example.projectclasscontrol.ProjectClassControlApplication --spring.output.ansi.enabled=always
java_class_path (initial): C:\Pratik\J38 Project\Assignment-Tracking-Web-Application-Eclipse-IDE\project\Project-ClassControl\target\classes;C:\Users\DELL\.m2\repository\org\springframework\boot\spring-boot-starter-data-jdbc\3.2.5\spring-boot-starter-data-jdbc-3.2.5.jar;C:\Users\DELL\.m2\repository\org\springframework\data\spring-data-jdbc\3.2.5\spring-data-jdbc-3.2.5.jar;C:\Users\DELL\.m2\repository\org\springframework\data\spring-data-relational\3.2.5\spring-data-relational-3.2.5.jar;C:\Users\DELL\.m2\repository\com\github\jsqlparser\jsqlparser\4.6\jsqlparser-4.6.jar;C:\Users\DELL\.m2\repository\org\springframework\data\spring-data-commons\3.2.5\spring-data-commons-3.2.5.jar;C:\Users\DELL\.m2\repository\org\springframework\spring-tx\6.1.6\spring-tx-6.1.6.jar;C:\Users\DELL\.m2\repository\org\springframework\spring-context\6.1.6\spring-context-6.1.6.jar;C:\Users\DELL\.m2\repository\org\springframework\spring-beans\6.1.6\spring-beans-6.1.6.jar;C:\Users\DELL\.m2\repository\org\slf4j\slf4j-api\2.0.13\slf4j-api-2.0.13.jar;C:\Users\DELL\.m2\repository\org\springframework\boot\spring-boot-starter-data-jpa\3.2.5\spring-boot-starter-data-jpa-3.2.5.jar;C:\Users\DELL\.m2\repository\org\springframework\boot\spring-boot-starter-aop\3.2.5\spring-boot-starter-aop-3.2.5.jar;C:\Users\DELL\.m2\repository\org\springframework\spring-aop\6.1.6\spring-aop-6.1.6.jar;C:\Users\DELL\.m2\repository\org\aspectj\aspectjweaver\1.9.22\aspectjweaver-1.9.22.jar;C:\Users\DELL\.m2\repository\org\hibernate\orm\hibernate-core\6.4.4.Final\hibernate-core-6.4.4.Final.jar;C:\Users\DELL\.m2\repository\jakarta\persistence\jakarta.persistence-api\3.1.0\jakarta.persistence-api-3.1.0.jar;C:\Users\DELL\.m2\repository\jakarta\transaction\jakarta.transaction-api\2.0.1\jakarta.transaction-api-2.0.1.jar;C:\Users\DELL\.m2\repository\org\jboss\logging\jboss-logging\3.5.3.Final\jboss-logging-3.5.3.Final.jar;C:\Users\DELL\.m2\repository\org\hibernate\common\hibernate-commons-annotations\6.0.6.Final\hibernate-commons-
Launcher Type: SUN_STANDARD

[Global flags]
     intx CICompilerCount                          = 3                                         {product} {ergonomic}
     uint ConcGCThreads                            = 1                                         {product} {ergonomic}
     uint G1ConcRefinementThreads                  = 4                                         {product} {ergonomic}
   size_t G1HeapRegionSize                         = 1048576                                   {product} {ergonomic}
    uintx GCDrainStackTargetSize                   = 64                                        {product} {ergonomic}
   size_t InitialHeapSize                          = 132120576                                 {product} {ergonomic}
     bool ManagementServer                         = true                                      {product} {command line}
   size_t MarkStackSize                            = 4194304                                   {product} {ergonomic}
   size_t MaxHeapSize                              = 2111832064                                {product} {ergonomic}
   size_t MaxNewSize                               = 1266679808                                {product} {ergonomic}
   size_t MinHeapDeltaBytes                        = 1048576                                   {product} {ergonomic}
   size_t MinHeapSize                              = 8388608                                   {product} {ergonomic}
    uintx NonProfiledCodeHeapSize                  = 0                                      {pd product} {ergonomic}
     bool ProfileInterpreter                       = false                                  {pd product} {command line}
    uintx ProfiledCodeHeapSize                     = 0                                      {pd product} {ergonomic}
     bool ShowCodeDetailsInExceptionMessages       = true                                   {manageable} {command line}
   size_t SoftMaxHeapSize                          = 2111832064                             {manageable} {ergonomic}
     intx TieredStopAtLevel                        = 1                                         {product} {command line}
     bool UseCompressedClassPointers               = true                           {product lp64_product} {ergonomic}
     bool UseCompressedOops                        = true                           {product lp64_product} {ergonomic}
     bool UseG1GC                                  = true                                      {product} {ergonomic}
     bool UseLargePagesIndividualAllocation        = false                                  {pd product} {ergonomic}

Logging:
Log output configuration:
 #0: stdout all=warning uptime,level,tags
 #1: stderr all=off uptime,level,tags

Environment Variables:
JAVA_HOME=C:\Users\DELL\Downloads\openlogic-openjdk-17.0.10+7-windows-x64.zip\openlogic-openjdk-17.0.10+7-windows-x64\bin
PATH=C:\Program Files\Common Files\Oracle\Java\javapath;C:\Windows\system32;C:\Windows;C:\Windows\System32\Wbem;C:\Windows\System32\WindowsPowerShell\v1.0\;C:\Windows\System32\OpenSSH\;C:\Program Files\dotnet\;C:\Program Files (x86)\Intel\Intel(R) Management Engine Components\DAL;C:\Program Files\Intel\Intel(R) Management Engine Components\DAL;C:\Users\DELL\Downloads\openlogic-openjdk-17.0.10+7-windows-x64.zip\openlogic-openjdk-17.0.10+7-windows-x64\bin;C:\Users\DELL\mysql-shell-8.3.0-windows-x86-64bit.zip\mysql-shell-8.3.0-windows-x86-64bit\bin;C:\Program Files\Microsoft SQL Server\mysql-8.3.0-winx64\mysql-8.3.0-winx64\bin;C:\Program Files\MySQL\MySQL Server 8.0\bin;C:\Program Files\PowerShell\7\;C:\ProgramData\chocolatey\bin;C:\Program Files\nodejs\;C:\Users\DELL\AppData\Local\Programs\Python\Launcher\;C:\Users\DELL\AppData\Local\Microsoft\WindowsApps;C:\Users\DELL\AppData\Local\Programs\Microsoft VS Code\bin;C:\Program Files\JetBrains\IntelliJ IDEA 2024.1\bin;;C:\Program Files\JetBrains\IntelliJ IDEA Community Edition 2024.1\bin;;C:\Users\DELL\AppData\Local\GitHubDesktop\bin;C:\Users\DELL\AppData\Roaming\npm
USERNAME=DELL
OS=Windows_NT
PROCESSOR_IDENTIFIER=Intel64 Family 6 Model 142 Stepping 9, GenuineIntel



---------------  S Y S T E M  ---------------

OS:
 Windows 10 , 64 bit Build 19041 (10.0.19041.2364)
OS uptime: 6 days 1:10 hours

CPU: total 4 (initial active 4) (2 cores per cpu, 2 threads per core) family 6 model 142 stepping 9 microcode 0xf4, cx8, cmov, fxsr, ht, mmx, 3dnowpref, sse, sse2, sse3, ssse3, sse4.1, sse4.2, popcnt, lzcnt, tsc, tscinvbit, avx, avx2, aes, erms, clmul, bmi1, bmi2, rtm, adx, fma, vzeroupper, clflush, clflushopt

Memory: 4k page, system-wide physical 8050M (184M free)
TotalPageFile size 32626M (AvailPageFile size 467M)
current process WorkingSet (physical memory assigned to process): 68M, peak: 77M
current process commit charge ("private bytes"): 217M, peak: 217M

vm_info: Java HotSpot(TM) 64-Bit Server VM (17.0.10+11-LTS-240) for windows-amd64 JRE (17.0.10+11-LTS-240), built on Dec 19 2023 21:47:25 by "mach5one" with MS VC++ 17.1 (VS2022)

END.
