#
# There is insufficient memory for the Java Runtime Environment to continue.
# Native memory allocation (malloc) failed to allocate 32744 bytes for ChunkPool::allocate
# Possible reasons:
#   The system is out of physical RAM or swap space
#   The process is running with CompressedOops enabled, and the Java Heap may be blocking the growth of the native heap
# Possible solutions:
#   Reduce memory load on the system
#   Increase physical memory or swap space
#   Check if swap backing store is full
#   Decrease Java heap size (-Xmx/-Xms)
#   Decrease number of Java threads
#   Decrease Java thread stack sizes (-Xss)
#   Set larger code cache with -XX:ReservedCodeCacheSize=
#   JVM is running with Unscaled Compressed Oops mode in which the Java heap is
#     placed in the first 4GB address space. The Java Heap base address is the
#     maximum limit for the native heap growth. Please use -XX:HeapBaseMinAddress
#     to set the Java Heap base and to place the Java Heap above 4GB virtual address.
# This output file may be truncated or incomplete.
#
#  Out of Memory Error (arena.cpp:78), pid=7332, tid=22692
#
# JRE version: Java(TM) SE Runtime Environment (17.0.10+11) (build 17.0.10+11-LTS-240)
# Java VM: Java HotSpot(TM) 64-Bit Server VM (17.0.10+11-LTS-240, mixed mode, emulated-client, sharing, tiered, compressed oops, compressed class ptrs, g1 gc, windows-amd64)
# No core dump will be written. Minidumps are not enabled by default on client versions of Windows
#

---------------  S U M M A R Y ------------

Command Line: -XX:+ShowCodeDetailsInExceptionMessages -agentlib:jdwp=transport=dt_socket,suspend=y,address=localhost:54001 -Dcom.sun.management.jmxremote -Dcom.sun.management.jmxremote.port=53817 -Dcom.sun.management.jmxremote.authenticate=false -Dcom.sun.management.jmxremote.ssl=false -Djava.rmi.server.hostname=localhost -Dspring.jmx.enabled=true -Dmanagement.endpoints.jmx.exposure.include=* -Dspring.application.admin.enabled=true -XX:TieredStopAtLevel=1 -Dspring.boot.project.name=Project-ClassControl -javaagent:C:\Users\DELL\eclipse\jee-2023-122\eclipse\configuration\org.eclipse.osgi\1242\0\.cp\lib\javaagent-shaded.jar -Dfile.encoding=UTF-8 -Dstdout.encoding=UTF-8 -Dstderr.encoding=UTF-8 com.example.projectclasscontrol.ProjectClassControlApplication --spring.output.ansi.enabled=always

Host: Intel(R) Core(TM) i5-7300U CPU @ 2.60GHz, 4 cores, 7G,  Windows 10 , 64 bit Build 19041 (10.0.19041.2364)
Time: Fri May 24 14:23:39 2024 India Standard Time elapsed time: 152.507303 seconds (0d 0h 2m 32s)

---------------  T H R E A D  ---------------

Current thread (0x00000254c9b33930):  JavaThread "RMI TCP Connection(2)-127.0.0.1" daemon [_thread_in_vm, id=22692, stack(0x0000008e1b500000,0x0000008e1b600000)]

Stack: [0x0000008e1b500000,0x0000008e1b600000]
Native frames: (J=compiled Java code, j=interpreted, Vv=VM code, C=native code)
V  [jvm.dll+0x677a5a]
V  [jvm.dll+0x7d8b2d]
V  [jvm.dll+0x7da48e]
V  [jvm.dll+0x7daaf3]
V  [jvm.dll+0x2455ff]
V  [jvm.dll+0xaad50]
V  [jvm.dll+0xab09c]
V  [jvm.dll+0x706f74]
V  [jvm.dll+0x706153]
V  [jvm.dll+0x7074b0]
V  [jvm.dll+0x708101]
V  [jvm.dll+0x70841e]
V  [jvm.dll+0x38cbe2]
V  [jvm.dll+0x38e4ce]
V  [jvm.dll+0x41d6db]
C  0x00000254f9c40dcd

Java frames: (J=compiled Java code, j=interpreted, Vv=VM code)
j  java.lang.StackTraceElement.initStackTraceElements([Ljava/lang/StackTraceElement;Ljava/lang/Throwable;)V+0 java.base@17.0.10
j  java.lang.StackTraceElement.of(Ljava/lang/Throwable;I)[Ljava/lang/StackTraceElement;+30 java.base@17.0.10
j  java.lang.Throwable.getOurStackTrace()[Ljava/lang/StackTraceElement;+30 java.base@17.0.10
j  java.lang.Throwable.writeObject(Ljava/io/ObjectOutputStream;)V+1 java.base@17.0.10
v  ~StubRoutines::call_stub
j  jdk.internal.reflect.NativeMethodAccessorImpl.invoke0(Ljava/lang/reflect/Method;Ljava/lang/Object;[Ljava/lang/Object;)Ljava/lang/Object;+0 java.base@17.0.10
j  jdk.internal.reflect.NativeMethodAccessorImpl.invoke(Ljava/lang/Object;[Ljava/lang/Object;)Ljava/lang/Object;+133 java.base@17.0.10
j  jdk.internal.reflect.DelegatingMethodAccessorImpl.invoke(Ljava/lang/Object;[Ljava/lang/Object;)Ljava/lang/Object;+6 java.base@17.0.10
j  java.lang.reflect.Method.invoke(Ljava/lang/Object;[Ljava/lang/Object;)Ljava/lang/Object;+59 java.base@17.0.10
j  java.io.ObjectStreamClass.invokeWriteObject(Ljava/lang/Object;Ljava/io/ObjectOutputStream;)V+24 java.base@17.0.10
j  java.io.ObjectOutputStream.writeSerialData(Ljava/lang/Object;Ljava/io/ObjectStreamClass;)V+119 java.base@17.0.10
j  java.io.ObjectOutputStream.writeOrdinaryObject(Ljava/lang/Object;Ljava/io/ObjectStreamClass;Z)V+158 java.base@17.0.10
J 1527 c1 java.io.ObjectOutputStream.writeObject0(Ljava/lang/Object;Z)V java.base@17.0.10 (620 bytes) @ 0x00000254f9fc00ac [0x00000254f9fbf620+0x0000000000000a8c]
j  java.io.ObjectOutputStream.writeObject(Ljava/lang/Object;)V+16 java.base@17.0.10
j  sun.rmi.server.UnicastServerRef.dispatch(Ljava/rmi/Remote;Ljava/rmi/server/RemoteCall;)V+433 java.rmi@17.0.10
j  sun.rmi.transport.Transport$1.run()Ljava/lang/Void;+23 java.rmi@17.0.10
j  sun.rmi.transport.Transport$1.run()Ljava/lang/Object;+1 java.rmi@17.0.10
J 1566 c1 java.security.AccessController.executePrivileged(Ljava/security/PrivilegedExceptionAction;Ljava/security/AccessControlContext;Ljava/lang/Class;)Ljava/lang/Object; java.base@17.0.10 (65 bytes) @ 0x00000254f9fcfe94 [0x00000254f9fcfe40+0x0000000000000054]
j  java.security.AccessController.doPrivileged(Ljava/security/PrivilegedExceptionAction;Ljava/security/AccessControlContext;)Ljava/lang/Object;+13 java.base@17.0.10
j  sun.rmi.transport.Transport.serviceCall(Ljava/rmi/server/RemoteCall;)Z+157 java.rmi@17.0.10
j  sun.rmi.transport.tcp.TCPTransport.handleMessages(Lsun/rmi/transport/Connection;Z)V+145 java.rmi@17.0.10
j  sun.rmi.transport.tcp.TCPTransport$ConnectionHandler.run0()V+522 java.rmi@17.0.10
j  sun.rmi.transport.tcp.TCPTransport$ConnectionHandler.lambda$run$0()Ljava/lang/Void;+1 java.rmi@17.0.10
j  sun.rmi.transport.tcp.TCPTransport$ConnectionHandler$$Lambda$157+0x0000025485143ab8.run()Ljava/lang/Object;+4 java.rmi@17.0.10
J 927 c1 java.security.AccessController.executePrivileged(Ljava/security/PrivilegedAction;Ljava/security/AccessControlContext;Ljava/lang/Class;)Ljava/lang/Object; java.base@17.0.10 (65 bytes) @ 0x00000254f9f27a14 [0x00000254f9f279c0+0x0000000000000054]
j  java.security.AccessController.doPrivileged(Ljava/security/PrivilegedAction;Ljava/security/AccessControlContext;)Ljava/lang/Object;+13 java.base@17.0.10
j  sun.rmi.transport.tcp.TCPTransport$ConnectionHandler.run()V+37 java.rmi@17.0.10
j  java.util.concurrent.ThreadPoolExecutor.runWorker(Ljava/util/concurrent/ThreadPoolExecutor$Worker;)V+92 java.base@17.0.10
j  java.util.concurrent.ThreadPoolExecutor$Worker.run()V+5 java.base@17.0.10
j  java.lang.Thread.run()V+11 java.base@17.0.10
v  ~StubRoutines::call_stub

---------------  P R O C E S S  ---------------

Threads class SMR info:
_java_thread_list=0x00000254c9d058c0, length=23, elements={
0x00000254f23800c0, 0x00000254ffafd8b0, 0x00000254ffafede0, 0x00000254ffb12040,
0x00000254ffb12a70, 0x00000254ffb13340, 0x00000254ffb13c10, 0x00000254ffb14590,
0x00000254ffb46d70, 0x00000254ffae6300, 0x00000254c91ce440, 0x00000254c91d02f0,
0x00000254c91d6800, 0x00000254c9a44480, 0x00000254c9ab4330, 0x00000254c9b58510,
0x00000254c9b6e890, 0x00000254c9bb1cb0, 0x00000254c9c5e040, 0x00000254c912a090,
0x00000254c9b35ca0, 0x00000254c9b33930, 0x00000254c9b35280
}

Java Threads: ( => current thread )
  0x00000254f23800c0 JavaThread "main" [_thread_blocked, id=21048, stack(0x0000008e19400000,0x0000008e19500000)]
  0x00000254ffafd8b0 JavaThread "Reference Handler" daemon [_thread_blocked, id=1204, stack(0x0000008e19b00000,0x0000008e19c00000)]
  0x00000254ffafede0 JavaThread "Finalizer" daemon [_thread_blocked, id=18428, stack(0x0000008e19c00000,0x0000008e19d00000)]
  0x00000254ffb12040 JavaThread "Signal Dispatcher" daemon [_thread_blocked, id=24284, stack(0x0000008e19d00000,0x0000008e19e00000)]
  0x00000254ffb12a70 JavaThread "Attach Listener" daemon [_thread_blocked, id=72, stack(0x0000008e19e00000,0x0000008e19f00000)]
  0x00000254ffb13340 JavaThread "Service Thread" daemon [_thread_blocked, id=16408, stack(0x0000008e19f00000,0x0000008e1a000000)]
  0x00000254ffb13c10 JavaThread "Monitor Deflation Thread" daemon [_thread_blocked, id=13244, stack(0x0000008e1a000000,0x0000008e1a100000)]
  0x00000254ffb14590 JavaThread "C1 CompilerThread0" daemon [_thread_blocked, id=1920, stack(0x0000008e1a100000,0x0000008e1a200000)]
  0x00000254ffb46d70 JavaThread "Sweeper thread" daemon [_thread_blocked, id=20208, stack(0x0000008e1a200000,0x0000008e1a300000)]
  0x00000254ffae6300 JavaThread "Common-Cleaner" daemon [_thread_blocked, id=10420, stack(0x0000008e1a300000,0x0000008e1a400000)]
  0x00000254c91ce440 JavaThread "JDWP Transport Listener: dt_socket" daemon [_thread_blocked, id=26936, stack(0x0000008e1a400000,0x0000008e1a500000)]
  0x00000254c91d02f0 JavaThread "JDWP Event Helper Thread" daemon [_thread_blocked, id=26944, stack(0x0000008e1a500000,0x0000008e1a600000)]
  0x00000254c91d6800 JavaThread "JDWP Command Reader" daemon [_thread_in_native, id=27112, stack(0x0000008e1a600000,0x0000008e1a700000)]
  0x00000254c9a44480 JavaThread "Notification Thread" daemon [_thread_blocked, id=31924, stack(0x0000008e1a900000,0x0000008e1aa00000)]
  0x00000254c9ab4330 JavaThread "RMI TCP Accept-0" daemon [_thread_in_native, id=32668, stack(0x0000008e1ad00000,0x0000008e1ae00000)]
  0x00000254c9b58510 JavaThread "RMI TCP Accept-53817" daemon [_thread_in_native, id=32672, stack(0x0000008e1ae00000,0x0000008e1af00000)]
  0x00000254c9b6e890 JavaThread "RMI TCP Accept-0" daemon [_thread_in_native, id=30156, stack(0x0000008e1af00000,0x0000008e1b000000)]
  0x00000254c9bb1cb0 JavaThread "Thread-0" [_thread_blocked, id=10416, stack(0x0000008e1b100000,0x0000008e1b200000)]
  0x00000254c9c5e040 JavaThread "RMI TCP Connection(1)-127.0.0.1" daemon [_thread_in_native, id=30296, stack(0x0000008e1b200000,0x0000008e1b300000)]
  0x00000254c912a090 JavaThread "restartedMain" [_thread_in_vm, id=30284, stack(0x0000008e1b300000,0x0000008e1b400000)] _threads_hazard_ptr=0x00000254c9d058c0
  0x00000254c9b35ca0 JavaThread "RMI Scheduler(0)" daemon [_thread_blocked, id=18520, stack(0x0000008e1b400000,0x0000008e1b500000)]
=>0x00000254c9b33930 JavaThread "RMI TCP Connection(2)-127.0.0.1" daemon [_thread_in_vm, id=22692, stack(0x0000008e1b500000,0x0000008e1b600000)]
  0x00000254c9b35280 JavaThread "JMX server connection timeout 27" daemon [_thread_blocked, id=19600, stack(0x0000008e1b600000,0x0000008e1b700000)]

Other Threads:
  0x00000254ffaf85f0 VMThread "VM Thread" [stack: 0x0000008e19a00000,0x0000008e19b00000] [id=13144] _threads_hazard_ptr=0x00000254c9d058c0
  0x00000254f2381fa0 WatcherThread [stack: 0x0000008e1b000000,0x0000008e1b100000] [id=18824]
  0x00000254f23d8650 GCTaskThread "GC Thread#0" [stack: 0x0000008e19500000,0x0000008e19600000] [id=14696]
  0x00000254c9ad27a0 GCTaskThread "GC Thread#1" [stack: 0x0000008e1aa00000,0x0000008e1ab00000] [id=32428]
  0x00000254c9ae7240 GCTaskThread "GC Thread#2" [stack: 0x0000008e1ab00000,0x0000008e1ac00000] [id=32432]
  0x00000254c9b02790 GCTaskThread "GC Thread#3" [stack: 0x0000008e1ac00000,0x0000008e1ad00000] [id=32448]
  0x00000254f23e9070 ConcurrentGCThread "G1 Main Marker" [stack: 0x0000008e19600000,0x0000008e19700000] [id=18180]
  0x00000254f23e9990 ConcurrentGCThread "G1 Conc#0" [stack: 0x0000008e19700000,0x0000008e19800000] [id=7764]
  0x00000254f244eb00 ConcurrentGCThread "G1 Refine#0" [stack: 0x0000008e19800000,0x0000008e19900000] [id=19812]
  0x00000254ff9b3600 ConcurrentGCThread "G1 Service" [stack: 0x0000008e19900000,0x0000008e19a00000] [id=3020]

Threads with active compile tasks:

VM state: synchronizing (normal execution)

VM Mutex/Monitor currently owned by a thread:  ([mutex/lock_event])
[0x00000254f237b870] Threads_lock - owner thread: 0x00000254ffaf85f0

Heap address: 0x0000000082200000, size: 2014 MB, Compressed Oops mode: 32-bit

CDS archive(s) mapped at: [0x0000025484000000-0x0000025484bd0000-0x0000025484bd0000), size 12386304, SharedBaseAddress: 0x0000025484000000, ArchiveRelocationMode: 1.
Compressed class space mapped at: 0x0000025485000000-0x00000254c5000000, reserved size: 1073741824
Narrow klass base: 0x0000025484000000, Narrow klass shift: 0, Narrow klass range: 0x100000000

GC Precious Log:
 CPUs: 4 total, 4 available
 Memory: 8050M
 Large Page Support: Disabled
 NUMA Support: Disabled
 Compressed Oops: Enabled (32-bit)
 Heap Region Size: 1M
 Heap Min Capacity: 8M
 Heap Initial Capacity: 126M
 Heap Max Capacity: 2014M
 Pre-touch: Disabled
 Parallel Workers: 4
 Concurrent Workers: 1
 Concurrent Refinement Workers: 4
 Periodic GC: Disabled

Heap:
 garbage-first heap   total 129024K, used 9347K [0x0000000082200000, 0x0000000100000000)
  region size 1024K, 4 young (4096K), 2 survivors (2048K)
 Metaspace       used 9857K, committed 10112K, reserved 1114112K
  class space    used 1215K, committed 1344K, reserved 1048576K

Heap Regions: E=young(eden), S=young(survivor), O=old, HS=humongous(starts), HC=humongous(continues), CS=collection set, F=free, OA=open archive, CA=closed archive, TAMS=top-at-mark-start (previous, next)
|   0|0x0000000082200000, 0x0000000082300000, 0x0000000082300000|100%|HS|  |TAMS 0x0000000082200000, 0x0000000082200000| Complete 
|   1|0x0000000082300000, 0x0000000082400000, 0x0000000082400000|100%| O|  |TAMS 0x0000000082300000, 0x0000000082300000| Untracked 
|   2|0x0000000082400000, 0x0000000082500000, 0x0000000082500000|100%| O|  |TAMS 0x0000000082400000, 0x0000000082400000| Untracked 
|   3|0x0000000082500000, 0x0000000082600000, 0x0000000082600000|100%| O|  |TAMS 0x0000000082500000, 0x0000000082500000| Untracked 
|   4|0x0000000082600000, 0x0000000082700000, 0x0000000082700000|100%| O|  |TAMS 0x0000000082600000, 0x0000000082600000| Untracked 
|   5|0x0000000082700000, 0x0000000082800000, 0x0000000082800000|100%| O|  |TAMS 0x0000000082700000, 0x0000000082700000| Untracked 
|   6|0x0000000082800000, 0x000000008288c600, 0x0000000082900000| 54%| O|  |TAMS 0x0000000082800000, 0x0000000082800000| Untracked 
|   7|0x0000000082900000, 0x0000000082900000, 0x0000000082a00000|  0%| F|  |TAMS 0x0000000082900000, 0x0000000082900000| Untracked 
|   8|0x0000000082a00000, 0x0000000082a00000, 0x0000000082b00000|  0%| F|  |TAMS 0x0000000082a00000, 0x0000000082a00000| Untracked 
|   9|0x0000000082b00000, 0x0000000082b00000, 0x0000000082c00000|  0%| F|  |TAMS 0x0000000082b00000, 0x0000000082b00000| Untracked 
|  10|0x0000000082c00000, 0x0000000082c00000, 0x0000000082d00000|  0%| F|  |TAMS 0x0000000082c00000, 0x0000000082c00000| Untracked 
|  11|0x0000000082d00000, 0x0000000082d00000, 0x0000000082e00000|  0%| F|  |TAMS 0x0000000082d00000, 0x0000000082d00000| Untracked 
|  12|0x0000000082e00000, 0x0000000082e00000, 0x0000000082f00000|  0%| F|  |TAMS 0x0000000082e00000, 0x0000000082e00000| Untracked 
|  13|0x0000000082f00000, 0x0000000082f00000, 0x0000000083000000|  0%| F|  |TAMS 0x0000000082f00000, 0x0000000082f00000| Untracked 
|  14|0x0000000083000000, 0x0000000083000000, 0x0000000083100000|  0%| F|  |TAMS 0x0000000083000000, 0x0000000083000000| Untracked 
|  15|0x0000000083100000, 0x0000000083100000, 0x0000000083200000|  0%| F|  |TAMS 0x0000000083100000, 0x0000000083100000| Untracked 
|  16|0x0000000083200000, 0x0000000083200000, 0x0000000083300000|  0%| F|  |TAMS 0x0000000083200000, 0x0000000083200000| Untracked 
|  17|0x0000000083300000, 0x0000000083300000, 0x0000000083400000|  0%| F|  |TAMS 0x0000000083300000, 0x0000000083300000| Untracked 
|  18|0x0000000083400000, 0x0000000083400000, 0x0000000083500000|  0%| F|  |TAMS 0x0000000083400000, 0x0000000083400000| Untracked 
|  19|0x0000000083500000, 0x0000000083500000, 0x0000000083600000|  0%| F|  |TAMS 0x0000000083500000, 0x0000000083500000| Untracked 
|  20|0x0000000083600000, 0x0000000083600000, 0x0000000083700000|  0%| F|  |TAMS 0x0000000083600000, 0x0000000083600000| Untracked 
|  21|0x0000000083700000, 0x0000000083700000, 0x0000000083800000|  0%| F|  |TAMS 0x0000000083700000, 0x0000000083700000| Untracked 
|  22|0x0000000083800000, 0x0000000083800000, 0x0000000083900000|  0%| F|  |TAMS 0x0000000083800000, 0x0000000083800000| Untracked 
|  23|0x0000000083900000, 0x0000000083900000, 0x0000000083a00000|  0%| F|  |TAMS 0x0000000083900000, 0x0000000083900000| Untracked 
|  24|0x0000000083a00000, 0x0000000083a00000, 0x0000000083b00000|  0%| F|  |TAMS 0x0000000083a00000, 0x0000000083a00000| Untracked 
|  25|0x0000000083b00000, 0x0000000083b00000, 0x0000000083c00000|  0%| F|  |TAMS 0x0000000083b00000, 0x0000000083b00000| Untracked 
|  26|0x0000000083c00000, 0x0000000083c00000, 0x0000000083d00000|  0%| F|  |TAMS 0x0000000083c00000, 0x0000000083c00000| Untracked 
|  27|0x0000000083d00000, 0x0000000083d00000, 0x0000000083e00000|  0%| F|  |TAMS 0x0000000083d00000, 0x0000000083d00000| Untracked 
|  28|0x0000000083e00000, 0x0000000083e00000, 0x0000000083f00000|  0%| F|  |TAMS 0x0000000083e00000, 0x0000000083e00000| Untracked 
|  29|0x0000000083f00000, 0x0000000083f00000, 0x0000000084000000|  0%| F|  |TAMS 0x0000000083f00000, 0x0000000083f00000| Untracked 
|  30|0x0000000084000000, 0x0000000084000000, 0x0000000084100000|  0%| F|  |TAMS 0x0000000084000000, 0x0000000084000000| Untracked 
|  31|0x0000000084100000, 0x0000000084100000, 0x0000000084200000|  0%| F|  |TAMS 0x0000000084100000, 0x0000000084100000| Untracked 
|  32|0x0000000084200000, 0x0000000084200000, 0x0000000084300000|  0%| F|  |TAMS 0x0000000084200000, 0x0000000084200000| Untracked 
|  33|0x0000000084300000, 0x0000000084300000, 0x0000000084400000|  0%| F|  |TAMS 0x0000000084300000, 0x0000000084300000| Untracked 
|  34|0x0000000084400000, 0x0000000084400000, 0x0000000084500000|  0%| F|  |TAMS 0x0000000084400000, 0x0000000084400000| Untracked 
|  35|0x0000000084500000, 0x0000000084500000, 0x0000000084600000|  0%| F|  |TAMS 0x0000000084500000, 0x0000000084500000| Untracked 
|  36|0x0000000084600000, 0x0000000084600000, 0x0000000084700000|  0%| F|  |TAMS 0x0000000084600000, 0x0000000084600000| Untracked 
|  37|0x0000000084700000, 0x0000000084700000, 0x0000000084800000|  0%| F|  |TAMS 0x0000000084700000, 0x0000000084700000| Untracked 
|  38|0x0000000084800000, 0x0000000084800000, 0x0000000084900000|  0%| F|  |TAMS 0x0000000084800000, 0x0000000084800000| Untracked 
|  39|0x0000000084900000, 0x0000000084900000, 0x0000000084a00000|  0%| F|  |TAMS 0x0000000084900000, 0x0000000084900000| Untracked 
|  40|0x0000000084a00000, 0x0000000084a00000, 0x0000000084b00000|  0%| F|  |TAMS 0x0000000084a00000, 0x0000000084a00000| Untracked 
|  41|0x0000000084b00000, 0x0000000084b00000, 0x0000000084c00000|  0%| F|  |TAMS 0x0000000084b00000, 0x0000000084b00000| Untracked 
|  42|0x0000000084c00000, 0x0000000084c00000, 0x0000000084d00000|  0%| F|  |TAMS 0x0000000084c00000, 0x0000000084c00000| Untracked 
|  43|0x0000000084d00000, 0x0000000084d00000, 0x0000000084e00000|  0%| F|  |TAMS 0x0000000084d00000, 0x0000000084d00000| Untracked 
|  44|0x0000000084e00000, 0x0000000084e00000, 0x0000000084f00000|  0%| F|  |TAMS 0x0000000084e00000, 0x0000000084e00000| Untracked 
|  45|0x0000000084f00000, 0x0000000084f00000, 0x0000000085000000|  0%| F|  |TAMS 0x0000000084f00000, 0x0000000084f00000| Untracked 
|  46|0x0000000085000000, 0x0000000085000000, 0x0000000085100000|  0%| F|  |TAMS 0x0000000085000000, 0x0000000085000000| Untracked 
|  47|0x0000000085100000, 0x0000000085100000, 0x0000000085200000|  0%| F|  |TAMS 0x0000000085100000, 0x0000000085100000| Untracked 
|  48|0x0000000085200000, 0x0000000085200000, 0x0000000085300000|  0%| F|  |TAMS 0x0000000085200000, 0x0000000085200000| Untracked 
|  49|0x0000000085300000, 0x0000000085300000, 0x0000000085400000|  0%| F|  |TAMS 0x0000000085300000, 0x0000000085300000| Untracked 
|  50|0x0000000085400000, 0x0000000085400000, 0x0000000085500000|  0%| F|  |TAMS 0x0000000085400000, 0x0000000085400000| Untracked 
|  51|0x0000000085500000, 0x0000000085500000, 0x0000000085600000|  0%| F|  |TAMS 0x0000000085500000, 0x0000000085500000| Untracked 
|  52|0x0000000085600000, 0x0000000085600000, 0x0000000085700000|  0%| F|  |TAMS 0x0000000085600000, 0x0000000085600000| Untracked 
|  53|0x0000000085700000, 0x0000000085700000, 0x0000000085800000|  0%| F|  |TAMS 0x0000000085700000, 0x0000000085700000| Untracked 
|  54|0x0000000085800000, 0x0000000085800000, 0x0000000085900000|  0%| F|  |TAMS 0x0000000085800000, 0x0000000085800000| Untracked 
|  55|0x0000000085900000, 0x0000000085900000, 0x0000000085a00000|  0%| F|  |TAMS 0x0000000085900000, 0x0000000085900000| Untracked 
|  56|0x0000000085a00000, 0x0000000085a00000, 0x0000000085b00000|  0%| F|  |TAMS 0x0000000085a00000, 0x0000000085a00000| Untracked 
|  57|0x0000000085b00000, 0x0000000085b00000, 0x0000000085c00000|  0%| F|  |TAMS 0x0000000085b00000, 0x0000000085b00000| Untracked 
|  58|0x0000000085c00000, 0x0000000085c00000, 0x0000000085d00000|  0%| F|  |TAMS 0x0000000085c00000, 0x0000000085c00000| Untracked 
|  59|0x0000000085d00000, 0x0000000085d00000, 0x0000000085e00000|  0%| F|  |TAMS 0x0000000085d00000, 0x0000000085d00000| Untracked 
|  60|0x0000000085e00000, 0x0000000085e00000, 0x0000000085f00000|  0%| F|  |TAMS 0x0000000085e00000, 0x0000000085e00000| Untracked 
|  61|0x0000000085f00000, 0x0000000085f00000, 0x0000000086000000|  0%| F|  |TAMS 0x0000000085f00000, 0x0000000085f00000| Untracked 
|  62|0x0000000086000000, 0x0000000086000000, 0x0000000086100000|  0%| F|  |TAMS 0x0000000086000000, 0x0000000086000000| Untracked 
|  63|0x0000000086100000, 0x0000000086100000, 0x0000000086200000|  0%| F|  |TAMS 0x0000000086100000, 0x0000000086100000| Untracked 
|  64|0x0000000086200000, 0x0000000086200000, 0x0000000086300000|  0%| F|  |TAMS 0x0000000086200000, 0x0000000086200000| Untracked 
|  65|0x0000000086300000, 0x0000000086300000, 0x0000000086400000|  0%| F|  |TAMS 0x0000000086300000, 0x0000000086300000| Untracked 
|  66|0x0000000086400000, 0x0000000086400000, 0x0000000086500000|  0%| F|  |TAMS 0x0000000086400000, 0x0000000086400000| Untracked 
|  67|0x0000000086500000, 0x0000000086500000, 0x0000000086600000|  0%| F|  |TAMS 0x0000000086500000, 0x0000000086500000| Untracked 
|  68|0x0000000086600000, 0x0000000086600000, 0x0000000086700000|  0%| F|  |TAMS 0x0000000086600000, 0x0000000086600000| Untracked 
|  69|0x0000000086700000, 0x0000000086700000, 0x0000000086800000|  0%| F|  |TAMS 0x0000000086700000, 0x0000000086700000| Untracked 
|  70|0x0000000086800000, 0x0000000086800000, 0x0000000086900000|  0%| F|  |TAMS 0x0000000086800000, 0x0000000086800000| Untracked 
|  71|0x0000000086900000, 0x0000000086900000, 0x0000000086a00000|  0%| F|  |TAMS 0x0000000086900000, 0x0000000086900000| Untracked 
|  72|0x0000000086a00000, 0x0000000086a00000, 0x0000000086b00000|  0%| F|  |TAMS 0x0000000086a00000, 0x0000000086a00000| Untracked 
|  73|0x0000000086b00000, 0x0000000086b00000, 0x0000000086c00000|  0%| F|  |TAMS 0x0000000086b00000, 0x0000000086b00000| Untracked 
|  74|0x0000000086c00000, 0x0000000086c00000, 0x0000000086d00000|  0%| F|  |TAMS 0x0000000086c00000, 0x0000000086c00000| Untracked 
|  75|0x0000000086d00000, 0x0000000086d00000, 0x0000000086e00000|  0%| F|  |TAMS 0x0000000086d00000, 0x0000000086d00000| Untracked 
|  76|0x0000000086e00000, 0x0000000086e00000, 0x0000000086f00000|  0%| F|  |TAMS 0x0000000086e00000, 0x0000000086e00000| Untracked 
|  77|0x0000000086f00000, 0x0000000086f00000, 0x0000000087000000|  0%| F|  |TAMS 0x0000000086f00000, 0x0000000086f00000| Untracked 
|  78|0x0000000087000000, 0x0000000087000000, 0x0000000087100000|  0%| F|  |TAMS 0x0000000087000000, 0x0000000087000000| Untracked 
|  79|0x0000000087100000, 0x0000000087100000, 0x0000000087200000|  0%| F|  |TAMS 0x0000000087100000, 0x0000000087100000| Untracked 
|  80|0x0000000087200000, 0x0000000087200000, 0x0000000087300000|  0%| F|  |TAMS 0x0000000087200000, 0x0000000087200000| Untracked 
|  81|0x0000000087300000, 0x0000000087300000, 0x0000000087400000|  0%| F|  |TAMS 0x0000000087300000, 0x0000000087300000| Untracked 
|  82|0x0000000087400000, 0x0000000087400000, 0x0000000087500000|  0%| F|  |TAMS 0x0000000087400000, 0x0000000087400000| Untracked 
|  83|0x0000000087500000, 0x0000000087500000, 0x0000000087600000|  0%| F|  |TAMS 0x0000000087500000, 0x0000000087500000| Untracked 
|  84|0x0000000087600000, 0x0000000087600000, 0x0000000087700000|  0%| F|  |TAMS 0x0000000087600000, 0x0000000087600000| Untracked 
|  85|0x0000000087700000, 0x0000000087700000, 0x0000000087800000|  0%| F|  |TAMS 0x0000000087700000, 0x0000000087700000| Untracked 
|  86|0x0000000087800000, 0x0000000087800000, 0x0000000087900000|  0%| F|  |TAMS 0x0000000087800000, 0x0000000087800000| Untracked 
|  87|0x0000000087900000, 0x0000000087900000, 0x0000000087a00000|  0%| F|  |TAMS 0x0000000087900000, 0x0000000087900000| Untracked 
|  88|0x0000000087a00000, 0x0000000087a00000, 0x0000000087b00000|  0%| F|  |TAMS 0x0000000087a00000, 0x0000000087a00000| Untracked 
|  89|0x0000000087b00000, 0x0000000087b00000, 0x0000000087c00000|  0%| F|  |TAMS 0x0000000087b00000, 0x0000000087b00000| Untracked 
|  90|0x0000000087c00000, 0x0000000087c00000, 0x0000000087d00000|  0%| F|  |TAMS 0x0000000087c00000, 0x0000000087c00000| Untracked 
|  91|0x0000000087d00000, 0x0000000087d00000, 0x0000000087e00000|  0%| F|  |TAMS 0x0000000087d00000, 0x0000000087d00000| Untracked 
|  92|0x0000000087e00000, 0x0000000087e00000, 0x0000000087f00000|  0%| F|  |TAMS 0x0000000087e00000, 0x0000000087e00000| Untracked 
|  93|0x0000000087f00000, 0x0000000087f00000, 0x0000000088000000|  0%| F|  |TAMS 0x0000000087f00000, 0x0000000087f00000| Untracked 
|  94|0x0000000088000000, 0x0000000088000000, 0x0000000088100000|  0%| F|  |TAMS 0x0000000088000000, 0x0000000088000000| Untracked 
|  95|0x0000000088100000, 0x0000000088100000, 0x0000000088200000|  0%| F|  |TAMS 0x0000000088100000, 0x0000000088100000| Untracked 
|  96|0x0000000088200000, 0x0000000088200000, 0x0000000088300000|  0%| F|  |TAMS 0x0000000088200000, 0x0000000088200000| Untracked 
|  97|0x0000000088300000, 0x0000000088300000, 0x0000000088400000|  0%| F|  |TAMS 0x0000000088300000, 0x0000000088300000| Untracked 
|  98|0x0000000088400000, 0x0000000088494660, 0x0000000088500000| 57%| S|CS|TAMS 0x0000000088400000, 0x0000000088400000| Complete 
|  99|0x0000000088500000, 0x0000000088600000, 0x0000000088600000|100%| S|CS|TAMS 0x0000000088500000, 0x0000000088500000| Complete 
| 100|0x0000000088600000, 0x0000000088600000, 0x0000000088700000|  0%| F|  |TAMS 0x0000000088600000, 0x0000000088600000| Untracked 
| 101|0x0000000088700000, 0x0000000088700000, 0x0000000088800000|  0%| F|  |TAMS 0x0000000088700000, 0x0000000088700000| Untracked 
| 102|0x0000000088800000, 0x0000000088800000, 0x0000000088900000|  0%| F|  |TAMS 0x0000000088800000, 0x0000000088800000| Untracked 
| 103|0x0000000088900000, 0x0000000088900000, 0x0000000088a00000|  0%| F|  |TAMS 0x0000000088900000, 0x0000000088900000| Untracked 
| 104|0x0000000088a00000, 0x0000000088a00000, 0x0000000088b00000|  0%| F|  |TAMS 0x0000000088a00000, 0x0000000088a00000| Untracked 
| 105|0x0000000088b00000, 0x0000000088b00000, 0x0000000088c00000|  0%| F|  |TAMS 0x0000000088b00000, 0x0000000088b00000| Untracked 
| 106|0x0000000088c00000, 0x0000000088c00000, 0x0000000088d00000|  0%| F|  |TAMS 0x0000000088c00000, 0x0000000088c00000| Untracked 
| 107|0x0000000088d00000, 0x0000000088d00000, 0x0000000088e00000|  0%| F|  |TAMS 0x0000000088d00000, 0x0000000088d00000| Untracked 
| 108|0x0000000088e00000, 0x0000000088e00000, 0x0000000088f00000|  0%| F|  |TAMS 0x0000000088e00000, 0x0000000088e00000| Untracked 
| 109|0x0000000088f00000, 0x0000000088f00000, 0x0000000089000000|  0%| F|  |TAMS 0x0000000088f00000, 0x0000000088f00000| Untracked 
| 110|0x0000000089000000, 0x0000000089000000, 0x0000000089100000|  0%| F|  |TAMS 0x0000000089000000, 0x0000000089000000| Untracked 
| 111|0x0000000089100000, 0x0000000089100000, 0x0000000089200000|  0%| F|  |TAMS 0x0000000089100000, 0x0000000089100000| Untracked 
| 112|0x0000000089200000, 0x0000000089200000, 0x0000000089300000|  0%| F|  |TAMS 0x0000000089200000, 0x0000000089200000| Untracked 
| 113|0x0000000089300000, 0x0000000089300000, 0x0000000089400000|  0%| F|  |TAMS 0x0000000089300000, 0x0000000089300000| Untracked 
| 114|0x0000000089400000, 0x0000000089400000, 0x0000000089500000|  0%| F|  |TAMS 0x0000000089400000, 0x0000000089400000| Untracked 
| 115|0x0000000089500000, 0x0000000089500000, 0x0000000089600000|  0%| F|  |TAMS 0x0000000089500000, 0x0000000089500000| Untracked 
| 116|0x0000000089600000, 0x0000000089600000, 0x0000000089700000|  0%| F|  |TAMS 0x0000000089600000, 0x0000000089600000| Untracked 
| 117|0x0000000089700000, 0x0000000089700000, 0x0000000089800000|  0%| F|  |TAMS 0x0000000089700000, 0x0000000089700000| Untracked 
| 118|0x0000000089800000, 0x0000000089800000, 0x0000000089900000|  0%| F|  |TAMS 0x0000000089800000, 0x0000000089800000| Untracked 
| 119|0x0000000089900000, 0x0000000089900000, 0x0000000089a00000|  0%| F|  |TAMS 0x0000000089900000, 0x0000000089900000| Untracked 
| 120|0x0000000089a00000, 0x0000000089a00000, 0x0000000089b00000|  0%| F|  |TAMS 0x0000000089a00000, 0x0000000089a00000| Untracked 
| 121|0x0000000089b00000, 0x0000000089b00000, 0x0000000089c00000|  0%| F|  |TAMS 0x0000000089b00000, 0x0000000089b00000| Untracked 
| 122|0x0000000089c00000, 0x0000000089c00000, 0x0000000089d00000|  0%| F|  |TAMS 0x0000000089c00000, 0x0000000089c00000| Untracked 
| 123|0x0000000089d00000, 0x0000000089d00000, 0x0000000089e00000|  0%| F|  |TAMS 0x0000000089d00000, 0x0000000089d00000| Untracked 
| 124|0x0000000089e00000, 0x0000000089e00800, 0x0000000089f00000|  0%| E|  |TAMS 0x0000000089e00000, 0x0000000089e00000| Complete 
| 125|0x0000000089f00000, 0x000000008a000000, 0x000000008a000000|100%| E|CS|TAMS 0x0000000089f00000, 0x0000000089f00000| Complete 

Card table byte_map: [0x00000254fd020000,0x00000254fd410000] _byte_map_base: 0x00000254fcc0f000

Marking Bits (Prev, Next): (CMBitMap*) 0x00000254f23d8b80, (CMBitMap*) 0x00000254f23d8bc0
 Prev Bits: [0x00000254fd800000, 0x00000254ff778000)
 Next Bits: [0x0000025480000000, 0x0000025481f78000)

Polling page: 0x00000254f1b50000

Metaspace:

Usage:
  Non-class:      8.44 MB used.
      Class:      1.19 MB used.
       Both:      9.63 MB used.

Virtual space:
  Non-class space:       64.00 MB reserved,       8.56 MB ( 13%) committed,  1 nodes.
      Class space:        1.00 GB reserved,       1.31 MB ( <1%) committed,  1 nodes.
             Both:        1.06 GB reserved,       9.88 MB ( <1%) committed. 

Chunk freelists:
   Non-Class:  7.19 MB
       Class:  14.59 MB
        Both:  21.78 MB

MaxMetaspaceSize: unlimited
CompressedClassSpaceSize: 1.00 GB
Initial GC threshold: 21.00 MB
Current GC threshold: 21.00 MB
CDS: on
MetaspaceReclaimPolicy: balanced
 - commit_granule_bytes: 65536.
 - commit_granule_words: 8192.
 - virtual_space_node_default_size: 8388608.
 - enlarge_chunks_in_place: 1.
 - new_chunks_are_fully_committed: 0.
 - uncommit_free_chunks: 1.
 - use_allocation_guard: 0.
 - handle_deallocations: 1.


Internal statistics:

num_allocs_failed_limit: 0.
num_arena_births: 208.
num_arena_deaths: 0.
num_vsnodes_births: 2.
num_vsnodes_deaths: 0.
num_space_committed: 158.
num_space_uncommitted: 0.
num_chunks_returned_to_freelist: 0.
num_chunks_taken_from_freelist: 399.
num_chunk_merges: 0.
num_chunk_splits: 242.
num_chunks_enlarged: 144.
num_inconsistent_stats: 0.

CodeCache: size=49152Kb used=3796Kb max_used=3796Kb free=45356Kb
 bounds [0x00000254f9c30000, 0x00000254f9ff0000, 0x00000254fcc30000]
 total_blobs=2084 nmethods=1620 adapters=392
 compilation: enabled
              stopped_count=0, restarted_count=0
 full_count=0

Compilation events (20 events):
Event: 146.090 Thread 0x00000254ffb14590 nmethod 1609 0x00000254f9fdf190 code [0x00000254f9fdf320, 0x00000254f9fdf3f8]
Event: 146.115 Thread 0x00000254ffb14590 1610       1       java.lang.reflect.Constructor::getModifiers (5 bytes)
Event: 146.116 Thread 0x00000254ffb14590 nmethod 1610 0x00000254f9fdf490 code [0x00000254f9fdf620, 0x00000254f9fdf6f8]
Event: 146.583 Thread 0x00000254ffb14590 1611       1       java.lang.reflect.Array::newInstance (6 bytes)
Event: 146.584 Thread 0x00000254ffb14590 nmethod 1611 0x00000254f9fdf790 code [0x00000254f9fdf920, 0x00000254f9fdf9e8]
Event: 146.584 Thread 0x00000254ffb14590 1612       1       jdk.internal.misc.Unsafe::getAndAddInt (27 bytes)
Event: 146.584 Thread 0x00000254ffb14590 nmethod 1612 0x00000254f9fdfa90 code [0x00000254f9fdfc20, 0x00000254f9fdfd38]
Event: 146.585 Thread 0x00000254ffb14590 1613       1       java.util.RegularEnumSet::contains (57 bytes)
Event: 146.586 Thread 0x00000254ffb14590 nmethod 1613 0x00000254f9fdfe10 code [0x00000254f9fdffc0, 0x00000254f9fe01e8]
Event: 146.586 Thread 0x00000254ffb14590 1614       1       org.springframework.util.ConcurrentReferenceHashMap$SoftEntryReference::getHash (5 bytes)
Event: 146.586 Thread 0x00000254ffb14590 nmethod 1614 0x00000254f9fe0310 code [0x00000254f9fe04a0, 0x00000254f9fe0578]
Event: 146.618 Thread 0x00000254ffb14590 1616       1       java.lang.ref.Reference::enqueueFromPending (19 bytes)
Event: 146.619 Thread 0x00000254ffb14590 nmethod 1616 0x00000254f9fe0a10 code [0x00000254f9fe0ba0, 0x00000254f9fe0ca8]
Event: 146.619 Thread 0x00000254ffb14590 1617   !   1       java.lang.ref.ReferenceQueue::enqueue (119 bytes)
Event: 146.620 Thread 0x00000254ffb14590 nmethod 1617 0x00000254f9fe0d10 code [0x00000254f9fe0ee0, 0x00000254f9fe1388]
Event: 146.620 Thread 0x00000254ffb14590 1618       1       java.lang.ref.ReferenceQueue::reallyPoll (65 bytes)
Event: 146.620 Thread 0x00000254ffb14590 nmethod 1618 0x00000254f9fe1510 code [0x00000254f9fe16c0, 0x00000254f9fe19b8]
Event: 147.120 Thread 0x00000254ffb14590 1619       1       java.lang.invoke.MethodHandleImpl$IntrinsicMethodHandle::getTarget (5 bytes)
Event: 147.120 Thread 0x00000254ffb14590 nmethod 1619 0x00000254f9fe1a90 code [0x00000254f9fe1c20, 0x00000254f9fe1cf8]
Event: 147.120 Thread 0x00000254ffb14590 1620       1       jdk.internal.org.objectweb.asm.MethodWriter::putMethodInfo (1274 bytes)

GC Heap History (6 events):
Event: 104.689 GC heap before
{Heap before GC invocations=0 (full 0):
 garbage-first heap   total 129024K, used 13312K [0x0000000082200000, 0x0000000100000000)
  region size 1024K, 13 young (13312K), 0 survivors (0K)
 Metaspace       used 4732K, committed 4928K, reserved 1114112K
  class space    used 538K, committed 640K, reserved 1048576K
}
Event: 104.909 GC heap after
{Heap after GC invocations=1 (full 0):
 garbage-first heap   total 129024K, used 6457K [0x0000000082200000, 0x0000000100000000)
  region size 1024K, 2 young (2048K), 2 survivors (2048K)
 Metaspace       used 4732K, committed 4928K, reserved 1114112K
  class space    used 538K, committed 640K, reserved 1048576K
}
Event: 118.972 GC heap before
{Heap before GC invocations=1 (full 0):
 garbage-first heap   total 129024K, used 17721K [0x0000000082200000, 0x0000000100000000)
  region size 1024K, 13 young (13312K), 2 survivors (2048K)
 Metaspace       used 7233K, committed 7360K, reserved 1114112K
  class space    used 838K, committed 896K, reserved 1048576K
}
Event: 118.978 GC heap after
{Heap after GC invocations=2 (full 0):
 garbage-first heap   total 129024K, used 7485K [0x0000000082200000, 0x0000000100000000)
  region size 1024K, 1 young (1024K), 1 survivors (1024K)
 Metaspace       used 7233K, committed 7360K, reserved 1114112K
  class space    used 838K, committed 896K, reserved 1048576K
}
Event: 146.610 GC heap before
{Heap before GC invocations=2 (full 0):
 garbage-first heap   total 129024K, used 32061K [0x0000000082200000, 0x0000000100000000)
  region size 1024K, 26 young (26624K), 1 survivors (1024K)
 Metaspace       used 9774K, committed 10048K, reserved 1114112K
  class space    used 1202K, committed 1344K, reserved 1048576K
}
Event: 146.616 GC heap after
{Heap after GC invocations=3 (full 0):
 garbage-first heap   total 129024K, used 8323K [0x0000000082200000, 0x0000000100000000)
  region size 1024K, 2 young (2048K), 2 survivors (2048K)
 Metaspace       used 9774K, committed 10048K, reserved 1114112K
  class space    used 1202K, committed 1344K, reserved 1048576K
}

Deoptimization events (20 events):
Event: 144.802 Thread 0x00000254c912a090 DEOPT PACKING pc=0x00000254f9f5927c sp=0x0000008e1b3fd830
Event: 144.802 Thread 0x00000254c912a090 DEOPT UNPACKING pc=0x00000254f9c82b43 sp=0x0000008e1b3fcce8 mode 1
Event: 144.802 Thread 0x00000254c912a090 DEOPT PACKING pc=0x00000254f9ead054 sp=0x0000008e1b3fe1c0
Event: 144.802 Thread 0x00000254c912a090 DEOPT UNPACKING pc=0x00000254f9c82b43 sp=0x0000008e1b3fd6b0 mode 1
Event: 144.809 Thread 0x00000254c912a090 DEOPT PACKING pc=0x00000254f9f5975c sp=0x0000008e1b3fcca0
Event: 144.809 Thread 0x00000254c912a090 DEOPT UNPACKING pc=0x00000254f9c82b43 sp=0x0000008e1b3fc138 mode 1
Event: 144.809 Thread 0x00000254c912a090 DEOPT PACKING pc=0x00000254f9f5927c sp=0x0000008e1b3fcd70
Event: 144.809 Thread 0x00000254c912a090 DEOPT UNPACKING pc=0x00000254f9c82b43 sp=0x0000008e1b3fc228 mode 1
Event: 144.810 Thread 0x00000254c912a090 DEOPT PACKING pc=0x00000254f9ead054 sp=0x0000008e1b3fd700
Event: 144.810 Thread 0x00000254c912a090 DEOPT UNPACKING pc=0x00000254f9c82b43 sp=0x0000008e1b3fcbf0 mode 1
Event: 144.810 Thread 0x00000254c912a090 DEOPT PACKING pc=0x00000254f9f5975c sp=0x0000008e1b3fcc60
Event: 144.810 Thread 0x00000254c912a090 DEOPT UNPACKING pc=0x00000254f9c82b43 sp=0x0000008e1b3fc0f8 mode 1
Event: 144.810 Thread 0x00000254c912a090 DEOPT PACKING pc=0x00000254f9f5927c sp=0x0000008e1b3fcd30
Event: 144.810 Thread 0x00000254c912a090 DEOPT UNPACKING pc=0x00000254f9c82b43 sp=0x0000008e1b3fc1e8 mode 1
Event: 144.810 Thread 0x00000254c912a090 DEOPT PACKING pc=0x00000254f9ead054 sp=0x0000008e1b3fd6c0
Event: 144.811 Thread 0x00000254c912a090 DEOPT UNPACKING pc=0x00000254f9c82b43 sp=0x0000008e1b3fcbb0 mode 1
Event: 144.811 Thread 0x00000254c912a090 DEOPT PACKING pc=0x00000254f9f5927c sp=0x0000008e1b3fd830
Event: 144.811 Thread 0x00000254c912a090 DEOPT UNPACKING pc=0x00000254f9c82b43 sp=0x0000008e1b3fcce8 mode 1
Event: 144.811 Thread 0x00000254c912a090 DEOPT PACKING pc=0x00000254f9ead054 sp=0x0000008e1b3fe1c0
Event: 144.811 Thread 0x00000254c912a090 DEOPT UNPACKING pc=0x00000254f9c82b43 sp=0x0000008e1b3fd6b0 mode 1

Classes unloaded (0 events):
No events

Classes redefined (0 events):
No events

Internal exceptions (20 events):
Event: 120.971 Thread 0x00000254f23800c0 Exception <a 'java/lang/NoSuchMethodError'{0x0000000089a72e00}: 'int java.lang.invoke.DirectMethodHandle$Holder.invokeStaticInit(java.lang.Object, java.lang.Object)'> (0x0000000089a72e00) 
thrown [s\open\src\hotspot\share\interpreter\linkResolver.cpp, line 759]
Event: 121.423 Thread 0x00000254f23800c0 Exception <a 'java/lang/NoSuchMethodError'{0x000000008991b370}: 'void java.lang.invoke.DirectMethodHandle$Holder.invokeInterface(java.lang.Object, java.lang.Object, java.lang.Object, java.lang.Object)'> (0x000000008991b370) 
thrown [s\open\src\hotspot\share\interpreter\linkResolver.cpp, line 759]
Event: 122.199 Thread 0x00000254f23800c0 Exception <a 'java/lang/NoSuchMethodError'{0x00000000895733c0}: 'java.lang.Object java.lang.invoke.DirectMethodHandle$Holder.invokeInterface(java.lang.Object, java.lang.Object)'> (0x00000000895733c0) 
thrown [s\open\src\hotspot\share\interpreter\linkResolver.cpp, line 759]
Event: 122.493 Thread 0x00000254f23800c0 Exception <a 'java/lang/NoSuchMethodError'{0x0000000089334088}: 'java.lang.Object java.lang.invoke.DirectMethodHandle$Holder.invokeSpecialIFC(java.lang.Object, java.lang.Object, java.lang.Object, java.lang.Object)'> (0x0000000089334088) 
thrown [s\open\src\hotspot\share\interpreter\linkResolver.cpp, line 759]
Event: 122.498 Thread 0x00000254f23800c0 Exception <a 'java/lang/NoSuchMethodError'{0x0000000089375688}: 'java.lang.Object java.lang.invoke.DirectMethodHandle$Holder.invokeInterface(java.lang.Object, java.lang.Object, java.lang.Object)'> (0x0000000089375688) 
thrown [s\open\src\hotspot\share\interpreter\linkResolver.cpp, line 759]
Event: 126.283 Thread 0x00000254c9b33930 Exception <a 'java/lang/NoSuchMethodError'{0x0000000088cc1d68}: static [B.<clinit>()V> (0x0000000088cc1d68) 
thrown [s\open\src\hotspot\share\prims\jni.cpp, line 1107]
Event: 127.033 Thread 0x00000254c9b33930 Exception <a 'java/lang/ClassNotFoundException'{0x0000000088cfc098}: javax/management/remote/rmi/RMIConnectionImpl_Skel> (0x0000000088cfc098) 
thrown [s\open\src\hotspot\share\classfile\systemDictionary.cpp, line 256]
Event: 127.046 Thread 0x00000254c9b35280 Exception <a 'java/lang/NoSuchMethodError'{0x0000000088b1d4a0}: 'java.lang.Object java.lang.invoke.Invokers$Holder.linkToTargetMethod(java.lang.Object, long, java.lang.Object)'> (0x0000000088b1d4a0) 
thrown [s\open\src\hotspot\share\interpreter\linkResolver.cpp, line 759]
Event: 130.803 Thread 0x00000254c9b33930 Exception <a 'java/lang/reflect/InvocationTargetException'{0x0000000088b62bb0}> (0x0000000088b62bb0) 
thrown [s\open\src\hotspot\share\runtime\reflection.cpp, line 1121]
Event: 130.814 Thread 0x00000254c9b33930 Exception <a 'java/lang/NoSuchMethodError'{0x0000000088b916b8}: static [Ljava/lang/StackTraceElement;.<clinit>()V> (0x0000000088b916b8) 
thrown [s\open\src\hotspot\share\prims\jni.cpp, line 1107]
Event: 138.259 Thread 0x00000254c9b33930 Exception <a 'java/lang/reflect/InvocationTargetException'{0x0000000088ba6808}> (0x0000000088ba6808) 
thrown [s\open\src\hotspot\share\runtime\reflection.cpp, line 1121]
Event: 138.968 Thread 0x00000254c9b33930 Exception <a 'java/lang/reflect/InvocationTargetException'{0x0000000088ba9f18}> (0x0000000088ba9f18) 
thrown [s\open\src\hotspot\share\runtime\reflection.cpp, line 1121]
Event: 141.144 Thread 0x00000254c9b33930 Exception <a 'java/lang/reflect/InvocationTargetException'{0x0000000088bad690}> (0x0000000088bad690) 
thrown [s\open\src\hotspot\share\runtime\reflection.cpp, line 1121]
Event: 142.133 Thread 0x00000254c9b33930 Exception <a 'java/lang/reflect/InvocationTargetException'{0x0000000088bb0da0}> (0x0000000088bb0da0) 
thrown [s\open\src\hotspot\share\runtime\reflection.cpp, line 1121]
Event: 142.940 Thread 0x00000254c9b33930 Exception <a 'java/lang/reflect/InvocationTargetException'{0x0000000088bb44b0}> (0x0000000088bb44b0) 
thrown [s\open\src\hotspot\share\runtime\reflection.cpp, line 1121]
Event: 145.404 Thread 0x00000254c912a090 Exception <a 'java/lang/NoSuchMethodError'{0x00000000889629d0}: 'int java.lang.invoke.DirectMethodHandle$Holder.invokeStaticInit(java.lang.Object, java.lang.Object, java.lang.Object)'> (0x00000000889629d0) 
thrown [s\open\src\hotspot\share\interpreter\linkResolver.cpp, line 759]
Event: 145.428 Thread 0x00000254c912a090 Exception <a 'java/lang/NoSuchMethodError'{0x0000000088830478}: 'java.lang.Object java.lang.invoke.DirectMethodHandle$Holder.newInvokeSpecial(java.lang.Object, java.lang.Object, java.lang.Object, java.lang.Object, java.lang.Object)'> (0x0000000088830478) 
thrown [s\open\src\hotspot\share\interpreter\linkResolver.cpp, line 759]
Event: 145.440 Thread 0x00000254c912a090 Exception <a 'java/lang/NoSuchMethodError'{0x00000000888f7ad8}: 'java.lang.Object java.lang.invoke.DirectMethodHandle$Holder.invokeStaticInit(java.lang.Object, java.lang.Object, java.lang.Object)'> (0x00000000888f7ad8) 
thrown [s\open\src\hotspot\share\interpreter\linkResolver.cpp, line 759]
Event: 146.113 Thread 0x00000254c912a090 Exception <a 'java/lang/IncompatibleClassChangeError'{0x000000008862e7f8}: Found class java.lang.Object, but interface was expected> (0x000000008862e7f8) 
thrown [s\open\src\hotspot\share\interpreter\linkResolver.cpp, line 826]
Event: 147.270 Thread 0x00000254c9b33930 Exception <a 'java/lang/reflect/InvocationTargetException'{0x0000000089fd0430}> (0x0000000089fd0430) 
thrown [s\open\src\hotspot\share\runtime\reflection.cpp, line 1121]

VM Operations (20 events):
Event: 125.842 Executing VM operation: Cleanup
Event: 126.269 Executing VM operation: Cleanup done
Event: 126.270 Executing VM operation: HandshakeAllThreads
Event: 126.270 Executing VM operation: HandshakeAllThreads done
Event: 126.299 Executing VM operation: HandshakeAllThreads
Event: 127.031 Executing VM operation: HandshakeAllThreads done
Event: 128.044 Executing VM operation: Cleanup
Event: 128.044 Executing VM operation: Cleanup done
Event: 139.049 Executing VM operation: Cleanup
Event: 139.049 Executing VM operation: Cleanup done
Event: 142.050 Executing VM operation: Cleanup
Event: 142.050 Executing VM operation: Cleanup done
Event: 143.050 Executing VM operation: Cleanup
Event: 143.050 Executing VM operation: Cleanup done
Event: 145.071 Executing VM operation: Cleanup
Event: 145.402 Executing VM operation: Cleanup done
Event: 146.408 Executing VM operation: Cleanup
Event: 146.583 Executing VM operation: Cleanup done
Event: 146.610 Executing VM operation: G1CollectForAllocation
Event: 146.616 Executing VM operation: G1CollectForAllocation done

Events (20 events):
Event: 130.805 loading class java/lang/Throwable$PrintStreamOrWriter done
Event: 130.818 loading class java/util/function/UnaryOperator
Event: 130.818 loading class java/util/function/UnaryOperator done
Event: 146.103 loading class java/util/logging/ConsoleHandler
Event: 146.103 loading class java/util/logging/ConsoleHandler done
Event: 146.104 loading class java/util/logging/LogManager$CloseOnReset
Event: 146.104 loading class java/util/logging/LogManager$CloseOnReset done
Event: 146.104 loading class java/util/MissingResourceException
Event: 146.105 loading class java/util/MissingResourceException done
Event: 146.601 loading class javax/naming/InitialContext
Event: 146.601 loading class javax/naming/Context
Event: 146.602 loading class javax/naming/Context done
Event: 146.602 loading class javax/naming/InitialContext done
Event: 146.628 loading class javax/naming/NamingException
Event: 146.628 loading class javax/naming/NamingException done
Event: 146.630 loading class com/sun/naming/internal/ResourceManager
Event: 146.631 loading class com/sun/naming/internal/ResourceManager done
Event: 146.631 loading class com/sun/naming/internal/VersionHelper
Event: 147.113 loading class com/sun/naming/internal/VersionHelper done
Event: 147.128 loading class com/sun/naming/internal/VersionHelper$InputStreamEnumeration


Dynamic libraries:
0x00007ff6d7f40000 - 0x00007ff6d7f50000 	C:\Program Files\Java\jdk-17\bin\javaw.exe
0x00007ff8c2b10000 - 0x00007ff8c2d08000 	C:\Windows\SYSTEM32\ntdll.dll
0x00007ff8c0dd0000 - 0x00007ff8c0e8f000 	C:\Windows\System32\KERNEL32.DLL
0x00007ff8c0580000 - 0x00007ff8c0852000 	C:\Windows\System32\KERNELBASE.dll
0x00007ff8c03c0000 - 0x00007ff8c04c0000 	C:\Windows\System32\ucrtbase.dll
0x00007ff8b73f0000 - 0x00007ff8b7409000 	C:\Program Files\Java\jdk-17\bin\jli.dll
0x00007ff8c0e90000 - 0x00007ff8c0f3e000 	C:\Windows\System32\ADVAPI32.dll
0x00007ff8c0c20000 - 0x00007ff8c0cbe000 	C:\Windows\System32\msvcrt.dll
0x00007ff8c1040000 - 0x00007ff8c10dc000 	C:\Windows\System32\sechost.dll
0x00007ff8c2050000 - 0x00007ff8c2175000 	C:\Windows\System32\RPCRT4.dll
0x00007ff8c1b70000 - 0x00007ff8c1d11000 	C:\Windows\System32\USER32.dll
0x00007ff8c0200000 - 0x00007ff8c0222000 	C:\Windows\System32\win32u.dll
0x00007ff8c2180000 - 0x00007ff8c21ab000 	C:\Windows\System32\GDI32.dll
0x00007ff8c0860000 - 0x00007ff8c096f000 	C:\Windows\System32\gdi32full.dll
0x00007ff8c0970000 - 0x00007ff8c0a0d000 	C:\Windows\System32\msvcp_win.dll
0x00007ff8a4eb0000 - 0x00007ff8a4ecb000 	C:\Program Files\Java\jdk-17\bin\VCRUNTIME140.dll
0x00007ff8b1950000 - 0x00007ff8b1bea000 	C:\Windows\WinSxS\amd64_microsoft.windows.common-controls_6595b64144ccf1df_6.0.19041.1110_none_60b5254171f9507e\COMCTL32.dll
0x00007ff8b6b00000 - 0x00007ff8b6b0a000 	C:\Windows\SYSTEM32\VERSION.dll
0x00007ff8c2a90000 - 0x00007ff8c2ac2000 	C:\Windows\System32\IMM32.DLL
0x00007ff8b5a30000 - 0x00007ff8b5a3c000 	C:\Program Files\Java\jdk-17\bin\vcruntime140_1.dll
0x00007ff889850000 - 0x00007ff8898de000 	C:\Program Files\Java\jdk-17\bin\msvcp140.dll
0x00007ff85b8a0000 - 0x00007ff85c47f000 	C:\Program Files\Java\jdk-17\bin\server\jvm.dll
0x00007ff8c0f40000 - 0x00007ff8c0f48000 	C:\Windows\System32\PSAPI.DLL
0x00007ff8b3d30000 - 0x00007ff8b3d39000 	C:\Windows\SYSTEM32\WSOCK32.dll
0x00007ff8c0fd0000 - 0x00007ff8c103b000 	C:\Windows\System32\WS2_32.dll
0x00007ff8b18b0000 - 0x00007ff8b18d7000 	C:\Windows\SYSTEM32\WINMM.dll
0x00007ff8bed00000 - 0x00007ff8bed12000 	C:\Windows\SYSTEM32\kernel.appcore.dll
0x00007ff8b3a00000 - 0x00007ff8b3a0a000 	C:\Program Files\Java\jdk-17\bin\jimage.dll
0x00007ff8baf70000 - 0x00007ff8bb154000 	C:\Windows\SYSTEM32\DBGHELP.DLL
0x00007ff8b5b70000 - 0x00007ff8b5ba5000 	C:\Windows\SYSTEM32\dbgcore.DLL
0x00007ff8c0a10000 - 0x00007ff8c0a92000 	C:\Windows\System32\bcryptPrimitives.dll
0x00007ff8b3450000 - 0x00007ff8b348b000 	C:\Program Files\Java\jdk-17\bin\jdwp.dll
0x00007ff8b7410000 - 0x00007ff8b741e000 	C:\Program Files\Java\jdk-17\bin\instrument.dll
0x00007ff88f8c0000 - 0x00007ff88f8e5000 	C:\Program Files\Java\jdk-17\bin\java.dll
0x00007ff86d060000 - 0x00007ff86d137000 	C:\Program Files\Java\jdk-17\bin\jsvml.dll
0x00007ff8c2340000 - 0x00007ff8c2a84000 	C:\Windows\System32\SHELL32.dll
0x00007ff8bb160000 - 0x00007ff8bb8f2000 	C:\Windows\SYSTEM32\windows.storage.dll
0x00007ff8c12e0000 - 0x00007ff8c1635000 	C:\Windows\System32\combase.dll
0x00007ff8bfc60000 - 0x00007ff8bfc90000 	C:\Windows\SYSTEM32\Wldp.dll
0x00007ff8c0d20000 - 0x00007ff8c0dcd000 	C:\Windows\System32\SHCORE.dll
0x00007ff8c10e0000 - 0x00007ff8c1135000 	C:\Windows\System32\shlwapi.dll
0x00007ff8c0140000 - 0x00007ff8c015f000 	C:\Windows\SYSTEM32\profapi.dll
0x00007ff8b7280000 - 0x00007ff8b728c000 	C:\Program Files\Java\jdk-17\bin\dt_socket.dll
0x00007ff8bf660000 - 0x00007ff8bf69b000 	C:\Windows\SYSTEM32\IPHLPAPI.DLL
0x00007ff8bf9c0000 - 0x00007ff8bfa2a000 	C:\Windows\system32\mswsock.dll
0x00007ff8bf6a0000 - 0x00007ff8bf76a000 	C:\Windows\SYSTEM32\DNSAPI.dll
0x00007ff8c1b60000 - 0x00007ff8c1b68000 	C:\Windows\System32\NSI.dll
0x000000005fb30000 - 0x000000005fb56000 	C:\Program Files\Bonjour\mdnsNSP.dll
0x00007ff8b5fe0000 - 0x00007ff8b5fea000 	C:\Windows\System32\rasadhlp.dll
0x00007ff8b2390000 - 0x00007ff8b2410000 	C:\Windows\System32\fwpuclnt.dll
0x00007ff8c0230000 - 0x00007ff8c0257000 	C:\Windows\System32\bcrypt.dll
0x00007ff88cd20000 - 0x00007ff88cd38000 	C:\Program Files\Java\jdk-17\bin\zip.dll
0x00007ff89a080000 - 0x00007ff89a099000 	C:\Program Files\Java\jdk-17\bin\net.dll
0x00007ff8b3be0000 - 0x00007ff8b3cec000 	C:\Windows\SYSTEM32\WINHTTP.dll
0x00007ff88f250000 - 0x00007ff88f266000 	C:\Program Files\Java\jdk-17\bin\nio.dll
0x00007ff8b5610000 - 0x00007ff8b561a000 	C:\Program Files\Java\jdk-17\bin\management.dll
0x00007ff8b4730000 - 0x00007ff8b473b000 	C:\Program Files\Java\jdk-17\bin\management_ext.dll
0x00007ff8a08e0000 - 0x00007ff8a08f7000 	C:\Windows\system32\napinsp.dll
0x00007ff8a0710000 - 0x00007ff8a072b000 	C:\Windows\system32\pnrpnsp.dll
0x00007ff8b9670000 - 0x00007ff8b9685000 	C:\Windows\system32\wshbth.dll
0x00007ff8b6a30000 - 0x00007ff8b6a4d000 	C:\Windows\system32\NLAapi.dll
0x00007ff8a0570000 - 0x00007ff8a0582000 	C:\Windows\System32\winrnr.dll
0x00007ff8bfbb0000 - 0x00007ff8bfbc8000 	C:\Windows\SYSTEM32\CRYPTSP.dll
0x00007ff8bf270000 - 0x00007ff8bf2a4000 	C:\Windows\system32\rsaenh.dll
0x00007ff8c00c0000 - 0x00007ff8c00ee000 	C:\Windows\SYSTEM32\USERENV.dll
0x00007ff8bfbd0000 - 0x00007ff8bfbdc000 	C:\Windows\SYSTEM32\CRYPTBASE.dll
0x00007ff8b4d00000 - 0x00007ff8b4d17000 	C:\Windows\SYSTEM32\dhcpcsvc6.DLL
0x00007ff8b5db0000 - 0x00007ff8b5dcd000 	C:\Windows\SYSTEM32\dhcpcsvc.DLL
0x00007ff8ade60000 - 0x00007ff8ade70000 	C:\Program Files\Java\jdk-17\bin\verify.dll

dbghelp: loaded successfully - version: 4.0.5 - missing functions: none
symbol engine: initialized successfully - sym options: 0x614 - pdb path: .;C:\Program Files\Java\jdk-17\bin;C:\Windows\SYSTEM32;C:\Windows\WinSxS\amd64_microsoft.windows.common-controls_6595b64144ccf1df_6.0.19041.1110_none_60b5254171f9507e;C:\Program Files\Java\jdk-17\bin\server;C:\Program Files\Bonjour

VM Arguments:
jvm_args: -XX:+ShowCodeDetailsInExceptionMessages -agentlib:jdwp=transport=dt_socket,suspend=y,address=localhost:54001 -Dcom.sun.management.jmxremote -Dcom.sun.management.jmxremote.port=53817 -Dcom.sun.management.jmxremote.authenticate=false -Dcom.sun.management.jmxremote.ssl=false -Djava.rmi.server.hostname=localhost -Dspring.jmx.enabled=true -Dmanagement.endpoints.jmx.exposure.include=* -Dspring.application.admin.enabled=true -XX:TieredStopAtLevel=1 -Dspring.boot.project.name=Project-ClassControl -javaagent:C:\Users\DELL\eclipse\jee-2023-122\eclipse\configuration\org.eclipse.osgi\1242\0\.cp\lib\javaagent-shaded.jar -Dfile.encoding=UTF-8 -Dstdout.encoding=UTF-8 -Dstderr.encoding=UTF-8 
java_command: com.example.projectclasscontrol.ProjectClassControlApplication --spring.output.ansi.enabled=always
java_class_path (initial): C:\Pratik\J38 Project\Assignment-Tracking-Web-Application-Eclipse-IDE\project\Project-ClassControl\target\classes;C:\Users\DELL\.m2\repository\org\springframework\boot\spring-boot-starter-data-jdbc\3.2.5\spring-boot-starter-data-jdbc-3.2.5.jar;C:\Users\DELL\.m2\repository\org\springframework\data\spring-data-jdbc\3.2.5\spring-data-jdbc-3.2.5.jar;C:\Users\DELL\.m2\repository\org\springframework\data\spring-data-relational\3.2.5\spring-data-relational-3.2.5.jar;C:\Users\DELL\.m2\repository\com\github\jsqlparser\jsqlparser\4.6\jsqlparser-4.6.jar;C:\Users\DELL\.m2\repository\org\springframework\data\spring-data-commons\3.2.5\spring-data-commons-3.2.5.jar;C:\Users\DELL\.m2\repository\org\springframework\spring-tx\6.1.6\spring-tx-6.1.6.jar;C:\Users\DELL\.m2\repository\org\springframework\spring-context\6.1.6\spring-context-6.1.6.jar;C:\Users\DELL\.m2\repository\org\springframework\spring-beans\6.1.6\spring-beans-6.1.6.jar;C:\Users\DELL\.m2\repository\org\slf4j\slf4j-api\2.0.13\slf4j-api-2.0.13.jar;C:\Users\DELL\.m2\repository\org\springframework\boot\spring-boot-starter-data-jpa\3.2.5\spring-boot-starter-data-jpa-3.2.5.jar;C:\Users\DELL\.m2\repository\org\springframework\boot\spring-boot-starter-aop\3.2.5\spring-boot-starter-aop-3.2.5.jar;C:\Users\DELL\.m2\repository\org\springframework\spring-aop\6.1.6\spring-aop-6.1.6.jar;C:\Users\DELL\.m2\repository\org\aspectj\aspectjweaver\1.9.22\aspectjweaver-1.9.22.jar;C:\Users\DELL\.m2\repository\org\hibernate\orm\hibernate-core\6.4.4.Final\hibernate-core-6.4.4.Final.jar;C:\Users\DELL\.m2\repository\jakarta\persistence\jakarta.persistence-api\3.1.0\jakarta.persistence-api-3.1.0.jar;C:\Users\DELL\.m2\repository\jakarta\transaction\jakarta.transaction-api\2.0.1\jakarta.transaction-api-2.0.1.jar;C:\Users\DELL\.m2\repository\org\jboss\logging\jboss-logging\3.5.3.Final\jboss-logging-3.5.3.Final.jar;C:\Users\DELL\.m2\repository\org\hibernate\common\hibernate-commons-annotations\6.0.6.Final\hibernate-commons-
Launcher Type: SUN_STANDARD

[Global flags]
     intx CICompilerCount                          = 3                                         {product} {ergonomic}
     uint ConcGCThreads                            = 1                                         {product} {ergonomic}
     uint G1ConcRefinementThreads                  = 4                                         {product} {ergonomic}
   size_t G1HeapRegionSize                         = 1048576                                   {product} {ergonomic}
    uintx GCDrainStackTargetSize                   = 64                                        {product} {ergonomic}
   size_t InitialHeapSize                          = 132120576                                 {product} {ergonomic}
     bool ManagementServer                         = true                                      {product} {command line}
   size_t MarkStackSize                            = 4194304                                   {product} {ergonomic}
   size_t MaxHeapSize                              = 2111832064                                {product} {ergonomic}
   size_t MaxNewSize                               = 1266679808                                {product} {ergonomic}
   size_t MinHeapDeltaBytes                        = 1048576                                   {product} {ergonomic}
   size_t MinHeapSize                              = 8388608                                   {product} {ergonomic}
    uintx NonProfiledCodeHeapSize                  = 0                                      {pd product} {ergonomic}
     bool ProfileInterpreter                       = false                                  {pd product} {command line}
    uintx ProfiledCodeHeapSize                     = 0                                      {pd product} {ergonomic}
     bool ShowCodeDetailsInExceptionMessages       = true                                   {manageable} {command line}
   size_t SoftMaxHeapSize                          = 2111832064                             {manageable} {ergonomic}
     intx TieredStopAtLevel                        = 1                                         {product} {command line}
     bool UseCompressedClassPointers               = true                           {product lp64_product} {ergonomic}
     bool UseCompressedOops                        = true                           {product lp64_product} {ergonomic}
     bool UseG1GC                                  = true                                      {product} {ergonomic}
     bool UseLargePagesIndividualAllocation        = false                                  {pd product} {ergonomic}

Logging:
Log output configuration:
 #0: stdout all=warning uptime,level,tags
 #1: stderr all=off uptime,level,tags

Environment Variables:
JAVA_HOME=C:\Users\DELL\Downloads\openlogic-openjdk-17.0.10+7-windows-x64.zip\openlogic-openjdk-17.0.10+7-windows-x64\bin
PATH=C:\Program Files\Common Files\Oracle\Java\javapath;C:\Windows\system32;C:\Windows;C:\Windows\System32\Wbem;C:\Windows\System32\WindowsPowerShell\v1.0\;C:\Windows\System32\OpenSSH\;C:\Program Files\dotnet\;C:\Program Files (x86)\Intel\Intel(R) Management Engine Components\DAL;C:\Program Files\Intel\Intel(R) Management Engine Components\DAL;C:\Users\DELL\Downloads\openlogic-openjdk-17.0.10+7-windows-x64.zip\openlogic-openjdk-17.0.10+7-windows-x64\bin;C:\Users\DELL\mysql-shell-8.3.0-windows-x86-64bit.zip\mysql-shell-8.3.0-windows-x86-64bit\bin;C:\Program Files\Microsoft SQL Server\mysql-8.3.0-winx64\mysql-8.3.0-winx64\bin;C:\Program Files\MySQL\MySQL Server 8.0\bin;C:\Program Files\PowerShell\7\;C:\ProgramData\chocolatey\bin;C:\Program Files\nodejs\;C:\Users\DELL\AppData\Local\Programs\Python\Launcher\;C:\Users\DELL\AppData\Local\Microsoft\WindowsApps;C:\Users\DELL\AppData\Local\Programs\Microsoft VS Code\bin;C:\Program Files\JetBrains\IntelliJ IDEA 2024.1\bin;;C:\Program Files\JetBrains\IntelliJ IDEA Community Edition 2024.1\bin;;C:\Users\DELL\AppData\Local\GitHubDesktop\bin;C:\Users\DELL\AppData\Roaming\npm
USERNAME=DELL
OS=Windows_NT
PROCESSOR_IDENTIFIER=Intel64 Family 6 Model 142 Stepping 9, GenuineIntel



---------------  S Y S T E M  ---------------

OS:
 Windows 10 , 64 bit Build 19041 (10.0.19041.2364)
OS uptime: 6 days 1:10 hours

CPU: total 4 (initial active 4) (2 cores per cpu, 2 threads per core) family 6 model 142 stepping 9 microcode 0xf4, cx8, cmov, fxsr, ht, mmx, 3dnowpref, sse, sse2, sse3, ssse3, sse4.1, sse4.2, popcnt, lzcnt, tsc, tscinvbit, avx, avx2, aes, erms, clmul, bmi1, bmi2, rtm, adx, fma, vzeroupper, clflush, clflushopt

Memory: 4k page, system-wide physical 8050M (202M free)
TotalPageFile size 32626M (AvailPageFile size 459M)
current process WorkingSet (physical memory assigned to process): 60M, peak: 75M
current process commit charge ("private bytes"): 214M, peak: 214M

vm_info: Java HotSpot(TM) 64-Bit Server VM (17.0.10+11-LTS-240) for windows-amd64 JRE (17.0.10+11-LTS-240), built on Dec 19 2023 21:47:25 by "mach5one" with MS VC++ 17.1 (VS2022)

END.
