#
# There is insufficient memory for the Java Runtime Environment to continue.
# Native memory allocation (mmap) failed to map 65536 bytes for Failed to commit metaspace.
# Possible reasons:
#   The system is out of physical RAM or swap space
#   The process is running with CompressedOops enabled, and the Java Heap may be blocking the growth of the native heap
# Possible solutions:
#   Reduce memory load on the system
#   Increase physical memory or swap space
#   Check if swap backing store is full
#   Decrease Java heap size (-Xmx/-Xms)
#   Decrease number of Java threads
#   Decrease Java thread stack sizes (-Xss)
#   Set larger code cache with -XX:ReservedCodeCacheSize=
#   JVM is running with Unscaled Compressed Oops mode in which the Java heap is
#     placed in the first 4GB address space. The Java Heap base address is the
#     maximum limit for the native heap growth. Please use -XX:HeapBaseMinAddress
#     to set the Java Heap base and to place the Java Heap above 4GB virtual address.
# This output file may be truncated or incomplete.
#
#  Out of Memory Error (virtualSpaceNode.cpp:110), pid=13224, tid=8056
#
# JRE version: Java(TM) SE Runtime Environment (17.0.10+11) (build 17.0.10+11-LTS-240)
# Java VM: Java HotSpot(TM) 64-Bit Server VM (17.0.10+11-LTS-240, mixed mode, emulated-client, sharing, tiered, compressed oops, compressed class ptrs, g1 gc, windows-amd64)
# No core dump will be written. Minidumps are not enabled by default on client versions of Windows
#

---------------  S U M M A R Y ------------

Command Line: -XX:+ShowCodeDetailsInExceptionMessages -agentlib:jdwp=transport=dt_socket,suspend=y,address=localhost:53965 -Dcom.sun.management.jmxremote -Dcom.sun.management.jmxremote.port=53818 -Dcom.sun.management.jmxremote.authenticate=false -Dcom.sun.management.jmxremote.ssl=false -Djava.rmi.server.hostname=localhost -Dspring.jmx.enabled=true -Dmanagement.endpoints.jmx.exposure.include=* -Dspring.application.admin.enabled=true -XX:TieredStopAtLevel=1 -Dspring.boot.project.name=Project-ClassControl -javaagent:C:\Users\DELL\eclipse\jee-2023-122\eclipse\configuration\org.eclipse.osgi\1242\0\.cp\lib\javaagent-shaded.jar -Dfile.encoding=UTF-8 -Dstdout.encoding=UTF-8 -Dstderr.encoding=UTF-8 com.example.projectclasscontrol.ProjectClassControlApplication --spring.output.ansi.enabled=always

Host: Intel(R) Core(TM) i5-7300U CPU @ 2.60GHz, 4 cores, 7G,  Windows 10 , 64 bit Build 19041 (10.0.19041.2364)
Time: Fri May 24 14:23:40 2024 India Standard Time elapsed time: 152.132686 seconds (0d 0h 2m 32s)

---------------  T H R E A D  ---------------

Current thread (0x000001f1e023c770):  JavaThread "main" [_thread_in_vm, id=8056, stack(0x000000df74800000,0x000000df74900000)]

Stack: [0x000000df74800000,0x000000df74900000]
Native frames: (J=compiled Java code, j=interpreted, Vv=VM code, C=native code)
V  [jvm.dll+0x677a5a]
V  [jvm.dll+0x7d8b2d]
V  [jvm.dll+0x7da48e]
V  [jvm.dll+0x7daaf3]
V  [jvm.dll+0x2455ff]
V  [jvm.dll+0x7d483b]
V  [jvm.dll+0x61dc06]
V  [jvm.dll+0x61dc6a]
V  [jvm.dll+0x62049d]
V  [jvm.dll+0x61e5c6]
V  [jvm.dll+0x23b031]
V  [jvm.dll+0x1e9d67]
V  [jvm.dll+0x1dfa01]
V  [jvm.dll+0x53d58c]
V  [jvm.dll+0x1f031a]
V  [jvm.dll+0x75284d]
V  [jvm.dll+0x753c46]
V  [jvm.dll+0x753f78]
V  [jvm.dll+0x23d99b]
V  [jvm.dll+0x37d60e]
C  0x000001f1e931592d

Java frames: (J=compiled Java code, j=interpreted, Vv=VM code)
j  com.sun.management.internal.PlatformMBeanProviderImpl.getOperatingSystemMXBean()Ljava/lang/management/OperatingSystemMXBean;+6 jdk.management@17.0.10
j  com.sun.management.internal.PlatformMBeanProviderImpl$3.nameToMBeanMap()Ljava/util/Map;+2 jdk.management@17.0.10
j  java.lang.management.ManagementFactory.lambda$getPlatformMBeanServer$0(Lsun/management/spi/PlatformMBeanProvider$PlatformComponent;)Ljava/util/stream/Stream;+1 java.management@17.0.10
j  java.lang.management.ManagementFactory$$Lambda$26+0x000001f18102c6f8.apply(Ljava/lang/Object;)Ljava/lang/Object;+4 java.management@17.0.10
j  java.util.stream.ReferencePipeline$7$1.accept(Ljava/lang/Object;)V+8 java.base@17.0.10
j  java.util.stream.ReferencePipeline$2$1.accept(Ljava/lang/Object;)V+21 java.base@17.0.10
j  java.util.HashMap$ValueSpliterator.forEachRemaining(Ljava/util/function/Consumer;)V+145 java.base@17.0.10
j  java.util.stream.AbstractPipeline.copyInto(Ljava/util/stream/Sink;Ljava/util/Spliterator;)V+32 java.base@17.0.10
j  java.util.stream.AbstractPipeline.wrapAndCopyInto(Ljava/util/stream/Sink;Ljava/util/Spliterator;)Ljava/util/stream/Sink;+13 java.base@17.0.10
j  java.util.stream.ForEachOps$ForEachOp.evaluateSequential(Ljava/util/stream/PipelineHelper;Ljava/util/Spliterator;)Ljava/lang/Void;+3 java.base@17.0.10
j  java.util.stream.ForEachOps$ForEachOp$OfRef.evaluateSequential(Ljava/util/stream/PipelineHelper;Ljava/util/Spliterator;)Ljava/lang/Object;+3 java.base@17.0.10
j  java.util.stream.AbstractPipeline.evaluate(Ljava/util/stream/TerminalOp;)Ljava/lang/Object;+88 java.base@17.0.10
j  java.util.stream.ReferencePipeline.forEach(Ljava/util/function/Consumer;)V+6 java.base@17.0.10
j  java.lang.management.ManagementFactory.getPlatformMBeanServer()Ljavax/management/MBeanServer;+68 java.management@17.0.10
j  sun.management.jmxremote.ConnectorBootstrap.startRemoteConnectorServer(Ljava/lang/String;Ljava/util/Properties;)Ljavax/management/remote/JMXConnectorServer;+579 jdk.management.agent@17.0.10
j  jdk.internal.agent.Agent.startAgent(Ljava/util/Properties;)V+48 jdk.management.agent@17.0.10
j  jdk.internal.agent.Agent.startAgent()V+20 jdk.management.agent@17.0.10
v  ~StubRoutines::call_stub

---------------  P R O C E S S  ---------------

Threads class SMR info:
_java_thread_list=0x000001f1f83bcf70, length=14, elements={
0x000001f1e023c770, 0x000001f1f384e2f0, 0x000001f1f384f560, 0x000001f1f3863cd0,
0x000001f1f38645a0, 0x000001f1f3864e70, 0x000001f1f3865740, 0x000001f1f38660c0,
0x000001f1f3896490, 0x000001f1f38e94e0, 0x000001f1f3ab9c50, 0x000001f1f3abdab0,
0x000001f1f3ac12c0, 0x000001f1f84927a0
}

Java Threads: ( => current thread )
=>0x000001f1e023c770 JavaThread "main" [_thread_in_vm, id=8056, stack(0x000000df74800000,0x000000df74900000)]
  0x000001f1f384e2f0 JavaThread "Reference Handler" daemon [_thread_blocked, id=18904, stack(0x000000df74f00000,0x000000df75000000)]
  0x000001f1f384f560 JavaThread "Finalizer" daemon [_thread_blocked, id=14348, stack(0x000000df75000000,0x000000df75100000)]
  0x000001f1f3863cd0 JavaThread "Signal Dispatcher" daemon [_thread_blocked, id=3388, stack(0x000000df75100000,0x000000df75200000)]
  0x000001f1f38645a0 JavaThread "Attach Listener" daemon [_thread_blocked, id=17508, stack(0x000000df75200000,0x000000df75300000)]
  0x000001f1f3864e70 JavaThread "Service Thread" daemon [_thread_blocked, id=8304, stack(0x000000df75300000,0x000000df75400000)]
  0x000001f1f3865740 JavaThread "Monitor Deflation Thread" daemon [_thread_blocked, id=15188, stack(0x000000df75400000,0x000000df75500000)]
  0x000001f1f38660c0 JavaThread "C1 CompilerThread0" daemon [_thread_blocked, id=16816, stack(0x000000df75500000,0x000000df75600000)]
  0x000001f1f3896490 JavaThread "Sweeper thread" daemon [_thread_blocked, id=5156, stack(0x000000df75600000,0x000000df75700000)]
  0x000001f1f38e94e0 JavaThread "Common-Cleaner" daemon [_thread_blocked, id=23220, stack(0x000000df75700000,0x000000df75800000)]
  0x000001f1f3ab9c50 JavaThread "JDWP Transport Listener: dt_socket" daemon [_thread_blocked, id=27540, stack(0x000000df75800000,0x000000df75900000)]
  0x000001f1f3abdab0 JavaThread "JDWP Event Helper Thread" daemon [_thread_blocked, id=27548, stack(0x000000df75900000,0x000000df75a00000)]
  0x000001f1f3ac12c0 JavaThread "JDWP Command Reader" daemon [_thread_in_native, id=27700, stack(0x000000df75a00000,0x000000df75b00000)]
  0x000001f1f84927a0 JavaThread "Notification Thread" daemon [_thread_blocked, id=20796, stack(0x000000df74600000,0x000000df74700000)]

Other Threads:
  0x000001f1f3846990 VMThread "VM Thread" [stack: 0x000000df74e00000,0x000000df74f00000] [id=9080]
  0x000001f1e02a95b0 GCTaskThread "GC Thread#0" [stack: 0x000000df74900000,0x000000df74a00000] [id=22420]
  0x000001f1e02b9fd0 ConcurrentGCThread "G1 Main Marker" [stack: 0x000000df74a00000,0x000000df74b00000] [id=10368]
  0x000001f1e02ba8f0 ConcurrentGCThread "G1 Conc#0" [stack: 0x000000df74b00000,0x000000df74c00000] [id=5308]
  0x000001f1e031eb20 ConcurrentGCThread "G1 Refine#0" [stack: 0x000000df74c00000,0x000000df74d00000] [id=24128]
  0x000001f1f37034a0 ConcurrentGCThread "G1 Service" [stack: 0x000000df74d00000,0x000000df74e00000] [id=9012]

Threads with active compile tasks:

VM state: not at safepoint (normal execution)

VM Mutex/Monitor currently owned by a thread:  ([mutex/lock_event])
[0x000001f1e024a000] Metaspace_lock - owner thread: 0x000001f1e023c770

Heap address: 0x0000000082200000, size: 2014 MB, Compressed Oops mode: 32-bit

CDS archive(s) mapped at: [0x000001f180000000-0x000001f180bd0000-0x000001f180bd0000), size 12386304, SharedBaseAddress: 0x000001f180000000, ArchiveRelocationMode: 1.
Compressed class space mapped at: 0x000001f181000000-0x000001f1c1000000, reserved size: 1073741824
Narrow klass base: 0x000001f180000000, Narrow klass shift: 0, Narrow klass range: 0x100000000

GC Precious Log:
 CPUs: 4 total, 4 available
 Memory: 8050M
 Large Page Support: Disabled
 NUMA Support: Disabled
 Compressed Oops: Enabled (32-bit)
 Heap Region Size: 1M
 Heap Min Capacity: 8M
 Heap Initial Capacity: 126M
 Heap Max Capacity: 2014M
 Pre-touch: Disabled
 Parallel Workers: 4
 Concurrent Workers: 1
 Concurrent Refinement Workers: 4
 Periodic GC: Disabled

Heap:
 garbage-first heap   total 129024K, used 10240K [0x0000000082200000, 0x0000000100000000)
  region size 1024K, 11 young (11264K), 0 survivors (0K)
 Metaspace       used 3582K, committed 3712K, reserved 1114112K
  class space    used 389K, committed 448K, reserved 1048576K

Heap Regions: E=young(eden), S=young(survivor), O=old, HS=humongous(starts), HC=humongous(continues), CS=collection set, F=free, OA=open archive, CA=closed archive, TAMS=top-at-mark-start (previous, next)
|   0|0x0000000082200000, 0x0000000082300000, 0x0000000082300000|100%|HS|  |TAMS 0x0000000082200000, 0x0000000082200000| Complete 
|   1|0x0000000082300000, 0x0000000082300000, 0x0000000082400000|  0%| F|  |TAMS 0x0000000082300000, 0x0000000082300000| Untracked 
|   2|0x0000000082400000, 0x0000000082400000, 0x0000000082500000|  0%| F|  |TAMS 0x0000000082400000, 0x0000000082400000| Untracked 
|   3|0x0000000082500000, 0x0000000082500000, 0x0000000082600000|  0%| F|  |TAMS 0x0000000082500000, 0x0000000082500000| Untracked 
|   4|0x0000000082600000, 0x0000000082600000, 0x0000000082700000|  0%| F|  |TAMS 0x0000000082600000, 0x0000000082600000| Untracked 
|   5|0x0000000082700000, 0x0000000082700000, 0x0000000082800000|  0%| F|  |TAMS 0x0000000082700000, 0x0000000082700000| Untracked 
|   6|0x0000000082800000, 0x0000000082800000, 0x0000000082900000|  0%| F|  |TAMS 0x0000000082800000, 0x0000000082800000| Untracked 
|   7|0x0000000082900000, 0x0000000082900000, 0x0000000082a00000|  0%| F|  |TAMS 0x0000000082900000, 0x0000000082900000| Untracked 
|   8|0x0000000082a00000, 0x0000000082a00000, 0x0000000082b00000|  0%| F|  |TAMS 0x0000000082a00000, 0x0000000082a00000| Untracked 
|   9|0x0000000082b00000, 0x0000000082b00000, 0x0000000082c00000|  0%| F|  |TAMS 0x0000000082b00000, 0x0000000082b00000| Untracked 
|  10|0x0000000082c00000, 0x0000000082c00000, 0x0000000082d00000|  0%| F|  |TAMS 0x0000000082c00000, 0x0000000082c00000| Untracked 
|  11|0x0000000082d00000, 0x0000000082d00000, 0x0000000082e00000|  0%| F|  |TAMS 0x0000000082d00000, 0x0000000082d00000| Untracked 
|  12|0x0000000082e00000, 0x0000000082e00000, 0x0000000082f00000|  0%| F|  |TAMS 0x0000000082e00000, 0x0000000082e00000| Untracked 
|  13|0x0000000082f00000, 0x0000000082f00000, 0x0000000083000000|  0%| F|  |TAMS 0x0000000082f00000, 0x0000000082f00000| Untracked 
|  14|0x0000000083000000, 0x0000000083000000, 0x0000000083100000|  0%| F|  |TAMS 0x0000000083000000, 0x0000000083000000| Untracked 
|  15|0x0000000083100000, 0x0000000083100000, 0x0000000083200000|  0%| F|  |TAMS 0x0000000083100000, 0x0000000083100000| Untracked 
|  16|0x0000000083200000, 0x0000000083200000, 0x0000000083300000|  0%| F|  |TAMS 0x0000000083200000, 0x0000000083200000| Untracked 
|  17|0x0000000083300000, 0x0000000083300000, 0x0000000083400000|  0%| F|  |TAMS 0x0000000083300000, 0x0000000083300000| Untracked 
|  18|0x0000000083400000, 0x0000000083400000, 0x0000000083500000|  0%| F|  |TAMS 0x0000000083400000, 0x0000000083400000| Untracked 
|  19|0x0000000083500000, 0x0000000083500000, 0x0000000083600000|  0%| F|  |TAMS 0x0000000083500000, 0x0000000083500000| Untracked 
|  20|0x0000000083600000, 0x0000000083600000, 0x0000000083700000|  0%| F|  |TAMS 0x0000000083600000, 0x0000000083600000| Untracked 
|  21|0x0000000083700000, 0x0000000083700000, 0x0000000083800000|  0%| F|  |TAMS 0x0000000083700000, 0x0000000083700000| Untracked 
|  22|0x0000000083800000, 0x0000000083800000, 0x0000000083900000|  0%| F|  |TAMS 0x0000000083800000, 0x0000000083800000| Untracked 
|  23|0x0000000083900000, 0x0000000083900000, 0x0000000083a00000|  0%| F|  |TAMS 0x0000000083900000, 0x0000000083900000| Untracked 
|  24|0x0000000083a00000, 0x0000000083a00000, 0x0000000083b00000|  0%| F|  |TAMS 0x0000000083a00000, 0x0000000083a00000| Untracked 
|  25|0x0000000083b00000, 0x0000000083b00000, 0x0000000083c00000|  0%| F|  |TAMS 0x0000000083b00000, 0x0000000083b00000| Untracked 
|  26|0x0000000083c00000, 0x0000000083c00000, 0x0000000083d00000|  0%| F|  |TAMS 0x0000000083c00000, 0x0000000083c00000| Untracked 
|  27|0x0000000083d00000, 0x0000000083d00000, 0x0000000083e00000|  0%| F|  |TAMS 0x0000000083d00000, 0x0000000083d00000| Untracked 
|  28|0x0000000083e00000, 0x0000000083e00000, 0x0000000083f00000|  0%| F|  |TAMS 0x0000000083e00000, 0x0000000083e00000| Untracked 
|  29|0x0000000083f00000, 0x0000000083f00000, 0x0000000084000000|  0%| F|  |TAMS 0x0000000083f00000, 0x0000000083f00000| Untracked 
|  30|0x0000000084000000, 0x0000000084000000, 0x0000000084100000|  0%| F|  |TAMS 0x0000000084000000, 0x0000000084000000| Untracked 
|  31|0x0000000084100000, 0x0000000084100000, 0x0000000084200000|  0%| F|  |TAMS 0x0000000084100000, 0x0000000084100000| Untracked 
|  32|0x0000000084200000, 0x0000000084200000, 0x0000000084300000|  0%| F|  |TAMS 0x0000000084200000, 0x0000000084200000| Untracked 
|  33|0x0000000084300000, 0x0000000084300000, 0x0000000084400000|  0%| F|  |TAMS 0x0000000084300000, 0x0000000084300000| Untracked 
|  34|0x0000000084400000, 0x0000000084400000, 0x0000000084500000|  0%| F|  |TAMS 0x0000000084400000, 0x0000000084400000| Untracked 
|  35|0x0000000084500000, 0x0000000084500000, 0x0000000084600000|  0%| F|  |TAMS 0x0000000084500000, 0x0000000084500000| Untracked 
|  36|0x0000000084600000, 0x0000000084600000, 0x0000000084700000|  0%| F|  |TAMS 0x0000000084600000, 0x0000000084600000| Untracked 
|  37|0x0000000084700000, 0x0000000084700000, 0x0000000084800000|  0%| F|  |TAMS 0x0000000084700000, 0x0000000084700000| Untracked 
|  38|0x0000000084800000, 0x0000000084800000, 0x0000000084900000|  0%| F|  |TAMS 0x0000000084800000, 0x0000000084800000| Untracked 
|  39|0x0000000084900000, 0x0000000084900000, 0x0000000084a00000|  0%| F|  |TAMS 0x0000000084900000, 0x0000000084900000| Untracked 
|  40|0x0000000084a00000, 0x0000000084a00000, 0x0000000084b00000|  0%| F|  |TAMS 0x0000000084a00000, 0x0000000084a00000| Untracked 
|  41|0x0000000084b00000, 0x0000000084b00000, 0x0000000084c00000|  0%| F|  |TAMS 0x0000000084b00000, 0x0000000084b00000| Untracked 
|  42|0x0000000084c00000, 0x0000000084c00000, 0x0000000084d00000|  0%| F|  |TAMS 0x0000000084c00000, 0x0000000084c00000| Untracked 
|  43|0x0000000084d00000, 0x0000000084d00000, 0x0000000084e00000|  0%| F|  |TAMS 0x0000000084d00000, 0x0000000084d00000| Untracked 
|  44|0x0000000084e00000, 0x0000000084e00000, 0x0000000084f00000|  0%| F|  |TAMS 0x0000000084e00000, 0x0000000084e00000| Untracked 
|  45|0x0000000084f00000, 0x0000000084f00000, 0x0000000085000000|  0%| F|  |TAMS 0x0000000084f00000, 0x0000000084f00000| Untracked 
|  46|0x0000000085000000, 0x0000000085000000, 0x0000000085100000|  0%| F|  |TAMS 0x0000000085000000, 0x0000000085000000| Untracked 
|  47|0x0000000085100000, 0x0000000085100000, 0x0000000085200000|  0%| F|  |TAMS 0x0000000085100000, 0x0000000085100000| Untracked 
|  48|0x0000000085200000, 0x0000000085200000, 0x0000000085300000|  0%| F|  |TAMS 0x0000000085200000, 0x0000000085200000| Untracked 
|  49|0x0000000085300000, 0x0000000085300000, 0x0000000085400000|  0%| F|  |TAMS 0x0000000085300000, 0x0000000085300000| Untracked 
|  50|0x0000000085400000, 0x0000000085400000, 0x0000000085500000|  0%| F|  |TAMS 0x0000000085400000, 0x0000000085400000| Untracked 
|  51|0x0000000085500000, 0x0000000085500000, 0x0000000085600000|  0%| F|  |TAMS 0x0000000085500000, 0x0000000085500000| Untracked 
|  52|0x0000000085600000, 0x0000000085600000, 0x0000000085700000|  0%| F|  |TAMS 0x0000000085600000, 0x0000000085600000| Untracked 
|  53|0x0000000085700000, 0x0000000085700000, 0x0000000085800000|  0%| F|  |TAMS 0x0000000085700000, 0x0000000085700000| Untracked 
|  54|0x0000000085800000, 0x0000000085800000, 0x0000000085900000|  0%| F|  |TAMS 0x0000000085800000, 0x0000000085800000| Untracked 
|  55|0x0000000085900000, 0x0000000085900000, 0x0000000085a00000|  0%| F|  |TAMS 0x0000000085900000, 0x0000000085900000| Untracked 
|  56|0x0000000085a00000, 0x0000000085a00000, 0x0000000085b00000|  0%| F|  |TAMS 0x0000000085a00000, 0x0000000085a00000| Untracked 
|  57|0x0000000085b00000, 0x0000000085b00000, 0x0000000085c00000|  0%| F|  |TAMS 0x0000000085b00000, 0x0000000085b00000| Untracked 
|  58|0x0000000085c00000, 0x0000000085c00000, 0x0000000085d00000|  0%| F|  |TAMS 0x0000000085c00000, 0x0000000085c00000| Untracked 
|  59|0x0000000085d00000, 0x0000000085d00000, 0x0000000085e00000|  0%| F|  |TAMS 0x0000000085d00000, 0x0000000085d00000| Untracked 
|  60|0x0000000085e00000, 0x0000000085e00000, 0x0000000085f00000|  0%| F|  |TAMS 0x0000000085e00000, 0x0000000085e00000| Untracked 
|  61|0x0000000085f00000, 0x0000000085f00000, 0x0000000086000000|  0%| F|  |TAMS 0x0000000085f00000, 0x0000000085f00000| Untracked 
|  62|0x0000000086000000, 0x0000000086000000, 0x0000000086100000|  0%| F|  |TAMS 0x0000000086000000, 0x0000000086000000| Untracked 
|  63|0x0000000086100000, 0x0000000086100000, 0x0000000086200000|  0%| F|  |TAMS 0x0000000086100000, 0x0000000086100000| Untracked 
|  64|0x0000000086200000, 0x0000000086200000, 0x0000000086300000|  0%| F|  |TAMS 0x0000000086200000, 0x0000000086200000| Untracked 
|  65|0x0000000086300000, 0x0000000086300000, 0x0000000086400000|  0%| F|  |TAMS 0x0000000086300000, 0x0000000086300000| Untracked 
|  66|0x0000000086400000, 0x0000000086400000, 0x0000000086500000|  0%| F|  |TAMS 0x0000000086400000, 0x0000000086400000| Untracked 
|  67|0x0000000086500000, 0x0000000086500000, 0x0000000086600000|  0%| F|  |TAMS 0x0000000086500000, 0x0000000086500000| Untracked 
|  68|0x0000000086600000, 0x0000000086600000, 0x0000000086700000|  0%| F|  |TAMS 0x0000000086600000, 0x0000000086600000| Untracked 
|  69|0x0000000086700000, 0x0000000086700000, 0x0000000086800000|  0%| F|  |TAMS 0x0000000086700000, 0x0000000086700000| Untracked 
|  70|0x0000000086800000, 0x0000000086800000, 0x0000000086900000|  0%| F|  |TAMS 0x0000000086800000, 0x0000000086800000| Untracked 
|  71|0x0000000086900000, 0x0000000086900000, 0x0000000086a00000|  0%| F|  |TAMS 0x0000000086900000, 0x0000000086900000| Untracked 
|  72|0x0000000086a00000, 0x0000000086a00000, 0x0000000086b00000|  0%| F|  |TAMS 0x0000000086a00000, 0x0000000086a00000| Untracked 
|  73|0x0000000086b00000, 0x0000000086b00000, 0x0000000086c00000|  0%| F|  |TAMS 0x0000000086b00000, 0x0000000086b00000| Untracked 
|  74|0x0000000086c00000, 0x0000000086c00000, 0x0000000086d00000|  0%| F|  |TAMS 0x0000000086c00000, 0x0000000086c00000| Untracked 
|  75|0x0000000086d00000, 0x0000000086d00000, 0x0000000086e00000|  0%| F|  |TAMS 0x0000000086d00000, 0x0000000086d00000| Untracked 
|  76|0x0000000086e00000, 0x0000000086e00000, 0x0000000086f00000|  0%| F|  |TAMS 0x0000000086e00000, 0x0000000086e00000| Untracked 
|  77|0x0000000086f00000, 0x0000000086f00000, 0x0000000087000000|  0%| F|  |TAMS 0x0000000086f00000, 0x0000000086f00000| Untracked 
|  78|0x0000000087000000, 0x0000000087000000, 0x0000000087100000|  0%| F|  |TAMS 0x0000000087000000, 0x0000000087000000| Untracked 
|  79|0x0000000087100000, 0x0000000087100000, 0x0000000087200000|  0%| F|  |TAMS 0x0000000087100000, 0x0000000087100000| Untracked 
|  80|0x0000000087200000, 0x0000000087200000, 0x0000000087300000|  0%| F|  |TAMS 0x0000000087200000, 0x0000000087200000| Untracked 
|  81|0x0000000087300000, 0x0000000087300000, 0x0000000087400000|  0%| F|  |TAMS 0x0000000087300000, 0x0000000087300000| Untracked 
|  82|0x0000000087400000, 0x0000000087400000, 0x0000000087500000|  0%| F|  |TAMS 0x0000000087400000, 0x0000000087400000| Untracked 
|  83|0x0000000087500000, 0x0000000087500000, 0x0000000087600000|  0%| F|  |TAMS 0x0000000087500000, 0x0000000087500000| Untracked 
|  84|0x0000000087600000, 0x0000000087600000, 0x0000000087700000|  0%| F|  |TAMS 0x0000000087600000, 0x0000000087600000| Untracked 
|  85|0x0000000087700000, 0x0000000087700000, 0x0000000087800000|  0%| F|  |TAMS 0x0000000087700000, 0x0000000087700000| Untracked 
|  86|0x0000000087800000, 0x0000000087800000, 0x0000000087900000|  0%| F|  |TAMS 0x0000000087800000, 0x0000000087800000| Untracked 
|  87|0x0000000087900000, 0x0000000087900000, 0x0000000087a00000|  0%| F|  |TAMS 0x0000000087900000, 0x0000000087900000| Untracked 
|  88|0x0000000087a00000, 0x0000000087a00000, 0x0000000087b00000|  0%| F|  |TAMS 0x0000000087a00000, 0x0000000087a00000| Untracked 
|  89|0x0000000087b00000, 0x0000000087b00000, 0x0000000087c00000|  0%| F|  |TAMS 0x0000000087b00000, 0x0000000087b00000| Untracked 
|  90|0x0000000087c00000, 0x0000000087c00000, 0x0000000087d00000|  0%| F|  |TAMS 0x0000000087c00000, 0x0000000087c00000| Untracked 
|  91|0x0000000087d00000, 0x0000000087d00000, 0x0000000087e00000|  0%| F|  |TAMS 0x0000000087d00000, 0x0000000087d00000| Untracked 
|  92|0x0000000087e00000, 0x0000000087e00000, 0x0000000087f00000|  0%| F|  |TAMS 0x0000000087e00000, 0x0000000087e00000| Untracked 
|  93|0x0000000087f00000, 0x0000000087f00000, 0x0000000088000000|  0%| F|  |TAMS 0x0000000087f00000, 0x0000000087f00000| Untracked 
|  94|0x0000000088000000, 0x0000000088000000, 0x0000000088100000|  0%| F|  |TAMS 0x0000000088000000, 0x0000000088000000| Untracked 
|  95|0x0000000088100000, 0x0000000088100000, 0x0000000088200000|  0%| F|  |TAMS 0x0000000088100000, 0x0000000088100000| Untracked 
|  96|0x0000000088200000, 0x0000000088200000, 0x0000000088300000|  0%| F|  |TAMS 0x0000000088200000, 0x0000000088200000| Untracked 
|  97|0x0000000088300000, 0x0000000088300000, 0x0000000088400000|  0%| F|  |TAMS 0x0000000088300000, 0x0000000088300000| Untracked 
|  98|0x0000000088400000, 0x0000000088400000, 0x0000000088500000|  0%| F|  |TAMS 0x0000000088400000, 0x0000000088400000| Untracked 
|  99|0x0000000088500000, 0x0000000088500000, 0x0000000088600000|  0%| F|  |TAMS 0x0000000088500000, 0x0000000088500000| Untracked 
| 100|0x0000000088600000, 0x0000000088600000, 0x0000000088700000|  0%| F|  |TAMS 0x0000000088600000, 0x0000000088600000| Untracked 
| 101|0x0000000088700000, 0x0000000088700000, 0x0000000088800000|  0%| F|  |TAMS 0x0000000088700000, 0x0000000088700000| Untracked 
| 102|0x0000000088800000, 0x0000000088800000, 0x0000000088900000|  0%| F|  |TAMS 0x0000000088800000, 0x0000000088800000| Untracked 
| 103|0x0000000088900000, 0x0000000088900000, 0x0000000088a00000|  0%| F|  |TAMS 0x0000000088900000, 0x0000000088900000| Untracked 
| 104|0x0000000088a00000, 0x0000000088a00000, 0x0000000088b00000|  0%| F|  |TAMS 0x0000000088a00000, 0x0000000088a00000| Untracked 
| 105|0x0000000088b00000, 0x0000000088b00000, 0x0000000088c00000|  0%| F|  |TAMS 0x0000000088b00000, 0x0000000088b00000| Untracked 
| 106|0x0000000088c00000, 0x0000000088c00000, 0x0000000088d00000|  0%| F|  |TAMS 0x0000000088c00000, 0x0000000088c00000| Untracked 
| 107|0x0000000088d00000, 0x0000000088d00000, 0x0000000088e00000|  0%| F|  |TAMS 0x0000000088d00000, 0x0000000088d00000| Untracked 
| 108|0x0000000088e00000, 0x0000000088e00000, 0x0000000088f00000|  0%| F|  |TAMS 0x0000000088e00000, 0x0000000088e00000| Untracked 
| 109|0x0000000088f00000, 0x0000000088f00000, 0x0000000089000000|  0%| F|  |TAMS 0x0000000088f00000, 0x0000000088f00000| Untracked 
| 110|0x0000000089000000, 0x0000000089000000, 0x0000000089100000|  0%| F|  |TAMS 0x0000000089000000, 0x0000000089000000| Untracked 
| 111|0x0000000089100000, 0x0000000089100000, 0x0000000089200000|  0%| F|  |TAMS 0x0000000089100000, 0x0000000089100000| Untracked 
| 112|0x0000000089200000, 0x0000000089200000, 0x0000000089300000|  0%| F|  |TAMS 0x0000000089200000, 0x0000000089200000| Untracked 
| 113|0x0000000089300000, 0x0000000089300000, 0x0000000089400000|  0%| F|  |TAMS 0x0000000089300000, 0x0000000089300000| Untracked 
| 114|0x0000000089400000, 0x0000000089400000, 0x0000000089500000|  0%| F|  |TAMS 0x0000000089400000, 0x0000000089400000| Untracked 
| 115|0x0000000089500000, 0x0000000089585ef8, 0x0000000089600000| 52%| E|  |TAMS 0x0000000089500000, 0x0000000089500000| Complete 
| 116|0x0000000089600000, 0x0000000089700000, 0x0000000089700000|100%| E|CS|TAMS 0x0000000089600000, 0x0000000089600000| Complete 
| 117|0x0000000089700000, 0x0000000089800000, 0x0000000089800000|100%| E|CS|TAMS 0x0000000089700000, 0x0000000089700000| Complete 
| 118|0x0000000089800000, 0x0000000089900000, 0x0000000089900000|100%| E|CS|TAMS 0x0000000089800000, 0x0000000089800000| Complete 
| 119|0x0000000089900000, 0x0000000089a00000, 0x0000000089a00000|100%| E|CS|TAMS 0x0000000089900000, 0x0000000089900000| Complete 
| 120|0x0000000089a00000, 0x0000000089b00000, 0x0000000089b00000|100%| E|CS|TAMS 0x0000000089a00000, 0x0000000089a00000| Complete 
| 121|0x0000000089b00000, 0x0000000089c00000, 0x0000000089c00000|100%| E|CS|TAMS 0x0000000089b00000, 0x0000000089b00000| Complete 
| 122|0x0000000089c00000, 0x0000000089d00000, 0x0000000089d00000|100%| E|CS|TAMS 0x0000000089c00000, 0x0000000089c00000| Complete 
| 123|0x0000000089d00000, 0x0000000089e00000, 0x0000000089e00000|100%| E|  |TAMS 0x0000000089d00000, 0x0000000089d00000| Complete 
| 124|0x0000000089e00000, 0x0000000089f00000, 0x0000000089f00000|100%| E|CS|TAMS 0x0000000089e00000, 0x0000000089e00000| Complete 
| 125|0x0000000089f00000, 0x000000008a000000, 0x000000008a000000|100%| E|CS|TAMS 0x0000000089f00000, 0x0000000089f00000| Complete 

Card table byte_map: [0x000001f1ecb80000,0x000001f1ecf70000] _byte_map_base: 0x000001f1ec76f000

Marking Bits (Prev, Next): (CMBitMap*) 0x000001f1e02a9ae0, (CMBitMap*) 0x000001f1e02a9b20
 Prev Bits: [0x000001f1ed360000, 0x000001f1ef2d8000)
 Next Bits: [0x000001f1ef2e0000, 0x000001f1f1258000)

Polling page: 0x000001f1e0320000

Metaspace:

Usage:
  Non-class:      3.12 MB used.
      Class:    389.20 KB used.
       Both:      3.50 MB used.

Virtual space:
  Non-class space:       64.00 MB reserved,       3.19 MB (  5%) committed,  1 nodes.
      Class space:        1.00 GB reserved,     448.00 KB ( <1%) committed,  1 nodes.
             Both:        1.06 GB reserved,       3.62 MB ( <1%) committed. 

Chunk freelists:
   Non-Class:  11.92 MB
       Class:  15.60 MB
        Both:  27.52 MB

MaxMetaspaceSize: unlimited
CompressedClassSpaceSize: 1.00 GB
Initial GC threshold: 21.00 MB
Current GC threshold: 21.00 MB
CDS: on
MetaspaceReclaimPolicy: balanced
 - commit_granule_bytes: 65536.
 - commit_granule_words: 8192.
 - virtual_space_node_default_size: 8388608.
 - enlarge_chunks_in_place: 1.
 - new_chunks_are_fully_committed: 0.
 - uncommit_free_chunks: 1.
 - use_allocation_guard: 0.
 - handle_deallocations: 1.


Internal statistics:

num_allocs_failed_limit: 0.
num_arena_births: 42.
num_arena_deaths: 0.
num_vsnodes_births: 2.
num_vsnodes_deaths: 0.
num_space_committed: 58.
num_space_uncommitted: 0.
num_chunks_returned_to_freelist: 0.
num_chunks_taken_from_freelist: 49.
num_chunk_merges: 0.
num_chunk_splits: 34.
num_chunks_enlarged: 21.
num_inconsistent_stats: 0.

CodeCache: size=49152Kb used=2064Kb max_used=2064Kb free=47088Kb
 bounds [0x000001f1e92f0000, 0x000001f1e9560000, 0x000001f1ec2f0000]
 total_blobs=1067 nmethods=645 adapters=350
 compilation: enabled
              stopped_count=0, restarted_count=0
 full_count=0

Compilation events (20 events):
Event: 146.106 Thread 0x000001f1f38660c0  635       1       java.util.TreeMap$Entry::getValue (5 bytes)
Event: 146.106 Thread 0x000001f1f38660c0 nmethod 635 0x000001f1e94f0910 code [0x000001f1e94f0aa0, 0x000001f1e94f0b78]
Event: 146.106 Thread 0x000001f1f38660c0  637       1       java.util.TreeMap$PrivateEntryIterator::nextEntry (54 bytes)
Event: 146.107 Thread 0x000001f1f38660c0 nmethod 637 0x000001f1e94f0c10 code [0x000001f1e94f0de0, 0x000001f1e94f1088]
Event: 146.107 Thread 0x000001f1f38660c0  638       1       java.util.TreeMap::successor (66 bytes)
Event: 146.107 Thread 0x000001f1f38660c0 nmethod 638 0x000001f1e94f1210 code [0x000001f1e94f13c0, 0x000001f1e94f1538]
Event: 146.107 Thread 0x000001f1f38660c0  640       1       java.util.TreeMap::fixAfterInsertion (267 bytes)
Event: 146.109 Thread 0x000001f1f38660c0 nmethod 640 0x000001f1e94f1690 code [0x000001f1e94f18e0, 0x000001f1e94f2098]
Event: 146.109 Thread 0x000001f1f38660c0  643       1       java.util.TreeMap::getFirstEntry (26 bytes)
Event: 146.109 Thread 0x000001f1f38660c0 nmethod 643 0x000001f1e94f2810 code [0x000001f1e94f29a0, 0x000001f1e94f2a98]
Event: 146.109 Thread 0x000001f1f38660c0  639       1       java.util.TreeMap::addEntry (59 bytes)
Event: 146.109 Thread 0x000001f1f38660c0 nmethod 639 0x000001f1e94f2b90 code [0x000001f1e94f2d40, 0x000001f1e94f30c8]
Event: 146.109 Thread 0x000001f1f38660c0  644       1       java.util.TreeMap$PrivateEntryIterator::<init> (28 bytes)
Event: 146.109 Thread 0x000001f1f38660c0 nmethod 644 0x000001f1e94f3210 code [0x000001f1e94f33a0, 0x000001f1e94f3538]
Event: 146.109 Thread 0x000001f1f38660c0  642       1       java.lang.reflect.Method::getParameterTypes (11 bytes)
Event: 146.110 Thread 0x000001f1f38660c0 nmethod 642 0x000001f1e94f3610 code [0x000001f1e94f37a0, 0x000001f1e94f38c8]
Event: 146.110 Thread 0x000001f1f38660c0  641       1       java.lang.StringConcatHelper::newArray (26 bytes)
Event: 146.110 Thread 0x000001f1f38660c0 nmethod 641 0x000001f1e94f3990 code [0x000001f1e94f3b20, 0x000001f1e94f3c68]
Event: 146.110 Thread 0x000001f1f38660c0  645       1       javax.management.MBeanFeatureInfo::getDescription (5 bytes)
Event: 146.110 Thread 0x000001f1f38660c0 nmethod 645 0x000001f1e94f3d10 code [0x000001f1e94f3ea0, 0x000001f1e94f3f78]

GC Heap History (0 events):
No events

Deoptimization events (0 events):
No events

Classes unloaded (0 events):
No events

Classes redefined (0 events):
No events

Internal exceptions (4 events):
Event: 142.202 Thread 0x000001f1e023c770 Exception <a 'java/lang/NoSuchMethodError'{0x00000000897b4b08}: 'java.lang.Object java.lang.invoke.DirectMethodHandle$Holder.invokeStaticInit(java.lang.Object)'> (0x00000000897b4b08) 
thrown [s\open\src\hotspot\share\interpreter\linkResolver.cpp, line 759]
Event: 143.953 Thread 0x000001f1e023c770 Exception <a 'java/lang/NoSuchMethodError'{0x000000008963f0a8}: 'int java.lang.invoke.DirectMethodHandle$Holder.invokeInterface(java.lang.Object, java.lang.Object)'> (0x000000008963f0a8) 
thrown [s\open\src\hotspot\share\interpreter\linkResolver.cpp, line 759]
Event: 143.955 Thread 0x000001f1e023c770 Exception <a 'java/lang/IncompatibleClassChangeError'{0x00000000896426a8}: Found class java.lang.Object, but interface was expected> (0x00000000896426a8) 
thrown [s\open\src\hotspot\share\interpreter\linkResolver.cpp, line 826]
Event: 143.962 Thread 0x000001f1e023c770 Exception <a 'java/lang/NoSuchMethodError'{0x00000000896489f8}: 'void java.lang.invoke.DirectMethodHandle$Holder.invokeStatic(java.lang.Object, java.lang.Object)'> (0x00000000896489f8) 
thrown [s\open\src\hotspot\share\interpreter\linkResolver.cpp, line 759]

VM Operations (20 events):
Event: 120.231 Executing VM operation: Cleanup
Event: 120.231 Executing VM operation: Cleanup done
Event: 136.235 Executing VM operation: HandshakeAllThreads
Event: 136.236 Executing VM operation: HandshakeAllThreads done
Event: 136.236 Executing VM operation: Cleanup
Event: 136.236 Executing VM operation: Cleanup done
Event: 137.244 Executing VM operation: Cleanup
Event: 137.294 Executing VM operation: Cleanup done
Event: 138.301 Executing VM operation: Cleanup
Event: 138.457 Executing VM operation: Cleanup done
Event: 140.457 Executing VM operation: Cleanup
Event: 140.783 Executing VM operation: Cleanup done
Event: 141.788 Executing VM operation: Cleanup
Event: 141.788 Executing VM operation: Cleanup done
Event: 142.791 Executing VM operation: Cleanup
Event: 142.824 Executing VM operation: Cleanup done
Event: 143.973 Executing VM operation: HandshakeAllThreads
Event: 143.974 Executing VM operation: HandshakeAllThreads done
Event: 145.987 Executing VM operation: Cleanup
Event: 146.086 Executing VM operation: Cleanup done

Events (20 events):
Event: 145.666 loading class java/lang/Thread$State done
Event: 145.666 loading class java/lang/management/LockInfo
Event: 145.666 loading class java/lang/management/LockInfo done
Event: 145.666 loading class java/lang/management/MonitorInfo
Event: 145.666 loading class java/lang/management/MonitorInfo done
Event: 145.666 loading class java/lang/InterruptedException
Event: 145.666 loading class java/lang/InterruptedException done
Event: 145.669 loading class com/sun/jmx/mbeanserver/DefaultMXBeanMappingFactory$CompositeMapping
Event: 145.669 loading class com/sun/jmx/mbeanserver/DefaultMXBeanMappingFactory$CompositeMapping done
Event: 145.672 loading class com/sun/jmx/mbeanserver/DefaultMXBeanMappingFactory$ArrayMapping
Event: 145.673 loading class com/sun/jmx/mbeanserver/DefaultMXBeanMappingFactory$ArrayMapping done
Event: 145.673 loading class java/lang/annotation/ElementType
Event: 145.673 loading class java/lang/annotation/ElementType done
Event: 145.673 loading class com/sun/jmx/mbeanserver/DefaultMXBeanMappingFactory$EnumMapping
Event: 145.674 loading class com/sun/jmx/mbeanserver/DefaultMXBeanMappingFactory$EnumMapping done
Event: 145.676 loading class javax/management/MBeanParameterInfo
Event: 145.676 loading class javax/management/MBeanParameterInfo done
Event: 146.108 loading class com/sun/jmx/mbeanserver/PerInterface$MethodAndSig
Event: 146.108 loading class com/sun/jmx/mbeanserver/PerInterface$MethodAndSig done
Event: 146.110 loading class com/sun/management/internal/OperatingSystemImpl


Dynamic libraries:
0x00007ff6d7f40000 - 0x00007ff6d7f50000 	C:\Program Files\Java\jdk-17\bin\javaw.exe
0x00007ff8c2b10000 - 0x00007ff8c2d08000 	C:\Windows\SYSTEM32\ntdll.dll
0x00007ff8c0dd0000 - 0x00007ff8c0e8f000 	C:\Windows\System32\KERNEL32.DLL
0x00007ff8c0580000 - 0x00007ff8c0852000 	C:\Windows\System32\KERNELBASE.dll
0x00007ff8c03c0000 - 0x00007ff8c04c0000 	C:\Windows\System32\ucrtbase.dll
0x00007ff8b73f0000 - 0x00007ff8b7409000 	C:\Program Files\Java\jdk-17\bin\jli.dll
0x00007ff8c0e90000 - 0x00007ff8c0f3e000 	C:\Windows\System32\ADVAPI32.dll
0x00007ff8c0c20000 - 0x00007ff8c0cbe000 	C:\Windows\System32\msvcrt.dll
0x00007ff8c1040000 - 0x00007ff8c10dc000 	C:\Windows\System32\sechost.dll
0x00007ff8c2050000 - 0x00007ff8c2175000 	C:\Windows\System32\RPCRT4.dll
0x00007ff8c1b70000 - 0x00007ff8c1d11000 	C:\Windows\System32\USER32.dll
0x00007ff8c0200000 - 0x00007ff8c0222000 	C:\Windows\System32\win32u.dll
0x00007ff8c2180000 - 0x00007ff8c21ab000 	C:\Windows\System32\GDI32.dll
0x00007ff8c0860000 - 0x00007ff8c096f000 	C:\Windows\System32\gdi32full.dll
0x00007ff8c0970000 - 0x00007ff8c0a0d000 	C:\Windows\System32\msvcp_win.dll
0x00007ff8a4eb0000 - 0x00007ff8a4ecb000 	C:\Program Files\Java\jdk-17\bin\VCRUNTIME140.dll
0x00007ff8b1950000 - 0x00007ff8b1bea000 	C:\Windows\WinSxS\amd64_microsoft.windows.common-controls_6595b64144ccf1df_6.0.19041.1110_none_60b5254171f9507e\COMCTL32.dll
0x00007ff8b6b00000 - 0x00007ff8b6b0a000 	C:\Windows\SYSTEM32\VERSION.dll
0x00007ff8c2a90000 - 0x00007ff8c2ac2000 	C:\Windows\System32\IMM32.DLL
0x00007ff8b5a30000 - 0x00007ff8b5a3c000 	C:\Program Files\Java\jdk-17\bin\vcruntime140_1.dll
0x00007ff889850000 - 0x00007ff8898de000 	C:\Program Files\Java\jdk-17\bin\msvcp140.dll
0x00007ff85b8a0000 - 0x00007ff85c47f000 	C:\Program Files\Java\jdk-17\bin\server\jvm.dll
0x00007ff8c0f40000 - 0x00007ff8c0f48000 	C:\Windows\System32\PSAPI.DLL
0x00007ff8b3d30000 - 0x00007ff8b3d39000 	C:\Windows\SYSTEM32\WSOCK32.dll
0x00007ff8c0fd0000 - 0x00007ff8c103b000 	C:\Windows\System32\WS2_32.dll
0x00007ff8b18b0000 - 0x00007ff8b18d7000 	C:\Windows\SYSTEM32\WINMM.dll
0x00007ff8bed00000 - 0x00007ff8bed12000 	C:\Windows\SYSTEM32\kernel.appcore.dll
0x00007ff8b3a00000 - 0x00007ff8b3a0a000 	C:\Program Files\Java\jdk-17\bin\jimage.dll
0x00007ff8baf70000 - 0x00007ff8bb154000 	C:\Windows\SYSTEM32\DBGHELP.DLL
0x00007ff8b5b70000 - 0x00007ff8b5ba5000 	C:\Windows\SYSTEM32\dbgcore.DLL
0x00007ff8c0a10000 - 0x00007ff8c0a92000 	C:\Windows\System32\bcryptPrimitives.dll
0x00007ff8b3450000 - 0x00007ff8b348b000 	C:\Program Files\Java\jdk-17\bin\jdwp.dll
0x00007ff8b7410000 - 0x00007ff8b741e000 	C:\Program Files\Java\jdk-17\bin\instrument.dll
0x00007ff88f8c0000 - 0x00007ff88f8e5000 	C:\Program Files\Java\jdk-17\bin\java.dll
0x00007ff86d060000 - 0x00007ff86d137000 	C:\Program Files\Java\jdk-17\bin\jsvml.dll
0x00007ff8c2340000 - 0x00007ff8c2a84000 	C:\Windows\System32\SHELL32.dll
0x00007ff8bb160000 - 0x00007ff8bb8f2000 	C:\Windows\SYSTEM32\windows.storage.dll
0x00007ff8c12e0000 - 0x00007ff8c1635000 	C:\Windows\System32\combase.dll
0x00007ff8bfc60000 - 0x00007ff8bfc90000 	C:\Windows\SYSTEM32\Wldp.dll
0x00007ff8c0d20000 - 0x00007ff8c0dcd000 	C:\Windows\System32\SHCORE.dll
0x00007ff8c10e0000 - 0x00007ff8c1135000 	C:\Windows\System32\shlwapi.dll
0x00007ff8c0140000 - 0x00007ff8c015f000 	C:\Windows\SYSTEM32\profapi.dll
0x00007ff8b7280000 - 0x00007ff8b728c000 	C:\Program Files\Java\jdk-17\bin\dt_socket.dll
0x00007ff8bf660000 - 0x00007ff8bf69b000 	C:\Windows\SYSTEM32\IPHLPAPI.DLL
0x00007ff8bf9c0000 - 0x00007ff8bfa2a000 	C:\Windows\system32\mswsock.dll
0x00007ff8bf6a0000 - 0x00007ff8bf76a000 	C:\Windows\SYSTEM32\DNSAPI.dll
0x00007ff8c1b60000 - 0x00007ff8c1b68000 	C:\Windows\System32\NSI.dll
0x000000005fb30000 - 0x000000005fb56000 	C:\Program Files\Bonjour\mdnsNSP.dll
0x00007ff8b5fe0000 - 0x00007ff8b5fea000 	C:\Windows\System32\rasadhlp.dll
0x00007ff8b2390000 - 0x00007ff8b2410000 	C:\Windows\System32\fwpuclnt.dll
0x00007ff8c0230000 - 0x00007ff8c0257000 	C:\Windows\System32\bcrypt.dll
0x00007ff88cd20000 - 0x00007ff88cd38000 	C:\Program Files\Java\jdk-17\bin\zip.dll
0x00007ff89a080000 - 0x00007ff89a099000 	C:\Program Files\Java\jdk-17\bin\net.dll
0x00007ff8b3be0000 - 0x00007ff8b3cec000 	C:\Windows\SYSTEM32\WINHTTP.dll
0x00007ff88f250000 - 0x00007ff88f266000 	C:\Program Files\Java\jdk-17\bin\nio.dll
0x00007ff8b5610000 - 0x00007ff8b561a000 	C:\Program Files\Java\jdk-17\bin\management.dll
0x00007ff8b4730000 - 0x00007ff8b473b000 	C:\Program Files\Java\jdk-17\bin\management_ext.dll

dbghelp: loaded successfully - version: 4.0.5 - missing functions: none
symbol engine: initialized successfully - sym options: 0x614 - pdb path: .;C:\Program Files\Java\jdk-17\bin;C:\Windows\SYSTEM32;C:\Windows\WinSxS\amd64_microsoft.windows.common-controls_6595b64144ccf1df_6.0.19041.1110_none_60b5254171f9507e;C:\Program Files\Java\jdk-17\bin\server;C:\Program Files\Bonjour

VM Arguments:
jvm_args: -XX:+ShowCodeDetailsInExceptionMessages -agentlib:jdwp=transport=dt_socket,suspend=y,address=localhost:53965 -Dcom.sun.management.jmxremote -Dcom.sun.management.jmxremote.port=53818 -Dcom.sun.management.jmxremote.authenticate=false -Dcom.sun.management.jmxremote.ssl=false -Djava.rmi.server.hostname=localhost -Dspring.jmx.enabled=true -Dmanagement.endpoints.jmx.exposure.include=* -Dspring.application.admin.enabled=true -XX:TieredStopAtLevel=1 -Dspring.boot.project.name=Project-ClassControl -javaagent:C:\Users\DELL\eclipse\jee-2023-122\eclipse\configuration\org.eclipse.osgi\1242\0\.cp\lib\javaagent-shaded.jar -Dfile.encoding=UTF-8 -Dstdout.encoding=UTF-8 -Dstderr.encoding=UTF-8 
java_command: com.example.projectclasscontrol.ProjectClassControlApplication --spring.output.ansi.enabled=always
java_class_path (initial): C:\Pratik\J38 Project\Assignment-Tracking-Web-Application-Eclipse-IDE\project\Project-ClassControl\target\classes;C:\Users\DELL\.m2\repository\org\springframework\boot\spring-boot-starter-data-jdbc\3.2.5\spring-boot-starter-data-jdbc-3.2.5.jar;C:\Users\DELL\.m2\repository\org\springframework\data\spring-data-jdbc\3.2.5\spring-data-jdbc-3.2.5.jar;C:\Users\DELL\.m2\repository\org\springframework\data\spring-data-relational\3.2.5\spring-data-relational-3.2.5.jar;C:\Users\DELL\.m2\repository\com\github\jsqlparser\jsqlparser\4.6\jsqlparser-4.6.jar;C:\Users\DELL\.m2\repository\org\springframework\data\spring-data-commons\3.2.5\spring-data-commons-3.2.5.jar;C:\Users\DELL\.m2\repository\org\springframework\spring-tx\6.1.6\spring-tx-6.1.6.jar;C:\Users\DELL\.m2\repository\org\springframework\spring-context\6.1.6\spring-context-6.1.6.jar;C:\Users\DELL\.m2\repository\org\springframework\spring-beans\6.1.6\spring-beans-6.1.6.jar;C:\Users\DELL\.m2\repository\org\slf4j\slf4j-api\2.0.13\slf4j-api-2.0.13.jar;C:\Users\DELL\.m2\repository\org\springframework\boot\spring-boot-starter-data-jpa\3.2.5\spring-boot-starter-data-jpa-3.2.5.jar;C:\Users\DELL\.m2\repository\org\springframework\boot\spring-boot-starter-aop\3.2.5\spring-boot-starter-aop-3.2.5.jar;C:\Users\DELL\.m2\repository\org\springframework\spring-aop\6.1.6\spring-aop-6.1.6.jar;C:\Users\DELL\.m2\repository\org\aspectj\aspectjweaver\1.9.22\aspectjweaver-1.9.22.jar;C:\Users\DELL\.m2\repository\org\hibernate\orm\hibernate-core\6.4.4.Final\hibernate-core-6.4.4.Final.jar;C:\Users\DELL\.m2\repository\jakarta\persistence\jakarta.persistence-api\3.1.0\jakarta.persistence-api-3.1.0.jar;C:\Users\DELL\.m2\repository\jakarta\transaction\jakarta.transaction-api\2.0.1\jakarta.transaction-api-2.0.1.jar;C:\Users\DELL\.m2\repository\org\jboss\logging\jboss-logging\3.5.3.Final\jboss-logging-3.5.3.Final.jar;C:\Users\DELL\.m2\repository\org\hibernate\common\hibernate-commons-annotations\6.0.6.Final\hibernate-commons-
Launcher Type: SUN_STANDARD

[Global flags]
     intx CICompilerCount                          = 3                                         {product} {ergonomic}
     uint ConcGCThreads                            = 1                                         {product} {ergonomic}
     uint G1ConcRefinementThreads                  = 4                                         {product} {ergonomic}
   size_t G1HeapRegionSize                         = 1048576                                   {product} {ergonomic}
    uintx GCDrainStackTargetSize                   = 64                                        {product} {ergonomic}
   size_t InitialHeapSize                          = 132120576                                 {product} {ergonomic}
     bool ManagementServer                         = true                                      {product} {command line}
   size_t MarkStackSize                            = 4194304                                   {product} {ergonomic}
   size_t MaxHeapSize                              = 2111832064                                {product} {ergonomic}
   size_t MaxNewSize                               = 1266679808                                {product} {ergonomic}
   size_t MinHeapDeltaBytes                        = 1048576                                   {product} {ergonomic}
   size_t MinHeapSize                              = 8388608                                   {product} {ergonomic}
    uintx NonProfiledCodeHeapSize                  = 0                                      {pd product} {ergonomic}
     bool ProfileInterpreter                       = false                                  {pd product} {command line}
    uintx ProfiledCodeHeapSize                     = 0                                      {pd product} {ergonomic}
     bool ShowCodeDetailsInExceptionMessages       = true                                   {manageable} {command line}
   size_t SoftMaxHeapSize                          = 2111832064                             {manageable} {ergonomic}
     intx TieredStopAtLevel                        = 1                                         {product} {command line}
     bool UseCompressedClassPointers               = true                           {product lp64_product} {ergonomic}
     bool UseCompressedOops                        = true                           {product lp64_product} {ergonomic}
     bool UseG1GC                                  = true                                      {product} {ergonomic}
     bool UseLargePagesIndividualAllocation        = false                                  {pd product} {ergonomic}

Logging:
Log output configuration:
 #0: stdout all=warning uptime,level,tags
 #1: stderr all=off uptime,level,tags

Environment Variables:
JAVA_HOME=C:\Users\DELL\Downloads\openlogic-openjdk-17.0.10+7-windows-x64.zip\openlogic-openjdk-17.0.10+7-windows-x64\bin
PATH=C:\Program Files\Common Files\Oracle\Java\javapath;C:\Windows\system32;C:\Windows;C:\Windows\System32\Wbem;C:\Windows\System32\WindowsPowerShell\v1.0\;C:\Windows\System32\OpenSSH\;C:\Program Files\dotnet\;C:\Program Files (x86)\Intel\Intel(R) Management Engine Components\DAL;C:\Program Files\Intel\Intel(R) Management Engine Components\DAL;C:\Users\DELL\Downloads\openlogic-openjdk-17.0.10+7-windows-x64.zip\openlogic-openjdk-17.0.10+7-windows-x64\bin;C:\Users\DELL\mysql-shell-8.3.0-windows-x86-64bit.zip\mysql-shell-8.3.0-windows-x86-64bit\bin;C:\Program Files\Microsoft SQL Server\mysql-8.3.0-winx64\mysql-8.3.0-winx64\bin;C:\Program Files\MySQL\MySQL Server 8.0\bin;C:\Program Files\PowerShell\7\;C:\ProgramData\chocolatey\bin;C:\Program Files\nodejs\;C:\Users\DELL\AppData\Local\Programs\Python\Launcher\;C:\Users\DELL\AppData\Local\Microsoft\WindowsApps;C:\Users\DELL\AppData\Local\Programs\Microsoft VS Code\bin;C:\Program Files\JetBrains\IntelliJ IDEA 2024.1\bin;;C:\Program Files\JetBrains\IntelliJ IDEA Community Edition 2024.1\bin;;C:\Users\DELL\AppData\Local\GitHubDesktop\bin;C:\Users\DELL\AppData\Roaming\npm
USERNAME=DELL
OS=Windows_NT
PROCESSOR_IDENTIFIER=Intel64 Family 6 Model 142 Stepping 9, GenuineIntel



---------------  S Y S T E M  ---------------

OS:
 Windows 10 , 64 bit Build 19041 (10.0.19041.2364)
OS uptime: 6 days 1:10 hours

CPU: total 4 (initial active 4) (2 cores per cpu, 2 threads per core) family 6 model 142 stepping 9 microcode 0xf4, cx8, cmov, fxsr, ht, mmx, 3dnowpref, sse, sse2, sse3, ssse3, sse4.1, sse4.2, popcnt, lzcnt, tsc, tscinvbit, avx, avx2, aes, erms, clmul, bmi1, bmi2, rtm, adx, fma, vzeroupper, clflush, clflushopt

Memory: 4k page, system-wide physical 8050M (231M free)
TotalPageFile size 32626M (AvailPageFile size 883M)
current process WorkingSet (physical memory assigned to process): 38M, peak: 38M
current process commit charge ("private bytes"): 202M, peak: 202M

vm_info: Java HotSpot(TM) 64-Bit Server VM (17.0.10+11-LTS-240) for windows-amd64 JRE (17.0.10+11-LTS-240), built on Dec 19 2023 21:47:25 by "mach5one" with MS VC++ 17.1 (VS2022)

END.
